Run started:2025-04-12 17:19:48.271117

Test results:
>> Issue: [B824:url_found] url_found
   Severity: Medium   Confidence: Medium
   Location: /home/blue/PyPIAgent/Dataset/study/unzip_benign/launchable-1.98.0/launchable-1.98.0/launchable/commands/helper.py:33
   More Info: https://bandit.readthedocs.io/en/latest/plugins/b824_url_found.html
32	        click.style(
33	            "No saved test session found.\n"
34	            "If you already created a test session on a different machine, use the --session option. "
35	            "See https://docs.launchableinc.com/sending-data-to-launchable/managing-complex-test-session-layouts",
36	            fg="yellow"))
37	
38	

--------------------------------------------------
>> Issue: [B824:url_found] url_found
   Severity: Medium   Confidence: Medium
   Location: /home/blue/PyPIAgent/Dataset/study/unzip_benign/launchable-1.98.0/launchable-1.98.0/launchable/commands/helper.py:47
   More Info: https://bandit.readthedocs.io/en/latest/plugins/b824_url_found.html
46	            click.style(
47	                "No saved build name found.\n"
48	                "To fix this, run `launchable record build`.\n"
49	                "If you already ran this command on a different machine, use the --session option. "
50	                "See https://www.launchableinc.com/docs/sending-data-to-launchable/using-the-launchable-cli/"
51	                "recording-test-results-with-the-launchable-cli/managing-complex-test-session-layouts/",
52	                fg="yellow"))
53	    return b
54	

--------------------------------------------------
>> Issue: [B824:url_found] url_found
   Severity: Medium   Confidence: Medium
   Location: /home/blue/PyPIAgent/Dataset/study/unzip_benign/launchable-1.98.0/launchable-1.98.0/launchable/commands/helper.py:114
   More Info: https://bandit.readthedocs.io/en/latest/plugins/b824_url_found.html
113	            click.style(
114	                "The build name you provided ({}) is different from the last build name recorded on this machine ({}).\n"
115	                "Make sure to run `launchable record build --name {}` before you run this command.\n"

--------------------------------------------------
>> Issue: [B825:request] http.client.HTTPConnection.request
   Severity: High   Confidence: Medium
   Location: /home/blue/PyPIAgent/Dataset/study/unzip_benign/launchable-1.98.0/launchable-1.98.0/launchable/commands/inspect/subset.py:113
   More Info: https://bandit.readthedocs.io/en/latest/plugins/b825_request.html
112	    try:
113	        res = client.request("get", "subset/{}".format(subset_id))
114	

--------------------------------------------------
>> Issue: [B824:url_found] url_found
   Severity: Medium   Confidence: Medium
   Location: /home/blue/PyPIAgent/Dataset/study/unzip_benign/launchable-1.98.0/launchable-1.98.0/launchable/commands/inspect/tests.py:92
   More Info: https://bandit.readthedocs.io/en/latest/plugins/b824_url_found.html
91	        org, workspace = ensure_org_workspace()
92	        result_json["test_session_app_url"] = "https://app.launchableinc.com/organizations/{}/workspaces/{}/test-sessions/{}".format(  # noqa: E501
93	            org, workspace, self._results._test_session_id)

--------------------------------------------------
>> Issue: [B825:request] http.client.HTTPConnection.request
   Severity: High   Confidence: Medium
   Location: /home/blue/PyPIAgent/Dataset/study/unzip_benign/launchable-1.98.0/launchable-1.98.0/launchable/commands/inspect/tests.py:159
   More Info: https://bandit.readthedocs.io/en/latest/plugins/b825_request.html
158	    try:
159	        res = client.request(
160	            "get", "/test_sessions/{}/events".format(test_session_id))
161	

--------------------------------------------------
>> Issue: [B824:url_found] url_found
   Severity: Medium   Confidence: Medium
   Location: /home/blue/PyPIAgent/Dataset/study/unzip_benign/launchable-1.98.0/launchable-1.98.0/launchable/commands/record/build.py:364
   More Info: https://bandit.readthedocs.io/en/latest/plugins/b824_url_found.html
363	        click.echo(
364	            "\nVisit https://app.launchableinc.com/organizations/{organization}/workspaces/"
365	            "{workspace}/data/builds/{build_id} to view this build and its test sessions"

--------------------------------------------------
>> Issue: [B825:request] http.client.HTTPConnection.request
   Severity: High   Confidence: Medium
   Location: /home/blue/PyPIAgent/Dataset/study/unzip_benign/launchable-1.98.0/launchable-1.98.0/launchable/commands/record/commit.py:66
   More Info: https://bandit.readthedocs.io/en/latest/plugins/b825_request.html
65	    try:
66	        res = client.request("get", "commits/collect/options")
67	        res.raise_for_status()

--------------------------------------------------
>> Issue: [B825:request] http.client.HTTPConnection.request
   Severity: High   Confidence: Medium
   Location: /home/blue/PyPIAgent/Dataset/study/unzip_benign/launchable-1.98.0/launchable-1.98.0/launchable/commands/record/session.py:141
   More Info: https://bandit.readthedocs.io/en/latest/plugins/b825_request.html
140	        try:
141	            res = client.request("get", sub_path)
142	

--------------------------------------------------
>> Issue: [B825:request] http.client.HTTPConnection.request
   Severity: High   Confidence: Medium
   Location: /home/blue/PyPIAgent/Dataset/study/unzip_benign/launchable-1.98.0/launchable-1.98.0/launchable/commands/record/session.py:182
   More Info: https://bandit.readthedocs.io/en/latest/plugins/b825_request.html
181	        sub_path = "builds/{}/test_sessions".format(build_name)
182	        res = client.request("post", sub_path, payload=payload)
183	

--------------------------------------------------
>> Issue: [B825:request] http.client.HTTPConnection.request
   Severity: High   Confidence: Medium
   Location: /home/blue/PyPIAgent/Dataset/study/unzip_benign/launchable-1.98.0/launchable-1.98.0/launchable/commands/record/session.py:247
   More Info: https://bandit.readthedocs.io/en/latest/plugins/b825_request.html
246	    }
247	    res = client.request("patch", sub_path, payload=payload)
248	

--------------------------------------------------
>> Issue: [B825:request] http.client.HTTPConnection.request
   Severity: High   Confidence: Medium
   Location: /home/blue/PyPIAgent/Dataset/study/unzip_benign/launchable-1.98.0/launchable-1.98.0/launchable/commands/record/tests.py:224
   More Info: https://bandit.readthedocs.io/en/latest/plugins/b825_request.html
223	            sub_path = "builds/{}/test_session_names/{}".format(build_name, session_name)
224	            res = client.request("get", sub_path)
225	            res.raise_for_status()

--------------------------------------------------
>> Issue: [B825:request] http.client.HTTPConnection.request
   Severity: High   Confidence: Medium
   Location: /home/blue/PyPIAgent/Dataset/study/unzip_benign/launchable-1.98.0/launchable-1.98.0/launchable/commands/record/tests.py:482
   More Info: https://bandit.readthedocs.io/en/latest/plugins/b825_request.html
481	            def send(payload: Dict[str, Union[str, List]]) -> None:
482	                res = client.request(
483	                    "post", "{}/events".format(self.session), payload=payload, compress=True)
484	

--------------------------------------------------
>> Issue: [B835:load] http.cookiejar.FileCookieJar.load
   Severity: High   Confidence: Medium
   Location: /home/blue/PyPIAgent/Dataset/study/unzip_benign/launchable-1.98.0/launchable-1.98.0/launchable/commands/record/tests.py:558
   More Info: https://bandit.readthedocs.io/en/latest/plugins/b835_load.html
557	                for chunk in ichunked(tc, post_chunk):
558	                    p, es = payload(
559	                        cases=chunk,
560	                        test_runner=test_runner,
561	                        group=group,
562	                        test_suite_name=test_suite if test_suite else "",
563	                        flavors=dict(flavor),
564	                    )

--------------------------------------------------
>> Issue: [B824:url_found] url_found
   Severity: Medium   Confidence: Medium
   Location: /home/blue/PyPIAgent/Dataset/study/unzip_benign/launchable-1.98.0/launchable-1.98.0/launchable/commands/record/tests.py:627
   More Info: https://bandit.readthedocs.io/en/latest/plugins/b824_url_found.html
626	            click.echo(
627	                "\nVisit https://app.launchableinc.com/organizations/{organization}/workspaces/"
628	                "{workspace}/test-sessions/{test_session_id} to view uploaded test results "

--------------------------------------------------
>> Issue: [B825:request] http.client.HTTPConnection.request
   Severity: High   Confidence: Medium
   Location: /home/blue/PyPIAgent/Dataset/study/unzip_benign/launchable-1.98.0/launchable-1.98.0/launchable/commands/record/tests.py:660
   More Info: https://bandit.readthedocs.io/en/latest/plugins/b825_request.html
659	
660	    res = client.request("get", sub_path)
661	    if res.status_code != 200:

--------------------------------------------------
>> Issue: [B825:request] http.client.HTTPConnection.request
   Severity: High   Confidence: Medium
   Location: /home/blue/PyPIAgent/Dataset/study/unzip_benign/launchable-1.98.0/launchable-1.98.0/launchable/commands/record/tests.py:697
   More Info: https://bandit.readthedocs.io/en/latest/plugins/b825_request.html
696	
697	    res = client.request("get", subsetting_id)
698	    if res.status_code != 200:

--------------------------------------------------
>> Issue: [B825:request] http.client.HTTPConnection.request
   Severity: High   Confidence: Medium
   Location: /home/blue/PyPIAgent/Dataset/study/unzip_benign/launchable-1.98.0/launchable-1.98.0/launchable/commands/record/tests.py:714
   More Info: https://bandit.readthedocs.io/en/latest/plugins/b825_request.html
713	    sub_path = "slack/notification/key/list"
714	    res = client.request("get", sub_path=sub_path)
715	

--------------------------------------------------
>> Issue: [B815:write] os.write
   Severity: High   Confidence: Medium
   Location: /home/blue/PyPIAgent/Dataset/study/unzip_benign/launchable-1.98.0/launchable-1.98.0/launchable/commands/split_subset.py:277
   More Info: https://bandit.readthedocs.io/en/latest/plugins/b815_write.html
276	                          "w+", encoding="utf-8") as f:
277	                    f.write("\n".join(subset_group_names))
278	

--------------------------------------------------
>> Issue: [B815:write] os.write
   Severity: High   Confidence: Medium
   Location: /home/blue/PyPIAgent/Dataset/study/unzip_benign/launchable-1.98.0/launchable-1.98.0/launchable/commands/split_subset.py:282
   More Info: https://bandit.readthedocs.io/en/latest/plugins/b815_write.html
281	                          "w+", encoding="utf-8") as f:
282	                    f.write("\n".join(rest_group_names))
283	

--------------------------------------------------
>> Issue: [B838:process] multiprocessing.Process
   Severity: High   Confidence: Medium
   Location: /home/blue/PyPIAgent/Dataset/study/unzip_benign/launchable-1.98.0/launchable-1.98.0/launchable/commands/subset.py:521
   More Info: https://bandit.readthedocs.io/en/latest/plugins/b838_process.html
520	                        # Create a new process for requesting a subset.
521	                        process = Process(target=subset_request, args=(client, timeout, payload))
522	                        process.start()

--------------------------------------------------
>> Issue: [B815:write] os.write
   Severity: High   Confidence: Medium
   Location: /home/blue/PyPIAgent/Dataset/study/unzip_benign/launchable-1.98.0/launchable-1.98.0/launchable/commands/test_path_writer.py:50
   More Info: https://bandit.readthedocs.io/en/latest/plugins/b815_write.html
49	    def write_file(self, file: str, test_paths: List[TestPath]):
50	        open(file, "w+", encoding="utf-8").write(
51	            self.separator.join(self.formatter(t) for t in test_paths))
52	

--------------------------------------------------
>> Issue: [B815:write] os.write
   Severity: High   Confidence: Medium
   Location: /home/blue/PyPIAgent/Dataset/study/unzip_benign/launchable-1.98.0/launchable-1.98.0/launchable/test_runners/ctest.py:52
   More Info: https://bandit.readthedocs.io/en/latest/plugins/b815_write.html
51	        with open(os.path.join(output_dir, "{}_{}".format(prefix, i)), 'w') as f:
52	            f.write('|'.join(elems) + '\n')
53	

--------------------------------------------------
>> Issue: [B815:write] os.write
   Severity: High   Confidence: Medium
   Location: /home/blue/PyPIAgent/Dataset/study/unzip_benign/launchable-1.98.0/launchable-1.98.0/launchable/test_runners/dotnet.py:46
   More Info: https://bandit.readthedocs.io/en/latest/plugins/b815_write.html
45	            with open(client.rest, "w+", encoding="utf-8") as fp:
46	                fp.write(client.separator.join(formatter(t) for t in subset_tests))
47	

--------------------------------------------------
>> Issue: [B815:write] os.write
   Severity: High   Confidence: Medium
   Location: /home/blue/PyPIAgent/Dataset/study/unzip_benign/launchable-1.98.0/launchable-1.98.0/launchable/test_runners/gradle.py:48
   More Info: https://bandit.readthedocs.io/en/latest/plugins/b815_write.html
47	                    # string argument.
48	                    fp.write('-PdummyPlaceHolder')
49	                else:

--------------------------------------------------
>> Issue: [B815:write] os.write
   Severity: High   Confidence: Medium
   Location: /home/blue/PyPIAgent/Dataset/study/unzip_benign/launchable-1.98.0/launchable-1.98.0/launchable/test_runners/gradle.py:50
   More Info: https://bandit.readthedocs.io/en/latest/plugins/b815_write.html
49	                else:
50	                    fp.write(client.separator.join(client.formatter(t) for t in rest_tests))
51	

--------------------------------------------------
>> Issue: [B815:write] os.write
   Severity: High   Confidence: Medium
   Location: /home/blue/PyPIAgent/Dataset/study/unzip_benign/launchable-1.98.0/launchable-1.98.0/launchable/test_runners/gradle.py:88
   More Info: https://bandit.readthedocs.io/en/latest/plugins/b815_write.html
87	                if not bare and len(subset) == 0:
88	                    fp.write('-PdummyPlaceHolder')
89	                else:

--------------------------------------------------
>> Issue: [B815:write] os.write
   Severity: High   Confidence: Medium
   Location: /home/blue/PyPIAgent/Dataset/study/unzip_benign/launchable-1.98.0/launchable-1.98.0/launchable/test_runners/gradle.py:90
   More Info: https://bandit.readthedocs.io/en/latest/plugins/b815_write.html
89	                else:
90	                    fp.write(client.separator.join(client.formatter(t) for t in subset))
91	

--------------------------------------------------
>> Issue: [B815:write] os.write
   Severity: High   Confidence: Medium
   Location: /home/blue/PyPIAgent/Dataset/study/unzip_benign/launchable-1.98.0/launchable-1.98.0/launchable/test_runners/gradle.py:95
   More Info: https://bandit.readthedocs.io/en/latest/plugins/b815_write.html
94	            if bare:
95	                fp.write(','.join(classes))
96	            else:

--------------------------------------------------
>> Issue: [B815:write] os.write
   Severity: High   Confidence: Medium
   Location: /home/blue/PyPIAgent/Dataset/study/unzip_benign/launchable-1.98.0/launchable-1.98.0/launchable/test_runners/gradle.py:97
   More Info: https://bandit.readthedocs.io/en/latest/plugins/b815_write.html
96	            else:
97	                fp.write('-PexcludeTests=' + (','.join(classes)))
98	

--------------------------------------------------
>> Issue: [B824:url_found] url_found
   Severity: Medium   Confidence: Medium
   Location: /home/blue/PyPIAgent/Dataset/study/unzip_benign/launchable-1.98.0/launchable-1.98.0/launchable/test_runners/prove.py:45
   More Info: https://bandit.readthedocs.io/en/latest/plugins/b824_url_found.html
44	            raise click.ClickException(
45	                "No file name found in %s."
46	                "Perl prove profile is made to take Junit report produced by "
47	                "TAP::Formatter::JUnit (https://github.com/bleargh45/TAP-Formatter-JUnit), "
48	                "which exports the report in stdout."
49	                "Please export the stdout result to XML report file."
50	                "If you are not using TAP::Formatter::JUnit, "
51	                "please change your reporting to TAP::Formatter::JUnit." % report_file)
52	

--------------------------------------------------
>> Issue: [B824:url_found] url_found
   Severity: Medium   Confidence: Medium
   Location: /home/blue/PyPIAgent/Dataset/study/unzip_benign/launchable-1.98.0/launchable-1.98.0/launchable/utils/authentication.py:46
   More Info: https://bandit.readthedocs.io/en/latest/plugins/b824_url_found.html
45	                click.style(
46	                    "GitHub Actions OIDC tokens cannot be retrieved."
47	                    "Confirm that you have added necessary permissions following "
48	                    "https://docs.github.com/en/actions/deployment/security-hardening-your-deployments/configuring-openid-connect-in-cloud-providers#adding-permissions-settings",  # noqa: E501
49	                    fg="red"))
50	        r = requests.get(req_url,
51	                         headers={

--------------------------------------------------
>> Issue: [B820:get] requests.get
   Severity: High   Confidence: Medium
   Location: /home/blue/PyPIAgent/Dataset/study/unzip_benign/launchable-1.98.0/launchable-1.98.0/launchable/utils/authentication.py:50
   More Info: https://bandit.readthedocs.io/en/latest/plugins/b820_get.html
49	                    fg="red"))
50	        r = requests.get(req_url,
51	                         headers={
52	                             'Authorization': 'Bearer {}'.format(rt_token),
53	                             'Accept': 'application/json; api-version=2.0',
54	                             'Content-Type': 'application/json',
55	                         })

--------------------------------------------------
>> Issue: [B824:url_found] url_found
   Severity: Medium   Confidence: Medium
   Location: /home/blue/PyPIAgent/Dataset/study/unzip_benign/launchable-1.98.0/launchable-1.98.0/launchable/utils/http_client.py:21
   More Info: https://bandit.readthedocs.io/en/latest/plugins/b824_url_found.html
20	
21	DEFAULT_BASE_URL = "https://api.mercury.launchableinc.com"
22	
23	# (connect timeout, read timeout)
24	DEFAULT_TIMEOUT: Tuple[int, int] = (5, 60)

--------------------------------------------------
>> Issue: [B822:request] requests.request
   Severity: High   Confidence: Medium
   Location: /home/blue/PyPIAgent/Dataset/study/unzip_benign/launchable-1.98.0/launchable-1.98.0/launchable/utils/http_client.py:107
   More Info: https://bandit.readthedocs.io/en/latest/plugins/b822_request.html
106	        # we want to use generator to stream data
107	        response = self.session.request(method, url, headers=headers, timeout=timeout, data=data,
108	                                        params=params, verify=(not self.skip_cert_verification))
109	        Logger().debug(

--------------------------------------------------
>> Issue: [B820:get] requests.get
   Severity: High   Confidence: Medium
   Location: /home/blue/PyPIAgent/Dataset/study/unzip_benign/launchable-1.98.0/launchable-1.98.0/launchable/utils/http_client.py:119
   More Info: https://bandit.readthedocs.io/en/latest/plugins/b820_get.html
118	        # thrown from response.raise_for_status() will have a meaningful message.
119	        if response.status_code >= 400 and response.headers.get("Content-Type", "").startswith("application/json"):
120	            try:

--------------------------------------------------
>> Issue: [B820:get] requests.get
   Severity: High   Confidence: Medium
   Location: /home/blue/PyPIAgent/Dataset/study/unzip_benign/launchable-1.98.0/launchable-1.98.0/launchable/utils/http_client.py:121
   More Info: https://bandit.readthedocs.io/en/latest/plugins/b820_get.html
120	            try:
121	                response.reason = response.json().get("reason", response.reason)
122	            except json.JSONDecodeError:

--------------------------------------------------
>> Issue: [B814:read] os.read
   Severity: High   Confidence: Medium
   Location: /home/blue/PyPIAgent/Dataset/study/unzip_benign/launchable-1.98.0/launchable-1.98.0/launchable/utils/http_client.py:178
   More Info: https://bandit.readthedocs.io/en/latest/plugins/b814_read.html
177	    while True:
178	        data = f.read(chunk_size)
179	        if not data:

--------------------------------------------------
>> Issue: [B824:url_found] url_found
   Severity: Medium   Confidence: Medium
   Location: /home/blue/PyPIAgent/Dataset/study/unzip_benign/launchable-1.98.0/launchable-1.98.0/launchable/utils/launchable_client.py:29
   More Info: https://bandit.readthedocs.io/en/latest/plugins/b824_url_found.html
28	            raise ValueError(
29	                "Could not identify a Launchable organization/workspace. "
30	                "Confirm that you set LAUNCHABLE_TOKEN "
31	                "(or LAUNCHABLE_ORGANIZATION and LAUNCHABLE_WORKSPACE) environment variable(s)\n"

--------------------------------------------------
>> Issue: [B825:request] http.client.HTTPConnection.request
   Severity: High   Confidence: Medium
   Location: /home/blue/PyPIAgent/Dataset/study/unzip_benign/launchable-1.98.0/launchable-1.98.0/launchable/utils/launchable_client.py:60
   More Info: https://bandit.readthedocs.io/en/latest/plugins/b825_request.html
59	        try:
60	            response = self.http_client.request(
61	                method=method,
62	                path=path,
63	                payload=payload,
64	                params=params,
65	                timeout=timeout,
66	                compress=compress,
67	                additional_headers=additional_headers
68	            )

--------------------------------------------------
>> Issue: [B822:request] requests.request
   Severity: High   Confidence: Medium
   Location: /home/blue/PyPIAgent/Dataset/study/unzip_benign/launchable-1.98.0/launchable-1.98.0/launchable/utils/launchable_client.py:60
   More Info: https://bandit.readthedocs.io/en/latest/plugins/b822_request.html
59	        try:
60	            response = self.http_client.request(
61	                method=method,
62	                path=path,
63	                payload=payload,
64	                params=params,
65	                timeout=timeout,
66	                compress=compress,
67	                additional_headers=additional_headers
68	            )

--------------------------------------------------
>> Issue: [B835:load] http.cookiejar.FileCookieJar.load
   Severity: High   Confidence: Medium
   Location: /home/blue/PyPIAgent/Dataset/study/unzip_benign/launchable-1.98.0/launchable-1.98.0/launchable/utils/tracking.py:60
   More Info: https://bandit.readthedocs.io/en/latest/plugins/b835_load.html
59	        metadata["workspace"] = workspace or ""
60	        self._post_payload(
61	            event_name=event_name,
62	            metadata=metadata,
63	        )

--------------------------------------------------
>> Issue: [B835:load] http.cookiejar.FileCookieJar.load
   Severity: High   Confidence: Medium
   Location: /home/blue/PyPIAgent/Dataset/study/unzip_benign/launchable-1.98.0/launchable-1.98.0/launchable/utils/tracking.py:79
   More Info: https://bandit.readthedocs.io/en/latest/plugins/b835_load.html
78	        metadata["api"] = api
79	        self._post_payload(
80	            event_name=event_name,
81	            metadata=metadata,
82	        )

--------------------------------------------------
>> Issue: [B825:request] http.client.HTTPConnection.request
   Severity: High   Confidence: Medium
   Location: /home/blue/PyPIAgent/Dataset/study/unzip_benign/launchable-1.98.0/launchable-1.98.0/launchable/utils/tracking.py:100
   More Info: https://bandit.readthedocs.io/en/latest/plugins/b825_request.html
99	        try:
100	            self.http_client.request('post', payload=payload, path=path)
101	        except Exception:

--------------------------------------------------
>> Issue: [B822:request] requests.request
   Severity: High   Confidence: Medium
   Location: /home/blue/PyPIAgent/Dataset/study/unzip_benign/launchable-1.98.0/launchable-1.98.0/launchable/utils/tracking.py:100
   More Info: https://bandit.readthedocs.io/en/latest/plugins/b822_request.html
99	        try:
100	            self.http_client.request('post', payload=payload, path=path)
101	        except Exception:

--------------------------------------------------
>> Issue: [B836:rmtree] shutil.rmtree
   Severity: High   Confidence: Medium
   Location: /home/blue/PyPIAgent/Dataset/study/unzip_benign/launchable-1.98.0/launchable-1.98.0/tests/cli_test_case.py:198
   More Info: https://bandit.readthedocs.io/en/latest/plugins/b836_rmtree.html
197	        del os.environ[SESSION_DIR_KEY]
198	        shutil.rmtree(self.dir)
199	

--------------------------------------------------
>> Issue: [B814:read] os.read
   Severity: High   Confidence: Medium
   Location: /home/blue/PyPIAgent/Dataset/study/unzip_benign/launchable-1.98.0/launchable-1.98.0/tests/cli_test_case.py:221
   More Info: https://bandit.readthedocs.io/en/latest/plugins/b814_read.html
220	        with open(file_path) as f:
221	            self.assertEqual(f.read(), content)
222	

--------------------------------------------------
>> Issue: [B825:request] http.client.HTTPConnection.request
   Severity: High   Confidence: Medium
   Location: /home/blue/PyPIAgent/Dataset/study/unzip_benign/launchable-1.98.0/launchable-1.98.0/tests/cli_test_case.py:246
   More Info: https://bandit.readthedocs.io/en/latest/plugins/b825_request.html
245	        if not payload:
246	            payload = json.loads(gzip.decompress(self.find_request('/events').request.body).decode())
247	

--------------------------------------------------
>> Issue: [B825:request] http.client.HTTPConnection.request
   Severity: High   Confidence: Medium
   Location: /home/blue/PyPIAgent/Dataset/study/unzip_benign/launchable-1.98.0/launchable-1.98.0/tests/cli_test_case.py:267
   More Info: https://bandit.readthedocs.io/en/latest/plugins/b825_request.html
266	        if not payload:
267	            payload = json.loads(gzip.decompress(self.find_request('/subset').request.body).decode())
268	        expected = self.load_json_from_file(self.test_files_dir.joinpath(golden_image_filename))

--------------------------------------------------
>> Issue: [B835:load] http.cookiejar.FileCookieJar.load
   Severity: High   Confidence: Medium
   Location: /home/blue/PyPIAgent/Dataset/study/unzip_benign/launchable-1.98.0/launchable-1.98.0/tests/cli_test_case.py:274
   More Info: https://bandit.readthedocs.io/en/latest/plugins/b835_load.html
273	            with file.open() as json_file:
274	                return json.load(json_file)
275	        except Exception as e:

--------------------------------------------------
>> Issue: [B835:load] http.cookiejar.FileCookieJar.load
   Severity: High   Confidence: Medium
   Location: /home/blue/PyPIAgent/Dataset/study/unzip_benign/launchable-1.98.0/launchable-1.98.0/tests/cli_test_case.py:292
   More Info: https://bandit.readthedocs.io/en/latest/plugins/b835_load.html
291	    def gzipped_json_payload(self, mock_post):
292	        return json.loads(gzip.decompress(self.payload(mock_post)).decode())
293	

--------------------------------------------------
>> Issue: [B835:load] http.cookiejar.FileCookieJar.load
   Severity: High   Confidence: Medium
   Location: /home/blue/PyPIAgent/Dataset/study/unzip_benign/launchable-1.98.0/launchable-1.98.0/tests/cli_test_case.py:295
   More Info: https://bandit.readthedocs.io/en/latest/plugins/b835_load.html
294	    def json_payload(self, mock_post):
295	        return json.loads(self.payload(mock_post))
296	

--------------------------------------------------
>> Issue: [B824:url_found] url_found
   Severity: Medium   Confidence: Medium
   Location: /home/blue/PyPIAgent/Dataset/study/unzip_benign/launchable-1.98.0/launchable-1.98.0/tests/commands/inspect/test_tests.py:84
   More Info: https://bandit.readthedocs.io/en/latest/plugins/b824_url_found.html
83	
84	    expect_json = """{
85	  "summary": {
86	    "total": {
87	      "report_count": 4,
88	      "duration_min": 0.06
89	    },
90	    "success": {
91	      "report_count": 2,
92	      "duration_min": 0.03
93	    },
94	    "failure": {
95	      "report_count": 2,
96	      "duration_min": 0.03
97	    },
98	    "skip": {
99	      "report_count": 0,
100	      "duration_min": 0.0
101	    }
102	  },
103	  "results": [
104	    {
105	      "test_path": "file=test_file1.py",
106	      "duration_sec": 1.2,
107	      "status": "SUCCESS",
108	      "created_at": "2021-01-02T03:04:05.000+00:00"
109	    },
110	    {
111	      "test_path": "file=test_file3.py",
112	      "duration_sec": 0.6,
113	      "status": "SUCCESS",
114	      "created_at": "2021-01-02T03:04:05.000+00:00"
115	    },
116	    {
117	      "test_path": "file=test_file4.py",
118	      "duration_sec": 1.8,
119	      "status": "FAILURE",
120	      "created_at": "2021-01-02T03:04:05.000+00:00"
121	    },
122	    {
123	      "test_path": "file=test_file2.py",
124	      "duration_sec": 0.1,
125	      "status": "FAILURE",
126	      "created_at": "2021-01-02T03:04:05.000+00:00"
127	    }
128	  ],
129	  "test_session_app_url": "https://app.launchableinc.com/organizations/launchableinc/workspaces/mothership/test-sessions/16"
130	}
131	"""
132	
133	    @responses.activate
134	    @mock.patch.dict(os.environ, {"LAUNCHABLE_TOKEN": CliTestCase.launchable_token})
135	    def test_tests(self):

--------------------------------------------------
>> Issue: [B815:write] os.write
   Severity: High   Confidence: Medium
   Location: /home/blue/PyPIAgent/Dataset/study/unzip_benign/launchable-1.98.0/launchable-1.98.0/tests/commands/record/test_attachment.py:23
   More Info: https://bandit.readthedocs.io/en/latest/plugins/b815_write.html
22	        attachment = tempfile.NamedTemporaryFile(delete=False)
23	        attachment.write(TEST_CONTENT)
24	        attachment.close()

--------------------------------------------------
>> Issue: [B832:write] tempfile_NamedTemporaryFile_write
   Severity: High   Confidence: Medium
   Location: /home/blue/PyPIAgent/Dataset/study/unzip_benign/launchable-1.98.0/launchable-1.98.0/tests/commands/record/test_attachment.py:23
   More Info: https://bandit.readthedocs.io/en/latest/plugins/b832_write.html
22	        attachment = tempfile.NamedTemporaryFile(delete=False)
23	        attachment.write(TEST_CONTENT)
24	        attachment.close()

--------------------------------------------------
>> Issue: [B815:write] os.write
   Severity: High   Confidence: Medium
   Location: /home/blue/PyPIAgent/Dataset/study/unzip_benign/launchable-1.98.0/launchable-1.98.0/tests/commands/record/test_commit.py:19
   More Info: https://bandit.readthedocs.io/en/latest/plugins/b815_write.html
18	        self.end_headers()
19	        self.wfile.write(json.dumps(response).encode("utf-8"))
20	

--------------------------------------------------
>> Issue: [B827:httpserver] http.server.HTTPServer
   Severity: High   Confidence: Medium
   Location: /home/blue/PyPIAgent/Dataset/study/unzip_benign/launchable-1.98.0/launchable-1.98.0/tests/commands/record/test_commit.py:32
   More Info: https://bandit.readthedocs.io/en/latest/plugins/b827_httpserver.html
31	    def test_run_commit(self):
32	        server = HTTPServer(("", 0), CommitHandler)
33	        thread = threading.Thread(None, server.serve_forever)

--------------------------------------------------
>> Issue: [B814:read] os.read
   Severity: High   Confidence: Medium
   Location: /home/blue/PyPIAgent/Dataset/study/unzip_benign/launchable-1.98.0/launchable-1.98.0/tests/commands/record/test_commit.py:33
   More Info: https://bandit.readthedocs.io/en/latest/plugins/b814_read.html
32	        server = HTTPServer(("", 0), CommitHandler)
33	        thread = threading.Thread(None, server.serve_forever)
34	        thread.start()

--------------------------------------------------
>> Issue: [B824:url_found] url_found
   Severity: Medium   Confidence: Medium
   Location: /home/blue/PyPIAgent/Dataset/study/unzip_benign/launchable-1.98.0/launchable-1.98.0/tests/commands/record/test_commit.py:37
   More Info: https://bandit.readthedocs.io/en/latest/plugins/b824_url_found.html
36	        host, port = server.server_address
37	        endpoint = "http://{}:{}".format(host, port)
38	

--------------------------------------------------
>> Issue: [B824:url_found] url_found
   Severity: Medium   Confidence: Medium
   Location: /home/blue/PyPIAgent/Dataset/study/unzip_benign/launchable-1.98.0/launchable-1.98.0/tests/commands/record/test_commit.py:47
   More Info: https://bandit.readthedocs.io/en/latest/plugins/b824_url_found.html
46	    def test_proxy_options(self):
47	        self.assertEqual(_build_proxy_option("https://some_proxy:1234"),
48	                         ['-Dhttps.proxyHost=some_proxy', '-Dhttps.proxyPort=1234'])

--------------------------------------------------
>> Issue: [B824:url_found] url_found
   Severity: Medium   Confidence: Medium
   Location: /home/blue/PyPIAgent/Dataset/study/unzip_benign/launchable-1.98.0/launchable-1.98.0/tests/commands/record/test_commit.py:51
   More Info: https://bandit.readthedocs.io/en/latest/plugins/b824_url_found.html
50	        self.assertEqual(_build_proxy_option("some_proxy"), ['-Dhttps.proxyHost=some_proxy'])
51	        self.assertEqual(_build_proxy_option("https://some_proxy"), ['-Dhttps.proxyHost=some_proxy'])
52	        self.assertEqual(_build_proxy_option("http://yoyoyo"), ['-Dhttps.proxyHost=yoyoyo'])

--------------------------------------------------
>> Issue: [B824:url_found] url_found
   Severity: Medium   Confidence: Medium
   Location: /home/blue/PyPIAgent/Dataset/study/unzip_benign/launchable-1.98.0/launchable-1.98.0/tests/commands/record/test_commit.py:52
   More Info: https://bandit.readthedocs.io/en/latest/plugins/b824_url_found.html
51	        self.assertEqual(_build_proxy_option("https://some_proxy"), ['-Dhttps.proxyHost=some_proxy'])
52	        self.assertEqual(_build_proxy_option("http://yoyoyo"), ['-Dhttps.proxyHost=yoyoyo'])

--------------------------------------------------
>> Issue: [B825:request] http.client.HTTPConnection.request
   Severity: High   Confidence: Medium
   Location: /home/blue/PyPIAgent/Dataset/study/unzip_benign/launchable-1.98.0/launchable-1.98.0/tests/commands/record/test_tests.py:32
   More Info: https://bandit.readthedocs.io/en/latest/plugins/b825_request.html
31	        self.assert_success(result)
32	        request = json.loads(gzip.decompress(self.find_request('/events').request.body).decode())
33	        self.assertCountEqual(request.get("group", []), "hoge")

--------------------------------------------------
>> Issue: [B825:request] http.client.HTTPConnection.request
   Severity: High   Confidence: Medium
   Location: /home/blue/PyPIAgent/Dataset/study/unzip_benign/launchable-1.98.0/launchable-1.98.0/tests/commands/record/test_tests.py:57
   More Info: https://bandit.readthedocs.io/en/latest/plugins/b825_request.html
56	        # normal.xml
57	        self.assertIn('open_class_user_test.rb', gzip.decompress(self.find_request('/events').request.body).decode())
58	

--------------------------------------------------
>> Issue: [B815:write] os.write
   Severity: High   Confidence: Medium
   Location: /home/blue/PyPIAgent/Dataset/study/unzip_benign/launchable-1.98.0/launchable-1.98.0/tests/commands/test_api_error.py:27
   More Info: https://bandit.readthedocs.io/en/latest/plugins/b815_write.html
26	        self.end_headers()
27	        self.wfile.write(json.dumps(body).encode("utf-8"))
28	

--------------------------------------------------
>> Issue: [B832:write] tempfile_NamedTemporaryFile_write
   Severity: High   Confidence: Medium
   Location: /home/blue/PyPIAgent/Dataset/study/unzip_benign/launchable-1.98.0/launchable-1.98.0/tests/commands/test_api_error.py:27
   More Info: https://bandit.readthedocs.io/en/latest/plugins/b832_write.html
26	        self.end_headers()
27	        self.wfile.write(json.dumps(body).encode("utf-8"))
28	

--------------------------------------------------
>> Issue: [B815:write] os.write
   Severity: High   Confidence: Medium
   Location: /home/blue/PyPIAgent/Dataset/study/unzip_benign/launchable-1.98.0/launchable-1.98.0/tests/commands/test_api_error.py:41
   More Info: https://bandit.readthedocs.io/en/latest/plugins/b815_write.html
40	        self.end_headers()
41	        self.wfile.write(json.dumps(body).encode("utf-8"))
42	

--------------------------------------------------
>> Issue: [B832:write] tempfile_NamedTemporaryFile_write
   Severity: High   Confidence: Medium
   Location: /home/blue/PyPIAgent/Dataset/study/unzip_benign/launchable-1.98.0/launchable-1.98.0/tests/commands/test_api_error.py:41
   More Info: https://bandit.readthedocs.io/en/latest/plugins/b832_write.html
40	        self.end_headers()
41	        self.wfile.write(json.dumps(body).encode("utf-8"))
42	

--------------------------------------------------
>> Issue: [B815:write] os.write
   Severity: High   Confidence: Medium
   Location: /home/blue/PyPIAgent/Dataset/study/unzip_benign/launchable-1.98.0/launchable-1.98.0/tests/commands/test_api_error.py:48
   More Info: https://bandit.readthedocs.io/en/latest/plugins/b815_write.html
47	        self.end_headers()
48	        self.wfile.write(json.dumps(body).encode("utf-8"))
49	

--------------------------------------------------
>> Issue: [B832:write] tempfile_NamedTemporaryFile_write
   Severity: High   Confidence: Medium
   Location: /home/blue/PyPIAgent/Dataset/study/unzip_benign/launchable-1.98.0/launchable-1.98.0/tests/commands/test_api_error.py:48
   More Info: https://bandit.readthedocs.io/en/latest/plugins/b832_write.html
47	        self.end_headers()
48	        self.wfile.write(json.dumps(body).encode("utf-8"))
49	

--------------------------------------------------
>> Issue: [B827:httpserver] http.server.HTTPServer
   Severity: High   Confidence: Medium
   Location: /home/blue/PyPIAgent/Dataset/study/unzip_benign/launchable-1.98.0/launchable-1.98.0/tests/commands/test_api_error.py:88
   More Info: https://bandit.readthedocs.io/en/latest/plugins/b827_httpserver.html
87	    def test_record_commit(self):
88	        server = HTTPServer(("", 0), ErrorCommitHandlerMock)
89	        thread = threading.Thread(None, server.serve_forever)

--------------------------------------------------
>> Issue: [B814:read] os.read
   Severity: High   Confidence: Medium
   Location: /home/blue/PyPIAgent/Dataset/study/unzip_benign/launchable-1.98.0/launchable-1.98.0/tests/commands/test_api_error.py:89
   More Info: https://bandit.readthedocs.io/en/latest/plugins/b814_read.html
88	        server = HTTPServer(("", 0), ErrorCommitHandlerMock)
89	        thread = threading.Thread(None, server.serve_forever)
90	        thread.start()

--------------------------------------------------
>> Issue: [B824:url_found] url_found
   Severity: Medium   Confidence: Medium
   Location: /home/blue/PyPIAgent/Dataset/study/unzip_benign/launchable-1.98.0/launchable-1.98.0/tests/commands/test_api_error.py:93
   More Info: https://bandit.readthedocs.io/en/latest/plugins/b824_url_found.html
92	        host, port = server.server_address
93	        endpoint = "http://{}:{}".format(host, port)
94	

--------------------------------------------------
>> Issue: [B827:httpserver] http.server.HTTPServer
   Severity: High   Confidence: Medium
   Location: /home/blue/PyPIAgent/Dataset/study/unzip_benign/launchable-1.98.0/launchable-1.98.0/tests/commands/test_api_error.py:107
   More Info: https://bandit.readthedocs.io/en/latest/plugins/b827_httpserver.html
106	        # case: cli catches error
107	        success_server = HTTPServer(("", 0), SuccessCommitHandlerMock)
108	        thread = threading.Thread(None, success_server.serve_forever)

--------------------------------------------------
>> Issue: [B814:read] os.read
   Severity: High   Confidence: Medium
   Location: /home/blue/PyPIAgent/Dataset/study/unzip_benign/launchable-1.98.0/launchable-1.98.0/tests/commands/test_api_error.py:108
   More Info: https://bandit.readthedocs.io/en/latest/plugins/b814_read.html
107	        success_server = HTTPServer(("", 0), SuccessCommitHandlerMock)
108	        thread = threading.Thread(None, success_server.serve_forever)
109	        thread.start()

--------------------------------------------------
>> Issue: [B824:url_found] url_found
   Severity: Medium   Confidence: Medium
   Location: /home/blue/PyPIAgent/Dataset/study/unzip_benign/launchable-1.98.0/launchable-1.98.0/tests/commands/test_api_error.py:112
   More Info: https://bandit.readthedocs.io/en/latest/plugins/b824_url_found.html
111	        host, port = success_server.server_address
112	        endpoint = "http://{}:{}".format(host, port)
113	        with mock.patch.dict(os.environ, {BASE_URL_KEY: endpoint}):

--------------------------------------------------
>> Issue: [B827:httpserver] http.server.HTTPServer
   Severity: High   Confidence: Medium
   Location: /home/blue/PyPIAgent/Dataset/study/unzip_benign/launchable-1.98.0/launchable-1.98.0/tests/commands/test_api_error.py:140
   More Info: https://bandit.readthedocs.io/en/latest/plugins/b827_httpserver.html
139	        # case: exe.jar catches error
140	        error_server = HTTPServer(("", 0), ErrorCommitHandlerMock)
141	        thread = threading.Thread(None, error_server.serve_forever)

--------------------------------------------------
>> Issue: [B814:read] os.read
   Severity: High   Confidence: Medium
   Location: /home/blue/PyPIAgent/Dataset/study/unzip_benign/launchable-1.98.0/launchable-1.98.0/tests/commands/test_api_error.py:141
   More Info: https://bandit.readthedocs.io/en/latest/plugins/b814_read.html
140	        error_server = HTTPServer(("", 0), ErrorCommitHandlerMock)
141	        thread = threading.Thread(None, error_server.serve_forever)
142	        thread.start()

--------------------------------------------------
>> Issue: [B824:url_found] url_found
   Severity: Medium   Confidence: Medium
   Location: /home/blue/PyPIAgent/Dataset/study/unzip_benign/launchable-1.98.0/launchable-1.98.0/tests/commands/test_api_error.py:145
   More Info: https://bandit.readthedocs.io/en/latest/plugins/b824_url_found.html
144	        host, port = error_server.server_address
145	        endpoint = "http://{}:{}".format(host, port)
146	

--------------------------------------------------
>> Issue: [B814:read] os.read
   Severity: High   Confidence: Medium
   Location: /home/blue/PyPIAgent/Dataset/study/unzip_benign/launchable-1.98.0/launchable-1.98.0/tests/commands/test_split_subset.py:47
   More Info: https://bandit.readthedocs.io/en/latest/plugins/b814_read.html
46	        self.assertEqual(result.stdout, "test_1.py\ntest_3.py\n")
47	        self.assertEqual(rest.read().decode(), os.linesep.join(["test_5.py"]))
48	        rest.close()

--------------------------------------------------
>> Issue: [B814:read] os.read
   Severity: High   Confidence: Medium
   Location: /home/blue/PyPIAgent/Dataset/study/unzip_benign/launchable-1.98.0/launchable-1.98.0/tests/commands/test_split_subset.py:68
   More Info: https://bandit.readthedocs.io/en/latest/plugins/b814_read.html
67	        self.assertEqual(result.stdout, "test_1.py\ntest_3.py\ntest_5.py\n")
68	        self.assertEqual(observation_mode_rest.read().decode(), "")
69	        observation_mode_rest.close()

--------------------------------------------------
>> Issue: [B814:read] os.read
   Severity: High   Confidence: Medium
   Location: /home/blue/PyPIAgent/Dataset/study/unzip_benign/launchable-1.98.0/launchable-1.98.0/tests/commands/test_subset.py:49
   More Info: https://bandit.readthedocs.io/en/latest/plugins/b814_read.html
48	        self.assertEqual(result.stdout, "test_1.py\ntest_2.py\n")
49	        self.assertEqual(rest.read().decode(), os.linesep.join(["test_3.py", "test_4.py"]))
50	        rest.close()

--------------------------------------------------
>> Issue: [B814:read] os.read
   Severity: High   Confidence: Medium
   Location: /home/blue/PyPIAgent/Dataset/study/unzip_benign/launchable-1.98.0/launchable-1.98.0/tests/commands/test_subset.py:82
   More Info: https://bandit.readthedocs.io/en/latest/plugins/b814_read.html
81	        self.assertEqual(result.stdout, "test_1.py\ntest_2.py\ntest_3.py\ntest_4.py\n")
82	        self.assertEqual(rest.read().decode(), "")
83	        rest.close()

--------------------------------------------------
>> Issue: [B814:read] os.read
   Severity: High   Confidence: Medium
   Location: /home/blue/PyPIAgent/Dataset/study/unzip_benign/launchable-1.98.0/launchable-1.98.0/tests/commands/test_subset.py:132
   More Info: https://bandit.readthedocs.io/en/latest/plugins/b814_read.html
131	        self.assertEqual(result.stdout, "test_1.py\ntest_2.py\ntest_3.py\ntest_4.py\n")
132	        self.assertEqual(observation_mode_rest.read().decode(), "")
133	        observation_mode_rest.close()

--------------------------------------------------
>> Issue: [B814:read] os.read
   Severity: High   Confidence: Medium
   Location: /home/blue/PyPIAgent/Dataset/study/unzip_benign/launchable-1.98.0/launchable-1.98.0/tests/commands/test_subset.py:165
   More Info: https://bandit.readthedocs.io/en/latest/plugins/b814_read.html
164	        self.assertEqual(result.stdout, "test_1.py\ntest_2.py\ntest_3.py\ntest_4.py\n")
165	        self.assertEqual(rest.read().decode(), "")
166	        rest.close()

--------------------------------------------------
>> Issue: [B814:read] os.read
   Severity: High   Confidence: Medium
   Location: /home/blue/PyPIAgent/Dataset/study/unzip_benign/launchable-1.98.0/launchable-1.98.0/tests/commands/test_subset.py:335
   More Info: https://bandit.readthedocs.io/en/latest/plugins/b814_read.html
334	        self.assertEqual(result.stdout, "test_aaa.py\ntest_bbb.py\ntest_ccc.py\n")
335	        self.assertEqual(rest.read().decode(), os.linesep.join(["test_eee.py", "test_fff.py", "test_ggg.py"]))
336	        rest.close()

--------------------------------------------------
>> Issue: [B814:read] os.read
   Severity: High   Confidence: Medium
   Location: /home/blue/PyPIAgent/Dataset/study/unzip_benign/launchable-1.98.0/launchable-1.98.0/tests/commands/test_subset.py:383
   More Info: https://bandit.readthedocs.io/en/latest/plugins/b814_read.html
382	        self.assertEqual(result.stdout, "test_aaa.py\ntest_bbb.py\ntest_ccc.py\n")
383	        self.assertEqual(rest.read().decode(), os.linesep.join(["test_111.py", "test_222.py", "test_333.py"]))
384	        rest.close()

--------------------------------------------------
>> Issue: [B814:read] os.read
   Severity: High   Confidence: Medium
   Location: /home/blue/PyPIAgent/Dataset/study/unzip_benign/launchable-1.98.0/launchable-1.98.0/tests/commands/test_subset.py:404
   More Info: https://bandit.readthedocs.io/en/latest/plugins/b814_read.html
403	
404	        self.assertEqual(rest.read().decode(), os.linesep.join(["test_aaa.py", "test_bbb.py", "test_ccc.py"]))
405	        rest.close()

--------------------------------------------------
>> Issue: [B814:read] os.read
   Severity: High   Confidence: Medium
   Location: /home/blue/PyPIAgent/Dataset/study/unzip_benign/launchable-1.98.0/launchable-1.98.0/tests/commands/test_subset.py:450
   More Info: https://bandit.readthedocs.io/en/latest/plugins/b814_read.html
449	
450	        self.assertEqual(rest.read().decode(), os.linesep.join(
451	            ["test_aaa.py", "test_bbb.py", "test_ccc.py", "test_111.py", "test_222.py", "test_333.py"]))

--------------------------------------------------
>> Issue: [B814:read] os.read
   Severity: High   Confidence: Medium
   Location: /home/blue/PyPIAgent/Dataset/study/unzip_benign/launchable-1.98.0/launchable-1.98.0/tests/commands/test_subset.py:504
   More Info: https://bandit.readthedocs.io/en/latest/plugins/b814_read.html
503	
504	        self.assertEqual(rest.read().decode(), os.linesep.join(
505	            ["test_aaa.py", "test_bbb.py", "test_ccc.py", "test_111.py", "test_222.py", "test_333.py"]))

--------------------------------------------------
>> Issue: [B814:read] os.read
   Severity: High   Confidence: Medium
   Location: /home/blue/PyPIAgent/Dataset/study/unzip_benign/launchable-1.98.0/launchable-1.98.0/tests/test_runners/test_ctest.py:57
   More Info: https://bandit.readthedocs.io/en/latest/plugins/b814_read.html
56	                    if file.startswith('subset'):
57	                        subset_files.append(f.read().strip())
58	                    else:

--------------------------------------------------
>> Issue: [B814:read] os.read
   Severity: High   Confidence: Medium
   Location: /home/blue/PyPIAgent/Dataset/study/unzip_benign/launchable-1.98.0/launchable-1.98.0/tests/test_runners/test_ctest.py:59
   More Info: https://bandit.readthedocs.io/en/latest/plugins/b814_read.html
58	                    else:
59	                        rest_files.append(f.read().strip())
60	            subset_files.sort()

--------------------------------------------------
>> Issue: [B835:load] http.cookiejar.FileCookieJar.load
   Severity: High   Confidence: Medium
   Location: /home/blue/PyPIAgent/Dataset/study/unzip_benign/launchable-1.98.0/launchable-1.98.0/tests/test_runners/test_ctest.py:84
   More Info: https://bandit.readthedocs.io/en/latest/plugins/b835_load.html
83	        self.assert_success(result)
84	        self.assert_subset_payload('subset_result.json')
85	

--------------------------------------------------
>> Issue: [B835:load] http.cookiejar.FileCookieJar.load
   Severity: High   Confidence: Medium
   Location: /home/blue/PyPIAgent/Dataset/study/unzip_benign/launchable-1.98.0/launchable-1.98.0/tests/test_runners/test_ctest.py:96
   More Info: https://bandit.readthedocs.io/en/latest/plugins/b835_load.html
95	        self.assertEqual(read_session(self.build_name), self.session)
96	        self.assert_record_tests_payload('record_test_result.json')

--------------------------------------------------
>> Issue: [B824:url_found] url_found
   Severity: Medium   Confidence: Medium
   Location: /home/blue/PyPIAgent/Dataset/study/unzip_benign/launchable-1.98.0/launchable-1.98.0/tests/test_runners/test_cts.py:14
   More Info: https://bandit.readthedocs.io/en/latest/plugins/b824_url_found.html
13	    def test_subset(self):
14	        pipe = """ # noqa: E501
15	==================
16	Notice:
17	We collect anonymous usage statistics in accordance with our Content Licenses (https://source.android.com/setup/start/licenses), Contributor License Agreement (https://opensource.google.com/docs/cla/), Privacy Policy (https://policies.google.com/privacy) and Terms of Service (https://policies.google.com/terms).
18	==================
19	Android Compatibility Test Suite 12.1_r5 (9566553)
20	Use "help" or "help all" to get more information on running commands.
21	Non-interactive mode: Running initial command then exiting.
22	Using commandline arguments as starting command: [list, modules]
23	arm64-v8a CtsAbiOverrideHostTestCases[instant]
24	arm64-v8a CtsAbiOverrideHostTestCases[secondary_user]
25	arm64-v8a CtsAbiOverrideHostTestCases
26	armeabi-v7a CtsAbiOverrideHostTestCases
27	        """
28	
29	        mock_response = {

--------------------------------------------------
>> Issue: [B835:load] http.cookiejar.FileCookieJar.load
   Severity: High   Confidence: Medium
   Location: /home/blue/PyPIAgent/Dataset/study/unzip_benign/launchable-1.98.0/launchable-1.98.0/tests/test_runners/test_cts.py:68
   More Info: https://bandit.readthedocs.io/en/latest/plugins/b835_load.html
67	        self.assertEqual(output, result.stdout)
68	        self.assert_subset_payload('subset_result.json')
69	

--------------------------------------------------
>> Issue: [B835:load] http.cookiejar.FileCookieJar.load
   Severity: High   Confidence: Medium
   Location: /home/blue/PyPIAgent/Dataset/study/unzip_benign/launchable-1.98.0/launchable-1.98.0/tests/test_runners/test_cts.py:92
   More Info: https://bandit.readthedocs.io/en/latest/plugins/b835_load.html
91	        self.assert_success(result)
92	        self.assert_record_tests_payload('record_test_result.json')

--------------------------------------------------
>> Issue: [B835:load] http.cookiejar.FileCookieJar.load
   Severity: High   Confidence: Medium
   Location: /home/blue/PyPIAgent/Dataset/study/unzip_benign/launchable-1.98.0/launchable-1.98.0/tests/test_runners/test_dotnet.py:228
   More Info: https://bandit.readthedocs.io/en/latest/plugins/b835_load.html
227	        self.assert_success(result)
228	        self.assert_record_tests_payload("record_test_result.json")

--------------------------------------------------
>> Issue: [B835:load] http.cookiejar.FileCookieJar.load
   Severity: High   Confidence: Medium
   Location: /home/blue/PyPIAgent/Dataset/study/unzip_benign/launchable-1.98.0/launchable-1.98.0/tests/test_runners/test_go_test.py:20
   More Info: https://bandit.readthedocs.io/en/latest/plugins/b835_load.html
19	        self.assert_success(result)
20	        self.assert_subset_payload('subset_result.json')
21	

--------------------------------------------------
>> Issue: [B835:load] http.cookiejar.FileCookieJar.load
   Severity: High   Confidence: Medium
   Location: /home/blue/PyPIAgent/Dataset/study/unzip_benign/launchable-1.98.0/launchable-1.98.0/tests/test_runners/test_go_test.py:35
   More Info: https://bandit.readthedocs.io/en/latest/plugins/b835_load.html
34	        self.assertEqual(read_session(self.build_name), self.session)
35	        self.assert_subset_payload('subset_result.json')
36	

--------------------------------------------------
>> Issue: [B835:load] http.cookiejar.FileCookieJar.load
   Severity: High   Confidence: Medium
   Location: /home/blue/PyPIAgent/Dataset/study/unzip_benign/launchable-1.98.0/launchable-1.98.0/tests/test_runners/test_go_test.py:43
   More Info: https://bandit.readthedocs.io/en/latest/plugins/b835_load.html
42	        self.assert_success(result)
43	        self.assert_record_tests_payload('record_test_result.json')
44	

--------------------------------------------------
>> Issue: [B835:load] http.cookiejar.FileCookieJar.load
   Severity: High   Confidence: Medium
   Location: /home/blue/PyPIAgent/Dataset/study/unzip_benign/launchable-1.98.0/launchable-1.98.0/tests/test_runners/test_go_test.py:55
   More Info: https://bandit.readthedocs.io/en/latest/plugins/b835_load.html
54	        self.assertEqual(read_session(self.build_name), self.session)
55	        self.assert_record_tests_payload('record_test_result.json')
56	

--------------------------------------------------
>> Issue: [B835:load] http.cookiejar.FileCookieJar.load
   Severity: High   Confidence: Medium
   Location: /home/blue/PyPIAgent/Dataset/study/unzip_benign/launchable-1.98.0/launchable-1.98.0/tests/test_runners/test_go_test.py:63
   More Info: https://bandit.readthedocs.io/en/latest/plugins/b835_load.html
62	        self.assert_success(result)
63	        self.assert_record_tests_payload('record_test_result.json')
64	

--------------------------------------------------
>> Issue: [B815:write] os.write
   Severity: High   Confidence: Medium
   Location: /home/blue/PyPIAgent/Dataset/study/unzip_benign/launchable-1.98.0/launchable-1.98.0/tests/test_runners/test_go_test.py:92
   More Info: https://bandit.readthedocs.io/en/latest/plugins/b815_write.html
91	        same_bin_file = tempfile.NamedTemporaryFile(delete=False)
92	        same_bin_file.write(
93	            b'rocket-car-gotest.TestExample1\n'
94	            b'rocket-car-gotest.TestExample2')

--------------------------------------------------
>> Issue: [B832:write] tempfile_NamedTemporaryFile_write
   Severity: High   Confidence: Medium
   Location: /home/blue/PyPIAgent/Dataset/study/unzip_benign/launchable-1.98.0/launchable-1.98.0/tests/test_runners/test_go_test.py:92
   More Info: https://bandit.readthedocs.io/en/latest/plugins/b832_write.html
91	        same_bin_file = tempfile.NamedTemporaryFile(delete=False)
92	        same_bin_file.write(
93	            b'rocket-car-gotest.TestExample1\n'
94	            b'rocket-car-gotest.TestExample2')

--------------------------------------------------
>> Issue: [B814:read] os.read
   Severity: High   Confidence: Medium
   Location: /home/blue/PyPIAgent/Dataset/study/unzip_benign/launchable-1.98.0/launchable-1.98.0/tests/test_runners/test_gradle.py:102
   More Info: https://bandit.readthedocs.io/en/latest/plugins/b814_read.html
101	                      result.output.rstrip('\n'))
102	        self.assertEqual(rest.read().decode(), '--tests com.launchableinc.rocket_car_gradle.sub.App3Test')
103	        rest.close()

--------------------------------------------------
>> Issue: [B825:request] http.client.HTTPConnection.request
   Severity: High   Confidence: Medium
   Location: /home/blue/PyPIAgent/Dataset/study/unzip_benign/launchable-1.98.0/launchable-1.98.0/tests/test_runners/test_gradle.py:260
   More Info: https://bandit.readthedocs.io/en/latest/plugins/b825_request.html
259	
260	        body = gzip.decompress(self.find_request('/subset').request.body).decode('utf8')
261	        self.assertNotIn("java.com.launchableinc.rocket_car_gradle.App2Test", body)

--------------------------------------------------
>> Issue: [B814:read] os.read
   Severity: High   Confidence: Medium
   Location: /home/blue/PyPIAgent/Dataset/study/unzip_benign/launchable-1.98.0/launchable-1.98.0/tests/test_runners/test_gradle.py:347
   More Info: https://bandit.readthedocs.io/en/latest/plugins/b814_read.html
346	            result.output.rstrip('\n'))
347	        self.assertEqual(rest.read().decode(), '--tests com.launchableinc.rocket_car_gradle.sub.App3Test')
348	        rest.close()

--------------------------------------------------
>> Issue: [B815:write] os.write
   Severity: High   Confidence: Medium
   Location: /home/blue/PyPIAgent/Dataset/study/unzip_benign/launchable-1.98.0/launchable-1.98.0/tests/test_runners/test_gradle.py:377
   More Info: https://bandit.readthedocs.io/en/latest/plugins/b815_write.html
376	        same_bin_file = tempfile.NamedTemporaryFile(delete=False)
377	        same_bin_file.write(
378	            b'com.launchableinc.rocket_car_gradle.App2Test\n'
379	            b'com.launchableinc.rocket_car_gradle.AppTest\n'

--------------------------------------------------
>> Issue: [B832:write] tempfile_NamedTemporaryFile_write
   Severity: High   Confidence: Medium
   Location: /home/blue/PyPIAgent/Dataset/study/unzip_benign/launchable-1.98.0/launchable-1.98.0/tests/test_runners/test_gradle.py:377
   More Info: https://bandit.readthedocs.io/en/latest/plugins/b832_write.html
376	        same_bin_file = tempfile.NamedTemporaryFile(delete=False)
377	        same_bin_file.write(
378	            b'com.launchableinc.rocket_car_gradle.App2Test\n'
379	            b'com.launchableinc.rocket_car_gradle.AppTest\n'

--------------------------------------------------
>> Issue: [B835:load] http.cookiejar.FileCookieJar.load
   Severity: High   Confidence: Medium
   Location: /home/blue/PyPIAgent/Dataset/study/unzip_benign/launchable-1.98.0/launchable-1.98.0/tests/test_runners/test_gradle.py:409
   More Info: https://bandit.readthedocs.io/en/latest/plugins/b835_load.html
408	        self.assert_success(result)
409	        self.assert_record_tests_payload('recursion/expected.json')

--------------------------------------------------
>> Issue: [B835:load] http.cookiejar.FileCookieJar.load
   Severity: High   Confidence: Medium
   Location: /home/blue/PyPIAgent/Dataset/study/unzip_benign/launchable-1.98.0/launchable-1.98.0/tests/test_runners/test_jest.py:41
   More Info: https://bandit.readthedocs.io/en/latest/plugins/b835_load.html
40	        self.assert_success(result)
41	        self.assert_subset_payload('subset_result.json')
42	

--------------------------------------------------
>> Issue: [B835:load] http.cookiejar.FileCookieJar.load
   Severity: High   Confidence: Medium
   Location: /home/blue/PyPIAgent/Dataset/study/unzip_benign/launchable-1.98.0/launchable-1.98.0/tests/test_runners/test_jest.py:83
   More Info: https://bandit.readthedocs.io/en/latest/plugins/b835_load.html
82	        self.assert_success(result)
83	        self.assert_record_tests_payload('record_test_result.json')

--------------------------------------------------
>> Issue: [B835:load] http.cookiejar.FileCookieJar.load
   Severity: High   Confidence: Medium
   Location: /home/blue/PyPIAgent/Dataset/study/unzip_benign/launchable-1.98.0/launchable-1.98.0/tests/test_runners/test_maven.py:19
   More Info: https://bandit.readthedocs.io/en/latest/plugins/b835_load.html
18	        self.assert_success(result)
19	        self.assert_subset_payload('subset_result.json')
20	

--------------------------------------------------
>> Issue: [B815:write] os.write
   Severity: High   Confidence: Medium
   Location: /home/blue/PyPIAgent/Dataset/study/unzip_benign/launchable-1.98.0/launchable-1.98.0/tests/test_runners/test_maven.py:31
   More Info: https://bandit.readthedocs.io/en/latest/plugins/b815_write.html
30	                for l in list:
31	                    file.write(l.replace(".", os.path.sep) + ".class\n")
32	

--------------------------------------------------
>> Issue: [B832:write] tempfile_NamedTemporaryFile_write
   Severity: High   Confidence: Medium
   Location: /home/blue/PyPIAgent/Dataset/study/unzip_benign/launchable-1.98.0/launchable-1.98.0/tests/test_runners/test_maven.py:31
   More Info: https://bandit.readthedocs.io/en/latest/plugins/b832_write.html
30	                for l in list:
31	                    file.write(l.replace(".", os.path.sep) + ".class\n")
32	

--------------------------------------------------
>> Issue: [B835:load] http.cookiejar.FileCookieJar.load
   Severity: High   Confidence: Medium
   Location: /home/blue/PyPIAgent/Dataset/study/unzip_benign/launchable-1.98.0/launchable-1.98.0/tests/test_runners/test_maven.py:60
   More Info: https://bandit.readthedocs.io/en/latest/plugins/b835_load.html
59	        self.assert_success(result)
60	        self.assert_subset_payload('subset_from_file_result.json')
61	

--------------------------------------------------
>> Issue: [B835:load] http.cookiejar.FileCookieJar.load
   Severity: High   Confidence: Medium
   Location: /home/blue/PyPIAgent/Dataset/study/unzip_benign/launchable-1.98.0/launchable-1.98.0/tests/test_runners/test_maven.py:68
   More Info: https://bandit.readthedocs.io/en/latest/plugins/b835_load.html
67	        self.assert_success(result)
68	        self.assert_subset_payload('subset_by_absolute_time_result.json')
69	

--------------------------------------------------
>> Issue: [B835:load] http.cookiejar.FileCookieJar.load
   Severity: High   Confidence: Medium
   Location: /home/blue/PyPIAgent/Dataset/study/unzip_benign/launchable-1.98.0/launchable-1.98.0/tests/test_runners/test_maven.py:76
   More Info: https://bandit.readthedocs.io/en/latest/plugins/b835_load.html
75	        self.assert_success(result)
76	        self.assert_subset_payload('subset_by_confidence_result.json')
77	

--------------------------------------------------
>> Issue: [B815:write] os.write
   Severity: High   Confidence: Medium
   Location: /home/blue/PyPIAgent/Dataset/study/unzip_benign/launchable-1.98.0/launchable-1.98.0/tests/test_runners/test_maven.py:101
   More Info: https://bandit.readthedocs.io/en/latest/plugins/b815_write.html
100	        same_bin_file = tempfile.NamedTemporaryFile(delete=False)
101	        same_bin_file.write(
102	            b'com.launchableinc.example.AppTest\n'
103	            b'com.launchableinc.example.App2Test\n'

--------------------------------------------------
>> Issue: [B832:write] tempfile_NamedTemporaryFile_write
   Severity: High   Confidence: Medium
   Location: /home/blue/PyPIAgent/Dataset/study/unzip_benign/launchable-1.98.0/launchable-1.98.0/tests/test_runners/test_maven.py:101
   More Info: https://bandit.readthedocs.io/en/latest/plugins/b832_write.html
100	        same_bin_file = tempfile.NamedTemporaryFile(delete=False)
101	        same_bin_file.write(
102	            b'com.launchableinc.example.AppTest\n'
103	            b'com.launchableinc.example.App2Test\n'

--------------------------------------------------
>> Issue: [B835:load] http.cookiejar.FileCookieJar.load
   Severity: High   Confidence: Medium
   Location: /home/blue/PyPIAgent/Dataset/study/unzip_benign/launchable-1.98.0/launchable-1.98.0/tests/test_runners/test_maven.py:130
   More Info: https://bandit.readthedocs.io/en/latest/plugins/b835_load.html
129	        self.assert_success(result)
130	        self.assert_record_tests_payload("record_test_result.json")
131	

--------------------------------------------------
>> Issue: [B835:load] http.cookiejar.FileCookieJar.load
   Severity: High   Confidence: Medium
   Location: /home/blue/PyPIAgent/Dataset/study/unzip_benign/launchable-1.98.0/launchable-1.98.0/tests/test_runners/test_minitest.py:21
   More Info: https://bandit.readthedocs.io/en/latest/plugins/b835_load.html
20	        self.assert_success(result)
21	        self.assert_record_tests_payload('record_test_result.json')
22	

--------------------------------------------------
>> Issue: [B825:request] http.client.HTTPConnection.request
   Severity: High   Confidence: Medium
   Location: /home/blue/PyPIAgent/Dataset/study/unzip_benign/launchable-1.98.0/launchable-1.98.0/tests/test_runners/test_minitest.py:30
   More Info: https://bandit.readthedocs.io/en/latest/plugins/b825_request.html
29	
30	        payload1 = json.loads(gzip.decompress(self.find_request('/events').request.body).decode())
31	        expected1 = self.load_json_from_file(self.test_files_dir.joinpath('record_test_result_chunk1.json'))

--------------------------------------------------
>> Issue: [B825:request] http.client.HTTPConnection.request
   Severity: High   Confidence: Medium
   Location: /home/blue/PyPIAgent/Dataset/study/unzip_benign/launchable-1.98.0/launchable-1.98.0/tests/test_runners/test_minitest.py:33
   More Info: https://bandit.readthedocs.io/en/latest/plugins/b825_request.html
32	
33	        payload2 = json.loads(gzip.decompress(self.find_request('/events', 1).request.body).decode())
34	        expected2 = self.load_json_from_file(self.test_files_dir.joinpath('record_test_result_chunk2.json'))

--------------------------------------------------
>> Issue: [B814:read] os.read
   Severity: High   Confidence: Medium
   Location: /home/blue/PyPIAgent/Dataset/study/unzip_benign/launchable-1.98.0/launchable-1.98.0/tests/test_runners/test_minitest.py:134
   More Info: https://bandit.readthedocs.io/en/latest/plugins/b814_read.html
133	        self.assertEqual(str(output), result.output.rstrip("\n"))
134	        self.assertEqual(rest.read().decode().rstrip("\n"), "")
135	        rest.close()

--------------------------------------------------
>> Issue: [B835:load] http.cookiejar.FileCookieJar.load
   Severity: High   Confidence: Medium
   Location: /home/blue/PyPIAgent/Dataset/study/unzip_benign/launchable-1.98.0/launchable-1.98.0/tests/test_runners/test_nunit.py:80
   More Info: https://bandit.readthedocs.io/en/latest/plugins/b835_load.html
79	        self.assert_success(result)
80	        self.assert_subset_payload('subset_result.json')
81	

--------------------------------------------------
>> Issue: [B814:read] os.read
   Severity: High   Confidence: Medium
   Location: /home/blue/PyPIAgent/Dataset/study/unzip_benign/launchable-1.98.0/launchable-1.98.0/tests/test_runners/test_nunit.py:147
   More Info: https://bandit.readthedocs.io/en/latest/plugins/b814_read.html
146	
147	        self.assertEqual(rest.read().decode(), 'calc.Tests1.Test1')
148	        rest.close()

--------------------------------------------------
>> Issue: [B835:load] http.cookiejar.FileCookieJar.load
   Severity: High   Confidence: Medium
   Location: /home/blue/PyPIAgent/Dataset/study/unzip_benign/launchable-1.98.0/launchable-1.98.0/tests/test_runners/test_nunit.py:158
   More Info: https://bandit.readthedocs.io/en/latest/plugins/b835_load.html
157	        self.assert_success(result)
158	        self.assert_record_tests_payload("record_test_result-linux.json")
159	

--------------------------------------------------
>> Issue: [B835:load] http.cookiejar.FileCookieJar.load
   Severity: High   Confidence: Medium
   Location: /home/blue/PyPIAgent/Dataset/study/unzip_benign/launchable-1.98.0/launchable-1.98.0/tests/test_runners/test_nunit.py:166
   More Info: https://bandit.readthedocs.io/en/latest/plugins/b835_load.html
165	        self.assert_success(result)
166	        self.assert_record_tests_payload("record_test_result-windows.json")
167	

--------------------------------------------------
>> Issue: [B835:load] http.cookiejar.FileCookieJar.load
   Severity: High   Confidence: Medium
   Location: /home/blue/PyPIAgent/Dataset/study/unzip_benign/launchable-1.98.0/launchable-1.98.0/tests/test_runners/test_nunit.py:176
   More Info: https://bandit.readthedocs.io/en/latest/plugins/b835_load.html
175	        # not TestFixture=Outer+Inner
176	        self.assert_record_tests_payload("nunit-reporter-bug-with-nested-type.json")

--------------------------------------------------
>> Issue: [B815:write] os.write
   Severity: High   Confidence: Medium
   Location: /home/blue/PyPIAgent/Dataset/study/unzip_benign/launchable-1.98.0/launchable-1.98.0/tests/test_runners/test_raw.py:44
   More Info: https://bandit.readthedocs.io/en/latest/plugins/b815_write.html
43	            with open(test_path_file, 'w') as f:
44	                f.write('\n'.join([
45	                    'testcase=FooTest.Bar',
46	                    'testcase=FooTest.Foo',
47	                    '# This is a comment',
48	                    'testcase=FooTest.Baz',
49	                ]) + '\n')
50	

--------------------------------------------------
>> Issue: [B832:write] tempfile_NamedTemporaryFile_write
   Severity: High   Confidence: Medium
   Location: /home/blue/PyPIAgent/Dataset/study/unzip_benign/launchable-1.98.0/launchable-1.98.0/tests/test_runners/test_raw.py:44
   More Info: https://bandit.readthedocs.io/en/latest/plugins/b832_write.html
43	            with open(test_path_file, 'w') as f:
44	                f.write('\n'.join([
45	                    'testcase=FooTest.Bar',
46	                    'testcase=FooTest.Foo',
47	                    '# This is a comment',
48	                    'testcase=FooTest.Baz',
49	                ]) + '\n')
50	

--------------------------------------------------
>> Issue: [B825:request] http.client.HTTPConnection.request
   Severity: High   Confidence: Medium
   Location: /home/blue/PyPIAgent/Dataset/study/unzip_benign/launchable-1.98.0/launchable-1.98.0/tests/test_runners/test_raw.py:59
   More Info: https://bandit.readthedocs.io/en/latest/plugins/b825_request.html
58	            # Check request body
59	            payload = json.loads(gzip.decompress(self.find_request('/subset').request.body).decode())
60	            self.assert_json_orderless_equal(payload, {

--------------------------------------------------
>> Issue: [B825:request] http.client.HTTPConnection.request
   Severity: High   Confidence: Medium
   Location: /home/blue/PyPIAgent/Dataset/study/unzip_benign/launchable-1.98.0/launchable-1.98.0/tests/test_runners/test_raw.py:119
   More Info: https://bandit.readthedocs.io/en/latest/plugins/b825_request.html
118	        # Check request body
119	        payload = json.loads(gzip.decompress(self.find_request('/subset').request.body).decode())
120	        self.assert_json_orderless_equal(payload, {

--------------------------------------------------
>> Issue: [B814:read] os.read
   Severity: High   Confidence: Medium
   Location: /home/blue/PyPIAgent/Dataset/study/unzip_benign/launchable-1.98.0/launchable-1.98.0/tests/test_runners/test_raw.py:131
   More Info: https://bandit.readthedocs.io/en/latest/plugins/b814_read.html
130	        self.assertEqual(result.stdout, "testcase=FooTest.Bar\ntestcase=FooTest.Foo" + "\n")
131	        self.assertEqual(rest.read(), "testcase=FooTest.Baz")
132	

--------------------------------------------------
>> Issue: [B815:write] os.write
   Severity: High   Confidence: Medium
   Location: /home/blue/PyPIAgent/Dataset/study/unzip_benign/launchable-1.98.0/launchable-1.98.0/tests/test_runners/test_raw.py:149
   More Info: https://bandit.readthedocs.io/en/latest/plugins/b815_write.html
148	            with open(test_path_file, 'w') as f:
149	                f.write('\n'.join([
150	                    '{',
151	                    '  "testCases": [',
152	                    '     {',
153	                    '       "testPath": "file=test_ruby.py#class=classA",',
154	                    '       "duration": 42,',
155	                    '       "status": "TEST_PASSED",',
156	                    '       "stdout": "This is stdout",',
157	                    '       "stderr": "This is stderr",',
158	                    f'       "createdAt": "{test_ruby_timestamp}"',
159	                    '     }',
160	                    '     ,{',
161	                    '       "testPath": "file=test_python.py#class=classAA",',
162	                    '       "duration": 12,',
163	                    '       "status": "TEST_PASSED",',
164	                    '       "stdout": "This is stdout",',
165	                    '       "stderr": "This is stderr",',
166	                    f'       "createdAt": "{test_python_timestamp}",',
167	                    '       "data": {',
168	                    '         "lineNumber": 5',
169	                    '       }',
170	                    '     }',
171	                    '  ]',
172	                    '}',
173	                ]) + '\n')
174	

--------------------------------------------------
>> Issue: [B832:write] tempfile_NamedTemporaryFile_write
   Severity: High   Confidence: Medium
   Location: /home/blue/PyPIAgent/Dataset/study/unzip_benign/launchable-1.98.0/launchable-1.98.0/tests/test_runners/test_raw.py:149
   More Info: https://bandit.readthedocs.io/en/latest/plugins/b832_write.html
148	            with open(test_path_file, 'w') as f:
149	                f.write('\n'.join([
150	                    '{',
151	                    '  "testCases": [',
152	                    '     {',
153	                    '       "testPath": "file=test_ruby.py#class=classA",',
154	                    '       "duration": 42,',
155	                    '       "status": "TEST_PASSED",',
156	                    '       "stdout": "This is stdout",',
157	                    '       "stderr": "This is stderr",',
158	                    f'       "createdAt": "{test_ruby_timestamp}"',
159	                    '     }',
160	                    '     ,{',
161	                    '       "testPath": "file=test_python.py#class=classAA",',
162	                    '       "duration": 12,',
163	                    '       "status": "TEST_PASSED",',
164	                    '       "stdout": "This is stdout",',
165	                    '       "stderr": "This is stderr",',
166	                    f'       "createdAt": "{test_python_timestamp}",',
167	                    '       "data": {',
168	                    '         "lineNumber": 5',
169	                    '       }',
170	                    '     }',
171	                    '  ]',
172	                    '}',
173	                ]) + '\n')
174	

--------------------------------------------------
>> Issue: [B815:write] os.write
   Severity: High   Confidence: Medium
   Location: /home/blue/PyPIAgent/Dataset/study/unzip_benign/launchable-1.98.0/launchable-1.98.0/tests/test_runners/test_raw.py:176
   More Info: https://bandit.readthedocs.io/en/latest/plugins/b815_write.html
175	            with open(test_path_file2, 'w') as f2:
176	                f2.write('\n'.join([
177	                    '{',
178	                    '  "testCases": [',
179	                    '     {',
180	                    '       "testPath": "file=test_go.py#class=classB",',
181	                    '       "duration": 32,',
182	                    '       "status": "TEST_PASSED",',
183	                    '       "stdout": "This is stdout",',
184	                    '       "stderr": "This is stderr",',
185	                    f'       "createdAt": "{test_go_timestamp}"',
186	                    '     }',
187	                    '  ]',
188	                    '}',
189	                ]) + '\n')
190	

--------------------------------------------------
>> Issue: [B832:write] tempfile_NamedTemporaryFile_write
   Severity: High   Confidence: Medium
   Location: /home/blue/PyPIAgent/Dataset/study/unzip_benign/launchable-1.98.0/launchable-1.98.0/tests/test_runners/test_raw.py:176
   More Info: https://bandit.readthedocs.io/en/latest/plugins/b832_write.html
175	            with open(test_path_file2, 'w') as f2:
176	                f2.write('\n'.join([
177	                    '{',
178	                    '  "testCases": [',
179	                    '     {',
180	                    '       "testPath": "file=test_go.py#class=classB",',
181	                    '       "duration": 32,',
182	                    '       "status": "TEST_PASSED",',
183	                    '       "stdout": "This is stdout",',
184	                    '       "stderr": "This is stderr",',
185	                    f'       "createdAt": "{test_go_timestamp}"',
186	                    '     }',
187	                    '  ]',
188	                    '}',
189	                ]) + '\n')
190	

--------------------------------------------------
>> Issue: [B815:write] os.write
   Severity: High   Confidence: Medium
   Location: /home/blue/PyPIAgent/Dataset/study/unzip_benign/launchable-1.98.0/launchable-1.98.0/tests/test_runners/test_raw.py:192
   More Info: https://bandit.readthedocs.io/en/latest/plugins/b815_write.html
191	            with open(test_path_file3, 'w') as f3:
192	                f3.write('\n'.join([
193	                    '{',
194	                    '  "testCases": [',
195	                    '     {',
196	                    '       "testPathComponents": [',
197	                    '         {',
198	                    '           "type": "file",',
199	                    '           "name": "test_java.py"',
200	                    '         },',
201	                    '         {',
202	                    '           "type": "class",',
203	                    '           "name": "class1"',
204	                    '         },',
205	                    '         {',
206	                    '           "type": "testcase",',
207	                    '           "name": "testcase#899"',
208	                    '         }',
209	                    '       ],',
210	                    '       "duration": "34",',  # set duration as string
211	                    '       "status": "TEST_PASSED",',
212	                    '       "stdout": "This is stdout",',
213	                    '       "stderr": "This is stderr",',
214	                    f'       "createdAt": "{test_java_timestamp}"',
215	                    '     }',
216	                    '  ]',
217	                    '}',
218	                ]) + '\n')
219	

--------------------------------------------------
>> Issue: [B832:write] tempfile_NamedTemporaryFile_write
   Severity: High   Confidence: Medium
   Location: /home/blue/PyPIAgent/Dataset/study/unzip_benign/launchable-1.98.0/launchable-1.98.0/tests/test_runners/test_raw.py:192
   More Info: https://bandit.readthedocs.io/en/latest/plugins/b832_write.html
191	            with open(test_path_file3, 'w') as f3:
192	                f3.write('\n'.join([
193	                    '{',
194	                    '  "testCases": [',
195	                    '     {',
196	                    '       "testPathComponents": [',
197	                    '         {',
198	                    '           "type": "file",',
199	                    '           "name": "test_java.py"',
200	                    '         },',
201	                    '         {',
202	                    '           "type": "class",',
203	                    '           "name": "class1"',
204	                    '         },',
205	                    '         {',
206	                    '           "type": "testcase",',
207	                    '           "name": "testcase#899"',
208	                    '         }',
209	                    '       ],',
210	                    '       "duration": "34",',  # set duration as string
211	                    '       "status": "TEST_PASSED",',
212	                    '       "stdout": "This is stdout",',
213	                    '       "stderr": "This is stderr",',
214	                    f'       "createdAt": "{test_java_timestamp}"',
215	                    '     }',
216	                    '  ]',
217	                    '}',
218	                ]) + '\n')
219	

--------------------------------------------------
>> Issue: [B825:request] http.client.HTTPConnection.request
   Severity: High   Confidence: Medium
   Location: /home/blue/PyPIAgent/Dataset/study/unzip_benign/launchable-1.98.0/launchable-1.98.0/tests/test_runners/test_raw.py:227
   More Info: https://bandit.readthedocs.io/en/latest/plugins/b825_request.html
226	            # Check request body
227	            payload = json.loads(gzip.decompress(self.find_request('/events').request.body).decode())
228	            del payload['metadata']

--------------------------------------------------
>> Issue: [B815:write] os.write
   Severity: High   Confidence: Medium
   Location: /home/blue/PyPIAgent/Dataset/study/unzip_benign/launchable-1.98.0/launchable-1.98.0/tests/test_runners/test_raw.py:302
   More Info: https://bandit.readthedocs.io/en/latest/plugins/b815_write.html
301	            with open(test_path_file, 'w') as f:
302	                f.write('\n'.join([
303	                    '<?xml version="1.0" encoding="UTF-8"?>',
304	                    '<testsuites name="test_suite_name1" tests="1" failures="0" errors="0" time="10.123">',
305	                    f'  <testsuite name="test_suite_name2" errors="0" failures="0" skipped="0" timestamp="{timestamp1}" time="10.123" tests="1">',   # noqa: E501
306	                    '    <testcase classname="test_class_name" name="test_case_name" time="10.123">',
307	                    '    </testcase>',
308	                    '  </testsuite>',
309	                    '</testsuites>',
310	                ]) + '\n')
311	

--------------------------------------------------
>> Issue: [B832:write] tempfile_NamedTemporaryFile_write
   Severity: High   Confidence: Medium
   Location: /home/blue/PyPIAgent/Dataset/study/unzip_benign/launchable-1.98.0/launchable-1.98.0/tests/test_runners/test_raw.py:302
   More Info: https://bandit.readthedocs.io/en/latest/plugins/b832_write.html
301	            with open(test_path_file, 'w') as f:
302	                f.write('\n'.join([
303	                    '<?xml version="1.0" encoding="UTF-8"?>',
304	                    '<testsuites name="test_suite_name1" tests="1" failures="0" errors="0" time="10.123">',
305	                    f'  <testsuite name="test_suite_name2" errors="0" failures="0" skipped="0" timestamp="{timestamp1}" time="10.123" tests="1">',   # noqa: E501
306	                    '    <testcase classname="test_class_name" name="test_case_name" time="10.123">',
307	                    '    </testcase>',
308	                    '  </testsuite>',
309	                    '</testsuites>',
310	                ]) + '\n')
311	

--------------------------------------------------
>> Issue: [B815:write] os.write
   Severity: High   Confidence: Medium
   Location: /home/blue/PyPIAgent/Dataset/study/unzip_benign/launchable-1.98.0/launchable-1.98.0/tests/test_runners/test_raw.py:313
   More Info: https://bandit.readthedocs.io/en/latest/plugins/b815_write.html
312	            with open(test_path_file2, 'w') as f2:
313	                f2.write('\n'.join([
314	                    '<?xml version="1.0" encoding="UTF-8"?>',
315	                    '<testsuites name="test_suite_name3" tests="1" failures="0" errors="0" time="12.345">',
316	                    f'  <testsuite name="test_suite_name4" errors="0" failures="0" skipped="0" timestamp="{timestamp2}" time="12.345" tests="1">',   # noqa: E501
317	                    '    <testcase classname="test_class_name2" name="test_case_name2" time="12.345">',
318	                    '    </testcase>',
319	                    '  </testsuite>',
320	                    '</testsuites>',
321	                ]) + '\n')
322	

--------------------------------------------------
>> Issue: [B832:write] tempfile_NamedTemporaryFile_write
   Severity: High   Confidence: Medium
   Location: /home/blue/PyPIAgent/Dataset/study/unzip_benign/launchable-1.98.0/launchable-1.98.0/tests/test_runners/test_raw.py:313
   More Info: https://bandit.readthedocs.io/en/latest/plugins/b832_write.html
312	            with open(test_path_file2, 'w') as f2:
313	                f2.write('\n'.join([
314	                    '<?xml version="1.0" encoding="UTF-8"?>',
315	                    '<testsuites name="test_suite_name3" tests="1" failures="0" errors="0" time="12.345">',
316	                    f'  <testsuite name="test_suite_name4" errors="0" failures="0" skipped="0" timestamp="{timestamp2}" time="12.345" tests="1">',   # noqa: E501
317	                    '    <testcase classname="test_class_name2" name="test_case_name2" time="12.345">',
318	                    '    </testcase>',
319	                    '  </testsuite>',
320	                    '</testsuites>',
321	                ]) + '\n')
322	

--------------------------------------------------
>> Issue: [B825:request] http.client.HTTPConnection.request
   Severity: High   Confidence: Medium
   Location: /home/blue/PyPIAgent/Dataset/study/unzip_benign/launchable-1.98.0/launchable-1.98.0/tests/test_runners/test_raw.py:334
   More Info: https://bandit.readthedocs.io/en/latest/plugins/b825_request.html
333	            # Check request body
334	            payload = json.loads(gzip.decompress(self.find_request('/events').request.body).decode())
335	            del payload['metadata']

--------------------------------------------------
>> Issue: [B814:read] os.read
   Severity: High   Confidence: Medium
   Location: /home/blue/PyPIAgent/Dataset/study/unzip_benign/launchable-1.98.0/launchable-1.98.0/tests/test_runners/test_raw.py:409
   More Info: https://bandit.readthedocs.io/en/latest/plugins/b814_read.html
408	        self.assertEqual(
409	            rest.read().decode(),
410	            'testcase=FooTest.Baz',

--------------------------------------------------
>> Issue: [B815:write] os.write
   Severity: High   Confidence: Medium
   Location: /home/blue/PyPIAgent/Dataset/study/unzip_benign/launchable-1.98.0/launchable-1.98.0/tests/test_runners/test_raw.py:434
   More Info: https://bandit.readthedocs.io/en/latest/plugins/b815_write.html
433	        same_bin_file = tempfile.NamedTemporaryFile(delete=False)
434	        same_bin_file.write(
435	            b'FooTest.Bar\n'
436	            b'FooTest.Foo')

--------------------------------------------------
>> Issue: [B832:write] tempfile_NamedTemporaryFile_write
   Severity: High   Confidence: Medium
   Location: /home/blue/PyPIAgent/Dataset/study/unzip_benign/launchable-1.98.0/launchable-1.98.0/tests/test_runners/test_raw.py:434
   More Info: https://bandit.readthedocs.io/en/latest/plugins/b832_write.html
433	        same_bin_file = tempfile.NamedTemporaryFile(delete=False)
434	        same_bin_file.write(
435	            b'FooTest.Bar\n'
436	            b'FooTest.Foo')

--------------------------------------------------
>> Issue: [B836:rmtree] shutil.rmtree
   Severity: High   Confidence: Medium
   Location: /home/blue/PyPIAgent/Dataset/study/unzip_benign/launchable-1.98.0/launchable-1.98.0/tests/test_session.py:21
   More Info: https://bandit.readthedocs.io/en/latest/plugins/b836_rmtree.html
20	        del os.environ[SESSION_DIR_KEY]
21	        shutil.rmtree(self.dir)
22	

--------------------------------------------------
>> Issue: [B825:request] http.client.HTTPConnection.request
   Severity: High   Confidence: Medium
   Location: /home/blue/PyPIAgent/Dataset/study/unzip_benign/launchable-1.98.0/launchable-1.98.0/tests/utils/test_http_client.py:55
   More Info: https://bandit.readthedocs.io/en/latest/plugins/b825_request.html
54	        # /error is an actual endpoint that exists on our service to test the behavior
55	        res = cli.request("GET", "intake/error")
56	        self.assertEqual(res.status_code, 500)

--------------------------------------------------
>> Issue: [B822:request] requests.request
   Severity: High   Confidence: Medium
   Location: /home/blue/PyPIAgent/Dataset/study/unzip_benign/launchable-1.98.0/launchable-1.98.0/tests/utils/test_http_client.py:55
   More Info: https://bandit.readthedocs.io/en/latest/plugins/b822_request.html
54	        # /error is an actual endpoint that exists on our service to test the behavior
55	        res = cli.request("GET", "intake/error")
56	        self.assertEqual(res.status_code, 500)

--------------------------------------------------
>> Issue: [B824:url_found] url_found
   Severity: Medium   Confidence: Medium
   Location: /home/blue/PyPIAgent/Dataset/study/unzip_benign/launchable-1.98.0/launchable-1.98.0/tests/utils/test_link.py:9
   More Info: https://bandit.readthedocs.io/en/latest/plugins/b824_url_found.html
8	        envs = {
9	            "JENKINS_URL": "https://jenkins.io",
10	            "BUILD_URL": "https://jenkins.launchableinc.com/build/123",
11	            "JOB_NAME": "foo",
12	            "BUILD_DISPLAY_NAME": "#123"
13	        }
14	        self.assertEqual(capture_link(envs), [{

--------------------------------------------------
>> Issue: [B824:url_found] url_found
   Severity: Medium   Confidence: Medium
   Location: /home/blue/PyPIAgent/Dataset/study/unzip_benign/launchable-1.98.0/launchable-1.98.0/tests/utils/test_link.py:10
   More Info: https://bandit.readthedocs.io/en/latest/plugins/b824_url_found.html
9	            "JENKINS_URL": "https://jenkins.io",
10	            "BUILD_URL": "https://jenkins.launchableinc.com/build/123",
11	            "JOB_NAME": "foo",
12	            "BUILD_DISPLAY_NAME": "#123"
13	        }
14	        self.assertEqual(capture_link(envs), [{
15	            "kind": LinkKind.JENKINS.name,

--------------------------------------------------
>> Issue: [B824:url_found] url_found
   Severity: Medium   Confidence: Medium
   Location: /home/blue/PyPIAgent/Dataset/study/unzip_benign/launchable-1.98.0/launchable-1.98.0/tests/utils/test_link.py:17
   More Info: https://bandit.readthedocs.io/en/latest/plugins/b824_url_found.html
16	            "title": "foo #123",
17	            "url": "https://jenkins.launchableinc.com/build/123",
18	        }])
19	
20	    def test_github_actions(self):
21	        envs = {

--------------------------------------------------
>> Issue: [B824:url_found] url_found
   Severity: Medium   Confidence: Medium
   Location: /home/blue/PyPIAgent/Dataset/study/unzip_benign/launchable-1.98.0/launchable-1.98.0/tests/utils/test_link.py:23
   More Info: https://bandit.readthedocs.io/en/latest/plugins/b824_url_found.html
22	            "GITHUB_ACTIONS": "true",
23	            "GITHUB_SERVER_URL": "https://github.com",
24	            "GITHUB_REPOSITORY": "launchable/cli",
25	            "GITHUB_RUN_ID": 123,
26	            "GITHUB_WORKFLOW": "workflow",
27	            "GITHUB_JOB": "job",
28	            "GITHUB_RUN_NUMBER": "234"
29	        }
30	        self.assertEqual(capture_link(envs), [{
31	            "kind": LinkKind.GITHUB_ACTIONS.name,

--------------------------------------------------
>> Issue: [B824:url_found] url_found
   Severity: Medium   Confidence: Medium
   Location: /home/blue/PyPIAgent/Dataset/study/unzip_benign/launchable-1.98.0/launchable-1.98.0/tests/utils/test_link.py:33
   More Info: https://bandit.readthedocs.io/en/latest/plugins/b824_url_found.html
32	            "title": "workflow / job #234",
33	            "url": "https://github.com/launchable/cli/actions/runs/123",
34	        }])
35	
36	    def test_circleci(self):
37	        envs = {

--------------------------------------------------
>> Issue: [B824:url_found] url_found
   Severity: Medium   Confidence: Medium
   Location: /home/blue/PyPIAgent/Dataset/study/unzip_benign/launchable-1.98.0/launchable-1.98.0/tests/utils/test_link.py:39
   More Info: https://bandit.readthedocs.io/en/latest/plugins/b824_url_found.html
38	            "CIRCLECI": "true",
39	            "CIRCLE_BUILD_URL": "https://circleci.com/build/123",
40	            "CIRCLE_JOB": "job",
41	            "CIRCLE_BUILD_NUM": "234"}
42	        self.assertEqual(capture_link(envs), [{
43	            "kind": LinkKind.CIRCLECI.name,
44	            "title": "job (234)",

--------------------------------------------------
>> Issue: [B824:url_found] url_found
   Severity: Medium   Confidence: Medium
   Location: /home/blue/PyPIAgent/Dataset/study/unzip_benign/launchable-1.98.0/launchable-1.98.0/tests/utils/test_link.py:45
   More Info: https://bandit.readthedocs.io/en/latest/plugins/b824_url_found.html
44	            "title": "job (234)",
45	            "url": "https://circleci.com/build/123",
46	        }])

--------------------------------------------------

Code scanned:
	Total lines of code: 11719
	Total lines skipped (#nosec): 0

Run metrics:
	Total issues (by severity):
		Undefined: 0.0
		Low: 0.0
		Medium: 26.0
		High: 135.0
	Total issues (by confidence):
		Undefined: 0.0
		Low: 0.0
		Medium: 161.0
		High: 0.0
Files skipped (0):
