Run started:2025-04-12 10:46:11.798602

Test results:
>> Issue: [B824:url_found] url_found
   Severity: Medium   Confidence: Medium
   Location: /home/blue/PyPIAgent/Dataset/study/unzip_benign/narwhals-1.34.1/narwhals-1.34.1/narwhals/_arrow/group_by.py:72
   More Info: https://bandit.readthedocs.io/en/latest/plugins/b824_url_found.html
71	                if expr._function_name != "len":  # pragma: no cover
72	                    msg = "Safety assertion failed, please report a bug to https://github.com/narwhals-dev/narwhals/issues"
73	                    raise AssertionError(msg)

--------------------------------------------------
>> Issue: [B824:url_found] url_found
   Severity: Medium   Confidence: Medium
   Location: /home/blue/PyPIAgent/Dataset/study/unzip_benign/narwhals-1.34.1/narwhals-1.34.1/narwhals/_arrow/group_by.py:110
   More Info: https://bandit.readthedocs.io/en/latest/plugins/b824_url_found.html
109	            msg = (
110	                f"Safety assertion failed, expected {expected_pyarrow_column_names} "
111	                f"got {result_simple.column_names}, "
112	                "please report a bug at https://github.com/narwhals-dev/narwhals/issues"

--------------------------------------------------
>> Issue: [B824:url_found] url_found
   Severity: Medium   Confidence: Medium
   Location: /home/blue/PyPIAgent/Dataset/study/unzip_benign/narwhals-1.34.1/narwhals-1.34.1/narwhals/_arrow/series_dt.py:85
   More Info: https://bandit.readthedocs.io/en/latest/plugins/b824_url_found.html
84	            else:  # pragma: no cover
85	                msg = f"unexpected time unit {unit}, please report an issue at https://github.com/narwhals-dev/narwhals"
86	                raise AssertionError(msg)

--------------------------------------------------
>> Issue: [B824:url_found] url_found
   Severity: Medium   Confidence: Medium
   Location: /home/blue/PyPIAgent/Dataset/study/unzip_benign/narwhals-1.34.1/narwhals-1.34.1/narwhals/_arrow/utils.py:457
   More Info: https://bandit.readthedocs.io/en/latest/plugins/b824_url_found.html
456	        msg = (
457	            "Unable to infer datetime format, provided format is not supported. "
458	            "Please report a bug to https://github.com/narwhals-dev/narwhals/issues"
459	        )
460	        raise NotImplementedError(msg)
461	

--------------------------------------------------
>> Issue: [B824:url_found] url_found
   Severity: Medium   Confidence: Medium
   Location: /home/blue/PyPIAgent/Dataset/study/unzip_benign/narwhals-1.34.1/narwhals-1.34.1/narwhals/_arrow/utils.py:497
   More Info: https://bandit.readthedocs.io/en/latest/plugins/b824_url_found.html
496	    msg = (
497	        "Unable to infer datetime format. "
498	        "Please report a bug to https://github.com/narwhals-dev/narwhals/issues"
499	    )
500	    raise ValueError(msg)
501	

--------------------------------------------------
>> Issue: [B824:url_found] url_found
   Severity: Medium   Confidence: Medium
   Location: /home/blue/PyPIAgent/Dataset/study/unzip_benign/narwhals-1.34.1/narwhals-1.34.1/narwhals/_compliant/expr.py:474
   More Info: https://bandit.readthedocs.io/en/latest/plugins/b824_url_found.html
473	            msg = (
474	                f"Safety assertion failed, please report a bug to https://github.com/narwhals-dev/narwhals/issues\n"
475	                f"Expression aliases: {aliases}\n"
476	                f"Series names: {[s.name for s in out]}"
477	            )

--------------------------------------------------
>> Issue: [B824:url_found] url_found
   Severity: Medium   Confidence: Medium
   Location: /home/blue/PyPIAgent/Dataset/study/unzip_benign/narwhals-1.34.1/narwhals-1.34.1/narwhals/_dask/expr.py:620
   More Info: https://bandit.readthedocs.io/en/latest/plugins/b824_url_found.html
619	            msg = (
620	                "Only elementary expressions are supported for `.over` in dask.\n\n"
621	                "Please see: "
622	                "https://narwhals-dev.github.io/narwhals/pandas_like_concepts/improve_group_by_operation/"
623	            )
624	            raise NotImplementedError(msg)
625	        else:

--------------------------------------------------
>> Issue: [B824:url_found] url_found
   Severity: Medium   Confidence: Medium
   Location: /home/blue/PyPIAgent/Dataset/study/unzip_benign/narwhals-1.34.1/narwhals-1.34.1/narwhals/_duckdb/series.py:36
   More Info: https://bandit.readthedocs.io/en/latest/plugins/b824_url_found.html
35	        msg = (  # pragma: no cover
36	            f"Attribute {attr} is not supported for metadata-only dataframes.\n\n"
37	            "If you would like to see this kind of object better supported in "

--------------------------------------------------
>> Issue: [B824:url_found] url_found
   Severity: Medium   Confidence: Medium
   Location: /home/blue/PyPIAgent/Dataset/study/unzip_benign/narwhals-1.34.1/narwhals-1.34.1/narwhals/_ibis/dataframe.py:125
   More Info: https://bandit.readthedocs.io/en/latest/plugins/b824_url_found.html
124	        msg = (
125	            "`select`-ing not by name is not supported for Ibis backend.\n\n"
126	            "If you would like to see this kind of object better supported in "
127	            "Narwhals, please open a feature request "
128	            "at https://github.com/narwhals-dev/narwhals/issues."
129	        )
130	        raise NotImplementedError(msg)
131	

--------------------------------------------------
>> Issue: [B824:url_found] url_found
   Severity: Medium   Confidence: Medium
   Location: /home/blue/PyPIAgent/Dataset/study/unzip_benign/narwhals-1.34.1/narwhals-1.34.1/narwhals/_ibis/dataframe.py:141
   More Info: https://bandit.readthedocs.io/en/latest/plugins/b824_url_found.html
140	        msg = (
141	            f"Attribute {attr} is not supported for metadata-only dataframes.\n\n"
142	            "If you would like to see this kind of object better supported in "

--------------------------------------------------
>> Issue: [B824:url_found] url_found
   Severity: Medium   Confidence: Medium
   Location: /home/blue/PyPIAgent/Dataset/study/unzip_benign/narwhals-1.34.1/narwhals-1.34.1/narwhals/_ibis/series.py:36
   More Info: https://bandit.readthedocs.io/en/latest/plugins/b824_url_found.html
35	        msg = (
36	            f"Attribute {attr} is not supported for metadata-only dataframes.\n\n"
37	            "If you would like to see this kind of object better supported in "

--------------------------------------------------
>> Issue: [B824:url_found] url_found
   Severity: Medium   Confidence: Medium
   Location: /home/blue/PyPIAgent/Dataset/study/unzip_benign/narwhals-1.34.1/narwhals-1.34.1/narwhals/_interchange/dataframe.py:102
   More Info: https://bandit.readthedocs.io/en/latest/plugins/b824_url_found.html
101	        msg = (
102	            "Cannot access native namespace for metadata-only dataframes with unknown backend."
103	            "If you would like to see this kind of object supported in Narwhals, please "
104	            "open a feature request at https://github.com/narwhals-dev/narwhals/issues."
105	        )
106	        raise NotImplementedError(msg)
107	

--------------------------------------------------
>> Issue: [B824:url_found] url_found
   Severity: Medium   Confidence: Medium
   Location: /home/blue/PyPIAgent/Dataset/study/unzip_benign/narwhals-1.34.1/narwhals-1.34.1/narwhals/_interchange/dataframe.py:150
   More Info: https://bandit.readthedocs.io/en/latest/plugins/b824_url_found.html
149	        msg = (
150	            f"Attribute {attr} is not supported for metadata-only dataframes.\n\n"
151	            "Hint: you probably called `nw.from_native` on an object which isn't fully "

--------------------------------------------------
>> Issue: [B824:url_found] url_found
   Severity: Medium   Confidence: Medium
   Location: /home/blue/PyPIAgent/Dataset/study/unzip_benign/narwhals-1.34.1/narwhals-1.34.1/narwhals/_interchange/dataframe.py:162
   More Info: https://bandit.readthedocs.io/en/latest/plugins/b824_url_found.html
161	            msg = (
162	                "Expected interchange object to implement `_df` property to allow for recovering original object.\n"
163	                "See https://github.com/data-apis/dataframe-api/issues/360."
164	            )
165	            raise NotImplementedError(msg)
166	        return self.__class__(frame._df, version=self._version)

--------------------------------------------------
>> Issue: [B824:url_found] url_found
   Severity: Medium   Confidence: Medium
   Location: /home/blue/PyPIAgent/Dataset/study/unzip_benign/narwhals-1.34.1/narwhals-1.34.1/narwhals/_interchange/dataframe.py:173
   More Info: https://bandit.readthedocs.io/en/latest/plugins/b824_url_found.html
172	        msg = (
173	            "`select`-ing not by name is not supported for interchange-only level.\n\n"
174	            "If you would like to see this kind of object better supported in "
175	            "Narwhals, please open a feature request "
176	            "at https://github.com/narwhals-dev/narwhals/issues."
177	        )
178	        raise NotImplementedError(msg)

--------------------------------------------------
>> Issue: [B824:url_found] url_found
   Severity: Medium   Confidence: Medium
   Location: /home/blue/PyPIAgent/Dataset/study/unzip_benign/narwhals-1.34.1/narwhals-1.34.1/narwhals/_interchange/series.py:26
   More Info: https://bandit.readthedocs.io/en/latest/plugins/b824_url_found.html
25	        msg = (
26	            "Cannot access native namespace for metadata-only series with unknown backend. "
27	            "If you would like to see this kind of object supported in Narwhals, please "
28	            "open a feature request at https://github.com/narwhals-dev/narwhals/issues."
29	        )
30	        raise NotImplementedError(msg)
31	

--------------------------------------------------
>> Issue: [B824:url_found] url_found
   Severity: Medium   Confidence: Medium
   Location: /home/blue/PyPIAgent/Dataset/study/unzip_benign/narwhals-1.34.1/narwhals-1.34.1/narwhals/_interchange/series.py:44
   More Info: https://bandit.readthedocs.io/en/latest/plugins/b824_url_found.html
43	        msg = (  # pragma: no cover
44	            f"Attribute {attr} is not supported for metadata-only dataframes.\n\n"
45	            "Hint: you probably called `nw.from_native` on an object which isn't fully "

--------------------------------------------------
>> Issue: [B824:url_found] url_found
   Severity: Medium   Confidence: Medium
   Location: /home/blue/PyPIAgent/Dataset/study/unzip_benign/narwhals-1.34.1/narwhals-1.34.1/narwhals/_pandas_like/dataframe.py:1045
   More Info: https://bandit.readthedocs.io/en/latest/plugins/b824_url_found.html
1044	        if self._implementation is Implementation.MODIN:
1045	            msg = "pivot is not supported for Modin backend due to https://github.com/modin-project/modin/issues/7409."
1046	            raise NotImplementedError(msg)

--------------------------------------------------
>> Issue: [B824:url_found] url_found
   Severity: Medium   Confidence: Medium
   Location: /home/blue/PyPIAgent/Dataset/study/unzip_benign/narwhals-1.34.1/narwhals-1.34.1/narwhals/_pandas_like/expr.py:223
   More Info: https://bandit.readthedocs.io/en/latest/plugins/b824_url_found.html
222	            msg = (
223	                "Only elementary expressions are supported for `.over` in pandas-like backends.\n\n"
224	                "Please see: "
225	                "https://narwhals-dev.github.io/narwhals/pandas_like_concepts/improve_group_by_operation/"
226	            )
227	            raise NotImplementedError(msg)
228	        else:

--------------------------------------------------
>> Issue: [B824:url_found] url_found
   Severity: Medium   Confidence: Medium
   Location: /home/blue/PyPIAgent/Dataset/study/unzip_benign/narwhals-1.34.1/narwhals-1.34.1/narwhals/_pandas_like/group_by.py:175
   More Info: https://bandit.readthedocs.io/en/latest/plugins/b824_url_found.html
174	                    msg = (
175	                        f"Safety assertion failed, expected {expected_old_names} "
176	                        f"got {result_simple_aggs.columns}, "
177	                        "please report a bug at https://github.com/narwhals-dev/narwhals/issues"

--------------------------------------------------
>> Issue: [B824:url_found] url_found
   Severity: Medium   Confidence: Medium
   Location: /home/blue/PyPIAgent/Dataset/study/unzip_benign/narwhals-1.34.1/narwhals-1.34.1/narwhals/_pandas_like/group_by.py:268
   More Info: https://bandit.readthedocs.io/en/latest/plugins/b824_url_found.html
267	        warnings.warn(
268	            "Found complex group-by expression, which can't be expressed efficiently with the "
269	            "pandas API. If you can, please rewrite your query such that group-by aggregations "
270	            "are simple (e.g. mean, std, min, max, ...). \n\n"
271	            "Please see: "
272	            "https://narwhals-dev.github.io/narwhals/pandas_like_concepts/improve_group_by_operation/",
273	            UserWarning,
274	            stacklevel=find_stacklevel(),
275	        )
276	

--------------------------------------------------
>> Issue: [B824:url_found] url_found
   Severity: Medium   Confidence: Medium
   Location: /home/blue/PyPIAgent/Dataset/study/unzip_benign/narwhals-1.34.1/narwhals-1.34.1/narwhals/_pandas_like/series_str.py:52
   More Info: https://bandit.readthedocs.io/en/latest/plugins/b824_url_found.html
51	            msg = (
52	                "This operation requires a pyarrow-backed series. "
53	                "Please refer to https://narwhals-dev.github.io/narwhals/api-reference/narwhals/#narwhals.maybe_convert_dtypes "
54	                "and ensure you are using dtype_backend='pyarrow'. "
55	                "Additionally, make sure you have pandas version 1.5+ and pyarrow installed. "
56	            )
57	            raise TypeError(msg)
58	        return self.with_native(self.native.str.split(pat=by))

--------------------------------------------------
>> Issue: [B824:url_found] url_found
   Severity: Medium   Confidence: Medium
   Location: /home/blue/PyPIAgent/Dataset/study/unzip_benign/narwhals-1.34.1/narwhals-1.34.1/narwhals/_pandas_like/utils.py:692
   More Info: https://bandit.readthedocs.io/en/latest/plugins/b824_url_found.html
691	    else:  # pragma: no cover
692	        msg = f"unexpected time unit {original_time_unit}, please report a bug at https://github.com/narwhals-dev/narwhals"
693	        raise AssertionError(msg)

--------------------------------------------------
>> Issue: [B824:url_found] url_found
   Severity: Medium   Confidence: Medium
   Location: /home/blue/PyPIAgent/Dataset/study/unzip_benign/narwhals-1.34.1/narwhals-1.34.1/narwhals/_spark_like/dataframe.py:484
   More Info: https://bandit.readthedocs.io/en/latest/plugins/b824_url_found.html
483	        else:  # pragma: no cover
484	            msg = "Unreachable code, please report an issue at https://github.com/narwhals-dev/narwhals/issues"
485	            raise AssertionError(msg)

--------------------------------------------------
>> Issue: [B824:url_found] url_found
   Severity: Medium   Confidence: Medium
   Location: /home/blue/PyPIAgent/Dataset/study/unzip_benign/narwhals-1.34.1/narwhals-1.34.1/narwhals/dataframe.py:2155
   More Info: https://bandit.readthedocs.io/en/latest/plugins/b824_url_found.html
2154	                msg = (
2155	                    "Order-dependent expressions are not supported for use in LazyFrame.\n\n"
2156	                    "Hints:\n"
2157	                    "- Instead of `lf.select(nw.col('a').sort())`, use `lf.select('a').sort()`.\n"
2158	                    "- Instead of `lf.select(nw.col('a').cum_sum())`, use\n"
2159	                    "  `lf.select(nw.col('a').cum_sum().over(order_by='date'))`.\n\n"
2160	                    "See https://narwhals-dev.github.io/narwhals/basics/order_dependence/."
2161	                )
2162	                raise OrderDependentExprError(msg)
2163	            if arg._metadata.kind.is_filtration():

--------------------------------------------------
>> Issue: [B824:url_found] url_found
   Severity: Medium   Confidence: Medium
   Location: /home/blue/PyPIAgent/Dataset/study/unzip_benign/narwhals-1.34.1/narwhals-1.34.1/narwhals/dataframe.py:3062
   More Info: https://bandit.readthedocs.io/en/latest/plugins/b824_url_found.html
3061	        msg = (
3062	            "`LazyFrame.gather_every` is deprecated and will be removed in a future version.\n\n"
3063	            "Note: this will remain available in `narwhals.stable.v1`.\n"
3064	            "See https://narwhals-dev.github.io/narwhals/backcompat/ for more information.\n"
3065	        )
3066	        issue_deprecation_warning(msg, _version="1.29.0")
3067	

--------------------------------------------------
>> Issue: [B824:url_found] url_found
   Severity: Medium   Confidence: Medium
   Location: /home/blue/PyPIAgent/Dataset/study/unzip_benign/narwhals-1.34.1/narwhals-1.34.1/narwhals/expr.py:1118
   More Info: https://bandit.readthedocs.io/en/latest/plugins/b824_url_found.html
1117	        msg = (
1118	            "`Expr.sort` is deprecated and will be removed in a future version.\n\n"
1119	            "Hint: instead of `df.select(nw.col('a').sort())`, use `df.select(nw.col('a')).sort()`.\n\n"
1120	            "Note: this will remain available in `narwhals.stable.v1`.\n"
1121	            "See https://narwhals-dev.github.io/narwhals/backcompat/ for more information.\n"
1122	        )
1123	        issue_deprecation_warning(msg, _version="1.23.0")
1124	        return self.__class__(

--------------------------------------------------
>> Issue: [B824:url_found] url_found
   Severity: Medium   Confidence: Medium
   Location: /home/blue/PyPIAgent/Dataset/study/unzip_benign/narwhals-1.34.1/narwhals-1.34.1/narwhals/expr.py:1353
   More Info: https://bandit.readthedocs.io/en/latest/plugins/b824_url_found.html
1352	        msg = (
1353	            "`Expr.arg_true` is deprecated and will be removed in a future version.\n\n"
1354	            "Note: this will remain available in `narwhals.stable.v1`.\n"
1355	            "See https://narwhals-dev.github.io/narwhals/backcompat/ for more information.\n"
1356	        )
1357	        issue_deprecation_warning(msg, _version="1.23.0")
1358	        return self.__class__(

--------------------------------------------------
>> Issue: [B824:url_found] url_found
   Severity: Medium   Confidence: Medium
   Location: /home/blue/PyPIAgent/Dataset/study/unzip_benign/narwhals-1.34.1/narwhals-1.34.1/narwhals/expr.py:1524
   More Info: https://bandit.readthedocs.io/en/latest/plugins/b824_url_found.html
1523	        msg = (
1524	            "`Expr.sample` is deprecated and will be removed in a future version.\n\n"
1525	            "Hint: instead of `df.select(nw.col('a').sample())`, use `df.select(nw.col('a')).sample()`.\n\n"
1526	            "Note: this will remain available in `narwhals.stable.v1`.\n"
1527	            "See https://narwhals-dev.github.io/narwhals/backcompat/ for more information.\n"
1528	        )
1529	        issue_deprecation_warning(msg, _version="1.23.0")
1530	        return self.__class__(

--------------------------------------------------
>> Issue: [B824:url_found] url_found
   Severity: Medium   Confidence: Medium
   Location: /home/blue/PyPIAgent/Dataset/study/unzip_benign/narwhals-1.34.1/narwhals-1.34.1/narwhals/expr.py:1817
   More Info: https://bandit.readthedocs.io/en/latest/plugins/b824_url_found.html
1816	        msg = (
1817	            "`Expr.head` is deprecated and will be removed in a future version.\n\n"
1818	            "Hint: instead of `df.select(nw.col('a').head())`, use `df.select(nw.col('a')).head()`.\n\n"
1819	            "Note: this will remain available in `narwhals.stable.v1`.\n"
1820	            "See https://narwhals-dev.github.io/narwhals/backcompat/ for more information.\n"
1821	        )
1822	        issue_deprecation_warning(msg, _version="1.23.0")
1823	        return self.__class__(

--------------------------------------------------
>> Issue: [B824:url_found] url_found
   Severity: Medium   Confidence: Medium
   Location: /home/blue/PyPIAgent/Dataset/study/unzip_benign/narwhals-1.34.1/narwhals-1.34.1/narwhals/expr.py:1845
   More Info: https://bandit.readthedocs.io/en/latest/plugins/b824_url_found.html
1844	        msg = (
1845	            "`Expr.tail` is deprecated and will be removed in a future version.\n\n"
1846	            "Hint: instead of `df.select(nw.col('a').tail())`, use `df.select(nw.col('a')).tail()`.\n\n"
1847	            "Note: this will remain available in `narwhals.stable.v1`.\n"
1848	            "See https://narwhals-dev.github.io/narwhals/backcompat/ for more information.\n"
1849	        )
1850	        issue_deprecation_warning(msg, _version="1.23.0")
1851	        return self.__class__(

--------------------------------------------------
>> Issue: [B824:url_found] url_found
   Severity: Medium   Confidence: Medium
   Location: /home/blue/PyPIAgent/Dataset/study/unzip_benign/narwhals-1.34.1/narwhals-1.34.1/narwhals/expr.py:1940
   More Info: https://bandit.readthedocs.io/en/latest/plugins/b824_url_found.html
1939	        msg = (
1940	            "`Expr.gather_every` is deprecated and will be removed in a future version.\n\n"
1941	            "Hint: instead of `df.select(nw.col('a').gather_every())`, use `df.select(nw.col('a')).gather_every()`.\n\n"
1942	            "Note: this will remain available in `narwhals.stable.v1`.\n"
1943	            "See https://narwhals-dev.github.io/narwhals/backcompat/ for more information.\n"
1944	        )
1945	        issue_deprecation_warning(msg, _version="1.23.0")
1946	        return self.__class__(

--------------------------------------------------
>> Issue: [B824:url_found] url_found
   Severity: Medium   Confidence: Medium
   Location: /home/blue/PyPIAgent/Dataset/study/unzip_benign/narwhals-1.34.1/narwhals-1.34.1/narwhals/translate.py:1000
   More Info: https://bandit.readthedocs.io/en/latest/plugins/b824_url_found.html
999	    msg = (
1000	        f"Expected object convertible to a scalar, found {type(scalar_like)}. "
1001	        "Please report a bug to https://github.com/narwhals-dev/narwhals/issues"

--------------------------------------------------
>> Issue: [B824:url_found] url_found
   Severity: Medium   Confidence: Medium
   Location: /home/blue/PyPIAgent/Dataset/study/unzip_benign/narwhals-1.34.1/narwhals-1.34.1/narwhals/utils.py:635
   More Info: https://bandit.readthedocs.io/en/latest/plugins/b824_url_found.html
634	        msg = (
635	            "Congratulations, you have entered unreachable code.\n"
636	            "Please report an issue at https://github.com/narwhals-dev/narwhals/issues.\n"
637	            f"Version: {version}"
638	        )

--------------------------------------------------
>> Issue: [B824:url_found] url_found
   Severity: Medium   Confidence: Medium
   Location: /home/blue/PyPIAgent/Dataset/study/unzip_benign/narwhals-1.34.1/narwhals-1.34.1/narwhals/utils.py:1339
   More Info: https://bandit.readthedocs.io/en/latest/plugins/b824_url_found.html
1338	            msg = (
1339	                "`strict` in `from_native` is deprecated, please use `pass_through` instead.\n\n"
1340	                "Note: `strict` will remain available in `narwhals.stable.v1`.\n"
1341	                "See https://narwhals-dev.github.io/narwhals/backcompat/ for more information.\n"
1342	            )
1343	            issue_deprecation_warning(msg, _version="1.13.0")
1344	        pass_through = not strict

--------------------------------------------------
>> Issue: [B824:url_found] url_found
   Severity: Medium   Confidence: Medium
   Location: /home/blue/PyPIAgent/Dataset/study/unzip_benign/narwhals-1.34.1/narwhals-1.34.1/narwhals/utils.py:1374
   More Info: https://bandit.readthedocs.io/en/latest/plugins/b824_url_found.html
1373	                    msg = (
1374	                        "`native_namespace` is deprecated, please use `backend` instead.\n\n"
1375	                        "Note: `native_namespace` will remain available in `narwhals.stable.v1`.\n"
1376	                        "See https://narwhals-dev.github.io/narwhals/backcompat/ for more information.\n"
1377	                    )
1378	                    issue_deprecation_warning(msg, _version=warn_version)
1379	                backend = native_namespace

--------------------------------------------------
>> Issue: [B824:url_found] url_found
   Severity: Medium   Confidence: Medium
   Location: /home/blue/PyPIAgent/Dataset/study/unzip_benign/narwhals-1.34.1/narwhals-1.34.1/narwhals/utils.py:1772
   More Info: https://bandit.readthedocs.io/en/latest/plugins/b824_url_found.html
1771	    msg = (
1772	        f"{what!r} is not implemented for: {who!r}.\n\n"
1773	        "If you would like to see this functionality in `narwhals`, "

--------------------------------------------------

Code scanned:
	Total lines of code: 35338
	Total lines skipped (#nosec): 0

Run metrics:
	Total issues (by severity):
		Undefined: 0.0
		Low: 0.0
		Medium: 37.0
		High: 0.0
	Total issues (by confidence):
		Undefined: 0.0
		Low: 0.0
		Medium: 37.0
		High: 0.0
Files skipped (0):
