Run started:2025-04-12 12:11:19.802394

Test results:
>> Issue: [B824:url_found] url_found
   Severity: Medium   Confidence: Medium
   Location: /home/blue/PyPIAgent/Dataset/study/unzip_benign/pyink-24.10.1/pyink-24.10.1/src/pyink/__init__.py:1619
   More Info: https://bandit.readthedocs.io/en/latest/plugins/b824_url_found.html
1618	        raise ASTSafetyError(
1619	            f"INTERNAL ERROR: {_black_info()} produced invalid code: {exc}. "
1620	            "Please report a bug on https://github.com/psf/black/issues.  "
1621	            f"This invalid output might be helpful: {log}"
1622	        ) from None

--------------------------------------------------
>> Issue: [B824:url_found] url_found
   Severity: Medium   Confidence: Medium
   Location: /home/blue/PyPIAgent/Dataset/study/unzip_benign/pyink-24.10.1/pyink-24.10.1/src/pyink/__init__.py:1629
   More Info: https://bandit.readthedocs.io/en/latest/plugins/b824_url_found.html
1628	        raise ASTSafetyError(
1629	            f"INTERNAL ERROR: {_black_info()} produced code that is not equivalent to"
1630	            " the source.  Please report a bug on https://github.com/psf/black/issues."
1631	            f"  This diff might be helpful: {log}"
1632	        ) from None

--------------------------------------------------
>> Issue: [B824:url_found] url_found
   Severity: Medium   Confidence: Medium
   Location: /home/blue/PyPIAgent/Dataset/study/unzip_benign/pyink-24.10.1/pyink-24.10.1/src/pyink/__init__.py:1657
   More Info: https://bandit.readthedocs.io/en/latest/plugins/b824_url_found.html
1656	        raise AssertionError(
1657	            f"INTERNAL ERROR: {_black_info()} produced different code on the second"
1658	            " pass of the formatter.  Please report a bug on"
1659	            f" https://github.com/psf/black/issues.  This diff might be helpful: {log}"
1660	        ) from None

--------------------------------------------------
>> Issue: [B840:executor] concurrent.futures.Executor
   Severity: High   Confidence: Medium
   Location: /home/blue/PyPIAgent/Dataset/study/unzip_benign/pyink-24.10.1/pyink-24.10.1/src/pyink/concurrency.py:90
   More Info: https://bandit.readthedocs.io/en/latest/plugins/b840_executor.html
89	    try:
90	        executor = ProcessPoolExecutor(max_workers=workers)
91	    except (ImportError, NotImplementedError, OSError):

--------------------------------------------------
>> Issue: [B840:executor] concurrent.futures.Executor
   Severity: High   Confidence: Medium
   Location: /home/blue/PyPIAgent/Dataset/study/unzip_benign/pyink-24.10.1/pyink-24.10.1/src/pyink/concurrency.py:96
   More Info: https://bandit.readthedocs.io/en/latest/plugins/b840_executor.html
95	        # any good due to the Global Interpreter Lock)
96	        executor = ThreadPoolExecutor(max_workers=1)
97	

--------------------------------------------------
>> Issue: [B814:read] os.read
   Severity: High   Confidence: Medium
   Location: /home/blue/PyPIAgent/Dataset/study/unzip_benign/pyink-24.10.1/pyink-24.10.1/src/pyink/concurrency.py:137
   More Info: https://bandit.readthedocs.io/en/latest/plugins/b814_read.html
136	    """
137	    cache = Cache.read(mode)
138	    if write_back not in (WriteBack.DIFF, WriteBack.COLOR_DIFF):

--------------------------------------------------
>> Issue: [B815:write] os.write
   Severity: High   Confidence: Medium
   Location: /home/blue/PyPIAgent/Dataset/study/unzip_benign/pyink-24.10.1/pyink-24.10.1/src/pyink/concurrency.py:190
   More Info: https://bandit.readthedocs.io/en/latest/plugins/b815_write.html
189	    if sources_to_cache:
190	        cache.write(sources_to_cache)

--------------------------------------------------
>> Issue: [B824:url_found] url_found
   Severity: Medium   Confidence: Medium
   Location: /home/blue/PyPIAgent/Dataset/study/unzip_benign/pyink-24.10.1/pyink-24.10.1/src/pyink/handle_ipynb_magics.py:147
   More Info: https://bandit.readthedocs.io/en/latest/plugins/b824_url_found.html
146	        raise AssertionError(
147	            "INTERNAL ERROR: Was not able to reinstate trailing semicolon. "
148	            "Please report a bug on https://github.com/psf/black/issues.  "
149	        ) from None

--------------------------------------------------
>> Issue: [B824:url_found] url_found
   Severity: Medium   Confidence: Medium
   Location: /home/blue/PyPIAgent/Dataset/study/unzip_benign/pyink-24.10.1/pyink-24.10.1/src/pyink/handle_ipynb_magics.py:212
   More Info: https://bandit.readthedocs.io/en/latest/plugins/b824_url_found.html
211	            raise AssertionError(
212	                "INTERNAL ERROR: Black was not able to replace IPython magic. "
213	                "Please report a bug on https://github.com/psf/black/issues.  "
214	                f"The magic might be helpful: {magic}"
215	            ) from None

--------------------------------------------------
>> Issue: [B824:url_found] url_found
   Severity: Medium   Confidence: Medium
   Location: /home/blue/PyPIAgent/Dataset/study/unzip_benign/pyink-24.10.1/pyink-24.10.1/src/pyink/handle_ipynb_magics.py:279
   More Info: https://bandit.readthedocs.io/en/latest/plugins/b824_url_found.html
278	                raise AssertionError(
279	                    f"Expecting one magic per line, got: {offsets_and_magics}\n"
280	                    "Please report a bug on https://github.com/psf/black/issues."

--------------------------------------------------
>> Issue: [B824:url_found] url_found
   Severity: Medium   Confidence: Medium
   Location: /home/blue/PyPIAgent/Dataset/study/unzip_benign/pyink-24.10.1/pyink-24.10.1/src/pyink/handle_ipynb_magics.py:454
   More Info: https://bandit.readthedocs.io/en/latest/plugins/b824_url_found.html
453	                raise AssertionError(
454	                    f"Unexpected IPython magic {node.value.func.attr!r} found. "
455	                    "Please report a bug on https://github.com/psf/black/issues."

--------------------------------------------------
>> Issue: [B832:write] tempfile_NamedTemporaryFile_write
   Severity: High   Confidence: Medium
   Location: /home/blue/PyPIAgent/Dataset/study/unzip_benign/pyink-24.10.1/pyink-24.10.1/src/pyink/output.py:119
   More Info: https://bandit.readthedocs.io/en/latest/plugins/b832_write.html
118	        for lines in output:
119	            f.write(lines)
120	            if ensure_final_newline and lines and lines[-1] != "\n":

--------------------------------------------------
>> Issue: [B832:write] tempfile_NamedTemporaryFile_write
   Severity: High   Confidence: Medium
   Location: /home/blue/PyPIAgent/Dataset/study/unzip_benign/pyink-24.10.1/pyink-24.10.1/src/pyink/output.py:121
   More Info: https://bandit.readthedocs.io/en/latest/plugins/b832_write.html
120	            if ensure_final_newline and lines and lines[-1] != "\n":
121	                f.write("\n")
122	    return f.name

--------------------------------------------------
>> Issue: [B824:url_found] url_found
   Severity: Medium   Confidence: Medium
   Location: /home/blue/PyPIAgent/Dataset/study/unzip_benign/pyink-24.10.1/pyink-24.10.1/tests/data/cases/comments4.py:16
   More Info: https://bandit.readthedocs.io/en/latest/plugins/b824_url_found.html
15	                {},
16	                "None is an invalid value for Metadata-Version. Error: This field is"
17	                " required. see"
18	                " https://packaging.python.org/specifications/core-metadata",
19	            ),
20	            (
21	                {"metadata_version": "-1"},
22	                "'-1' is an invalid value for Metadata-Version. Error: Unknown Metadata"

--------------------------------------------------
>> Issue: [B824:url_found] url_found
   Severity: Medium   Confidence: Medium
   Location: /home/blue/PyPIAgent/Dataset/study/unzip_benign/pyink-24.10.1/pyink-24.10.1/tests/data/cases/comments4.py:22
   More Info: https://bandit.readthedocs.io/en/latest/plugins/b824_url_found.html
21	                {"metadata_version": "-1"},
22	                "'-1' is an invalid value for Metadata-Version. Error: Unknown Metadata"
23	                " Version see"
24	                " https://packaging.python.org/specifications/core-metadata",
25	            ),
26	            # name errors.
27	            (
28	                {"metadata_version": "1.2"},
29	                "'' is an invalid value for Name. Error: This field is required. see"

--------------------------------------------------
>> Issue: [B824:url_found] url_found
   Severity: Medium   Confidence: Medium
   Location: /home/blue/PyPIAgent/Dataset/study/unzip_benign/pyink-24.10.1/pyink-24.10.1/tests/data/cases/comments4.py:29
   More Info: https://bandit.readthedocs.io/en/latest/plugins/b824_url_found.html
28	                {"metadata_version": "1.2"},
29	                "'' is an invalid value for Name. Error: This field is required. see"
30	                " https://packaging.python.org/specifications/core-metadata",
31	            ),
32	            (
33	                {"metadata_version": "1.2", "name": "foo-"},
34	                "'foo-' is an invalid value for Name. Error: Must start and end with a"

--------------------------------------------------
>> Issue: [B824:url_found] url_found
   Severity: Medium   Confidence: Medium
   Location: /home/blue/PyPIAgent/Dataset/study/unzip_benign/pyink-24.10.1/pyink-24.10.1/tests/data/cases/comments4.py:34
   More Info: https://bandit.readthedocs.io/en/latest/plugins/b824_url_found.html
33	                {"metadata_version": "1.2", "name": "foo-"},
34	                "'foo-' is an invalid value for Name. Error: Must start and end with a"
35	                " letter or numeral and contain only ascii numeric and '.', '_' and"
36	                " '-'. see https://packaging.python.org/specifications/core-metadata",
37	            ),
38	            # version errors.
39	            (
40	                {"metadata_version": "1.2", "name": "example"},
41	                "'' is an invalid value for Version. Error: This field is required. see"

--------------------------------------------------
>> Issue: [B824:url_found] url_found
   Severity: Medium   Confidence: Medium
   Location: /home/blue/PyPIAgent/Dataset/study/unzip_benign/pyink-24.10.1/pyink-24.10.1/tests/data/cases/comments4.py:41
   More Info: https://bandit.readthedocs.io/en/latest/plugins/b824_url_found.html
40	                {"metadata_version": "1.2", "name": "example"},
41	                "'' is an invalid value for Version. Error: This field is required. see"
42	                " https://packaging.python.org/specifications/core-metadata",
43	            ),
44	            (
45	                {"metadata_version": "1.2", "name": "example", "version": "dog"},
46	                "'dog' is an invalid value for Version. Error: Must start and end with"

--------------------------------------------------
>> Issue: [B824:url_found] url_found
   Severity: Medium   Confidence: Medium
   Location: /home/blue/PyPIAgent/Dataset/study/unzip_benign/pyink-24.10.1/pyink-24.10.1/tests/data/cases/comments4.py:46
   More Info: https://bandit.readthedocs.io/en/latest/plugins/b824_url_found.html
45	                {"metadata_version": "1.2", "name": "example", "version": "dog"},
46	                "'dog' is an invalid value for Version. Error: Must start and end with"
47	                " a letter or numeral and contain only ascii numeric and '.', '_' and"
48	                " '-'. see https://packaging.python.org/specifications/core-metadata",
49	            ),

--------------------------------------------------
>> Issue: [B800:exec_used] exec
   Severity: Medium   Confidence: High
   Location: /home/blue/PyPIAgent/Dataset/study/unzip_benign/pyink-24.10.1/pyink-24.10.1/tests/data/cases/fmtonoff.py:26
   More Info: https://bandit.readthedocs.io/en/latest/plugins/b800_exec_used.html
25	    continue
26	  exec('new-style exec', {}, {})
27	  return None

--------------------------------------------------
>> Issue: [B800:exec_used] exec
   Severity: Medium   Confidence: High
   Location: /home/blue/PyPIAgent/Dataset/study/unzip_benign/pyink-24.10.1/pyink-24.10.1/tests/data/cases/fmtonoff.py:216
   More Info: https://bandit.readthedocs.io/en/latest/plugins/b800_exec_used.html
215	    continue
216	  exec('new-style exec', {}, {})
217	  return None

--------------------------------------------------
>> Issue: [B800:exec_used] exec
   Severity: Medium   Confidence: High
   Location: /home/blue/PyPIAgent/Dataset/study/unzip_benign/pyink-24.10.1/pyink-24.10.1/tests/data/cases/function.py:17
   More Info: https://bandit.readthedocs.io/en/latest/plugins/b800_exec_used.html
16	    continue
17	  exec("new-style exec", {}, {})
18	  return None

--------------------------------------------------
>> Issue: [B800:exec_used] exec
   Severity: Medium   Confidence: High
   Location: /home/blue/PyPIAgent/Dataset/study/unzip_benign/pyink-24.10.1/pyink-24.10.1/tests/data/cases/function.py:122
   More Info: https://bandit.readthedocs.io/en/latest/plugins/b800_exec_used.html
121	        continue
122	    exec("new-style exec", {}, {})
123	    return None

--------------------------------------------------
>> Issue: [B824:url_found] url_found
   Severity: Medium   Confidence: Medium
   Location: /home/blue/PyPIAgent/Dataset/study/unzip_benign/pyink-24.10.1/pyink-24.10.1/tests/data/cases/preview_comments7.py:92
   More Info: https://bandit.readthedocs.io/en/latest/plugins/b824_url_found.html
91	                {},
92	                "None is an invalid value for Metadata-Version. Error: This field is"
93	                " required. see"
94	                " https://packaging.python.org/specifications/core-metadata"
95	            ),
96	            (
97	                {"metadata_version": "-1"},
98	                "'-1' is an invalid value for Metadata-Version. Error: Unknown Metadata"

--------------------------------------------------
>> Issue: [B824:url_found] url_found
   Severity: Medium   Confidence: Medium
   Location: /home/blue/PyPIAgent/Dataset/study/unzip_benign/pyink-24.10.1/pyink-24.10.1/tests/data/cases/preview_comments7.py:98
   More Info: https://bandit.readthedocs.io/en/latest/plugins/b824_url_found.html
97	                {"metadata_version": "-1"},
98	                "'-1' is an invalid value for Metadata-Version. Error: Unknown Metadata"
99	                " Version see"
100	                " https://packaging.python.org/specifications/core-metadata"
101	            ),
102	            # name errors.
103	            (
104	                {"metadata_version": "1.2"},
105	                "'' is an invalid value for Name. Error: This field is required. see"

--------------------------------------------------
>> Issue: [B824:url_found] url_found
   Severity: Medium   Confidence: Medium
   Location: /home/blue/PyPIAgent/Dataset/study/unzip_benign/pyink-24.10.1/pyink-24.10.1/tests/data/cases/preview_comments7.py:105
   More Info: https://bandit.readthedocs.io/en/latest/plugins/b824_url_found.html
104	                {"metadata_version": "1.2"},
105	                "'' is an invalid value for Name. Error: This field is required. see"
106	                " https://packaging.python.org/specifications/core-metadata"
107	            ),
108	            (
109	                {"metadata_version": "1.2", "name": "foo-"},
110	                "'foo-' is an invalid value for Name. Error: Must start and end with a"

--------------------------------------------------
>> Issue: [B824:url_found] url_found
   Severity: Medium   Confidence: Medium
   Location: /home/blue/PyPIAgent/Dataset/study/unzip_benign/pyink-24.10.1/pyink-24.10.1/tests/data/cases/preview_comments7.py:110
   More Info: https://bandit.readthedocs.io/en/latest/plugins/b824_url_found.html
109	                {"metadata_version": "1.2", "name": "foo-"},
110	                "'foo-' is an invalid value for Name. Error: Must start and end with a"
111	                " letter or numeral and contain only ascii numeric and '.', '_' and"
112	                " '-'. see https://packaging.python.org/specifications/core-metadata"
113	            ),
114	            # version errors.
115	            (
116	                {"metadata_version": "1.2", "name": "example"},
117	                "'' is an invalid value for Version. Error: This field is required. see"

--------------------------------------------------
>> Issue: [B824:url_found] url_found
   Severity: Medium   Confidence: Medium
   Location: /home/blue/PyPIAgent/Dataset/study/unzip_benign/pyink-24.10.1/pyink-24.10.1/tests/data/cases/preview_comments7.py:117
   More Info: https://bandit.readthedocs.io/en/latest/plugins/b824_url_found.html
116	                {"metadata_version": "1.2", "name": "example"},
117	                "'' is an invalid value for Version. Error: This field is required. see"
118	                " https://packaging.python.org/specifications/core-metadata"
119	            ),
120	            (
121	                {"metadata_version": "1.2", "name": "example", "version": "dog"},
122	                "'dog' is an invalid value for Version. Error: Must start and end with"

--------------------------------------------------
>> Issue: [B824:url_found] url_found
   Severity: Medium   Confidence: Medium
   Location: /home/blue/PyPIAgent/Dataset/study/unzip_benign/pyink-24.10.1/pyink-24.10.1/tests/data/cases/preview_comments7.py:122
   More Info: https://bandit.readthedocs.io/en/latest/plugins/b824_url_found.html
121	                {"metadata_version": "1.2", "name": "example", "version": "dog"},
122	                "'dog' is an invalid value for Version. Error: Must start and end with"
123	                " a letter or numeral and contain only ascii numeric and '.', '_' and"
124	                " '-'. see https://packaging.python.org/specifications/core-metadata"
125	            )

--------------------------------------------------
>> Issue: [B824:url_found] url_found
   Severity: Medium   Confidence: Medium
   Location: /home/blue/PyPIAgent/Dataset/study/unzip_benign/pyink-24.10.1/pyink-24.10.1/tests/data/cases/preview_comments7.py:243
   More Info: https://bandit.readthedocs.io/en/latest/plugins/b824_url_found.html
242	                (
243	                    "None is an invalid value for Metadata-Version. Error: This field"
244	                    " is required. see"
245	                    " https://packaging.python.org/specifications/core-metadata"
246	                ),
247	            ),
248	            (
249	                {"metadata_version": "-1"},
250	                (
251	                    "'-1' is an invalid value for Metadata-Version. Error: Unknown"

--------------------------------------------------
>> Issue: [B824:url_found] url_found
   Severity: Medium   Confidence: Medium
   Location: /home/blue/PyPIAgent/Dataset/study/unzip_benign/pyink-24.10.1/pyink-24.10.1/tests/data/cases/preview_comments7.py:251
   More Info: https://bandit.readthedocs.io/en/latest/plugins/b824_url_found.html
250	                (
251	                    "'-1' is an invalid value for Metadata-Version. Error: Unknown"
252	                    " Metadata Version see"
253	                    " https://packaging.python.org/specifications/core-metadata"
254	                ),
255	            ),
256	            # name errors.
257	            (
258	                {"metadata_version": "1.2"},
259	                (
260	                    "'' is an invalid value for Name. Error: This field is required."

--------------------------------------------------
>> Issue: [B824:url_found] url_found
   Severity: Medium   Confidence: Medium
   Location: /home/blue/PyPIAgent/Dataset/study/unzip_benign/pyink-24.10.1/pyink-24.10.1/tests/data/cases/preview_comments7.py:260
   More Info: https://bandit.readthedocs.io/en/latest/plugins/b824_url_found.html
259	                (
260	                    "'' is an invalid value for Name. Error: This field is required."
261	                    " see https://packaging.python.org/specifications/core-metadata"
262	                ),
263	            ),
264	            (
265	                {"metadata_version": "1.2", "name": "foo-"},
266	                (
267	                    "'foo-' is an invalid value for Name. Error: Must start and end"

--------------------------------------------------
>> Issue: [B824:url_found] url_found
   Severity: Medium   Confidence: Medium
   Location: /home/blue/PyPIAgent/Dataset/study/unzip_benign/pyink-24.10.1/pyink-24.10.1/tests/data/cases/preview_comments7.py:267
   More Info: https://bandit.readthedocs.io/en/latest/plugins/b824_url_found.html
266	                (
267	                    "'foo-' is an invalid value for Name. Error: Must start and end"
268	                    " with a letter or numeral and contain only ascii numeric and '.',"
269	                    " '_' and '-'. see"
270	                    " https://packaging.python.org/specifications/core-metadata"
271	                ),
272	            ),
273	            # version errors.
274	            (
275	                {"metadata_version": "1.2", "name": "example"},
276	                (
277	                    "'' is an invalid value for Version. Error: This field is required."

--------------------------------------------------
>> Issue: [B824:url_found] url_found
   Severity: Medium   Confidence: Medium
   Location: /home/blue/PyPIAgent/Dataset/study/unzip_benign/pyink-24.10.1/pyink-24.10.1/tests/data/cases/preview_comments7.py:277
   More Info: https://bandit.readthedocs.io/en/latest/plugins/b824_url_found.html
276	                (
277	                    "'' is an invalid value for Version. Error: This field is required."
278	                    " see https://packaging.python.org/specifications/core-metadata"
279	                ),
280	            ),
281	            (
282	                {"metadata_version": "1.2", "name": "example", "version": "dog"},
283	                (
284	                    "'dog' is an invalid value for Version. Error: Must start and end"

--------------------------------------------------
>> Issue: [B824:url_found] url_found
   Severity: Medium   Confidence: Medium
   Location: /home/blue/PyPIAgent/Dataset/study/unzip_benign/pyink-24.10.1/pyink-24.10.1/tests/data/cases/preview_comments7.py:284
   More Info: https://bandit.readthedocs.io/en/latest/plugins/b824_url_found.html
283	                (
284	                    "'dog' is an invalid value for Version. Error: Must start and end"
285	                    " with a letter or numeral and contain only ascii numeric and '.',"
286	                    " '_' and '-'. see"
287	                    " https://packaging.python.org/specifications/core-metadata"
288	                ),

--------------------------------------------------
>> Issue: [B316:blacklist] os.system
   Severity: Medium   Confidence: High
   Location: /home/blue/PyPIAgent/Dataset/study/unzip_benign/pyink-24.10.1/pyink-24.10.1/tests/data/cases/preview_long_strings__regression.py:21
   More Info: https://bandit.readthedocs.io/en/latest/blacklists/blacklist_calls.html#b313-b320-os-system
20	    def foo():
21	        os.system("This is a regression test. xxx xxx xxx xxx xxx xxx xxx xxx xxx xxx xxx xxx xxx xxx xxx xxx xxx xxx xxx xxx xxx xxx xxx xxx xxx xxx xxx xxx xxx xxx xxxx.".format("xxxxxxxxxx", "xxxxxx", "xxxxxxxxxx"))
22	

--------------------------------------------------
>> Issue: [B824:url_found] url_found
   Severity: Medium   Confidence: Medium
   Location: /home/blue/PyPIAgent/Dataset/study/unzip_benign/pyink-24.10.1/pyink-24.10.1/tests/data/cases/preview_long_strings__regression.py:281
   More Info: https://bandit.readthedocs.io/en/latest/plugins/b824_url_found.html
280	                raise ValueError(
281	                    "Could not find object %s in %s.\n"
282	                    "Please note that you cannot serialize things like inner "
283	                    "classes. Please move the object into the main module "
284	                    "body to use migrations.\n"
285	                    "For more information, see "
286	                    "https://docs.djangoproject.com/en/%s/topics/migrations/#serializing-values"
287	                    % (name, module_name, get_docs_version()))
288	

--------------------------------------------------
>> Issue: [B824:url_found] url_found
   Severity: Medium   Confidence: Medium
   Location: /home/blue/PyPIAgent/Dataset/study/unzip_benign/pyink-24.10.1/pyink-24.10.1/tests/data/cases/preview_long_strings__regression.py:294
   More Info: https://bandit.readthedocs.io/en/latest/plugins/b824_url_found.html
293	                raise ValueError(
294	                    "Could not find object %s in %s.\nPlease note that you cannot serialize things like inner classes. Please move the object into the main module body to use migrations.\nFor more information, see https://docs.djangoproject.com/en/%s/topics/migrations/#serializing-values"
295	                    % (name, module_name, get_docs_version()))
296	

--------------------------------------------------
>> Issue: [B824:url_found] url_found
   Severity: Medium   Confidence: Medium
   Location: /home/blue/PyPIAgent/Dataset/study/unzip_benign/pyink-24.10.1/pyink-24.10.1/tests/data/cases/preview_long_strings__regression.py:460
   More Info: https://bandit.readthedocs.io/en/latest/plugins/b824_url_found.html
459	message = (
460	    f"1. Go to Google Developers Console and log in with your Google account."
461	    "(https://console.developers.google.com/)"

--------------------------------------------------
>> Issue: [B824:url_found] url_found
   Severity: Medium   Confidence: Medium
   Location: /home/blue/PyPIAgent/Dataset/study/unzip_benign/pyink-24.10.1/pyink-24.10.1/tests/data/cases/preview_long_strings__regression.py:473
   More Info: https://bandit.readthedocs.io/en/latest/plugins/b824_url_found.html
472	message = (
473	    f"1. Go to Google Developers Console and log in with your Google account."
474	    "(https://console.developers.google.com/)"

--------------------------------------------------
>> Issue: [B824:url_found] url_found
   Severity: Medium   Confidence: Medium
   Location: /home/blue/PyPIAgent/Dataset/study/unzip_benign/pyink-24.10.1/pyink-24.10.1/tests/data/cases/preview_long_strings__regression.py:486
   More Info: https://bandit.readthedocs.io/en/latest/plugins/b824_url_found.html
485	message = (
486	    f"1. Go to Google Developers Console and log in with your Google account."
487	    "(https://console.developers.google.com/)"
488	    "2. You should be prompted to create a new project (name does not matter)."
489	    f"3. Click on Enable APIs and Services at the top."
490	    "4. In the list of APIs choose or search for YouTube Data API v3 and "
491	    "click on it. Choose Enable."
492	    f"5. Click on Credentials on the left navigation bar."
493	    "6. Click on Create Credential at the top."
494	    '7. At the top click the link for "API key".'
495	    "8. No application restrictions are needed. Click Create at the bottom."
496	    f"9. You now have a key to add to `{prefix}set api youtube api_key`"
497	)

--------------------------------------------------
>> Issue: [B316:blacklist] os.system
   Severity: Medium   Confidence: High
   Location: /home/blue/PyPIAgent/Dataset/study/unzip_benign/pyink-24.10.1/pyink-24.10.1/tests/data/cases/preview_long_strings__regression.py:605
   More Info: https://bandit.readthedocs.io/en/latest/blacklists/blacklist_calls.html#b313-b320-os-system
604	    def foo():
605	        os.system(
606	            "This is a regression test. xxx xxx xxx xxx xxx xxx xxx xxx xxx xxx xxx xxx"
607	            " xxx xxx xxx xxx xxx xxx xxx xxx xxx xxx xxx xxx xxx xxx xxx xxx xxx xxx"
608	            " xxxx.".format("xxxxxxxxxx", "xxxxxx", "xxxxxxxxxx")
609	        )

--------------------------------------------------
>> Issue: [B824:url_found] url_found
   Severity: Medium   Confidence: Medium
   Location: /home/blue/PyPIAgent/Dataset/study/unzip_benign/pyink-24.10.1/pyink-24.10.1/tests/data/cases/preview_long_strings__regression.py:919
   More Info: https://bandit.readthedocs.io/en/latest/plugins/b824_url_found.html
918	                raise ValueError(
919	                    "Could not find object %s in %s.\n"
920	                    "Please note that you cannot serialize things like inner "
921	                    "classes. Please move the object into the main module "
922	                    "body to use migrations.\n"
923	                    "For more information, see "
924	                    "https://docs.djangoproject.com/en/%s/topics/migrations/#serializing-values"
925	                    % (name, module_name, get_docs_version())
926	                )

--------------------------------------------------
>> Issue: [B824:url_found] url_found
   Severity: Medium   Confidence: Medium
   Location: /home/blue/PyPIAgent/Dataset/study/unzip_benign/pyink-24.10.1/pyink-24.10.1/tests/data/cases/preview_long_strings__regression.py:934
   More Info: https://bandit.readthedocs.io/en/latest/plugins/b824_url_found.html
933	                raise ValueError(
934	                    "Could not find object %s in %s.\nPlease note that you cannot"
935	                    " serialize things like inner classes. Please move the object into"
936	                    " the main module body to use migrations.\nFor more information,"
937	                    " see https://docs.djangoproject.com/en/%s/topics/migrations/#serializing-values"
938	                    % (name, module_name, get_docs_version())
939	                )

--------------------------------------------------
>> Issue: [B824:url_found] url_found
   Severity: Medium   Confidence: Medium
   Location: /home/blue/PyPIAgent/Dataset/study/unzip_benign/pyink-24.10.1/pyink-24.10.1/tests/data/cases/preview_long_strings__regression.py:1137
   More Info: https://bandit.readthedocs.io/en/latest/plugins/b824_url_found.html
1136	message = (
1137	    f"1. Go to Google Developers Console and log in with your Google account."
1138	    f"(https://console.developers.google.com/)"

--------------------------------------------------
>> Issue: [B824:url_found] url_found
   Severity: Medium   Confidence: Medium
   Location: /home/blue/PyPIAgent/Dataset/study/unzip_benign/pyink-24.10.1/pyink-24.10.1/tests/data/cases/preview_long_strings__regression.py:1150
   More Info: https://bandit.readthedocs.io/en/latest/plugins/b824_url_found.html
1149	message = (
1150	    f"1. Go to Google Developers Console and log in with your Google account."
1151	    f"(https://console.developers.google.com/)"

--------------------------------------------------
>> Issue: [B824:url_found] url_found
   Severity: Medium   Confidence: Medium
   Location: /home/blue/PyPIAgent/Dataset/study/unzip_benign/pyink-24.10.1/pyink-24.10.1/tests/data/cases/preview_long_strings__regression.py:1163
   More Info: https://bandit.readthedocs.io/en/latest/plugins/b824_url_found.html
1162	message = (
1163	    "1. Go to Google Developers Console and log in with your Google account."
1164	    "(https://console.developers.google.com/)"
1165	    "2. You should be prompted to create a new project (name does not matter)."
1166	    "3. Click on Enable APIs and Services at the top."
1167	    "4. In the list of APIs choose or search for YouTube Data API v3 and "
1168	    "click on it. Choose Enable."
1169	    "5. Click on Credentials on the left navigation bar."
1170	    "6. Click on Create Credential at the top."
1171	    '7. At the top click the link for "API key".'
1172	    "8. No application restrictions are needed. Click Create at the bottom."
1173	    f"9. You now have a key to add to `{prefix}set api youtube api_key`"
1174	)

--------------------------------------------------
>> Issue: [B812:system] os.system
   Severity: High   Confidence: Medium
   Location: /home/blue/PyPIAgent/Dataset/study/unzip_benign/pyink-24.10.1/pyink-24.10.1/tests/test_black.py:172
   More Info: https://bandit.readthedocs.io/en/latest/plugins/b812_system.html
171	            tmp_file = Path(pyink.dump_to_file(nl))
172	            if system() == "Windows":
173	                # Writing files in text mode automatically uses the system newline,

--------------------------------------------------
>> Issue: [B817:system] platform.system
   Severity: High   Confidence: Medium
   Location: /home/blue/PyPIAgent/Dataset/study/unzip_benign/pyink-24.10.1/pyink-24.10.1/tests/test_black.py:172
   More Info: https://bandit.readthedocs.io/en/latest/plugins/b817_system.html
171	            tmp_file = Path(pyink.dump_to_file(nl))
172	            if system() == "Windows":
173	                # Writing files in text mode automatically uses the system newline,

--------------------------------------------------
>> Issue: [B308:blacklist] platform.system
   Severity: Medium   Confidence: High
   Location: /home/blue/PyPIAgent/Dataset/study/unzip_benign/pyink-24.10.1/pyink-24.10.1/tests/test_black.py:172
   More Info: https://bandit.readthedocs.io/en/latest/blacklists/blacklist_calls.html#b308-platform-system
171	            tmp_file = Path(pyink.dump_to_file(nl))
172	            if system() == "Windows":
173	                # Writing files in text mode automatically uses the system newline,

--------------------------------------------------
>> Issue: [B815:write] os.write
   Severity: High   Confidence: Medium
   Location: /home/blue/PyPIAgent/Dataset/study/unzip_benign/pyink-24.10.1/pyink-24.10.1/tests/test_black.py:177
   More Info: https://bandit.readthedocs.io/en/latest/plugins/b815_write.html
176	                with open(tmp_file, "wb") as f:
177	                    f.write(nl.encode("utf-8"))
178	            try:

--------------------------------------------------
>> Issue: [B832:write] tempfile_NamedTemporaryFile_write
   Severity: High   Confidence: Medium
   Location: /home/blue/PyPIAgent/Dataset/study/unzip_benign/pyink-24.10.1/pyink-24.10.1/tests/test_black.py:177
   More Info: https://bandit.readthedocs.io/en/latest/plugins/b832_write.html
176	                with open(tmp_file, "wb") as f:
177	                    f.write(nl.encode("utf-8"))
178	            try:

--------------------------------------------------
>> Issue: [B814:read] os.read
   Severity: High   Confidence: Medium
   Location: /home/blue/PyPIAgent/Dataset/study/unzip_benign/pyink-24.10.1/pyink-24.10.1/tests/test_black.py:181
   More Info: https://bandit.readthedocs.io/en/latest/plugins/b814_read.html
180	                with open(tmp_file, "rb") as f:
181	                    actual = f.read().decode("utf-8")
182	            finally:

--------------------------------------------------
>> Issue: [B814:read] os.read
   Severity: High   Confidence: Medium
   Location: /home/blue/PyPIAgent/Dataset/study/unzip_benign/pyink-24.10.1/pyink-24.10.1/tests/test_black.py:1149
   More Info: https://bandit.readthedocs.io/en/latest/plugins/b814_read.html
1148	            # verify cache with --pyi is separate
1149	            pyi_cache = pyink.Cache.read(pyi_mode)
1150	            assert not pyi_cache.is_changed(path)

--------------------------------------------------
>> Issue: [B814:read] os.read
   Severity: High   Confidence: Medium
   Location: /home/blue/PyPIAgent/Dataset/study/unzip_benign/pyink-24.10.1/pyink-24.10.1/tests/test_black.py:1151
   More Info: https://bandit.readthedocs.io/en/latest/plugins/b814_read.html
1150	            assert not pyi_cache.is_changed(path)
1151	            normal_cache = pyink.Cache.read(DEFAULT_MODE)
1152	            assert normal_cache.is_changed(path)

--------------------------------------------------
>> Issue: [B814:read] os.read
   Severity: High   Confidence: Medium
   Location: /home/blue/PyPIAgent/Dataset/study/unzip_benign/pyink-24.10.1/pyink-24.10.1/tests/test_black.py:1174
   More Info: https://bandit.readthedocs.io/en/latest/plugins/b814_read.html
1173	            # verify cache with --pyi is separate
1174	            pyi_cache = pyink.Cache.read(pyi_mode)
1175	            normal_cache = pyink.Cache.read(reg_mode)

--------------------------------------------------
>> Issue: [B814:read] os.read
   Severity: High   Confidence: Medium
   Location: /home/blue/PyPIAgent/Dataset/study/unzip_benign/pyink-24.10.1/pyink-24.10.1/tests/test_black.py:1175
   More Info: https://bandit.readthedocs.io/en/latest/plugins/b814_read.html
1174	            pyi_cache = pyink.Cache.read(pyi_mode)
1175	            normal_cache = pyink.Cache.read(reg_mode)
1176	            for path in paths:

--------------------------------------------------
>> Issue: [B814:read] os.read
   Severity: High   Confidence: Medium
   Location: /home/blue/PyPIAgent/Dataset/study/unzip_benign/pyink-24.10.1/pyink-24.10.1/tests/test_black.py:1199
   More Info: https://bandit.readthedocs.io/en/latest/plugins/b814_read.html
1198	            # verify cache with --target-version is separate
1199	            py36_cache = pyink.Cache.read(py36_mode)
1200	            assert not py36_cache.is_changed(path)

--------------------------------------------------
>> Issue: [B814:read] os.read
   Severity: High   Confidence: Medium
   Location: /home/blue/PyPIAgent/Dataset/study/unzip_benign/pyink-24.10.1/pyink-24.10.1/tests/test_black.py:1201
   More Info: https://bandit.readthedocs.io/en/latest/plugins/b814_read.html
1200	            assert not py36_cache.is_changed(path)
1201	            normal_cache = pyink.Cache.read(reg_mode)
1202	            assert normal_cache.is_changed(path)

--------------------------------------------------
>> Issue: [B814:read] os.read
   Severity: High   Confidence: Medium
   Location: /home/blue/PyPIAgent/Dataset/study/unzip_benign/pyink-24.10.1/pyink-24.10.1/tests/test_black.py:1222
   More Info: https://bandit.readthedocs.io/en/latest/plugins/b814_read.html
1221	            # verify cache with --target-version is separate
1222	            pyi_cache = pyink.Cache.read(py36_mode)
1223	            normal_cache = pyink.Cache.read(reg_mode)

--------------------------------------------------
>> Issue: [B814:read] os.read
   Severity: High   Confidence: Medium
   Location: /home/blue/PyPIAgent/Dataset/study/unzip_benign/pyink-24.10.1/pyink-24.10.1/tests/test_black.py:1223
   More Info: https://bandit.readthedocs.io/en/latest/plugins/b814_read.html
1222	            pyi_cache = pyink.Cache.read(py36_mode)
1223	            normal_cache = pyink.Cache.read(reg_mode)
1224	            for path in paths:

--------------------------------------------------
>> Issue: [B812:system] os.system
   Severity: High   Confidence: Medium
   Location: /home/blue/PyPIAgent/Dataset/study/unzip_benign/pyink-24.10.1/pyink-24.10.1/tests/test_black.py:1754
   More Info: https://bandit.readthedocs.io/en/latest/plugins/b812_system.html
1753	    def test_find_user_pyproject_toml_linux(self) -> None:
1754	        if system() == "Windows":
1755	            return

--------------------------------------------------
>> Issue: [B817:system] platform.system
   Severity: High   Confidence: Medium
   Location: /home/blue/PyPIAgent/Dataset/study/unzip_benign/pyink-24.10.1/pyink-24.10.1/tests/test_black.py:1754
   More Info: https://bandit.readthedocs.io/en/latest/plugins/b817_system.html
1753	    def test_find_user_pyproject_toml_linux(self) -> None:
1754	        if system() == "Windows":
1755	            return

--------------------------------------------------
>> Issue: [B308:blacklist] platform.system
   Severity: Medium   Confidence: High
   Location: /home/blue/PyPIAgent/Dataset/study/unzip_benign/pyink-24.10.1/pyink-24.10.1/tests/test_black.py:1754
   More Info: https://bandit.readthedocs.io/en/latest/blacklists/blacklist_calls.html#b308-platform-system
1753	    def test_find_user_pyproject_toml_linux(self) -> None:
1754	        if system() == "Windows":
1755	            return

--------------------------------------------------
>> Issue: [B812:system] os.system
   Severity: High   Confidence: Medium
   Location: /home/blue/PyPIAgent/Dataset/study/unzip_benign/pyink-24.10.1/pyink-24.10.1/tests/test_black.py:1774
   More Info: https://bandit.readthedocs.io/en/latest/plugins/b812_system.html
1773	    def test_find_user_pyproject_toml_windows(self) -> None:
1774	        if system() != "Windows":
1775	            return

--------------------------------------------------
>> Issue: [B817:system] platform.system
   Severity: High   Confidence: Medium
   Location: /home/blue/PyPIAgent/Dataset/study/unzip_benign/pyink-24.10.1/pyink-24.10.1/tests/test_black.py:1774
   More Info: https://bandit.readthedocs.io/en/latest/plugins/b817_system.html
1773	    def test_find_user_pyproject_toml_windows(self) -> None:
1774	        if system() != "Windows":
1775	            return

--------------------------------------------------
>> Issue: [B308:blacklist] platform.system
   Severity: Medium   Confidence: High
   Location: /home/blue/PyPIAgent/Dataset/study/unzip_benign/pyink-24.10.1/pyink-24.10.1/tests/test_black.py:1774
   More Info: https://bandit.readthedocs.io/en/latest/blacklists/blacklist_calls.html#b308-platform-system
1773	    def test_find_user_pyproject_toml_windows(self) -> None:
1774	        if system() != "Windows":
1775	            return

--------------------------------------------------
>> Issue: [B812:system] os.system
   Severity: High   Confidence: Medium
   Location: /home/blue/PyPIAgent/Dataset/study/unzip_benign/pyink-24.10.1/pyink-24.10.1/tests/test_black.py:1783
   More Info: https://bandit.readthedocs.io/en/latest/plugins/b812_system.html
1782	    def test_bpo_33660_workaround(self) -> None:
1783	        if system() == "Windows":
1784	            return

--------------------------------------------------
>> Issue: [B817:system] platform.system
   Severity: High   Confidence: Medium
   Location: /home/blue/PyPIAgent/Dataset/study/unzip_benign/pyink-24.10.1/pyink-24.10.1/tests/test_black.py:1783
   More Info: https://bandit.readthedocs.io/en/latest/plugins/b817_system.html
1782	    def test_bpo_33660_workaround(self) -> None:
1783	        if system() == "Windows":
1784	            return

--------------------------------------------------
>> Issue: [B308:blacklist] platform.system
   Severity: Medium   Confidence: High
   Location: /home/blue/PyPIAgent/Dataset/study/unzip_benign/pyink-24.10.1/pyink-24.10.1/tests/test_black.py:1783
   More Info: https://bandit.readthedocs.io/en/latest/blacklists/blacklist_calls.html#b308-platform-system
1782	    def test_bpo_33660_workaround(self) -> None:
1783	        if system() == "Windows":
1784	            return

--------------------------------------------------
>> Issue: [B812:system] os.system
   Severity: High   Confidence: Medium
   Location: /home/blue/PyPIAgent/Dataset/study/unzip_benign/pyink-24.10.1/pyink-24.10.1/tests/test_black.py:1798
   More Info: https://bandit.readthedocs.io/en/latest/plugins/b812_system.html
1797	    def test_normalize_path_ignore_windows_junctions_outside_of_root(self) -> None:
1798	        if system() != "Windows":
1799	            return

--------------------------------------------------
>> Issue: [B817:system] platform.system
   Severity: High   Confidence: Medium
   Location: /home/blue/PyPIAgent/Dataset/study/unzip_benign/pyink-24.10.1/pyink-24.10.1/tests/test_black.py:1798
   More Info: https://bandit.readthedocs.io/en/latest/plugins/b817_system.html
1797	    def test_normalize_path_ignore_windows_junctions_outside_of_root(self) -> None:
1798	        if system() != "Windows":
1799	            return

--------------------------------------------------
>> Issue: [B308:blacklist] platform.system
   Severity: Medium   Confidence: High
   Location: /home/blue/PyPIAgent/Dataset/study/unzip_benign/pyink-24.10.1/pyink-24.10.1/tests/test_black.py:1798
   More Info: https://bandit.readthedocs.io/en/latest/blacklists/blacklist_calls.html#b308-platform-system
1797	    def test_normalize_path_ignore_windows_junctions_outside_of_root(self) -> None:
1798	        if system() != "Windows":
1799	            return

--------------------------------------------------
>> Issue: [B812:system] os.system
   Severity: High   Confidence: Medium
   Location: /home/blue/PyPIAgent/Dataset/study/unzip_benign/pyink-24.10.1/pyink-24.10.1/tests/test_black.py:1805
   More Info: https://bandit.readthedocs.io/en/latest/plugins/b812_system.html
1804	            junction_target_outside_of_root = root / ".."
1805	            os.system(f"mklink /J {junction_dir} {junction_target_outside_of_root}")
1806	

--------------------------------------------------
>> Issue: [B817:system] platform.system
   Severity: High   Confidence: Medium
   Location: /home/blue/PyPIAgent/Dataset/study/unzip_benign/pyink-24.10.1/pyink-24.10.1/tests/test_black.py:1805
   More Info: https://bandit.readthedocs.io/en/latest/plugins/b817_system.html
1804	            junction_target_outside_of_root = root / ".."
1805	            os.system(f"mklink /J {junction_dir} {junction_target_outside_of_root}")
1806	

--------------------------------------------------
>> Issue: [B316:blacklist] os.system
   Severity: Medium   Confidence: High
   Location: /home/blue/PyPIAgent/Dataset/study/unzip_benign/pyink-24.10.1/pyink-24.10.1/tests/test_black.py:1805
   More Info: https://bandit.readthedocs.io/en/latest/blacklists/blacklist_calls.html#b313-b320-os-system
1804	            junction_target_outside_of_root = root / ".."
1805	            os.system(f"mklink /J {junction_dir} {junction_target_outside_of_root}")
1806	

--------------------------------------------------
>> Issue: [B812:system] os.system
   Severity: High   Confidence: Medium
   Location: /home/blue/PyPIAgent/Dataset/study/unzip_benign/pyink-24.10.1/pyink-24.10.1/tests/test_black.py:1812
   More Info: https://bandit.readthedocs.io/en/latest/plugins/b812_system.html
1811	            # Manually delete for Python < 3.8
1812	            os.system(f"rmdir {junction_dir}")
1813	

--------------------------------------------------
>> Issue: [B817:system] platform.system
   Severity: High   Confidence: Medium
   Location: /home/blue/PyPIAgent/Dataset/study/unzip_benign/pyink-24.10.1/pyink-24.10.1/tests/test_black.py:1812
   More Info: https://bandit.readthedocs.io/en/latest/plugins/b817_system.html
1811	            # Manually delete for Python < 3.8
1812	            os.system(f"rmdir {junction_dir}")
1813	

--------------------------------------------------
>> Issue: [B316:blacklist] os.system
   Severity: Medium   Confidence: High
   Location: /home/blue/PyPIAgent/Dataset/study/unzip_benign/pyink-24.10.1/pyink-24.10.1/tests/test_black.py:1812
   More Info: https://bandit.readthedocs.io/en/latest/blacklists/blacklist_calls.html#b313-b320-os-system
1811	            # Manually delete for Python < 3.8
1812	            os.system(f"rmdir {junction_dir}")
1813	

--------------------------------------------------
>> Issue: [B814:read] os.read
   Severity: High   Confidence: Medium
   Location: /home/blue/PyPIAgent/Dataset/study/unzip_benign/pyink-24.10.1/pyink-24.10.1/tests/test_black.py:2140
   More Info: https://bandit.readthedocs.io/en/latest/plugins/b814_read.html
2139	            cache_file.write_text("this is not a pickle", encoding="utf-8")
2140	            assert pyink.Cache.read(mode).file_data == {}
2141	            src = (workspace / "test.py").resolve()

--------------------------------------------------
>> Issue: [B814:read] os.read
   Severity: High   Confidence: Medium
   Location: /home/blue/PyPIAgent/Dataset/study/unzip_benign/pyink-24.10.1/pyink-24.10.1/tests/test_black.py:2144
   More Info: https://bandit.readthedocs.io/en/latest/plugins/b814_read.html
2143	            invokeBlack([str(src)])
2144	            cache = pyink.Cache.read(mode)
2145	            assert not cache.is_changed(src)

--------------------------------------------------
>> Issue: [B814:read] os.read
   Severity: High   Confidence: Medium
   Location: /home/blue/PyPIAgent/Dataset/study/unzip_benign/pyink-24.10.1/pyink-24.10.1/tests/test_black.py:2152
   More Info: https://bandit.readthedocs.io/en/latest/plugins/b814_read.html
2151	            src.write_text("print('hello')", encoding="utf-8")
2152	            cache = pyink.Cache.read(mode)
2153	            cache.write([src])

--------------------------------------------------
>> Issue: [B815:write] os.write
   Severity: High   Confidence: Medium
   Location: /home/blue/PyPIAgent/Dataset/study/unzip_benign/pyink-24.10.1/pyink-24.10.1/tests/test_black.py:2153
   More Info: https://bandit.readthedocs.io/en/latest/plugins/b815_write.html
2152	            cache = pyink.Cache.read(mode)
2153	            cache.write([src])
2154	            invokeBlack([str(src)])

--------------------------------------------------
>> Issue: [B832:write] tempfile_NamedTemporaryFile_write
   Severity: High   Confidence: Medium
   Location: /home/blue/PyPIAgent/Dataset/study/unzip_benign/pyink-24.10.1/pyink-24.10.1/tests/test_black.py:2153
   More Info: https://bandit.readthedocs.io/en/latest/plugins/b832_write.html
2152	            cache = pyink.Cache.read(mode)
2153	            cache.write([src])
2154	            invokeBlack([str(src)])

--------------------------------------------------
>> Issue: [B814:read] os.read
   Severity: High   Confidence: Medium
   Location: /home/blue/PyPIAgent/Dataset/study/unzip_benign/pyink-24.10.1/pyink-24.10.1/tests/test_black.py:2168
   More Info: https://bandit.readthedocs.io/en/latest/plugins/b814_read.html
2167	            two.write_text("print('hello')", encoding="utf-8")
2168	            cache = pyink.Cache.read(mode)
2169	            cache.write([one])

--------------------------------------------------
>> Issue: [B815:write] os.write
   Severity: High   Confidence: Medium
   Location: /home/blue/PyPIAgent/Dataset/study/unzip_benign/pyink-24.10.1/pyink-24.10.1/tests/test_black.py:2169
   More Info: https://bandit.readthedocs.io/en/latest/plugins/b815_write.html
2168	            cache = pyink.Cache.read(mode)
2169	            cache.write([one])
2170	            invokeBlack([str(workspace)])

--------------------------------------------------
>> Issue: [B832:write] tempfile_NamedTemporaryFile_write
   Severity: High   Confidence: Medium
   Location: /home/blue/PyPIAgent/Dataset/study/unzip_benign/pyink-24.10.1/pyink-24.10.1/tests/test_black.py:2169
   More Info: https://bandit.readthedocs.io/en/latest/plugins/b832_write.html
2168	            cache = pyink.Cache.read(mode)
2169	            cache.write([one])
2170	            invokeBlack([str(workspace)])

--------------------------------------------------
>> Issue: [B814:read] os.read
   Severity: High   Confidence: Medium
   Location: /home/blue/PyPIAgent/Dataset/study/unzip_benign/pyink-24.10.1/pyink-24.10.1/tests/test_black.py:2173
   More Info: https://bandit.readthedocs.io/en/latest/plugins/b814_read.html
2172	            assert two.read_text(encoding="utf-8") == 'print("hello")\n'
2173	            cache = pyink.Cache.read(mode)
2174	            assert not cache.is_changed(one)

--------------------------------------------------
>> Issue: [B814:read] os.read
   Severity: High   Confidence: Medium
   Location: /home/blue/PyPIAgent/Dataset/study/unzip_benign/pyink-24.10.1/pyink-24.10.1/tests/test_black.py:2228
   More Info: https://bandit.readthedocs.io/en/latest/plugins/b814_read.html
2227	        with cache_dir():
2228	            assert pyink.Cache.read(mode).file_data == {}
2229	

--------------------------------------------------
>> Issue: [B814:read] os.read
   Severity: High   Confidence: Medium
   Location: /home/blue/PyPIAgent/Dataset/study/unzip_benign/pyink-24.10.1/pyink-24.10.1/tests/test_black.py:2235
   More Info: https://bandit.readthedocs.io/en/latest/plugins/b814_read.html
2234	            src.touch()
2235	            write_cache = pyink.Cache.read(mode)
2236	            write_cache.write([src])

--------------------------------------------------
>> Issue: [B815:write] os.write
   Severity: High   Confidence: Medium
   Location: /home/blue/PyPIAgent/Dataset/study/unzip_benign/pyink-24.10.1/pyink-24.10.1/tests/test_black.py:2236
   More Info: https://bandit.readthedocs.io/en/latest/plugins/b815_write.html
2235	            write_cache = pyink.Cache.read(mode)
2236	            write_cache.write([src])
2237	            read_cache = pyink.Cache.read(mode)

--------------------------------------------------
>> Issue: [B832:write] tempfile_NamedTemporaryFile_write
   Severity: High   Confidence: Medium
   Location: /home/blue/PyPIAgent/Dataset/study/unzip_benign/pyink-24.10.1/pyink-24.10.1/tests/test_black.py:2236
   More Info: https://bandit.readthedocs.io/en/latest/plugins/b832_write.html
2235	            write_cache = pyink.Cache.read(mode)
2236	            write_cache.write([src])
2237	            read_cache = pyink.Cache.read(mode)

--------------------------------------------------
>> Issue: [B814:read] os.read
   Severity: High   Confidence: Medium
   Location: /home/blue/PyPIAgent/Dataset/study/unzip_benign/pyink-24.10.1/pyink-24.10.1/tests/test_black.py:2237
   More Info: https://bandit.readthedocs.io/en/latest/plugins/b814_read.html
2236	            write_cache.write([src])
2237	            read_cache = pyink.Cache.read(mode)
2238	            assert not read_cache.is_changed(src)

--------------------------------------------------
>> Issue: [B814:read] os.read
   Severity: High   Confidence: Medium
   Location: /home/blue/PyPIAgent/Dataset/study/unzip_benign/pyink-24.10.1/pyink-24.10.1/tests/test_black.py:2250
   More Info: https://bandit.readthedocs.io/en/latest/plugins/b814_read.html
2249	            cached_but_changed.touch()
2250	            cache = pyink.Cache.read(DEFAULT_MODE)
2251	

--------------------------------------------------
>> Issue: [B815:write] os.write
   Severity: High   Confidence: Medium
   Location: /home/blue/PyPIAgent/Dataset/study/unzip_benign/pyink-24.10.1/pyink-24.10.1/tests/test_black.py:2262
   More Info: https://bandit.readthedocs.io/en/latest/plugins/b815_write.html
2261	            with patch.object(pyink.Cache, "get_file_data", side_effect=wrapped_func):
2262	                cache.write([cached, cached_but_changed])
2263	            todo, done = cache.filtered_cached({uncached, cached, cached_but_changed})

--------------------------------------------------
>> Issue: [B832:write] tempfile_NamedTemporaryFile_write
   Severity: High   Confidence: Medium
   Location: /home/blue/PyPIAgent/Dataset/study/unzip_benign/pyink-24.10.1/pyink-24.10.1/tests/test_black.py:2262
   More Info: https://bandit.readthedocs.io/en/latest/plugins/b832_write.html
2261	            with patch.object(pyink.Cache, "get_file_data", side_effect=wrapped_func):
2262	                cache.write([cached, cached_but_changed])
2263	            todo, done = cache.filtered_cached({uncached, cached, cached_but_changed})

--------------------------------------------------
>> Issue: [B814:read] os.read
   Severity: High   Confidence: Medium
   Location: /home/blue/PyPIAgent/Dataset/study/unzip_benign/pyink-24.10.1/pyink-24.10.1/tests/test_black.py:2273
   More Info: https://bandit.readthedocs.io/en/latest/plugins/b814_read.html
2272	            st = src.stat()
2273	            cache = pyink.Cache.read(DEFAULT_MODE)
2274	            cache.write([src])

--------------------------------------------------
>> Issue: [B815:write] os.write
   Severity: High   Confidence: Medium
   Location: /home/blue/PyPIAgent/Dataset/study/unzip_benign/pyink-24.10.1/pyink-24.10.1/tests/test_black.py:2274
   More Info: https://bandit.readthedocs.io/en/latest/plugins/b815_write.html
2273	            cache = pyink.Cache.read(DEFAULT_MODE)
2274	            cache.write([src])
2275	            cached_file_data = cache.file_data[str(src)]

--------------------------------------------------
>> Issue: [B832:write] tempfile_NamedTemporaryFile_write
   Severity: High   Confidence: Medium
   Location: /home/blue/PyPIAgent/Dataset/study/unzip_benign/pyink-24.10.1/pyink-24.10.1/tests/test_black.py:2274
   More Info: https://bandit.readthedocs.io/en/latest/plugins/b832_write.html
2273	            cache = pyink.Cache.read(DEFAULT_MODE)
2274	            cache.write([src])
2275	            cached_file_data = cache.file_data[str(src)]

--------------------------------------------------
>> Issue: [B814:read] os.read
   Severity: High   Confidence: Medium
   Location: /home/blue/PyPIAgent/Dataset/study/unzip_benign/pyink-24.10.1/pyink-24.10.1/tests/test_black.py:2309
   More Info: https://bandit.readthedocs.io/en/latest/plugins/b814_read.html
2308	            assert not workspace.exists()
2309	            cache = pyink.Cache.read(mode)
2310	            cache.write([])

--------------------------------------------------
>> Issue: [B815:write] os.write
   Severity: High   Confidence: Medium
   Location: /home/blue/PyPIAgent/Dataset/study/unzip_benign/pyink-24.10.1/pyink-24.10.1/tests/test_black.py:2310
   More Info: https://bandit.readthedocs.io/en/latest/plugins/b815_write.html
2309	            cache = pyink.Cache.read(mode)
2310	            cache.write([])
2311	            assert workspace.exists()

--------------------------------------------------
>> Issue: [B832:write] tempfile_NamedTemporaryFile_write
   Severity: High   Confidence: Medium
   Location: /home/blue/PyPIAgent/Dataset/study/unzip_benign/pyink-24.10.1/pyink-24.10.1/tests/test_black.py:2310
   More Info: https://bandit.readthedocs.io/en/latest/plugins/b832_write.html
2309	            cache = pyink.Cache.read(mode)
2310	            cache.write([])
2311	            assert workspace.exists()

--------------------------------------------------
>> Issue: [B814:read] os.read
   Severity: High   Confidence: Medium
   Location: /home/blue/PyPIAgent/Dataset/study/unzip_benign/pyink-24.10.1/pyink-24.10.1/tests/test_black.py:2325
   More Info: https://bandit.readthedocs.io/en/latest/plugins/b814_read.html
2324	            invokeBlack([str(workspace)], exit_code=123)
2325	            cache = pyink.Cache.read(mode)
2326	            assert cache.is_changed(failing)

--------------------------------------------------
>> Issue: [B814:read] os.read
   Severity: High   Confidence: Medium
   Location: /home/blue/PyPIAgent/Dataset/study/unzip_benign/pyink-24.10.1/pyink-24.10.1/tests/test_black.py:2332
   More Info: https://bandit.readthedocs.io/en/latest/plugins/b814_read.html
2331	        with cache_dir():
2332	            cache = pyink.Cache.read(mode)
2333	            with patch.object(Path, "open") as mock:

--------------------------------------------------
>> Issue: [B815:write] os.write
   Severity: High   Confidence: Medium
   Location: /home/blue/PyPIAgent/Dataset/study/unzip_benign/pyink-24.10.1/pyink-24.10.1/tests/test_black.py:2335
   More Info: https://bandit.readthedocs.io/en/latest/plugins/b815_write.html
2334	                mock.side_effect = OSError
2335	                cache.write([])
2336	

--------------------------------------------------
>> Issue: [B832:write] tempfile_NamedTemporaryFile_write
   Severity: High   Confidence: Medium
   Location: /home/blue/PyPIAgent/Dataset/study/unzip_benign/pyink-24.10.1/pyink-24.10.1/tests/test_black.py:2335
   More Info: https://bandit.readthedocs.io/en/latest/plugins/b832_write.html
2334	                mock.side_effect = OSError
2335	                cache.write([])
2336	

--------------------------------------------------
>> Issue: [B814:read] os.read
   Severity: High   Confidence: Medium
   Location: /home/blue/PyPIAgent/Dataset/study/unzip_benign/pyink-24.10.1/pyink-24.10.1/tests/test_black.py:2343
   More Info: https://bandit.readthedocs.io/en/latest/plugins/b814_read.html
2342	            path.touch()
2343	            cache = pyink.Cache.read(mode)
2344	            cache.write([path])

--------------------------------------------------
>> Issue: [B815:write] os.write
   Severity: High   Confidence: Medium
   Location: /home/blue/PyPIAgent/Dataset/study/unzip_benign/pyink-24.10.1/pyink-24.10.1/tests/test_black.py:2344
   More Info: https://bandit.readthedocs.io/en/latest/plugins/b815_write.html
2343	            cache = pyink.Cache.read(mode)
2344	            cache.write([path])
2345	            one = pyink.Cache.read(mode)

--------------------------------------------------
>> Issue: [B832:write] tempfile_NamedTemporaryFile_write
   Severity: High   Confidence: Medium
   Location: /home/blue/PyPIAgent/Dataset/study/unzip_benign/pyink-24.10.1/pyink-24.10.1/tests/test_black.py:2344
   More Info: https://bandit.readthedocs.io/en/latest/plugins/b832_write.html
2343	            cache = pyink.Cache.read(mode)
2344	            cache.write([path])
2345	            one = pyink.Cache.read(mode)

--------------------------------------------------
>> Issue: [B814:read] os.read
   Severity: High   Confidence: Medium
   Location: /home/blue/PyPIAgent/Dataset/study/unzip_benign/pyink-24.10.1/pyink-24.10.1/tests/test_black.py:2345
   More Info: https://bandit.readthedocs.io/en/latest/plugins/b814_read.html
2344	            cache.write([path])
2345	            one = pyink.Cache.read(mode)
2346	            assert not one.is_changed(path)

--------------------------------------------------
>> Issue: [B814:read] os.read
   Severity: High   Confidence: Medium
   Location: /home/blue/PyPIAgent/Dataset/study/unzip_benign/pyink-24.10.1/pyink-24.10.1/tests/test_black.py:2347
   More Info: https://bandit.readthedocs.io/en/latest/plugins/b814_read.html
2346	            assert not one.is_changed(path)
2347	            two = pyink.Cache.read(short_mode)
2348	            assert two.is_changed(path)

--------------------------------------------------
>> Issue: [B814:read] os.read
   Severity: High   Confidence: Medium
   Location: /home/blue/PyPIAgent/Dataset/study/unzip_benign/pyink-24.10.1/pyink-24.10.1/tests/util.py:350
   More Info: https://bandit.readthedocs.io/en/latest/plugins/b814_read.html
349	    with open(file_name, mode="rb") as fd:
350	        content_bytes = fd.read()
351	    # Replacing potential Windows CRLF to make it consistent cross platforms.

--------------------------------------------------

Code scanned:
	Total lines of code: 27597
	Total lines skipped (#nosec): 0

Run metrics:
	Total issues (by severity):
		Undefined: 0.0
		Low: 0.0
		Medium: 48.0
		High: 64.0
	Total issues (by confidence):
		Undefined: 0.0
		Low: 0.0
		Medium: 99.0
		High: 13.0
Files skipped (15):
	/home/blue/PyPIAgent/Dataset/study/unzip_benign/pyink-24.10.1/pyink-24.10.1/tests/data/cases/backslash_before_indent.py (syntax error while parsing AST from file)
	/home/blue/PyPIAgent/Dataset/study/unzip_benign/pyink-24.10.1/pyink-24.10.1/tests/data/cases/context_managers_autodetect_311.py (syntax error while parsing AST from file)
	/home/blue/PyPIAgent/Dataset/study/unzip_benign/pyink-24.10.1/pyink-24.10.1/tests/data/cases/pep_572_do_not_remove_parens.py (syntax error while parsing AST from file)
	/home/blue/PyPIAgent/Dataset/study/unzip_benign/pyink-24.10.1/pyink-24.10.1/tests/data/cases/pep_646.py (syntax error while parsing AST from file)
	/home/blue/PyPIAgent/Dataset/study/unzip_benign/pyink-24.10.1/pyink-24.10.1/tests/data/cases/pep_654.py (syntax error while parsing AST from file)
	/home/blue/PyPIAgent/Dataset/study/unzip_benign/pyink-24.10.1/pyink-24.10.1/tests/data/cases/pep_654_style.py (syntax error while parsing AST from file)
	/home/blue/PyPIAgent/Dataset/study/unzip_benign/pyink-24.10.1/pyink-24.10.1/tests/data/cases/pep_701.py (syntax error while parsing AST from file)
	/home/blue/PyPIAgent/Dataset/study/unzip_benign/pyink-24.10.1/pyink-24.10.1/tests/data/cases/preview_pep646_typed_star_arg_type_var_tuple.py (syntax error while parsing AST from file)
	/home/blue/PyPIAgent/Dataset/study/unzip_benign/pyink-24.10.1/pyink-24.10.1/tests/data/cases/type_aliases.py (syntax error while parsing AST from file)
	/home/blue/PyPIAgent/Dataset/study/unzip_benign/pyink-24.10.1/pyink-24.10.1/tests/data/cases/type_param_defaults.py (syntax error while parsing AST from file)
	/home/blue/PyPIAgent/Dataset/study/unzip_benign/pyink-24.10.1/pyink-24.10.1/tests/data/cases/type_params.py (syntax error while parsing AST from file)
	/home/blue/PyPIAgent/Dataset/study/unzip_benign/pyink-24.10.1/pyink-24.10.1/tests/data/miscellaneous/async_as_identifier.py (syntax error while parsing AST from file)
	/home/blue/PyPIAgent/Dataset/study/unzip_benign/pyink-24.10.1/pyink-24.10.1/tests/data/miscellaneous/invalid_header.py (syntax error while parsing AST from file)
	/home/blue/PyPIAgent/Dataset/study/unzip_benign/pyink-24.10.1/pyink-24.10.1/tests/data/miscellaneous/pattern_matching_invalid.py (syntax error while parsing AST from file)
	/home/blue/PyPIAgent/Dataset/study/unzip_benign/pyink-24.10.1/pyink-24.10.1/tests/data/miscellaneous/python2_detection.py (syntax error while parsing AST from file)
