[31m--[ [0m[34mMatch #[0m[33m1[0m[34m of [0m[33m49[0m[31m ]--[0m
   Rule Id: [34mBD000702[0m
       Tag: [34mSecurity.Backdoor.DataExfiltration.Environment[0m
  Severity: [36mImportant[0m, Confidence: [36mHigh[0m
  Filename: [33m/jq-1.8.0/jq.c[0m
   Pattern: [32m(env|environment).{1,50}(get|post|curl|nc|invoke-restmethod)[0m
[30;1m1475 | [0m[35mstatic const char *__pyx_f[] = {[0m
[30;1m1476 | [0m[35m  "jq.pyx",[0m
[30;1m1477 | [0m[35m  "<stringsource>",[0m
[30;1m1478 | [0m[35m  "_virtualenv/lib/python3.11/site-packages/Cython/Includes/cpython/type.pxd",[0m
[30;1m1479 | [0m[35m};[0m
[30;1m1480 | [0m[35m/* #### Code section: utility_code_proto_before_types ### */[0m
[30;1m1481 | [0m[35m/* ForceInitThreads.proto */[0m

[31m--[ [0m[34mMatch #[0m[33m2[0m[34m of [0m[33m49[0m[31m ]--[0m
   Rule Id: [34mBD000702[0m
       Tag: [34mSecurity.Backdoor.DataExfiltration.Environment[0m
  Severity: [36mImportant[0m, Confidence: [36mHigh[0m
  Filename: [33m/jq-1.8.0/setup.py[0m
   Pattern: [32m(env|environment).{1,50}(get|post|curl|nc|invoke-restmethod)[0m
[30;1m79 | [0m[35m        tarfile.open(tarball_path, "r:gz").extractall(_dep_build_path("."))[0m
[30;1m80 | [0m[35m[0m
[30;1m81 | [0m[35m[0m
[30;1m82 | [0m[35muse_system_libs = bool(os.environ.get("JQPY_USE_SYSTEM_LIBS"))[0m
[30;1m83 | [0m[35m[0m
[30;1m84 | [0m[35m[0m
[30;1m85 | [0m[35mif use_system_libs:[0m

[31m--[ [0m[34mMatch #[0m[33m3[0m[34m of [0m[33m49[0m[31m ]--[0m
   Rule Id: [34mBD000702[0m
       Tag: [34mSecurity.Backdoor.DataExfiltration.Environment[0m
  Severity: [36mImportant[0m, Confidence: [36mHigh[0m
  Filename: [33m/jq-1.8.0/setup.py[0m
   Pattern: [32m(env|environment).{1,50}(get|post|curl|nc|invoke-restmethod)[0m
[30;1m58 | [0m[35m[0m
[30;1m59 | [0m[35m        macosx_deployment_target = sysconfig.get_config_var("MACOSX_DEPLOYMENT_TARGET")[0m
[30;1m60 | [0m[35m        if macosx_deployment_target:[0m
[30;1m61 | [0m[35m            os.environ['MACOSX_DEPLOYMENT_TARGET'] = str(macosx_deployment_target)[0m
[30;1m62 | [0m[35m[0m
[30;1m63 | [0m[35m        def run_command(args):[0m
[30;1m64 | [0m[35m            print("Executing: %s" % ' '.join(args))[0m

[31m--[ [0m[34mMatch #[0m[33m4[0m[34m of [0m[33m49[0m[31m ]--[0m
   Rule Id: [34mBD000600[0m
       Tag: [34mSecurity.Backdoor.LOLBAS.Windows[0m
  Severity: [36mModerate[0m, Confidence: [36mLow[0m
  Filename: [33m/jq-1.8.0/jq.c[0m
   Pattern: [32m\s(advpack\.dll|appvlp|at|atbroker|bash|bginfo|bitsadmin|cdb|certutil|cl_invocation\.ps1|cl_mutexverifiers\.ps1|cmd|cmdkey|cmstp|comsvcs\.dll|control|csc|cscript|csi|devtoolslauncher|dfsvc|diskshadow|dnscmd|dnx|dotnet|dxcap|esentutl|eventvwr|excel|expand|extexport|extrac32|findstr|forfiles|ftp|gfxdownloadwrapper|gpscript|hh|ie4uinit|ieadvpack\.dll|ieaframe\.dll|ic|infdefaultinstall|installutil|jsc|makecab|manage-bde\.wsf|mavinject|mftrace|microsoft\.workflow\.compiler|mmc|msbuild|msconfig|msdeploy|msdt|mshta|mshtml\.dll|msc|msxsl|netsh|odbcconf|pcalua|pcwrun|pcwutl\.dll|pester\.bat|powerpnt|presentationhost|pubprn\.vbs|rcsi|reg|regasm|regedit|register-cimprovider|regsvcs|regsvr32|rpcping|rundll32|runonce|runscripthelper|sc|schtasks|scriptrunner|setupapi\.dll|shdocvw\.dll|shell32\.dll|slmgr\.vbs|sqldumper|sqlps|sqltoolsps|squirrel|syncappvpublishingserver|syncappvpublishingserver\.vbs|syssetup\.dll|te|tracker|tttracer|update|url\.dll|verclsid|vsjitdebugger|wab|winrm\.vbs|winword|wmic|wscript|wsl|wsreset|xwizard|zipfldr\.dll)\s[0m
[30;1m18270 | [0m[35m    return PyUnicode_FromFormat("<cyfunction %U at %p>",[0m
[30;1m18271 | [0m[35m                                op->func_qualname, (void *)op);[0m
[30;1m18272 | [0m[35m#else[0m
[30;1m18273 | [0m[35m    return PyString_FromFormat("<cyfunction %s at %p>",[0m
[30;1m18274 | [0m[35m                               PyString_AsString(op->func_qualname), (void *)op);[0m
[30;1m18275 | [0m[35m#endif[0m
[30;1m18276 | [0m[35m}[0m

[31m--[ [0m[34mMatch #[0m[33m5[0m[34m of [0m[33m49[0m[31m ]--[0m
   Rule Id: [34mBD000600[0m
       Tag: [34mSecurity.Backdoor.LOLBAS.Windows[0m
  Severity: [36mModerate[0m, Confidence: [36mLow[0m
  Filename: [33m/jq-1.8.0/jq.c[0m
   Pattern: [32m\s(advpack\.dll|appvlp|at|atbroker|bash|bginfo|bitsadmin|cdb|certutil|cl_invocation\.ps1|cl_mutexverifiers\.ps1|cmd|cmdkey|cmstp|comsvcs\.dll|control|csc|cscript|csi|devtoolslauncher|dfsvc|diskshadow|dnscmd|dnx|dotnet|dxcap|esentutl|eventvwr|excel|expand|extexport|extrac32|findstr|forfiles|ftp|gfxdownloadwrapper|gpscript|hh|ie4uinit|ieadvpack\.dll|ieaframe\.dll|ic|infdefaultinstall|installutil|jsc|makecab|manage-bde\.wsf|mavinject|mftrace|microsoft\.workflow\.compiler|mmc|msbuild|msconfig|msdeploy|msdt|mshta|mshtml\.dll|msc|msxsl|netsh|odbcconf|pcalua|pcwrun|pcwutl\.dll|pester\.bat|powerpnt|presentationhost|pubprn\.vbs|rcsi|reg|regasm|regedit|register-cimprovider|regsvcs|regsvr32|rpcping|rundll32|runonce|runscripthelper|sc|schtasks|scriptrunner|setupapi\.dll|shdocvw\.dll|shell32\.dll|slmgr\.vbs|sqldumper|sqlps|sqltoolsps|squirrel|syncappvpublishingserver|syncappvpublishingserver\.vbs|syssetup\.dll|te|tracker|tttracer|update|url\.dll|verclsid|vsjitdebugger|wab|winrm\.vbs|winword|wmic|wscript|wsl|wsreset|xwizard|zipfldr\.dll)\s[0m
[30;1m18267 | [0m[35m__Pyx_CyFunction_repr(__pyx_CyFunctionObject *op)[0m
[30;1m18268 | [0m[35m{[0m
[30;1m18269 | [0m[35m#if PY_MAJOR_VERSION >= 3[0m
[30;1m18270 | [0m[35m    return PyUnicode_FromFormat("<cyfunction %U at %p>",[0m
[30;1m18271 | [0m[35m                                op->func_qualname, (void *)op);[0m
[30;1m18272 | [0m[35m#else[0m
[30;1m18273 | [0m[35m    return PyString_FromFormat("<cyfunction %s at %p>",[0m

[31m--[ [0m[34mMatch #[0m[33m6[0m[34m of [0m[33m49[0m[31m ]--[0m
   Rule Id: [34mBD000610[0m
       Tag: [34mSecurity.Backdoor.LOLBAS.Linux[0m
  Severity: [36mModerate[0m, Confidence: [36mLow[0m
  Filename: [33m/jq-1.8.0/jq.c[0m
   Pattern: [32m\s(apt|apt\-get|aria2c|arp|ash|awk|base64|bash|bpftrace|busybox|cat|chmod|chown|cp|cpan|cpulimit|crontab|csh|curl|cut|dash|dd|diff|dmesg|dmsetup|dnf|docker|dpkg|easy_install|ed|emacs|env|expand|expect|facter|find|finger|flock|fmt|ftp|gawk|gdb|gimp|git|grep|head|iftop|ionice|ip|irb|jjs|journalctl|jrunscript|ksh|ld\.so|ldconfig|logsave|ltrace|lua|mail|mawk|mount|mtr|mv|mysql|nano|nawk|nc|nice|nl|nmap|node|od|openssl|perl|pg|php|pic|pico|pip|puppet|readelf|red|rlogin|rlwrap|rpm|rpmquery|rsync|ruby|run\-mailcap|run\-parts|rvim|scp|screen|script|sed|service|setarch|sftp|shuf|smbclient|socat|sort|sqlite3|ssh|start\-stop\-daemon|stdbuf|strace|systemctl|tail|tar|taskset|tclsh|tcpdump|tee|telnet|tftp|time|timeout|tmux|top|ul|unexpand|uniq|unshare|vi|vim|watch|wget|whois|wish|xargs|xxd|yum|zsh|zypper)\s[0m
[30;1m21372 | [0m[35m    {[0m
[30;1m21373 | [0m[35m        char message[200];[0m
[30;1m21374 | [0m[35m        PyOS_snprintf(message, sizeof(message),[0m
[30;1m21375 | [0m[35m                      "compile time Python version %d.%d "[0m
[30;1m21376 | [0m[35m                      "of module '%.100s' "[0m
[30;1m21377 | [0m[35m                      "%s "[0m
[30;1m21378 | [0m[35m                      "runtime version %d.%d",[0m

[31m--[ [0m[34mMatch #[0m[33m7[0m[34m of [0m[33m49[0m[31m ]--[0m
   Rule Id: [34mBD000610[0m
       Tag: [34mSecurity.Backdoor.LOLBAS.Linux[0m
  Severity: [36mModerate[0m, Confidence: [36mLow[0m
  Filename: [33m/jq-1.8.0/jq.c[0m
   Pattern: [32m\s(apt|apt\-get|aria2c|arp|ash|awk|base64|bash|bpftrace|busybox|cat|chmod|chown|cp|cpan|cpulimit|crontab|csh|curl|cut|dash|dd|diff|dmesg|dmsetup|dnf|docker|dpkg|easy_install|ed|emacs|env|expand|expect|facter|find|finger|flock|fmt|ftp|gawk|gdb|gimp|git|grep|head|iftop|ionice|ip|irb|jjs|journalctl|jrunscript|ksh|ld\.so|ldconfig|logsave|ltrace|lua|mail|mawk|mount|mtr|mv|mysql|nano|nawk|nc|nice|nl|nmap|node|od|openssl|perl|pg|php|pic|pico|pip|puppet|readelf|red|rlogin|rlwrap|rpm|rpmquery|rsync|ruby|run\-mailcap|run\-parts|rvim|scp|screen|script|sed|service|setarch|sftp|shuf|smbclient|socat|sort|sqlite3|ssh|start\-stop\-daemon|stdbuf|strace|systemctl|tail|tar|taskset|tclsh|tcpdump|tee|telnet|tftp|time|timeout|tmux|top|ul|unexpand|uniq|unshare|vi|vim|watch|wget|whois|wish|xargs|xxd|yum|zsh|zypper)\s[0m
[30;1m846 | [0m[35m    void *result;[0m
[30;1m847 | [0m[35m    result = PyModule_GetState(op);[0m
[30;1m848 | [0m[35m    if (!result)[0m
[30;1m849 | [0m[35m        Py_FatalError("Couldn't find the module state");[0m
[30;1m850 | [0m[35m    return result;[0m
[30;1m851 | [0m[35m}[0m
[30;1m852 | [0m[35m#endif[0m

[31m--[ [0m[34mMatch #[0m[33m8[0m[34m of [0m[33m49[0m[31m ]--[0m
   Rule Id: [34mBD000610[0m
       Tag: [34mSecurity.Backdoor.LOLBAS.Linux[0m
  Severity: [36mModerate[0m, Confidence: [36mLow[0m
  Filename: [33m/jq-1.8.0/PKG-INFO[0m
   Pattern: [32m\s(apt|apt\-get|aria2c|arp|ash|awk|base64|bash|bpftrace|busybox|cat|chmod|chown|cp|cpan|cpulimit|crontab|csh|curl|cut|dash|dd|diff|dmesg|dmsetup|dnf|docker|dpkg|easy_install|ed|emacs|env|expand|expect|facter|find|finger|flock|fmt|ftp|gawk|gdb|gimp|git|grep|head|iftop|ionice|ip|irb|jjs|journalctl|jrunscript|ksh|ld\.so|ldconfig|logsave|ltrace|lua|mail|mawk|mount|mtr|mv|mysql|nano|nawk|nc|nice|nl|nmap|node|od|openssl|perl|pg|php|pic|pico|pip|puppet|readelf|red|rlogin|rlwrap|rpm|rpmquery|rsync|ruby|run\-mailcap|run\-parts|rvim|scp|screen|script|sed|service|setarch|sftp|shuf|smbclient|socat|sort|sqlite3|ssh|start\-stop\-daemon|stdbuf|strace|systemctl|tail|tar|taskset|tclsh|tcpdump|tee|telnet|tftp|time|timeout|tmux|top|ul|unexpand|uniq|unshare|vi|vim|watch|wget|whois|wish|xargs|xxd|yum|zsh|zypper)\s[0m
[30;1m71 | [0m[35m.. code-block:: sh[0m
[30;1m72 | [0m[35m[0m
[30;1m73 | [0m[35m    yum groupinstall "Development Tools"[0m
[30;1m74 | [0m[35m    yum install autoconf automake libtool python python-devel[0m
[30;1m75 | [0m[35m[0m
[30;1m76 | [0m[35mMac OS X[0m
[30;1m77 | [0m[35m~~~~~~~~[0m

[31m--[ [0m[34mMatch #[0m[33m9[0m[34m of [0m[33m49[0m[31m ]--[0m
   Rule Id: [34mBD000610[0m
       Tag: [34mSecurity.Backdoor.LOLBAS.Linux[0m
  Severity: [36mModerate[0m, Confidence: [36mLow[0m
  Filename: [33m/jq-1.8.0/PKG-INFO[0m
   Pattern: [32m\s(apt|apt\-get|aria2c|arp|ash|awk|base64|bash|bpftrace|busybox|cat|chmod|chown|cp|cpan|cpulimit|crontab|csh|curl|cut|dash|dd|diff|dmesg|dmsetup|dnf|docker|dpkg|easy_install|ed|emacs|env|expand|expect|facter|find|finger|flock|fmt|ftp|gawk|gdb|gimp|git|grep|head|iftop|ionice|ip|irb|jjs|journalctl|jrunscript|ksh|ld\.so|ldconfig|logsave|ltrace|lua|mail|mawk|mount|mtr|mv|mysql|nano|nawk|nc|nice|nl|nmap|node|od|openssl|perl|pg|php|pic|pico|pip|puppet|readelf|red|rlogin|rlwrap|rpm|rpmquery|rsync|ruby|run\-mailcap|run\-parts|rvim|scp|screen|script|sed|service|setarch|sftp|shuf|smbclient|socat|sort|sqlite3|ssh|start\-stop\-daemon|stdbuf|strace|systemctl|tail|tar|taskset|tclsh|tcpdump|tee|telnet|tftp|time|timeout|tmux|top|ul|unexpand|uniq|unshare|vi|vim|watch|wget|whois|wish|xargs|xxd|yum|zsh|zypper)\s[0m
[30;1m70 | [0m[35m[0m
[30;1m71 | [0m[35m.. code-block:: sh[0m
[30;1m72 | [0m[35m[0m
[30;1m73 | [0m[35m    yum groupinstall "Development Tools"[0m
[30;1m74 | [0m[35m    yum install autoconf automake libtool python python-devel[0m
[30;1m75 | [0m[35m[0m
[30;1m76 | [0m[35mMac OS X[0m

[31m--[ [0m[34mMatch #[0m[33m10[0m[34m of [0m[33m49[0m[31m ]--[0m
   Rule Id: [34mBD000610[0m
       Tag: [34mSecurity.Backdoor.LOLBAS.Linux[0m
  Severity: [36mModerate[0m, Confidence: [36mLow[0m
  Filename: [33m/jq-1.8.0/PKG-INFO[0m
   Pattern: [32m\s(apt|apt\-get|aria2c|arp|ash|awk|base64|bash|bpftrace|busybox|cat|chmod|chown|cp|cpan|cpulimit|crontab|csh|curl|cut|dash|dd|diff|dmesg|dmsetup|dnf|docker|dpkg|easy_install|ed|emacs|env|expand|expect|facter|find|finger|flock|fmt|ftp|gawk|gdb|gimp|git|grep|head|iftop|ionice|ip|irb|jjs|journalctl|jrunscript|ksh|ld\.so|ldconfig|logsave|ltrace|lua|mail|mawk|mount|mtr|mv|mysql|nano|nawk|nc|nice|nl|nmap|node|od|openssl|perl|pg|php|pic|pico|pip|puppet|readelf|red|rlogin|rlwrap|rpm|rpmquery|rsync|ruby|run\-mailcap|run\-parts|rvim|scp|screen|script|sed|service|setarch|sftp|shuf|smbclient|socat|sort|sqlite3|ssh|start\-stop\-daemon|stdbuf|strace|systemctl|tail|tar|taskset|tclsh|tcpdump|tee|telnet|tftp|time|timeout|tmux|top|ul|unexpand|uniq|unshare|vi|vim|watch|wget|whois|wish|xargs|xxd|yum|zsh|zypper)\s[0m
[30;1m66 | [0m[35mRed Hat, Fedora, CentOS or relatives[0m
[30;1m67 | [0m[35m~~~~~~~~~~~~~~~~~~~~~~~~~~~~~~~~~~~~[0m
[30;1m68 | [0m[35m[0m
[30;1m69 | [0m[35mIf on Red Hat, Fedora, CentOS, or relatives, running the following command should be sufficient:[0m
[30;1m70 | [0m[35m[0m
[30;1m71 | [0m[35m.. code-block:: sh[0m
[30;1m72 | [0m[35m[0m

[31m--[ [0m[34mMatch #[0m[33m11[0m[34m of [0m[33m49[0m[31m ]--[0m
   Rule Id: [34mBD000610[0m
       Tag: [34mSecurity.Backdoor.LOLBAS.Linux[0m
  Severity: [36mModerate[0m, Confidence: [36mLow[0m
  Filename: [33m/jq-1.8.0/PKG-INFO[0m
   Pattern: [32m\s(apt|apt\-get|aria2c|arp|ash|awk|base64|bash|bpftrace|busybox|cat|chmod|chown|cp|cpan|cpulimit|crontab|csh|curl|cut|dash|dd|diff|dmesg|dmsetup|dnf|docker|dpkg|easy_install|ed|emacs|env|expand|expect|facter|find|finger|flock|fmt|ftp|gawk|gdb|gimp|git|grep|head|iftop|ionice|ip|irb|jjs|journalctl|jrunscript|ksh|ld\.so|ldconfig|logsave|ltrace|lua|mail|mawk|mount|mtr|mv|mysql|nano|nawk|nc|nice|nl|nmap|node|od|openssl|perl|pg|php|pic|pico|pip|puppet|readelf|red|rlogin|rlwrap|rpm|rpmquery|rsync|ruby|run\-mailcap|run\-parts|rvim|scp|screen|script|sed|service|setarch|sftp|shuf|smbclient|socat|sort|sqlite3|ssh|start\-stop\-daemon|stdbuf|strace|systemctl|tail|tar|taskset|tclsh|tcpdump|tee|telnet|tftp|time|timeout|tmux|top|ul|unexpand|uniq|unshare|vi|vim|watch|wget|whois|wish|xargs|xxd|yum|zsh|zypper)\s[0m
[30;1m64 | [0m[35m.. code-block:: sh[0m
[30;1m65 | [0m[35m[0m
[30;1m66 | [0m[35m    apt-get install autoconf automake build-essential libtool python-dev[0m
[30;1m67 | [0m[35m[0m
[30;1m68 | [0m[35mRed Hat, Fedora, CentOS or relatives[0m
[30;1m69 | [0m[35m~~~~~~~~~~~~~~~~~~~~~~~~~~~~~~~~~~~~[0m
[30;1m70 | [0m[35m[0m
[30;1m71 | [0m[35mIf on Red Hat, Fedora, CentOS, or relatives, running the following command should be sufficient:[0m

[31m--[ [0m[34mMatch #[0m[33m12[0m[34m of [0m[33m49[0m[31m ]--[0m
   Rule Id: [34mBD000610[0m
       Tag: [34mSecurity.Backdoor.LOLBAS.Linux[0m
  Severity: [36mModerate[0m, Confidence: [36mLow[0m
  Filename: [33m/jq-1.8.0/PKG-INFO[0m
   Pattern: [32m\s(apt|apt\-get|aria2c|arp|ash|awk|base64|bash|bpftrace|busybox|cat|chmod|chown|cp|cpan|cpulimit|crontab|csh|curl|cut|dash|dd|diff|dmesg|dmsetup|dnf|docker|dpkg|easy_install|ed|emacs|env|expand|expect|facter|find|finger|flock|fmt|ftp|gawk|gdb|gimp|git|grep|head|iftop|ionice|ip|irb|jjs|journalctl|jrunscript|ksh|ld\.so|ldconfig|logsave|ltrace|lua|mail|mawk|mount|mtr|mv|mysql|nano|nawk|nc|nice|nl|nmap|node|od|openssl|perl|pg|php|pic|pico|pip|puppet|readelf|red|rlogin|rlwrap|rpm|rpmquery|rsync|ruby|run\-mailcap|run\-parts|rvim|scp|screen|script|sed|service|setarch|sftp|shuf|smbclient|socat|sort|sqlite3|ssh|start\-stop\-daemon|stdbuf|strace|systemctl|tail|tar|taskset|tclsh|tcpdump|tee|telnet|tftp|time|timeout|tmux|top|ul|unexpand|uniq|unshare|vi|vim|watch|wget|whois|wish|xargs|xxd|yum|zsh|zypper)\s[0m
[30;1m61 | [0m[35m[0m
[30;1m62 | [0m[35m.. code-block:: sh[0m
[30;1m63 | [0m[35m[0m
[30;1m64 | [0m[35m    apt-get install autoconf automake build-essential libtool python-dev[0m
[30;1m65 | [0m[35m[0m
[30;1m66 | [0m[35mRed Hat, Fedora, CentOS or relatives[0m
[30;1m67 | [0m[35m~~~~~~~~~~~~~~~~~~~~~~~~~~~~~~~~~~~~[0m

[31m--[ [0m[34mMatch #[0m[33m13[0m[34m of [0m[33m49[0m[31m ]--[0m
   Rule Id: [34mBD000610[0m
       Tag: [34mSecurity.Backdoor.LOLBAS.Linux[0m
  Severity: [36mModerate[0m, Confidence: [36mLow[0m
  Filename: [33m/jq-1.8.0/PKG-INFO[0m
   Pattern: [32m\s(apt|apt\-get|aria2c|arp|ash|awk|base64|bash|bpftrace|busybox|cat|chmod|chown|cp|cpan|cpulimit|crontab|csh|curl|cut|dash|dd|diff|dmesg|dmsetup|dnf|docker|dpkg|easy_install|ed|emacs|env|expand|expect|facter|find|finger|flock|fmt|ftp|gawk|gdb|gimp|git|grep|head|iftop|ionice|ip|irb|jjs|journalctl|jrunscript|ksh|ld\.so|ldconfig|logsave|ltrace|lua|mail|mawk|mount|mtr|mv|mysql|nano|nawk|nc|nice|nl|nmap|node|od|openssl|perl|pg|php|pic|pico|pip|puppet|readelf|red|rlogin|rlwrap|rpm|rpmquery|rsync|ruby|run\-mailcap|run\-parts|rvim|scp|screen|script|sed|service|setarch|sftp|shuf|smbclient|socat|sort|sqlite3|ssh|start\-stop\-daemon|stdbuf|strace|systemctl|tail|tar|taskset|tclsh|tcpdump|tee|telnet|tftp|time|timeout|tmux|top|ul|unexpand|uniq|unshare|vi|vim|watch|wget|whois|wish|xargs|xxd|yum|zsh|zypper)\s[0m
[30;1m37 | [0m[35m[0m
[30;1m38 | [0m[35m.. code-block:: sh[0m
[30;1m39 | [0m[35m[0m
[30;1m40 | [0m[35m    pip install jq[0m
[30;1m41 | [0m[35m[0m
[30;1m42 | [0m[35mIf a wheel is not available,[0m
[30;1m43 | [0m[35mthe source for jq 1.7.1 is built.[0m

[31m--[ [0m[34mMatch #[0m[33m14[0m[34m of [0m[33m49[0m[31m ]--[0m
   Rule Id: [34mBD000610[0m
       Tag: [34mSecurity.Backdoor.LOLBAS.Linux[0m
  Severity: [36mModerate[0m, Confidence: [36mLow[0m
  Filename: [33m/jq-1.8.0/PKG-INFO[0m
   Pattern: [32m\s(apt|apt\-get|aria2c|arp|ash|awk|base64|bash|bpftrace|busybox|cat|chmod|chown|cp|cpan|cpulimit|crontab|csh|curl|cut|dash|dd|diff|dmesg|dmsetup|dnf|docker|dpkg|easy_install|ed|emacs|env|expand|expect|facter|find|finger|flock|fmt|ftp|gawk|gdb|gimp|git|grep|head|iftop|ionice|ip|irb|jjs|journalctl|jrunscript|ksh|ld\.so|ldconfig|logsave|ltrace|lua|mail|mawk|mount|mtr|mv|mysql|nano|nawk|nc|nice|nl|nmap|node|od|openssl|perl|pg|php|pic|pico|pip|puppet|readelf|red|rlogin|rlwrap|rpm|rpmquery|rsync|ruby|run\-mailcap|run\-parts|rvim|scp|screen|script|sed|service|setarch|sftp|shuf|smbclient|socat|sort|sqlite3|ssh|start\-stop\-daemon|stdbuf|strace|systemctl|tail|tar|taskset|tclsh|tcpdump|tee|telnet|tftp|time|timeout|tmux|top|ul|unexpand|uniq|unshare|vi|vim|watch|wget|whois|wish|xargs|xxd|yum|zsh|zypper)\s[0m
[30;1m33 | [0m[35m------------[0m
[30;1m34 | [0m[35m[0m
[30;1m35 | [0m[35mWheels are built for various Python versions and architectures on Linux and Mac OS X.[0m
[30;1m36 | [0m[35mOn these platforms, you should be able to install jq with a normal pip install:[0m
[30;1m37 | [0m[35m[0m
[30;1m38 | [0m[35m.. code-block:: sh[0m
[30;1m39 | [0m[35m[0m

[31m--[ [0m[34mMatch #[0m[33m15[0m[34m of [0m[33m49[0m[31m ]--[0m
   Rule Id: [34mBD000600[0m
       Tag: [34mSecurity.Backdoor.LOLBAS.Windows[0m
  Severity: [36mModerate[0m, Confidence: [36mLow[0m
  Filename: [33m/jq-1.8.0/tests/jq_tests.py[0m
   Pattern: [32m\s(advpack\.dll|appvlp|at|atbroker|bash|bginfo|bitsadmin|cdb|certutil|cl_invocation\.ps1|cl_mutexverifiers\.ps1|cmd|cmdkey|cmstp|comsvcs\.dll|control|csc|cscript|csi|devtoolslauncher|dfsvc|diskshadow|dnscmd|dnx|dotnet|dxcap|esentutl|eventvwr|excel|expand|extexport|extrac32|findstr|forfiles|ftp|gfxdownloadwrapper|gpscript|hh|ie4uinit|ieadvpack\.dll|ieaframe\.dll|ic|infdefaultinstall|installutil|jsc|makecab|manage-bde\.wsf|mavinject|mftrace|microsoft\.workflow\.compiler|mmc|msbuild|msconfig|msdeploy|msdt|mshta|mshtml\.dll|msc|msxsl|netsh|odbcconf|pcalua|pcwrun|pcwutl\.dll|pester\.bat|powerpnt|presentationhost|pubprn\.vbs|rcsi|reg|regasm|regedit|register-cimprovider|regsvcs|regsvr32|rpcping|rundll32|runonce|runscripthelper|sc|schtasks|scriptrunner|setupapi\.dll|shdocvw\.dll|shell32\.dll|slmgr\.vbs|sqldumper|sqlps|sqltoolsps|squirrel|syncappvpublishingserver|syncappvpublishingserver\.vbs|syssetup\.dll|te|tracker|tttracer|update|url\.dll|verclsid|vsjitdebugger|wab|winrm\.vbs|winword|wmic|wscript|wsl|wsreset|xwizard|zipfldr\.dll)\s[0m
[30;1m333 | [0m[35m        except ValueError as error:[0m
[30;1m334 | [0m[35m            assert_equal([0m
[30;1m335 | [0m[35m                "parse error: Invalid string: control characters from U+0000 " +[0m
[30;1m336 | [0m[35m                "through U+001F must be escaped at line 1, column 5",[0m
[30;1m337 | [0m[35m                str(error),[0m
[30;1m338 | [0m[35m            )[0m
[30;1m339 | [0m[35m[0m

[31m--[ [0m[34mMatch #[0m[33m16[0m[34m of [0m[33m49[0m[31m ]--[0m
   Rule Id: [34mBD000600[0m
       Tag: [34mSecurity.Backdoor.LOLBAS.Windows[0m
  Severity: [36mModerate[0m, Confidence: [36mLow[0m
  Filename: [33m/jq-1.8.0/tests/jq_tests.py[0m
   Pattern: [32m\s(advpack\.dll|appvlp|at|atbroker|bash|bginfo|bitsadmin|cdb|certutil|cl_invocation\.ps1|cl_mutexverifiers\.ps1|cmd|cmdkey|cmstp|comsvcs\.dll|control|csc|cscript|csi|devtoolslauncher|dfsvc|diskshadow|dnscmd|dnx|dotnet|dxcap|esentutl|eventvwr|excel|expand|extexport|extrac32|findstr|forfiles|ftp|gfxdownloadwrapper|gpscript|hh|ie4uinit|ieadvpack\.dll|ieaframe\.dll|ic|infdefaultinstall|installutil|jsc|makecab|manage-bde\.wsf|mavinject|mftrace|microsoft\.workflow\.compiler|mmc|msbuild|msconfig|msdeploy|msdt|mshta|mshtml\.dll|msc|msxsl|netsh|odbcconf|pcalua|pcwrun|pcwutl\.dll|pester\.bat|powerpnt|presentationhost|pubprn\.vbs|rcsi|reg|regasm|regedit|register-cimprovider|regsvcs|regsvr32|rpcping|rundll32|runonce|runscripthelper|sc|schtasks|scriptrunner|setupapi\.dll|shdocvw\.dll|shell32\.dll|slmgr\.vbs|sqldumper|sqlps|sqltoolsps|squirrel|syncappvpublishingserver|syncappvpublishingserver\.vbs|syssetup\.dll|te|tracker|tttracer|update|url\.dll|verclsid|vsjitdebugger|wab|winrm\.vbs|winword|wmic|wscript|wsl|wsreset|xwizard|zipfldr\.dll)\s[0m
[30;1m332 | [0m[35m            assert_equal("a\x00b", result)[0m
[30;1m333 | [0m[35m        except ValueError as error:[0m
[30;1m334 | [0m[35m            assert_equal([0m
[30;1m335 | [0m[35m                "parse error: Invalid string: control characters from U+0000 " +[0m
[30;1m336 | [0m[35m                "through U+001F must be escaped at line 1, column 5",[0m
[30;1m337 | [0m[35m                str(error),[0m
[30;1m338 | [0m[35m            )[0m

[31m--[ [0m[34mMatch #[0m[33m17[0m[34m of [0m[33m49[0m[31m ]--[0m
   Rule Id: [34mBD000600[0m
       Tag: [34mSecurity.Backdoor.LOLBAS.Windows[0m
  Severity: [36mModerate[0m, Confidence: [36mLow[0m
  Filename: [33m/jq-1.8.0/tests/jq_tests.py[0m
   Pattern: [32m\s(advpack\.dll|appvlp|at|atbroker|bash|bginfo|bitsadmin|cdb|certutil|cl_invocation\.ps1|cl_mutexverifiers\.ps1|cmd|cmdkey|cmstp|comsvcs\.dll|control|csc|cscript|csi|devtoolslauncher|dfsvc|diskshadow|dnscmd|dnx|dotnet|dxcap|esentutl|eventvwr|excel|expand|extexport|extrac32|findstr|forfiles|ftp|gfxdownloadwrapper|gpscript|hh|ie4uinit|ieadvpack\.dll|ieaframe\.dll|ic|infdefaultinstall|installutil|jsc|makecab|manage-bde\.wsf|mavinject|mftrace|microsoft\.workflow\.compiler|mmc|msbuild|msconfig|msdeploy|msdt|mshta|mshtml\.dll|msc|msxsl|netsh|odbcconf|pcalua|pcwrun|pcwutl\.dll|pester\.bat|powerpnt|presentationhost|pubprn\.vbs|rcsi|reg|regasm|regedit|register-cimprovider|regsvcs|regsvr32|rpcping|rundll32|runonce|runscripthelper|sc|schtasks|scriptrunner|setupapi\.dll|shdocvw\.dll|shell32\.dll|slmgr\.vbs|sqldumper|sqlps|sqltoolsps|squirrel|syncappvpublishingserver|syncappvpublishingserver\.vbs|syssetup\.dll|te|tracker|tttracer|update|url\.dll|verclsid|vsjitdebugger|wab|winrm\.vbs|winword|wmic|wscript|wsl|wsreset|xwizard|zipfldr\.dll)\s[0m
[30;1m234 | [0m[35m        program.input(text="!!").first()[0m
[30;1m235 | [0m[35m        assert False, "Expected error"[0m
[30;1m236 | [0m[35m    except ValueError as error:[0m
[30;1m237 | [0m[35m        expected_error_str = "parse error: Invalid numeric literal at EOF at line 1, column 2"[0m
[30;1m238 | [0m[35m        assert_equal(str(error), expected_error_str)[0m
[30;1m239 | [0m[35m[0m
[30;1m240 | [0m[35m[0m

[31m--[ [0m[34mMatch #[0m[33m18[0m[34m of [0m[33m49[0m[31m ]--[0m
   Rule Id: [34mBD000600[0m
       Tag: [34mSecurity.Backdoor.LOLBAS.Windows[0m
  Severity: [36mModerate[0m, Confidence: [36mLow[0m
  Filename: [33m/jq-1.8.0/tests/jq_tests.py[0m
   Pattern: [32m\s(advpack\.dll|appvlp|at|atbroker|bash|bginfo|bitsadmin|cdb|certutil|cl_invocation\.ps1|cl_mutexverifiers\.ps1|cmd|cmdkey|cmstp|comsvcs\.dll|control|csc|cscript|csi|devtoolslauncher|dfsvc|diskshadow|dnscmd|dnx|dotnet|dxcap|esentutl|eventvwr|excel|expand|extexport|extrac32|findstr|forfiles|ftp|gfxdownloadwrapper|gpscript|hh|ie4uinit|ieadvpack\.dll|ieaframe\.dll|ic|infdefaultinstall|installutil|jsc|makecab|manage-bde\.wsf|mavinject|mftrace|microsoft\.workflow\.compiler|mmc|msbuild|msconfig|msdeploy|msdt|mshta|mshtml\.dll|msc|msxsl|netsh|odbcconf|pcalua|pcwrun|pcwutl\.dll|pester\.bat|powerpnt|presentationhost|pubprn\.vbs|rcsi|reg|regasm|regedit|register-cimprovider|regsvcs|regsvr32|rpcping|rundll32|runonce|runscripthelper|sc|schtasks|scriptrunner|setupapi\.dll|shdocvw\.dll|shell32\.dll|slmgr\.vbs|sqldumper|sqlps|sqltoolsps|squirrel|syncappvpublishingserver|syncappvpublishingserver\.vbs|syssetup\.dll|te|tracker|tttracer|update|url\.dll|verclsid|vsjitdebugger|wab|winrm\.vbs|winword|wmic|wscript|wsl|wsreset|xwizard|zipfldr\.dll)\s[0m
[30;1m234 | [0m[35m        program.input(text="!!").first()[0m
[30;1m235 | [0m[35m        assert False, "Expected error"[0m
[30;1m236 | [0m[35m    except ValueError as error:[0m
[30;1m237 | [0m[35m        expected_error_str = "parse error: Invalid numeric literal at EOF at line 1, column 2"[0m
[30;1m238 | [0m[35m        assert_equal(str(error), expected_error_str)[0m
[30;1m239 | [0m[35m[0m
[30;1m240 | [0m[35m[0m

[31m--[ [0m[34mMatch #[0m[33m19[0m[34m of [0m[33m49[0m[31m ]--[0m
   Rule Id: [34mBD000600[0m
       Tag: [34mSecurity.Backdoor.LOLBAS.Windows[0m
  Severity: [36mModerate[0m, Confidence: [36mLow[0m
  Filename: [33m/jq-1.8.0/tests/jq_tests.py[0m
   Pattern: [32m\s(advpack\.dll|appvlp|at|atbroker|bash|bginfo|bitsadmin|cdb|certutil|cl_invocation\.ps1|cl_mutexverifiers\.ps1|cmd|cmdkey|cmstp|comsvcs\.dll|control|csc|cscript|csi|devtoolslauncher|dfsvc|diskshadow|dnscmd|dnx|dotnet|dxcap|esentutl|eventvwr|excel|expand|extexport|extrac32|findstr|forfiles|ftp|gfxdownloadwrapper|gpscript|hh|ie4uinit|ieadvpack\.dll|ieaframe\.dll|ic|infdefaultinstall|installutil|jsc|makecab|manage-bde\.wsf|mavinject|mftrace|microsoft\.workflow\.compiler|mmc|msbuild|msconfig|msdeploy|msdt|mshta|mshtml\.dll|msc|msxsl|netsh|odbcconf|pcalua|pcwrun|pcwutl\.dll|pester\.bat|powerpnt|presentationhost|pubprn\.vbs|rcsi|reg|regasm|regedit|register-cimprovider|regsvcs|regsvr32|rpcping|rundll32|runonce|runscripthelper|sc|schtasks|scriptrunner|setupapi\.dll|shdocvw\.dll|shell32\.dll|slmgr\.vbs|sqldumper|sqlps|sqltoolsps|squirrel|syncappvpublishingserver|syncappvpublishingserver\.vbs|syssetup\.dll|te|tracker|tttracer|update|url\.dll|verclsid|vsjitdebugger|wab|winrm\.vbs|winword|wmic|wscript|wsl|wsreset|xwizard|zipfldr\.dll)\s[0m
[30;1m202 | [0m[35m            # jq 1.6 -win[0m
[30;1m203 | [0m[35m            "jq: error: syntax error, unexpected INVALID_CHARACTER, expecting $end (Windows cmd shel[0m
[30;1m204 | [0m[35m            # jq 1.7 -win[0m
[30;1m205 | [0m[35m            "jq: error: syntax error, unexpected INVALID_CHARACTER, expecting end of file (Windows c[0m
[30;1m206 | [0m[35m        ][0m
[30;1m207 | [0m[35m        assert str(error) in expected_error_strs[0m
[30;1m208 | [0m[35m[0m

[31m--[ [0m[34mMatch #[0m[33m20[0m[34m of [0m[33m49[0m[31m ]--[0m
   Rule Id: [34mBD000600[0m
       Tag: [34mSecurity.Backdoor.LOLBAS.Windows[0m
  Severity: [36mModerate[0m, Confidence: [36mLow[0m
  Filename: [33m/jq-1.8.0/tests/jq_tests.py[0m
   Pattern: [32m\s(advpack\.dll|appvlp|at|atbroker|bash|bginfo|bitsadmin|cdb|certutil|cl_invocation\.ps1|cl_mutexverifiers\.ps1|cmd|cmdkey|cmstp|comsvcs\.dll|control|csc|cscript|csi|devtoolslauncher|dfsvc|diskshadow|dnscmd|dnx|dotnet|dxcap|esentutl|eventvwr|excel|expand|extexport|extrac32|findstr|forfiles|ftp|gfxdownloadwrapper|gpscript|hh|ie4uinit|ieadvpack\.dll|ieaframe\.dll|ic|infdefaultinstall|installutil|jsc|makecab|manage-bde\.wsf|mavinject|mftrace|microsoft\.workflow\.compiler|mmc|msbuild|msconfig|msdeploy|msdt|mshta|mshtml\.dll|msc|msxsl|netsh|odbcconf|pcalua|pcwrun|pcwutl\.dll|pester\.bat|powerpnt|presentationhost|pubprn\.vbs|rcsi|reg|regasm|regedit|register-cimprovider|regsvcs|regsvr32|rpcping|rundll32|runonce|runscripthelper|sc|schtasks|scriptrunner|setupapi\.dll|shdocvw\.dll|shell32\.dll|slmgr\.vbs|sqldumper|sqlps|sqltoolsps|squirrel|syncappvpublishingserver|syncappvpublishingserver\.vbs|syssetup\.dll|te|tracker|tttracer|update|url\.dll|verclsid|vsjitdebugger|wab|winrm\.vbs|winword|wmic|wscript|wsl|wsreset|xwizard|zipfldr\.dll)\s[0m
[30;1m202 | [0m[35m            # jq 1.6 -win[0m
[30;1m203 | [0m[35m            "jq: error: syntax error, unexpected INVALID_CHARACTER, expecting $end (Windows cmd shel[0m
[30;1m204 | [0m[35m            # jq 1.7 -win[0m
[30;1m205 | [0m[35m            "jq: error: syntax error, unexpected INVALID_CHARACTER, expecting end of file (Windows c[0m
[30;1m206 | [0m[35m        ][0m
[30;1m207 | [0m[35m        assert str(error) in expected_error_strs[0m
[30;1m208 | [0m[35m[0m

[31m--[ [0m[34mMatch #[0m[33m21[0m[34m of [0m[33m49[0m[31m ]--[0m
   Rule Id: [34mBD000600[0m
       Tag: [34mSecurity.Backdoor.LOLBAS.Windows[0m
  Severity: [36mModerate[0m, Confidence: [36mLow[0m
  Filename: [33m/jq-1.8.0/tests/jq_tests.py[0m
   Pattern: [32m\s(advpack\.dll|appvlp|at|atbroker|bash|bginfo|bitsadmin|cdb|certutil|cl_invocation\.ps1|cl_mutexverifiers\.ps1|cmd|cmdkey|cmstp|comsvcs\.dll|control|csc|cscript|csi|devtoolslauncher|dfsvc|diskshadow|dnscmd|dnx|dotnet|dxcap|esentutl|eventvwr|excel|expand|extexport|extrac32|findstr|forfiles|ftp|gfxdownloadwrapper|gpscript|hh|ie4uinit|ieadvpack\.dll|ieaframe\.dll|ic|infdefaultinstall|installutil|jsc|makecab|manage-bde\.wsf|mavinject|mftrace|microsoft\.workflow\.compiler|mmc|msbuild|msconfig|msdeploy|msdt|mshta|mshtml\.dll|msc|msxsl|netsh|odbcconf|pcalua|pcwrun|pcwutl\.dll|pester\.bat|powerpnt|presentationhost|pubprn\.vbs|rcsi|reg|regasm|regedit|register-cimprovider|regsvcs|regsvr32|rpcping|rundll32|runonce|runscripthelper|sc|schtasks|scriptrunner|setupapi\.dll|shdocvw\.dll|shell32\.dll|slmgr\.vbs|sqldumper|sqlps|sqltoolsps|squirrel|syncappvpublishingserver|syncappvpublishingserver\.vbs|syssetup\.dll|te|tracker|tttracer|update|url\.dll|verclsid|vsjitdebugger|wab|winrm\.vbs|winword|wmic|wscript|wsl|wsreset|xwizard|zipfldr\.dll)\s[0m
[30;1m200 | [0m[35m            # jq 1.7[0m
[30;1m201 | [0m[35m            "jq: error: syntax error, unexpected INVALID_CHARACTER, expecting end of file (Unix shel[0m
[30;1m202 | [0m[35m            # jq 1.6 -win[0m
[30;1m203 | [0m[35m            "jq: error: syntax error, unexpected INVALID_CHARACTER, expecting $end (Windows cmd shel[0m
[30;1m204 | [0m[35m            # jq 1.7 -win[0m
[30;1m205 | [0m[35m            "jq: error: syntax error, unexpected INVALID_CHARACTER, expecting end of file (Windows c[0m
[30;1m206 | [0m[35m        ][0m

[31m--[ [0m[34mMatch #[0m[33m22[0m[34m of [0m[33m49[0m[31m ]--[0m
   Rule Id: [34mBD000600[0m
       Tag: [34mSecurity.Backdoor.LOLBAS.Windows[0m
  Severity: [36mModerate[0m, Confidence: [36mLow[0m
  Filename: [33m/jq-1.8.0/tests/jq_tests.py[0m
   Pattern: [32m\s(advpack\.dll|appvlp|at|atbroker|bash|bginfo|bitsadmin|cdb|certutil|cl_invocation\.ps1|cl_mutexverifiers\.ps1|cmd|cmdkey|cmstp|comsvcs\.dll|control|csc|cscript|csi|devtoolslauncher|dfsvc|diskshadow|dnscmd|dnx|dotnet|dxcap|esentutl|eventvwr|excel|expand|extexport|extrac32|findstr|forfiles|ftp|gfxdownloadwrapper|gpscript|hh|ie4uinit|ieadvpack\.dll|ieaframe\.dll|ic|infdefaultinstall|installutil|jsc|makecab|manage-bde\.wsf|mavinject|mftrace|microsoft\.workflow\.compiler|mmc|msbuild|msconfig|msdeploy|msdt|mshta|mshtml\.dll|msc|msxsl|netsh|odbcconf|pcalua|pcwrun|pcwutl\.dll|pester\.bat|powerpnt|presentationhost|pubprn\.vbs|rcsi|reg|regasm|regedit|register-cimprovider|regsvcs|regsvr32|rpcping|rundll32|runonce|runscripthelper|sc|schtasks|scriptrunner|setupapi\.dll|shdocvw\.dll|shell32\.dll|slmgr\.vbs|sqldumper|sqlps|sqltoolsps|squirrel|syncappvpublishingserver|syncappvpublishingserver\.vbs|syssetup\.dll|te|tracker|tttracer|update|url\.dll|verclsid|vsjitdebugger|wab|winrm\.vbs|winword|wmic|wscript|wsl|wsreset|xwizard|zipfldr\.dll)\s[0m
[30;1m200 | [0m[35m            # jq 1.7[0m
[30;1m201 | [0m[35m            "jq: error: syntax error, unexpected INVALID_CHARACTER, expecting end of file (Unix shel[0m
[30;1m202 | [0m[35m            # jq 1.6 -win[0m
[30;1m203 | [0m[35m            "jq: error: syntax error, unexpected INVALID_CHARACTER, expecting $end (Windows cmd shel[0m
[30;1m204 | [0m[35m            # jq 1.7 -win[0m
[30;1m205 | [0m[35m            "jq: error: syntax error, unexpected INVALID_CHARACTER, expecting end of file (Windows c[0m
[30;1m206 | [0m[35m        ][0m

[31m--[ [0m[34mMatch #[0m[33m23[0m[34m of [0m[33m49[0m[31m ]--[0m
   Rule Id: [34mBD000600[0m
       Tag: [34mSecurity.Backdoor.LOLBAS.Windows[0m
  Severity: [36mModerate[0m, Confidence: [36mLow[0m
  Filename: [33m/jq-1.8.0/tests/jq_tests.py[0m
   Pattern: [32m\s(advpack\.dll|appvlp|at|atbroker|bash|bginfo|bitsadmin|cdb|certutil|cl_invocation\.ps1|cl_mutexverifiers\.ps1|cmd|cmdkey|cmstp|comsvcs\.dll|control|csc|cscript|csi|devtoolslauncher|dfsvc|diskshadow|dnscmd|dnx|dotnet|dxcap|esentutl|eventvwr|excel|expand|extexport|extrac32|findstr|forfiles|ftp|gfxdownloadwrapper|gpscript|hh|ie4uinit|ieadvpack\.dll|ieaframe\.dll|ic|infdefaultinstall|installutil|jsc|makecab|manage-bde\.wsf|mavinject|mftrace|microsoft\.workflow\.compiler|mmc|msbuild|msconfig|msdeploy|msdt|mshta|mshtml\.dll|msc|msxsl|netsh|odbcconf|pcalua|pcwrun|pcwutl\.dll|pester\.bat|powerpnt|presentationhost|pubprn\.vbs|rcsi|reg|regasm|regedit|register-cimprovider|regsvcs|regsvr32|rpcping|rundll32|runonce|runscripthelper|sc|schtasks|scriptrunner|setupapi\.dll|shdocvw\.dll|shell32\.dll|slmgr\.vbs|sqldumper|sqlps|sqltoolsps|squirrel|syncappvpublishingserver|syncappvpublishingserver\.vbs|syssetup\.dll|te|tracker|tttracer|update|url\.dll|verclsid|vsjitdebugger|wab|winrm\.vbs|winword|wmic|wscript|wsl|wsreset|xwizard|zipfldr\.dll)\s[0m
[30;1m198 | [0m[35m            # jq 1.6[0m
[30;1m199 | [0m[35m            "jq: error: syntax error, unexpected INVALID_CHARACTER, expecting $end (Unix shell quoti[0m
[30;1m200 | [0m[35m            # jq 1.7[0m
[30;1m201 | [0m[35m            "jq: error: syntax error, unexpected INVALID_CHARACTER, expecting end of file (Unix shel[0m
[30;1m202 | [0m[35m            # jq 1.6 -win[0m
[30;1m203 | [0m[35m            "jq: error: syntax error, unexpected INVALID_CHARACTER, expecting $end (Windows cmd shel[0m
[30;1m204 | [0m[35m            # jq 1.7 -win[0m

[31m--[ [0m[34mMatch #[0m[33m24[0m[34m of [0m[33m49[0m[31m ]--[0m
   Rule Id: [34mBD000600[0m
       Tag: [34mSecurity.Backdoor.LOLBAS.Windows[0m
  Severity: [36mModerate[0m, Confidence: [36mLow[0m
  Filename: [33m/jq-1.8.0/tests/jq_tests.py[0m
   Pattern: [32m\s(advpack\.dll|appvlp|at|atbroker|bash|bginfo|bitsadmin|cdb|certutil|cl_invocation\.ps1|cl_mutexverifiers\.ps1|cmd|cmdkey|cmstp|comsvcs\.dll|control|csc|cscript|csi|devtoolslauncher|dfsvc|diskshadow|dnscmd|dnx|dotnet|dxcap|esentutl|eventvwr|excel|expand|extexport|extrac32|findstr|forfiles|ftp|gfxdownloadwrapper|gpscript|hh|ie4uinit|ieadvpack\.dll|ieaframe\.dll|ic|infdefaultinstall|installutil|jsc|makecab|manage-bde\.wsf|mavinject|mftrace|microsoft\.workflow\.compiler|mmc|msbuild|msconfig|msdeploy|msdt|mshta|mshtml\.dll|msc|msxsl|netsh|odbcconf|pcalua|pcwrun|pcwutl\.dll|pester\.bat|powerpnt|presentationhost|pubprn\.vbs|rcsi|reg|regasm|regedit|register-cimprovider|regsvcs|regsvr32|rpcping|rundll32|runonce|runscripthelper|sc|schtasks|scriptrunner|setupapi\.dll|shdocvw\.dll|shell32\.dll|slmgr\.vbs|sqldumper|sqlps|sqltoolsps|squirrel|syncappvpublishingserver|syncappvpublishingserver\.vbs|syssetup\.dll|te|tracker|tttracer|update|url\.dll|verclsid|vsjitdebugger|wab|winrm\.vbs|winword|wmic|wscript|wsl|wsreset|xwizard|zipfldr\.dll)\s[0m
[30;1m196 | [0m[35m    except ValueError as error:[0m
[30;1m197 | [0m[35m        expected_error_strs = [[0m
[30;1m198 | [0m[35m            # jq 1.6[0m
[30;1m199 | [0m[35m            "jq: error: syntax error, unexpected INVALID_CHARACTER, expecting $end (Unix shell quoti[0m
[30;1m200 | [0m[35m            # jq 1.7[0m
[30;1m201 | [0m[35m            "jq: error: syntax error, unexpected INVALID_CHARACTER, expecting end of file (Unix shel[0m
[30;1m202 | [0m[35m            # jq 1.6 -win[0m

[31m--[ [0m[34mMatch #[0m[33m25[0m[34m of [0m[33m49[0m[31m ]--[0m
   Rule Id: [34mBD000610[0m
       Tag: [34mSecurity.Backdoor.LOLBAS.Linux[0m
  Severity: [36mModerate[0m, Confidence: [36mLow[0m
  Filename: [33m/jq-1.8.0/tests/jq_tests.py[0m
   Pattern: [32m\s(apt|apt\-get|aria2c|arp|ash|awk|base64|bash|bpftrace|busybox|cat|chmod|chown|cp|cpan|cpulimit|crontab|csh|curl|cut|dash|dd|diff|dmesg|dmsetup|dnf|docker|dpkg|easy_install|ed|emacs|env|expand|expect|facter|find|finger|flock|fmt|ftp|gawk|gdb|gimp|git|grep|head|iftop|ionice|ip|irb|jjs|journalctl|jrunscript|ksh|ld\.so|ldconfig|logsave|ltrace|lua|mail|mawk|mount|mtr|mv|mysql|nano|nawk|nc|nice|nl|nmap|node|od|openssl|perl|pg|php|pic|pico|pip|puppet|readelf|red|rlogin|rlwrap|rpm|rpmquery|rsync|ruby|run\-mailcap|run\-parts|rvim|scp|screen|script|sed|service|setarch|sftp|shuf|smbclient|socat|sort|sqlite3|ssh|start\-stop\-daemon|stdbuf|strace|systemctl|tail|tar|taskset|tclsh|tcpdump|tee|telnet|tftp|time|timeout|tmux|top|ul|unexpand|uniq|unshare|vi|vim|watch|wget|whois|wish|xargs|xxd|yum|zsh|zypper)\s[0m
[30;1m324 | [0m[35m        program = jq.compile(".")[0m
[30;1m325 | [0m[35m[0m
[30;1m326 | [0m[35m        # Before jq 1.7.1, we expect jq to accept the literal null character.[0m
[30;1m327 | [0m[35m        # From jq 1.7.1, we expect jq to reject the literal null character.[0m
[30;1m328 | [0m[35m[0m
[30;1m329 | [0m[35m        try:[0m
[30;1m330 | [0m[35m            result = program.input(text='"a\x00b"').first()[0m

[31m--[ [0m[34mMatch #[0m[33m26[0m[34m of [0m[33m49[0m[31m ]--[0m
   Rule Id: [34mBD000610[0m
       Tag: [34mSecurity.Backdoor.LOLBAS.Linux[0m
  Severity: [36mModerate[0m, Confidence: [36mLow[0m
  Filename: [33m/jq-1.8.0/tests/jq_tests.py[0m
   Pattern: [32m\s(apt|apt\-get|aria2c|arp|ash|awk|base64|bash|bpftrace|busybox|cat|chmod|chown|cp|cpan|cpulimit|crontab|csh|curl|cut|dash|dd|diff|dmesg|dmsetup|dnf|docker|dpkg|easy_install|ed|emacs|env|expand|expect|facter|find|finger|flock|fmt|ftp|gawk|gdb|gimp|git|grep|head|iftop|ionice|ip|irb|jjs|journalctl|jrunscript|ksh|ld\.so|ldconfig|logsave|ltrace|lua|mail|mawk|mount|mtr|mv|mysql|nano|nawk|nc|nice|nl|nmap|node|od|openssl|perl|pg|php|pic|pico|pip|puppet|readelf|red|rlogin|rlwrap|rpm|rpmquery|rsync|ruby|run\-mailcap|run\-parts|rvim|scp|screen|script|sed|service|setarch|sftp|shuf|smbclient|socat|sort|sqlite3|ssh|start\-stop\-daemon|stdbuf|strace|systemctl|tail|tar|taskset|tclsh|tcpdump|tee|telnet|tftp|time|timeout|tmux|top|ul|unexpand|uniq|unshare|vi|vim|watch|wget|whois|wish|xargs|xxd|yum|zsh|zypper)\s[0m
[30;1m323 | [0m[35m    def test_given_json_text_then_strings_containing_null_characters_are_preserved(self):[0m
[30;1m324 | [0m[35m        program = jq.compile(".")[0m
[30;1m325 | [0m[35m[0m
[30;1m326 | [0m[35m        # Before jq 1.7.1, we expect jq to accept the literal null character.[0m
[30;1m327 | [0m[35m        # From jq 1.7.1, we expect jq to reject the literal null character.[0m
[30;1m328 | [0m[35m[0m
[30;1m329 | [0m[35m        try:[0m

[31m--[ [0m[34mMatch #[0m[33m27[0m[34m of [0m[33m49[0m[31m ]--[0m
   Rule Id: [34mBD000600[0m
       Tag: [34mSecurity.Backdoor.LOLBAS.Windows[0m
  Severity: [36mModerate[0m, Confidence: [36mLow[0m
  Filename: [33m/jq-1.8.0/tests/jq_old_tests.py[0m
   Pattern: [32m\s(advpack\.dll|appvlp|at|atbroker|bash|bginfo|bitsadmin|cdb|certutil|cl_invocation\.ps1|cl_mutexverifiers\.ps1|cmd|cmdkey|cmstp|comsvcs\.dll|control|csc|cscript|csi|devtoolslauncher|dfsvc|diskshadow|dnscmd|dnx|dotnet|dxcap|esentutl|eventvwr|excel|expand|extexport|extrac32|findstr|forfiles|ftp|gfxdownloadwrapper|gpscript|hh|ie4uinit|ieadvpack\.dll|ieaframe\.dll|ic|infdefaultinstall|installutil|jsc|makecab|manage-bde\.wsf|mavinject|mftrace|microsoft\.workflow\.compiler|mmc|msbuild|msconfig|msdeploy|msdt|mshta|mshtml\.dll|msc|msxsl|netsh|odbcconf|pcalua|pcwrun|pcwutl\.dll|pester\.bat|powerpnt|presentationhost|pubprn\.vbs|rcsi|reg|regasm|regedit|register-cimprovider|regsvcs|regsvr32|rpcping|rundll32|runonce|runscripthelper|sc|schtasks|scriptrunner|setupapi\.dll|shdocvw\.dll|shell32\.dll|slmgr\.vbs|sqldumper|sqlps|sqltoolsps|squirrel|syncappvpublishingserver|syncappvpublishingserver\.vbs|syssetup\.dll|te|tracker|tttracer|update|url\.dll|verclsid|vsjitdebugger|wab|winrm\.vbs|winword|wmic|wscript|wsl|wsreset|xwizard|zipfldr\.dll)\s[0m
[30;1m114 | [0m[35m        program.transform(text="!!")[0m
[30;1m115 | [0m[35m        assert False, "Expected error"[0m
[30;1m116 | [0m[35m    except ValueError as error:[0m
[30;1m117 | [0m[35m        expected_error_str = "parse error: Invalid numeric literal at EOF at line 1, column 2"[0m
[30;1m118 | [0m[35m        assert_equal(str(error), expected_error_str)[0m
[30;1m119 | [0m[35m[0m
[30;1m120 | [0m[35m[0m

[31m--[ [0m[34mMatch #[0m[33m28[0m[34m of [0m[33m49[0m[31m ]--[0m
   Rule Id: [34mBD000600[0m
       Tag: [34mSecurity.Backdoor.LOLBAS.Windows[0m
  Severity: [36mModerate[0m, Confidence: [36mLow[0m
  Filename: [33m/jq-1.8.0/tests/jq_old_tests.py[0m
   Pattern: [32m\s(advpack\.dll|appvlp|at|atbroker|bash|bginfo|bitsadmin|cdb|certutil|cl_invocation\.ps1|cl_mutexverifiers\.ps1|cmd|cmdkey|cmstp|comsvcs\.dll|control|csc|cscript|csi|devtoolslauncher|dfsvc|diskshadow|dnscmd|dnx|dotnet|dxcap|esentutl|eventvwr|excel|expand|extexport|extrac32|findstr|forfiles|ftp|gfxdownloadwrapper|gpscript|hh|ie4uinit|ieadvpack\.dll|ieaframe\.dll|ic|infdefaultinstall|installutil|jsc|makecab|manage-bde\.wsf|mavinject|mftrace|microsoft\.workflow\.compiler|mmc|msbuild|msconfig|msdeploy|msdt|mshta|mshtml\.dll|msc|msxsl|netsh|odbcconf|pcalua|pcwrun|pcwutl\.dll|pester\.bat|powerpnt|presentationhost|pubprn\.vbs|rcsi|reg|regasm|regedit|register-cimprovider|regsvcs|regsvr32|rpcping|rundll32|runonce|runscripthelper|sc|schtasks|scriptrunner|setupapi\.dll|shdocvw\.dll|shell32\.dll|slmgr\.vbs|sqldumper|sqlps|sqltoolsps|squirrel|syncappvpublishingserver|syncappvpublishingserver\.vbs|syssetup\.dll|te|tracker|tttracer|update|url\.dll|verclsid|vsjitdebugger|wab|winrm\.vbs|winword|wmic|wscript|wsl|wsreset|xwizard|zipfldr\.dll)\s[0m
[30;1m114 | [0m[35m        program.transform(text="!!")[0m
[30;1m115 | [0m[35m        assert False, "Expected error"[0m
[30;1m116 | [0m[35m    except ValueError as error:[0m
[30;1m117 | [0m[35m        expected_error_str = "parse error: Invalid numeric literal at EOF at line 1, column 2"[0m
[30;1m118 | [0m[35m        assert_equal(str(error), expected_error_str)[0m
[30;1m119 | [0m[35m[0m
[30;1m120 | [0m[35m[0m

[31m--[ [0m[34mMatch #[0m[33m29[0m[34m of [0m[33m49[0m[31m ]--[0m
   Rule Id: [34mBD000600[0m
       Tag: [34mSecurity.Backdoor.LOLBAS.Windows[0m
  Severity: [36mModerate[0m, Confidence: [36mLow[0m
  Filename: [33m/jq-1.8.0/tests/jq_old_tests.py[0m
   Pattern: [32m\s(advpack\.dll|appvlp|at|atbroker|bash|bginfo|bitsadmin|cdb|certutil|cl_invocation\.ps1|cl_mutexverifiers\.ps1|cmd|cmdkey|cmstp|comsvcs\.dll|control|csc|cscript|csi|devtoolslauncher|dfsvc|diskshadow|dnscmd|dnx|dotnet|dxcap|esentutl|eventvwr|excel|expand|extexport|extrac32|findstr|forfiles|ftp|gfxdownloadwrapper|gpscript|hh|ie4uinit|ieadvpack\.dll|ieaframe\.dll|ic|infdefaultinstall|installutil|jsc|makecab|manage-bde\.wsf|mavinject|mftrace|microsoft\.workflow\.compiler|mmc|msbuild|msconfig|msdeploy|msdt|mshta|mshtml\.dll|msc|msxsl|netsh|odbcconf|pcalua|pcwrun|pcwutl\.dll|pester\.bat|powerpnt|presentationhost|pubprn\.vbs|rcsi|reg|regasm|regedit|register-cimprovider|regsvcs|regsvr32|rpcping|rundll32|runonce|runscripthelper|sc|schtasks|scriptrunner|setupapi\.dll|shdocvw\.dll|shell32\.dll|slmgr\.vbs|sqldumper|sqlps|sqltoolsps|squirrel|syncappvpublishingserver|syncappvpublishingserver\.vbs|syssetup\.dll|te|tracker|tttracer|update|url\.dll|verclsid|vsjitdebugger|wab|winrm\.vbs|winword|wmic|wscript|wsl|wsreset|xwizard|zipfldr\.dll)\s[0m
[30;1m82 | [0m[35m            # jq 1.6 -win[0m
[30;1m83 | [0m[35m            "jq: error: syntax error, unexpected INVALID_CHARACTER, expecting $end (Windows cmd shel[0m
[30;1m84 | [0m[35m            # jq 1.7 -win[0m
[30;1m85 | [0m[35m            "jq: error: syntax error, unexpected INVALID_CHARACTER, expecting end of file (Windows c[0m
[30;1m86 | [0m[35m        ][0m
[30;1m87 | [0m[35m        assert str(error) in expected_error_strs[0m
[30;1m88 | [0m[35m[0m

[31m--[ [0m[34mMatch #[0m[33m30[0m[34m of [0m[33m49[0m[31m ]--[0m
   Rule Id: [34mBD000600[0m
       Tag: [34mSecurity.Backdoor.LOLBAS.Windows[0m
  Severity: [36mModerate[0m, Confidence: [36mLow[0m
  Filename: [33m/jq-1.8.0/tests/jq_old_tests.py[0m
   Pattern: [32m\s(advpack\.dll|appvlp|at|atbroker|bash|bginfo|bitsadmin|cdb|certutil|cl_invocation\.ps1|cl_mutexverifiers\.ps1|cmd|cmdkey|cmstp|comsvcs\.dll|control|csc|cscript|csi|devtoolslauncher|dfsvc|diskshadow|dnscmd|dnx|dotnet|dxcap|esentutl|eventvwr|excel|expand|extexport|extrac32|findstr|forfiles|ftp|gfxdownloadwrapper|gpscript|hh|ie4uinit|ieadvpack\.dll|ieaframe\.dll|ic|infdefaultinstall|installutil|jsc|makecab|manage-bde\.wsf|mavinject|mftrace|microsoft\.workflow\.compiler|mmc|msbuild|msconfig|msdeploy|msdt|mshta|mshtml\.dll|msc|msxsl|netsh|odbcconf|pcalua|pcwrun|pcwutl\.dll|pester\.bat|powerpnt|presentationhost|pubprn\.vbs|rcsi|reg|regasm|regedit|register-cimprovider|regsvcs|regsvr32|rpcping|rundll32|runonce|runscripthelper|sc|schtasks|scriptrunner|setupapi\.dll|shdocvw\.dll|shell32\.dll|slmgr\.vbs|sqldumper|sqlps|sqltoolsps|squirrel|syncappvpublishingserver|syncappvpublishingserver\.vbs|syssetup\.dll|te|tracker|tttracer|update|url\.dll|verclsid|vsjitdebugger|wab|winrm\.vbs|winword|wmic|wscript|wsl|wsreset|xwizard|zipfldr\.dll)\s[0m
[30;1m82 | [0m[35m            # jq 1.6 -win[0m
[30;1m83 | [0m[35m            "jq: error: syntax error, unexpected INVALID_CHARACTER, expecting $end (Windows cmd shel[0m
[30;1m84 | [0m[35m            # jq 1.7 -win[0m
[30;1m85 | [0m[35m            "jq: error: syntax error, unexpected INVALID_CHARACTER, expecting end of file (Windows c[0m
[30;1m86 | [0m[35m        ][0m
[30;1m87 | [0m[35m        assert str(error) in expected_error_strs[0m
[30;1m88 | [0m[35m[0m

[31m--[ [0m[34mMatch #[0m[33m31[0m[34m of [0m[33m49[0m[31m ]--[0m
   Rule Id: [34mBD000600[0m
       Tag: [34mSecurity.Backdoor.LOLBAS.Windows[0m
  Severity: [36mModerate[0m, Confidence: [36mLow[0m
  Filename: [33m/jq-1.8.0/tests/jq_old_tests.py[0m
   Pattern: [32m\s(advpack\.dll|appvlp|at|atbroker|bash|bginfo|bitsadmin|cdb|certutil|cl_invocation\.ps1|cl_mutexverifiers\.ps1|cmd|cmdkey|cmstp|comsvcs\.dll|control|csc|cscript|csi|devtoolslauncher|dfsvc|diskshadow|dnscmd|dnx|dotnet|dxcap|esentutl|eventvwr|excel|expand|extexport|extrac32|findstr|forfiles|ftp|gfxdownloadwrapper|gpscript|hh|ie4uinit|ieadvpack\.dll|ieaframe\.dll|ic|infdefaultinstall|installutil|jsc|makecab|manage-bde\.wsf|mavinject|mftrace|microsoft\.workflow\.compiler|mmc|msbuild|msconfig|msdeploy|msdt|mshta|mshtml\.dll|msc|msxsl|netsh|odbcconf|pcalua|pcwrun|pcwutl\.dll|pester\.bat|powerpnt|presentationhost|pubprn\.vbs|rcsi|reg|regasm|regedit|register-cimprovider|regsvcs|regsvr32|rpcping|rundll32|runonce|runscripthelper|sc|schtasks|scriptrunner|setupapi\.dll|shdocvw\.dll|shell32\.dll|slmgr\.vbs|sqldumper|sqlps|sqltoolsps|squirrel|syncappvpublishingserver|syncappvpublishingserver\.vbs|syssetup\.dll|te|tracker|tttracer|update|url\.dll|verclsid|vsjitdebugger|wab|winrm\.vbs|winword|wmic|wscript|wsl|wsreset|xwizard|zipfldr\.dll)\s[0m
[30;1m80 | [0m[35m            # jq 1.7[0m
[30;1m81 | [0m[35m            "jq: error: syntax error, unexpected INVALID_CHARACTER, expecting end of file (Unix shel[0m
[30;1m82 | [0m[35m            # jq 1.6 -win[0m
[30;1m83 | [0m[35m            "jq: error: syntax error, unexpected INVALID_CHARACTER, expecting $end (Windows cmd shel[0m
[30;1m84 | [0m[35m            # jq 1.7 -win[0m
[30;1m85 | [0m[35m            "jq: error: syntax error, unexpected INVALID_CHARACTER, expecting end of file (Windows c[0m
[30;1m86 | [0m[35m        ][0m

[31m--[ [0m[34mMatch #[0m[33m32[0m[34m of [0m[33m49[0m[31m ]--[0m
   Rule Id: [34mBD000600[0m
       Tag: [34mSecurity.Backdoor.LOLBAS.Windows[0m
  Severity: [36mModerate[0m, Confidence: [36mLow[0m
  Filename: [33m/jq-1.8.0/tests/jq_old_tests.py[0m
   Pattern: [32m\s(advpack\.dll|appvlp|at|atbroker|bash|bginfo|bitsadmin|cdb|certutil|cl_invocation\.ps1|cl_mutexverifiers\.ps1|cmd|cmdkey|cmstp|comsvcs\.dll|control|csc|cscript|csi|devtoolslauncher|dfsvc|diskshadow|dnscmd|dnx|dotnet|dxcap|esentutl|eventvwr|excel|expand|extexport|extrac32|findstr|forfiles|ftp|gfxdownloadwrapper|gpscript|hh|ie4uinit|ieadvpack\.dll|ieaframe\.dll|ic|infdefaultinstall|installutil|jsc|makecab|manage-bde\.wsf|mavinject|mftrace|microsoft\.workflow\.compiler|mmc|msbuild|msconfig|msdeploy|msdt|mshta|mshtml\.dll|msc|msxsl|netsh|odbcconf|pcalua|pcwrun|pcwutl\.dll|pester\.bat|powerpnt|presentationhost|pubprn\.vbs|rcsi|reg|regasm|regedit|register-cimprovider|regsvcs|regsvr32|rpcping|rundll32|runonce|runscripthelper|sc|schtasks|scriptrunner|setupapi\.dll|shdocvw\.dll|shell32\.dll|slmgr\.vbs|sqldumper|sqlps|sqltoolsps|squirrel|syncappvpublishingserver|syncappvpublishingserver\.vbs|syssetup\.dll|te|tracker|tttracer|update|url\.dll|verclsid|vsjitdebugger|wab|winrm\.vbs|winword|wmic|wscript|wsl|wsreset|xwizard|zipfldr\.dll)\s[0m
[30;1m80 | [0m[35m            # jq 1.7[0m
[30;1m81 | [0m[35m            "jq: error: syntax error, unexpected INVALID_CHARACTER, expecting end of file (Unix shel[0m
[30;1m82 | [0m[35m            # jq 1.6 -win[0m
[30;1m83 | [0m[35m            "jq: error: syntax error, unexpected INVALID_CHARACTER, expecting $end (Windows cmd shel[0m
[30;1m84 | [0m[35m            # jq 1.7 -win[0m
[30;1m85 | [0m[35m            "jq: error: syntax error, unexpected INVALID_CHARACTER, expecting end of file (Windows c[0m
[30;1m86 | [0m[35m        ][0m

[31m--[ [0m[34mMatch #[0m[33m33[0m[34m of [0m[33m49[0m[31m ]--[0m
   Rule Id: [34mBD000600[0m
       Tag: [34mSecurity.Backdoor.LOLBAS.Windows[0m
  Severity: [36mModerate[0m, Confidence: [36mLow[0m
  Filename: [33m/jq-1.8.0/tests/jq_old_tests.py[0m
   Pattern: [32m\s(advpack\.dll|appvlp|at|atbroker|bash|bginfo|bitsadmin|cdb|certutil|cl_invocation\.ps1|cl_mutexverifiers\.ps1|cmd|cmdkey|cmstp|comsvcs\.dll|control|csc|cscript|csi|devtoolslauncher|dfsvc|diskshadow|dnscmd|dnx|dotnet|dxcap|esentutl|eventvwr|excel|expand|extexport|extrac32|findstr|forfiles|ftp|gfxdownloadwrapper|gpscript|hh|ie4uinit|ieadvpack\.dll|ieaframe\.dll|ic|infdefaultinstall|installutil|jsc|makecab|manage-bde\.wsf|mavinject|mftrace|microsoft\.workflow\.compiler|mmc|msbuild|msconfig|msdeploy|msdt|mshta|mshtml\.dll|msc|msxsl|netsh|odbcconf|pcalua|pcwrun|pcwutl\.dll|pester\.bat|powerpnt|presentationhost|pubprn\.vbs|rcsi|reg|regasm|regedit|register-cimprovider|regsvcs|regsvr32|rpcping|rundll32|runonce|runscripthelper|sc|schtasks|scriptrunner|setupapi\.dll|shdocvw\.dll|shell32\.dll|slmgr\.vbs|sqldumper|sqlps|sqltoolsps|squirrel|syncappvpublishingserver|syncappvpublishingserver\.vbs|syssetup\.dll|te|tracker|tttracer|update|url\.dll|verclsid|vsjitdebugger|wab|winrm\.vbs|winword|wmic|wscript|wsl|wsreset|xwizard|zipfldr\.dll)\s[0m
[30;1m78 | [0m[35m            # jq 1.6[0m
[30;1m79 | [0m[35m            "jq: error: syntax error, unexpected INVALID_CHARACTER, expecting $end (Unix shell quoti[0m
[30;1m80 | [0m[35m            # jq 1.7[0m
[30;1m81 | [0m[35m            "jq: error: syntax error, unexpected INVALID_CHARACTER, expecting end of file (Unix shel[0m
[30;1m82 | [0m[35m            # jq 1.6 -win[0m
[30;1m83 | [0m[35m            "jq: error: syntax error, unexpected INVALID_CHARACTER, expecting $end (Windows cmd shel[0m
[30;1m84 | [0m[35m            # jq 1.7 -win[0m

[31m--[ [0m[34mMatch #[0m[33m34[0m[34m of [0m[33m49[0m[31m ]--[0m
   Rule Id: [34mBD000600[0m
       Tag: [34mSecurity.Backdoor.LOLBAS.Windows[0m
  Severity: [36mModerate[0m, Confidence: [36mLow[0m
  Filename: [33m/jq-1.8.0/tests/jq_old_tests.py[0m
   Pattern: [32m\s(advpack\.dll|appvlp|at|atbroker|bash|bginfo|bitsadmin|cdb|certutil|cl_invocation\.ps1|cl_mutexverifiers\.ps1|cmd|cmdkey|cmstp|comsvcs\.dll|control|csc|cscript|csi|devtoolslauncher|dfsvc|diskshadow|dnscmd|dnx|dotnet|dxcap|esentutl|eventvwr|excel|expand|extexport|extrac32|findstr|forfiles|ftp|gfxdownloadwrapper|gpscript|hh|ie4uinit|ieadvpack\.dll|ieaframe\.dll|ic|infdefaultinstall|installutil|jsc|makecab|manage-bde\.wsf|mavinject|mftrace|microsoft\.workflow\.compiler|mmc|msbuild|msconfig|msdeploy|msdt|mshta|mshtml\.dll|msc|msxsl|netsh|odbcconf|pcalua|pcwrun|pcwutl\.dll|pester\.bat|powerpnt|presentationhost|pubprn\.vbs|rcsi|reg|regasm|regedit|register-cimprovider|regsvcs|regsvr32|rpcping|rundll32|runonce|runscripthelper|sc|schtasks|scriptrunner|setupapi\.dll|shdocvw\.dll|shell32\.dll|slmgr\.vbs|sqldumper|sqlps|sqltoolsps|squirrel|syncappvpublishingserver|syncappvpublishingserver\.vbs|syssetup\.dll|te|tracker|tttracer|update|url\.dll|verclsid|vsjitdebugger|wab|winrm\.vbs|winword|wmic|wscript|wsl|wsreset|xwizard|zipfldr\.dll)\s[0m
[30;1m76 | [0m[35m    except ValueError as error:[0m
[30;1m77 | [0m[35m        expected_error_strs = [[0m
[30;1m78 | [0m[35m            # jq 1.6[0m
[30;1m79 | [0m[35m            "jq: error: syntax error, unexpected INVALID_CHARACTER, expecting $end (Unix shell quoti[0m
[30;1m80 | [0m[35m            # jq 1.7[0m
[30;1m81 | [0m[35m            "jq: error: syntax error, unexpected INVALID_CHARACTER, expecting end of file (Unix shel[0m
[30;1m82 | [0m[35m            # jq 1.6 -win[0m

[31m--[ [0m[34mMatch #[0m[33m35[0m[34m of [0m[33m49[0m[31m ]--[0m
   Rule Id: [34mBD000610[0m
       Tag: [34mSecurity.Backdoor.LOLBAS.Linux[0m
  Severity: [36mModerate[0m, Confidence: [36mLow[0m
  Filename: [33m/jq-1.8.0/jq.egg-info/PKG-INFO[0m
   Pattern: [32m\s(apt|apt\-get|aria2c|arp|ash|awk|base64|bash|bpftrace|busybox|cat|chmod|chown|cp|cpan|cpulimit|crontab|csh|curl|cut|dash|dd|diff|dmesg|dmsetup|dnf|docker|dpkg|easy_install|ed|emacs|env|expand|expect|facter|find|finger|flock|fmt|ftp|gawk|gdb|gimp|git|grep|head|iftop|ionice|ip|irb|jjs|journalctl|jrunscript|ksh|ld\.so|ldconfig|logsave|ltrace|lua|mail|mawk|mount|mtr|mv|mysql|nano|nawk|nc|nice|nl|nmap|node|od|openssl|perl|pg|php|pic|pico|pip|puppet|readelf|red|rlogin|rlwrap|rpm|rpmquery|rsync|ruby|run\-mailcap|run\-parts|rvim|scp|screen|script|sed|service|setarch|sftp|shuf|smbclient|socat|sort|sqlite3|ssh|start\-stop\-daemon|stdbuf|strace|systemctl|tail|tar|taskset|tclsh|tcpdump|tee|telnet|tftp|time|timeout|tmux|top|ul|unexpand|uniq|unshare|vi|vim|watch|wget|whois|wish|xargs|xxd|yum|zsh|zypper)\s[0m
[30;1m71 | [0m[35m.. code-block:: sh[0m
[30;1m72 | [0m[35m[0m
[30;1m73 | [0m[35m    yum groupinstall "Development Tools"[0m
[30;1m74 | [0m[35m    yum install autoconf automake libtool python python-devel[0m
[30;1m75 | [0m[35m[0m
[30;1m76 | [0m[35mMac OS X[0m
[30;1m77 | [0m[35m~~~~~~~~[0m

[31m--[ [0m[34mMatch #[0m[33m36[0m[34m of [0m[33m49[0m[31m ]--[0m
   Rule Id: [34mBD000610[0m
       Tag: [34mSecurity.Backdoor.LOLBAS.Linux[0m
  Severity: [36mModerate[0m, Confidence: [36mLow[0m
  Filename: [33m/jq-1.8.0/jq.egg-info/PKG-INFO[0m
   Pattern: [32m\s(apt|apt\-get|aria2c|arp|ash|awk|base64|bash|bpftrace|busybox|cat|chmod|chown|cp|cpan|cpulimit|crontab|csh|curl|cut|dash|dd|diff|dmesg|dmsetup|dnf|docker|dpkg|easy_install|ed|emacs|env|expand|expect|facter|find|finger|flock|fmt|ftp|gawk|gdb|gimp|git|grep|head|iftop|ionice|ip|irb|jjs|journalctl|jrunscript|ksh|ld\.so|ldconfig|logsave|ltrace|lua|mail|mawk|mount|mtr|mv|mysql|nano|nawk|nc|nice|nl|nmap|node|od|openssl|perl|pg|php|pic|pico|pip|puppet|readelf|red|rlogin|rlwrap|rpm|rpmquery|rsync|ruby|run\-mailcap|run\-parts|rvim|scp|screen|script|sed|service|setarch|sftp|shuf|smbclient|socat|sort|sqlite3|ssh|start\-stop\-daemon|stdbuf|strace|systemctl|tail|tar|taskset|tclsh|tcpdump|tee|telnet|tftp|time|timeout|tmux|top|ul|unexpand|uniq|unshare|vi|vim|watch|wget|whois|wish|xargs|xxd|yum|zsh|zypper)\s[0m
[30;1m70 | [0m[35m[0m
[30;1m71 | [0m[35m.. code-block:: sh[0m
[30;1m72 | [0m[35m[0m
[30;1m73 | [0m[35m    yum groupinstall "Development Tools"[0m
[30;1m74 | [0m[35m    yum install autoconf automake libtool python python-devel[0m
[30;1m75 | [0m[35m[0m
[30;1m76 | [0m[35mMac OS X[0m

[31m--[ [0m[34mMatch #[0m[33m37[0m[34m of [0m[33m49[0m[31m ]--[0m
   Rule Id: [34mBD000610[0m
       Tag: [34mSecurity.Backdoor.LOLBAS.Linux[0m
  Severity: [36mModerate[0m, Confidence: [36mLow[0m
  Filename: [33m/jq-1.8.0/jq.egg-info/PKG-INFO[0m
   Pattern: [32m\s(apt|apt\-get|aria2c|arp|ash|awk|base64|bash|bpftrace|busybox|cat|chmod|chown|cp|cpan|cpulimit|crontab|csh|curl|cut|dash|dd|diff|dmesg|dmsetup|dnf|docker|dpkg|easy_install|ed|emacs|env|expand|expect|facter|find|finger|flock|fmt|ftp|gawk|gdb|gimp|git|grep|head|iftop|ionice|ip|irb|jjs|journalctl|jrunscript|ksh|ld\.so|ldconfig|logsave|ltrace|lua|mail|mawk|mount|mtr|mv|mysql|nano|nawk|nc|nice|nl|nmap|node|od|openssl|perl|pg|php|pic|pico|pip|puppet|readelf|red|rlogin|rlwrap|rpm|rpmquery|rsync|ruby|run\-mailcap|run\-parts|rvim|scp|screen|script|sed|service|setarch|sftp|shuf|smbclient|socat|sort|sqlite3|ssh|start\-stop\-daemon|stdbuf|strace|systemctl|tail|tar|taskset|tclsh|tcpdump|tee|telnet|tftp|time|timeout|tmux|top|ul|unexpand|uniq|unshare|vi|vim|watch|wget|whois|wish|xargs|xxd|yum|zsh|zypper)\s[0m
[30;1m66 | [0m[35mRed Hat, Fedora, CentOS or relatives[0m
[30;1m67 | [0m[35m~~~~~~~~~~~~~~~~~~~~~~~~~~~~~~~~~~~~[0m
[30;1m68 | [0m[35m[0m
[30;1m69 | [0m[35mIf on Red Hat, Fedora, CentOS, or relatives, running the following command should be sufficient:[0m
[30;1m70 | [0m[35m[0m
[30;1m71 | [0m[35m.. code-block:: sh[0m
[30;1m72 | [0m[35m[0m

[31m--[ [0m[34mMatch #[0m[33m38[0m[34m of [0m[33m49[0m[31m ]--[0m
   Rule Id: [34mBD000610[0m
       Tag: [34mSecurity.Backdoor.LOLBAS.Linux[0m
  Severity: [36mModerate[0m, Confidence: [36mLow[0m
  Filename: [33m/jq-1.8.0/jq.egg-info/PKG-INFO[0m
   Pattern: [32m\s(apt|apt\-get|aria2c|arp|ash|awk|base64|bash|bpftrace|busybox|cat|chmod|chown|cp|cpan|cpulimit|crontab|csh|curl|cut|dash|dd|diff|dmesg|dmsetup|dnf|docker|dpkg|easy_install|ed|emacs|env|expand|expect|facter|find|finger|flock|fmt|ftp|gawk|gdb|gimp|git|grep|head|iftop|ionice|ip|irb|jjs|journalctl|jrunscript|ksh|ld\.so|ldconfig|logsave|ltrace|lua|mail|mawk|mount|mtr|mv|mysql|nano|nawk|nc|nice|nl|nmap|node|od|openssl|perl|pg|php|pic|pico|pip|puppet|readelf|red|rlogin|rlwrap|rpm|rpmquery|rsync|ruby|run\-mailcap|run\-parts|rvim|scp|screen|script|sed|service|setarch|sftp|shuf|smbclient|socat|sort|sqlite3|ssh|start\-stop\-daemon|stdbuf|strace|systemctl|tail|tar|taskset|tclsh|tcpdump|tee|telnet|tftp|time|timeout|tmux|top|ul|unexpand|uniq|unshare|vi|vim|watch|wget|whois|wish|xargs|xxd|yum|zsh|zypper)\s[0m
[30;1m64 | [0m[35m.. code-block:: sh[0m
[30;1m65 | [0m[35m[0m
[30;1m66 | [0m[35m    apt-get install autoconf automake build-essential libtool python-dev[0m
[30;1m67 | [0m[35m[0m
[30;1m68 | [0m[35mRed Hat, Fedora, CentOS or relatives[0m
[30;1m69 | [0m[35m~~~~~~~~~~~~~~~~~~~~~~~~~~~~~~~~~~~~[0m
[30;1m70 | [0m[35m[0m
[30;1m71 | [0m[35mIf on Red Hat, Fedora, CentOS, or relatives, running the following command should be sufficient:[0m

[31m--[ [0m[34mMatch #[0m[33m39[0m[34m of [0m[33m49[0m[31m ]--[0m
   Rule Id: [34mBD000610[0m
       Tag: [34mSecurity.Backdoor.LOLBAS.Linux[0m
  Severity: [36mModerate[0m, Confidence: [36mLow[0m
  Filename: [33m/jq-1.8.0/jq.egg-info/PKG-INFO[0m
   Pattern: [32m\s(apt|apt\-get|aria2c|arp|ash|awk|base64|bash|bpftrace|busybox|cat|chmod|chown|cp|cpan|cpulimit|crontab|csh|curl|cut|dash|dd|diff|dmesg|dmsetup|dnf|docker|dpkg|easy_install|ed|emacs|env|expand|expect|facter|find|finger|flock|fmt|ftp|gawk|gdb|gimp|git|grep|head|iftop|ionice|ip|irb|jjs|journalctl|jrunscript|ksh|ld\.so|ldconfig|logsave|ltrace|lua|mail|mawk|mount|mtr|mv|mysql|nano|nawk|nc|nice|nl|nmap|node|od|openssl|perl|pg|php|pic|pico|pip|puppet|readelf|red|rlogin|rlwrap|rpm|rpmquery|rsync|ruby|run\-mailcap|run\-parts|rvim|scp|screen|script|sed|service|setarch|sftp|shuf|smbclient|socat|sort|sqlite3|ssh|start\-stop\-daemon|stdbuf|strace|systemctl|tail|tar|taskset|tclsh|tcpdump|tee|telnet|tftp|time|timeout|tmux|top|ul|unexpand|uniq|unshare|vi|vim|watch|wget|whois|wish|xargs|xxd|yum|zsh|zypper)\s[0m
[30;1m61 | [0m[35m[0m
[30;1m62 | [0m[35m.. code-block:: sh[0m
[30;1m63 | [0m[35m[0m
[30;1m64 | [0m[35m    apt-get install autoconf automake build-essential libtool python-dev[0m
[30;1m65 | [0m[35m[0m
[30;1m66 | [0m[35mRed Hat, Fedora, CentOS or relatives[0m
[30;1m67 | [0m[35m~~~~~~~~~~~~~~~~~~~~~~~~~~~~~~~~~~~~[0m

[31m--[ [0m[34mMatch #[0m[33m40[0m[34m of [0m[33m49[0m[31m ]--[0m
   Rule Id: [34mBD000610[0m
       Tag: [34mSecurity.Backdoor.LOLBAS.Linux[0m
  Severity: [36mModerate[0m, Confidence: [36mLow[0m
  Filename: [33m/jq-1.8.0/jq.egg-info/PKG-INFO[0m
   Pattern: [32m\s(apt|apt\-get|aria2c|arp|ash|awk|base64|bash|bpftrace|busybox|cat|chmod|chown|cp|cpan|cpulimit|crontab|csh|curl|cut|dash|dd|diff|dmesg|dmsetup|dnf|docker|dpkg|easy_install|ed|emacs|env|expand|expect|facter|find|finger|flock|fmt|ftp|gawk|gdb|gimp|git|grep|head|iftop|ionice|ip|irb|jjs|journalctl|jrunscript|ksh|ld\.so|ldconfig|logsave|ltrace|lua|mail|mawk|mount|mtr|mv|mysql|nano|nawk|nc|nice|nl|nmap|node|od|openssl|perl|pg|php|pic|pico|pip|puppet|readelf|red|rlogin|rlwrap|rpm|rpmquery|rsync|ruby|run\-mailcap|run\-parts|rvim|scp|screen|script|sed|service|setarch|sftp|shuf|smbclient|socat|sort|sqlite3|ssh|start\-stop\-daemon|stdbuf|strace|systemctl|tail|tar|taskset|tclsh|tcpdump|tee|telnet|tftp|time|timeout|tmux|top|ul|unexpand|uniq|unshare|vi|vim|watch|wget|whois|wish|xargs|xxd|yum|zsh|zypper)\s[0m
[30;1m37 | [0m[35m[0m
[30;1m38 | [0m[35m.. code-block:: sh[0m
[30;1m39 | [0m[35m[0m
[30;1m40 | [0m[35m    pip install jq[0m
[30;1m41 | [0m[35m[0m
[30;1m42 | [0m[35mIf a wheel is not available,[0m
[30;1m43 | [0m[35mthe source for jq 1.7.1 is built.[0m

[31m--[ [0m[34mMatch #[0m[33m41[0m[34m of [0m[33m49[0m[31m ]--[0m
   Rule Id: [34mBD000610[0m
       Tag: [34mSecurity.Backdoor.LOLBAS.Linux[0m
  Severity: [36mModerate[0m, Confidence: [36mLow[0m
  Filename: [33m/jq-1.8.0/jq.egg-info/PKG-INFO[0m
   Pattern: [32m\s(apt|apt\-get|aria2c|arp|ash|awk|base64|bash|bpftrace|busybox|cat|chmod|chown|cp|cpan|cpulimit|crontab|csh|curl|cut|dash|dd|diff|dmesg|dmsetup|dnf|docker|dpkg|easy_install|ed|emacs|env|expand|expect|facter|find|finger|flock|fmt|ftp|gawk|gdb|gimp|git|grep|head|iftop|ionice|ip|irb|jjs|journalctl|jrunscript|ksh|ld\.so|ldconfig|logsave|ltrace|lua|mail|mawk|mount|mtr|mv|mysql|nano|nawk|nc|nice|nl|nmap|node|od|openssl|perl|pg|php|pic|pico|pip|puppet|readelf|red|rlogin|rlwrap|rpm|rpmquery|rsync|ruby|run\-mailcap|run\-parts|rvim|scp|screen|script|sed|service|setarch|sftp|shuf|smbclient|socat|sort|sqlite3|ssh|start\-stop\-daemon|stdbuf|strace|systemctl|tail|tar|taskset|tclsh|tcpdump|tee|telnet|tftp|time|timeout|tmux|top|ul|unexpand|uniq|unshare|vi|vim|watch|wget|whois|wish|xargs|xxd|yum|zsh|zypper)\s[0m
[30;1m33 | [0m[35m------------[0m
[30;1m34 | [0m[35m[0m
[30;1m35 | [0m[35mWheels are built for various Python versions and architectures on Linux and Mac OS X.[0m
[30;1m36 | [0m[35mOn these platforms, you should be able to install jq with a normal pip install:[0m
[30;1m37 | [0m[35m[0m
[30;1m38 | [0m[35m.. code-block:: sh[0m
[30;1m39 | [0m[35m[0m

[31m--[ [0m[34mMatch #[0m[33m42[0m[34m of [0m[33m49[0m[31m ]--[0m
   Rule Id: [34mBD000700[0m
       Tag: [34mSecurity.Backdoor.DataExfiltration[0m
  Severity: [36mImportant[0m, Confidence: [36mLow[0m
  Filename: [33m/jq-1.8.0/setup.py[0m
   Pattern: [32m\.(request|post|get)\([0m
[30;1m79 | [0m[35m        tarfile.open(tarball_path, "r:gz").extractall(_dep_build_path("."))[0m
[30;1m80 | [0m[35m[0m
[30;1m81 | [0m[35m[0m
[30;1m82 | [0m[35muse_system_libs = bool(os.environ.get("JQPY_USE_SYSTEM_LIBS"))[0m
[30;1m83 | [0m[35m[0m
[30;1m84 | [0m[35m[0m
[30;1m85 | [0m[35mif use_system_libs:[0m

[31m--[ [0m[34mMatch #[0m[33m43[0m[34m of [0m[33m49[0m[31m ]--[0m
   Rule Id: [34mBD000610[0m
       Tag: [34mSecurity.Backdoor.LOLBAS.Linux[0m
  Severity: [36mModerate[0m, Confidence: [36mLow[0m
  Filename: [33m/jq-1.8.0/README.rst[0m
   Pattern: [32m\s(apt|apt\-get|aria2c|arp|ash|awk|base64|bash|bpftrace|busybox|cat|chmod|chown|cp|cpan|cpulimit|crontab|csh|curl|cut|dash|dd|diff|dmesg|dmsetup|dnf|docker|dpkg|easy_install|ed|emacs|env|expand|expect|facter|find|finger|flock|fmt|ftp|gawk|gdb|gimp|git|grep|head|iftop|ionice|ip|irb|jjs|journalctl|jrunscript|ksh|ld\.so|ldconfig|logsave|ltrace|lua|mail|mawk|mount|mtr|mv|mysql|nano|nawk|nc|nice|nl|nmap|node|od|openssl|perl|pg|php|pic|pico|pip|puppet|readelf|red|rlogin|rlwrap|rpm|rpmquery|rsync|ruby|run\-mailcap|run\-parts|rvim|scp|screen|script|sed|service|setarch|sftp|shuf|smbclient|socat|sort|sqlite3|ssh|start\-stop\-daemon|stdbuf|strace|systemctl|tail|tar|taskset|tclsh|tcpdump|tee|telnet|tftp|time|timeout|tmux|top|ul|unexpand|uniq|unshare|vi|vim|watch|wget|whois|wish|xargs|xxd|yum|zsh|zypper)\s[0m
[30;1m46 | [0m[35m.. code-block:: sh[0m
[30;1m47 | [0m[35m[0m
[30;1m48 | [0m[35m    yum groupinstall "Development Tools"[0m
[30;1m49 | [0m[35m    yum install autoconf automake libtool python python-devel[0m
[30;1m50 | [0m[35m[0m
[30;1m51 | [0m[35mMac OS X[0m
[30;1m52 | [0m[35m~~~~~~~~[0m

[31m--[ [0m[34mMatch #[0m[33m44[0m[34m of [0m[33m49[0m[31m ]--[0m
   Rule Id: [34mBD000610[0m
       Tag: [34mSecurity.Backdoor.LOLBAS.Linux[0m
  Severity: [36mModerate[0m, Confidence: [36mLow[0m
  Filename: [33m/jq-1.8.0/README.rst[0m
   Pattern: [32m\s(apt|apt\-get|aria2c|arp|ash|awk|base64|bash|bpftrace|busybox|cat|chmod|chown|cp|cpan|cpulimit|crontab|csh|curl|cut|dash|dd|diff|dmesg|dmsetup|dnf|docker|dpkg|easy_install|ed|emacs|env|expand|expect|facter|find|finger|flock|fmt|ftp|gawk|gdb|gimp|git|grep|head|iftop|ionice|ip|irb|jjs|journalctl|jrunscript|ksh|ld\.so|ldconfig|logsave|ltrace|lua|mail|mawk|mount|mtr|mv|mysql|nano|nawk|nc|nice|nl|nmap|node|od|openssl|perl|pg|php|pic|pico|pip|puppet|readelf|red|rlogin|rlwrap|rpm|rpmquery|rsync|ruby|run\-mailcap|run\-parts|rvim|scp|screen|script|sed|service|setarch|sftp|shuf|smbclient|socat|sort|sqlite3|ssh|start\-stop\-daemon|stdbuf|strace|systemctl|tail|tar|taskset|tclsh|tcpdump|tee|telnet|tftp|time|timeout|tmux|top|ul|unexpand|uniq|unshare|vi|vim|watch|wget|whois|wish|xargs|xxd|yum|zsh|zypper)\s[0m
[30;1m45 | [0m[35m[0m
[30;1m46 | [0m[35m.. code-block:: sh[0m
[30;1m47 | [0m[35m[0m
[30;1m48 | [0m[35m    yum groupinstall "Development Tools"[0m
[30;1m49 | [0m[35m    yum install autoconf automake libtool python python-devel[0m
[30;1m50 | [0m[35m[0m
[30;1m51 | [0m[35mMac OS X[0m

[31m--[ [0m[34mMatch #[0m[33m45[0m[34m of [0m[33m49[0m[31m ]--[0m
   Rule Id: [34mBD000610[0m
       Tag: [34mSecurity.Backdoor.LOLBAS.Linux[0m
  Severity: [36mModerate[0m, Confidence: [36mLow[0m
  Filename: [33m/jq-1.8.0/README.rst[0m
   Pattern: [32m\s(apt|apt\-get|aria2c|arp|ash|awk|base64|bash|bpftrace|busybox|cat|chmod|chown|cp|cpan|cpulimit|crontab|csh|curl|cut|dash|dd|diff|dmesg|dmsetup|dnf|docker|dpkg|easy_install|ed|emacs|env|expand|expect|facter|find|finger|flock|fmt|ftp|gawk|gdb|gimp|git|grep|head|iftop|ionice|ip|irb|jjs|journalctl|jrunscript|ksh|ld\.so|ldconfig|logsave|ltrace|lua|mail|mawk|mount|mtr|mv|mysql|nano|nawk|nc|nice|nl|nmap|node|od|openssl|perl|pg|php|pic|pico|pip|puppet|readelf|red|rlogin|rlwrap|rpm|rpmquery|rsync|ruby|run\-mailcap|run\-parts|rvim|scp|screen|script|sed|service|setarch|sftp|shuf|smbclient|socat|sort|sqlite3|ssh|start\-stop\-daemon|stdbuf|strace|systemctl|tail|tar|taskset|tclsh|tcpdump|tee|telnet|tftp|time|timeout|tmux|top|ul|unexpand|uniq|unshare|vi|vim|watch|wget|whois|wish|xargs|xxd|yum|zsh|zypper)\s[0m
[30;1m41 | [0m[35mRed Hat, Fedora, CentOS or relatives[0m
[30;1m42 | [0m[35m~~~~~~~~~~~~~~~~~~~~~~~~~~~~~~~~~~~~[0m
[30;1m43 | [0m[35m[0m
[30;1m44 | [0m[35mIf on Red Hat, Fedora, CentOS, or relatives, running the following command should be sufficient:[0m
[30;1m45 | [0m[35m[0m
[30;1m46 | [0m[35m.. code-block:: sh[0m
[30;1m47 | [0m[35m[0m

[31m--[ [0m[34mMatch #[0m[33m46[0m[34m of [0m[33m49[0m[31m ]--[0m
   Rule Id: [34mBD000610[0m
       Tag: [34mSecurity.Backdoor.LOLBAS.Linux[0m
  Severity: [36mModerate[0m, Confidence: [36mLow[0m
  Filename: [33m/jq-1.8.0/README.rst[0m
   Pattern: [32m\s(apt|apt\-get|aria2c|arp|ash|awk|base64|bash|bpftrace|busybox|cat|chmod|chown|cp|cpan|cpulimit|crontab|csh|curl|cut|dash|dd|diff|dmesg|dmsetup|dnf|docker|dpkg|easy_install|ed|emacs|env|expand|expect|facter|find|finger|flock|fmt|ftp|gawk|gdb|gimp|git|grep|head|iftop|ionice|ip|irb|jjs|journalctl|jrunscript|ksh|ld\.so|ldconfig|logsave|ltrace|lua|mail|mawk|mount|mtr|mv|mysql|nano|nawk|nc|nice|nl|nmap|node|od|openssl|perl|pg|php|pic|pico|pip|puppet|readelf|red|rlogin|rlwrap|rpm|rpmquery|rsync|ruby|run\-mailcap|run\-parts|rvim|scp|screen|script|sed|service|setarch|sftp|shuf|smbclient|socat|sort|sqlite3|ssh|start\-stop\-daemon|stdbuf|strace|systemctl|tail|tar|taskset|tclsh|tcpdump|tee|telnet|tftp|time|timeout|tmux|top|ul|unexpand|uniq|unshare|vi|vim|watch|wget|whois|wish|xargs|xxd|yum|zsh|zypper)\s[0m
[30;1m39 | [0m[35m.. code-block:: sh[0m
[30;1m40 | [0m[35m[0m
[30;1m41 | [0m[35m    apt-get install autoconf automake build-essential libtool python-dev[0m
[30;1m42 | [0m[35m[0m
[30;1m43 | [0m[35mRed Hat, Fedora, CentOS or relatives[0m
[30;1m44 | [0m[35m~~~~~~~~~~~~~~~~~~~~~~~~~~~~~~~~~~~~[0m
[30;1m45 | [0m[35m[0m
[30;1m46 | [0m[35mIf on Red Hat, Fedora, CentOS, or relatives, running the following command should be sufficient:[0m

[31m--[ [0m[34mMatch #[0m[33m47[0m[34m of [0m[33m49[0m[31m ]--[0m
   Rule Id: [34mBD000610[0m
       Tag: [34mSecurity.Backdoor.LOLBAS.Linux[0m
  Severity: [36mModerate[0m, Confidence: [36mLow[0m
  Filename: [33m/jq-1.8.0/README.rst[0m
   Pattern: [32m\s(apt|apt\-get|aria2c|arp|ash|awk|base64|bash|bpftrace|busybox|cat|chmod|chown|cp|cpan|cpulimit|crontab|csh|curl|cut|dash|dd|diff|dmesg|dmsetup|dnf|docker|dpkg|easy_install|ed|emacs|env|expand|expect|facter|find|finger|flock|fmt|ftp|gawk|gdb|gimp|git|grep|head|iftop|ionice|ip|irb|jjs|journalctl|jrunscript|ksh|ld\.so|ldconfig|logsave|ltrace|lua|mail|mawk|mount|mtr|mv|mysql|nano|nawk|nc|nice|nl|nmap|node|od|openssl|perl|pg|php|pic|pico|pip|puppet|readelf|red|rlogin|rlwrap|rpm|rpmquery|rsync|ruby|run\-mailcap|run\-parts|rvim|scp|screen|script|sed|service|setarch|sftp|shuf|smbclient|socat|sort|sqlite3|ssh|start\-stop\-daemon|stdbuf|strace|systemctl|tail|tar|taskset|tclsh|tcpdump|tee|telnet|tftp|time|timeout|tmux|top|ul|unexpand|uniq|unshare|vi|vim|watch|wget|whois|wish|xargs|xxd|yum|zsh|zypper)\s[0m
[30;1m36 | [0m[35m[0m
[30;1m37 | [0m[35m.. code-block:: sh[0m
[30;1m38 | [0m[35m[0m
[30;1m39 | [0m[35m    apt-get install autoconf automake build-essential libtool python-dev[0m
[30;1m40 | [0m[35m[0m
[30;1m41 | [0m[35mRed Hat, Fedora, CentOS or relatives[0m
[30;1m42 | [0m[35m~~~~~~~~~~~~~~~~~~~~~~~~~~~~~~~~~~~~[0m

[31m--[ [0m[34mMatch #[0m[33m48[0m[34m of [0m[33m49[0m[31m ]--[0m
   Rule Id: [34mBD000610[0m
       Tag: [34mSecurity.Backdoor.LOLBAS.Linux[0m
  Severity: [36mModerate[0m, Confidence: [36mLow[0m
  Filename: [33m/jq-1.8.0/README.rst[0m
   Pattern: [32m\s(apt|apt\-get|aria2c|arp|ash|awk|base64|bash|bpftrace|busybox|cat|chmod|chown|cp|cpan|cpulimit|crontab|csh|curl|cut|dash|dd|diff|dmesg|dmsetup|dnf|docker|dpkg|easy_install|ed|emacs|env|expand|expect|facter|find|finger|flock|fmt|ftp|gawk|gdb|gimp|git|grep|head|iftop|ionice|ip|irb|jjs|journalctl|jrunscript|ksh|ld\.so|ldconfig|logsave|ltrace|lua|mail|mawk|mount|mtr|mv|mysql|nano|nawk|nc|nice|nl|nmap|node|od|openssl|perl|pg|php|pic|pico|pip|puppet|readelf|red|rlogin|rlwrap|rpm|rpmquery|rsync|ruby|run\-mailcap|run\-parts|rvim|scp|screen|script|sed|service|setarch|sftp|shuf|smbclient|socat|sort|sqlite3|ssh|start\-stop\-daemon|stdbuf|strace|systemctl|tail|tar|taskset|tclsh|tcpdump|tee|telnet|tftp|time|timeout|tmux|top|ul|unexpand|uniq|unshare|vi|vim|watch|wget|whois|wish|xargs|xxd|yum|zsh|zypper)\s[0m
[30;1m12 | [0m[35m[0m
[30;1m13 | [0m[35m.. code-block:: sh[0m
[30;1m14 | [0m[35m[0m
[30;1m15 | [0m[35m    pip install jq[0m
[30;1m16 | [0m[35m[0m
[30;1m17 | [0m[35mIf a wheel is not available,[0m
[30;1m18 | [0m[35mthe source for jq 1.7.1 is built.[0m

[31m--[ [0m[34mMatch #[0m[33m49[0m[34m of [0m[33m49[0m[31m ]--[0m
   Rule Id: [34mBD000610[0m
       Tag: [34mSecurity.Backdoor.LOLBAS.Linux[0m
  Severity: [36mModerate[0m, Confidence: [36mLow[0m
  Filename: [33m/jq-1.8.0/README.rst[0m
   Pattern: [32m\s(apt|apt\-get|aria2c|arp|ash|awk|base64|bash|bpftrace|busybox|cat|chmod|chown|cp|cpan|cpulimit|crontab|csh|curl|cut|dash|dd|diff|dmesg|dmsetup|dnf|docker|dpkg|easy_install|ed|emacs|env|expand|expect|facter|find|finger|flock|fmt|ftp|gawk|gdb|gimp|git|grep|head|iftop|ionice|ip|irb|jjs|journalctl|jrunscript|ksh|ld\.so|ldconfig|logsave|ltrace|lua|mail|mawk|mount|mtr|mv|mysql|nano|nawk|nc|nice|nl|nmap|node|od|openssl|perl|pg|php|pic|pico|pip|puppet|readelf|red|rlogin|rlwrap|rpm|rpmquery|rsync|ruby|run\-mailcap|run\-parts|rvim|scp|screen|script|sed|service|setarch|sftp|shuf|smbclient|socat|sort|sqlite3|ssh|start\-stop\-daemon|stdbuf|strace|systemctl|tail|tar|taskset|tclsh|tcpdump|tee|telnet|tftp|time|timeout|tmux|top|ul|unexpand|uniq|unshare|vi|vim|watch|wget|whois|wish|xargs|xxd|yum|zsh|zypper)\s[0m
[30;1m8 | [0m[35m------------[0m
[30;1m9 | [0m[35m[0m
[30;1m10 | [0m[35mWheels are built for various Python versions and architectures on Linux and Mac OS X.[0m
[30;1m11 | [0m[35mOn these platforms, you should be able to install jq with a normal pip install:[0m
[30;1m12 | [0m[35m[0m
[30;1m13 | [0m[35m.. code-block:: sh[0m
[30;1m14 | [0m[35m[0m

49 matches found.
