[31m--[ [0m[34mMatch #[0m[33m1[0m[34m of [0m[33m137[0m[31m ]--[0m
   Rule Id: [34mBD000700[0m
       Tag: [34mSecurity.Backdoor.DataExfiltration[0m
  Severity: [36mImportant[0m, Confidence: [36mLow[0m
  Filename: [33m/pykwalify-1.8.0/pykwalify/core.py[0m
   Pattern: [32m\.(request|post|get)\([0m
[30;1m871 | [0m[35m            raise CoreError("Value: '{0}' must be a 'str' type for length check to work".format(valu[0m
[30;1m872 | [0m[35m[0m
[30;1m873 | [0m[35m        value_length = len(str(value))[0m
[30;1m874 | [0m[35m        max_, min_, max_ex, min_ex = rule.get('max'), rule.get('min'), rule.get('max-ex'), rule.get([0m
[30;1m875 | [0m[35m[0m
[30;1m876 | [0m[35m        log.debug([0m
[30;1m877 | [0m[35m            u"Validate length : %s : %s : %s : %s : %s : %s",[0m

[31m--[ [0m[34mMatch #[0m[33m2[0m[34m of [0m[33m137[0m[31m ]--[0m
   Rule Id: [34mBD000700[0m
       Tag: [34mSecurity.Backdoor.DataExfiltration[0m
  Severity: [36mImportant[0m, Confidence: [36mLow[0m
  Filename: [33m/pykwalify-1.8.0/pykwalify/core.py[0m
   Pattern: [32m\.(request|post|get)\([0m
[30;1m871 | [0m[35m            raise CoreError("Value: '{0}' must be a 'str' type for length check to work".format(valu[0m
[30;1m872 | [0m[35m[0m
[30;1m873 | [0m[35m        value_length = len(str(value))[0m
[30;1m874 | [0m[35m        max_, min_, max_ex, min_ex = rule.get('max'), rule.get('min'), rule.get('max-ex'), rule.get([0m
[30;1m875 | [0m[35m[0m
[30;1m876 | [0m[35m        log.debug([0m
[30;1m877 | [0m[35m            u"Validate length : %s : %s : %s : %s : %s : %s",[0m

[31m--[ [0m[34mMatch #[0m[33m3[0m[34m of [0m[33m137[0m[31m ]--[0m
   Rule Id: [34mBD000700[0m
       Tag: [34mSecurity.Backdoor.DataExfiltration[0m
  Severity: [36mImportant[0m, Confidence: [36mLow[0m
  Filename: [33m/pykwalify-1.8.0/pykwalify/core.py[0m
   Pattern: [32m\.(request|post|get)\([0m
[30;1m871 | [0m[35m            raise CoreError("Value: '{0}' must be a 'str' type for length check to work".format(valu[0m
[30;1m872 | [0m[35m[0m
[30;1m873 | [0m[35m        value_length = len(str(value))[0m
[30;1m874 | [0m[35m        max_, min_, max_ex, min_ex = rule.get('max'), rule.get('min'), rule.get('max-ex'), rule.get([0m
[30;1m875 | [0m[35m[0m
[30;1m876 | [0m[35m        log.debug([0m
[30;1m877 | [0m[35m            u"Validate length : %s : %s : %s : %s : %s : %s",[0m

[31m--[ [0m[34mMatch #[0m[33m4[0m[34m of [0m[33m137[0m[31m ]--[0m
   Rule Id: [34mBD000700[0m
       Tag: [34mSecurity.Backdoor.DataExfiltration[0m
  Severity: [36mImportant[0m, Confidence: [36mLow[0m
  Filename: [33m/pykwalify-1.8.0/pykwalify/core.py[0m
   Pattern: [32m\.(request|post|get)\([0m
[30;1m871 | [0m[35m            raise CoreError("Value: '{0}' must be a 'str' type for length check to work".format(valu[0m
[30;1m872 | [0m[35m[0m
[30;1m873 | [0m[35m        value_length = len(str(value))[0m
[30;1m874 | [0m[35m        max_, min_, max_ex, min_ex = rule.get('max'), rule.get('min'), rule.get('max-ex'), rule.get([0m
[30;1m875 | [0m[35m[0m
[30;1m876 | [0m[35m        log.debug([0m
[30;1m877 | [0m[35m            u"Validate length : %s : %s : %s : %s : %s : %s",[0m

[31m--[ [0m[34mMatch #[0m[33m5[0m[34m of [0m[33m137[0m[31m ]--[0m
   Rule Id: [34mBD000700[0m
       Tag: [34mSecurity.Backdoor.DataExfiltration[0m
  Severity: [36mImportant[0m, Confidence: [36mLow[0m
  Filename: [33m/pykwalify-1.8.0/pykwalify/core.py[0m
   Pattern: [32m\.(request|post|get)\([0m
[30;1m726 | [0m[35m                r.get("max"),[0m
[30;1m727 | [0m[35m                r.get("min"),[0m
[30;1m728 | [0m[35m                r.get("max-ex"),[0m
[30;1m729 | [0m[35m                r.get("min-ex"),[0m
[30;1m730 | [0m[35m                value,[0m
[30;1m731 | [0m[35m                path,[0m
[30;1m732 | [0m[35m                "scalar",[0m

[31m--[ [0m[34mMatch #[0m[33m6[0m[34m of [0m[33m137[0m[31m ]--[0m
   Rule Id: [34mBD000700[0m
       Tag: [34mSecurity.Backdoor.DataExfiltration[0m
  Severity: [36mImportant[0m, Confidence: [36mLow[0m
  Filename: [33m/pykwalify-1.8.0/pykwalify/core.py[0m
   Pattern: [32m\.(request|post|get)\([0m
[30;1m725 | [0m[35m            self._validate_range([0m
[30;1m726 | [0m[35m                r.get("max"),[0m
[30;1m727 | [0m[35m                r.get("min"),[0m
[30;1m728 | [0m[35m                r.get("max-ex"),[0m
[30;1m729 | [0m[35m                r.get("min-ex"),[0m
[30;1m730 | [0m[35m                value,[0m
[30;1m731 | [0m[35m                path,[0m

[31m--[ [0m[34mMatch #[0m[33m7[0m[34m of [0m[33m137[0m[31m ]--[0m
   Rule Id: [34mBD000700[0m
       Tag: [34mSecurity.Backdoor.DataExfiltration[0m
  Severity: [36mImportant[0m, Confidence: [36mLow[0m
  Filename: [33m/pykwalify-1.8.0/pykwalify/core.py[0m
   Pattern: [32m\.(request|post|get)\([0m
[30;1m724 | [0m[35m[0m
[30;1m725 | [0m[35m            self._validate_range([0m
[30;1m726 | [0m[35m                r.get("max"),[0m
[30;1m727 | [0m[35m                r.get("min"),[0m
[30;1m728 | [0m[35m                r.get("max-ex"),[0m
[30;1m729 | [0m[35m                r.get("min-ex"),[0m
[30;1m730 | [0m[35m                value,[0m

[31m--[ [0m[34mMatch #[0m[33m8[0m[34m of [0m[33m137[0m[31m ]--[0m
   Rule Id: [34mBD000700[0m
       Tag: [34mSecurity.Backdoor.DataExfiltration[0m
  Severity: [36mImportant[0m, Confidence: [36mLow[0m
  Filename: [33m/pykwalify-1.8.0/pykwalify/core.py[0m
   Pattern: [32m\.(request|post|get)\([0m
[30;1m723 | [0m[35m                pass[0m
[30;1m724 | [0m[35m[0m
[30;1m725 | [0m[35m            self._validate_range([0m
[30;1m726 | [0m[35m                r.get("max"),[0m
[30;1m727 | [0m[35m                r.get("min"),[0m
[30;1m728 | [0m[35m                r.get("max-ex"),[0m
[30;1m729 | [0m[35m                r.get("min-ex"),[0m

[31m--[ [0m[34mMatch #[0m[33m9[0m[34m of [0m[33m137[0m[31m ]--[0m
   Rule Id: [34mBD000700[0m
       Tag: [34mSecurity.Backdoor.DataExfiltration[0m
  Severity: [36mImportant[0m, Confidence: [36mLow[0m
  Filename: [33m/pykwalify-1.8.0/pykwalify/core.py[0m
   Pattern: [32m\.(request|post|get)\([0m
[30;1m590 | [0m[35m        for k, v in value.items():[0m
[30;1m591 | [0m[35m            # If no other case was a match, check if a default mapping is valid/present and use[0m
[30;1m592 | [0m[35m            # that one instead[0m
[30;1m593 | [0m[35m            r = m.get(k, m.get('='))[0m
[30;1m594 | [0m[35m            log.debug(u"  Mapping-value : %s", m)[0m
[30;1m595 | [0m[35m            log.debug(u"  Mapping-value : %s %s", k, v)[0m
[30;1m596 | [0m[35m            log.debug(u"  Mapping-value : %s", r)[0m

[31m--[ [0m[34mMatch #[0m[33m10[0m[34m of [0m[33m137[0m[31m ]--[0m
   Rule Id: [34mBD000700[0m
       Tag: [34mSecurity.Backdoor.DataExfiltration[0m
  Severity: [36mImportant[0m, Confidence: [36mLow[0m
  Filename: [33m/pykwalify-1.8.0/pykwalify/core.py[0m
   Pattern: [32m\.(request|post|get)\([0m
[30;1m590 | [0m[35m        for k, v in value.items():[0m
[30;1m591 | [0m[35m            # If no other case was a match, check if a default mapping is valid/present and use[0m
[30;1m592 | [0m[35m            # that one instead[0m
[30;1m593 | [0m[35m            r = m.get(k, m.get('='))[0m
[30;1m594 | [0m[35m            log.debug(u"  Mapping-value : %s", m)[0m
[30;1m595 | [0m[35m            log.debug(u"  Mapping-value : %s %s", k, v)[0m
[30;1m596 | [0m[35m            log.debug(u"  Mapping-value : %s", r)[0m

[31m--[ [0m[34mMatch #[0m[33m11[0m[34m of [0m[33m137[0m[31m ]--[0m
   Rule Id: [34mBD000700[0m
       Tag: [34mSecurity.Backdoor.DataExfiltration[0m
  Severity: [36mImportant[0m, Confidence: [36mLow[0m
  Filename: [33m/pykwalify-1.8.0/pykwalify/core.py[0m
   Pattern: [32m\.(request|post|get)\([0m
[30;1m549 | [0m[35m            # Handle if the value of the key contains a include keyword[0m
[30;1m550 | [0m[35m            if rr.include_name is not None:[0m
[30;1m551 | [0m[35m                include_name = rr.include_name[0m
[30;1m552 | [0m[35m                partial_schema_rule = pykwalify.partial_schemas.get(include_name)[0m
[30;1m553 | [0m[35m[0m
[30;1m554 | [0m[35m                if not partial_schema_rule:[0m
[30;1m555 | [0m[35m                    self.errors.append(SchemaError.SchemaErrorEntry([0m

[31m--[ [0m[34mMatch #[0m[33m12[0m[34m of [0m[33m137[0m[31m ]--[0m
   Rule Id: [34mBD000700[0m
       Tag: [34mSecurity.Backdoor.DataExfiltration[0m
  Severity: [36mImportant[0m, Confidence: [36mLow[0m
  Filename: [33m/pykwalify-1.8.0/pykwalify/core.py[0m
   Pattern: [32m\.(request|post|get)\([0m
[30;1m539 | [0m[35m                r.get("max"),[0m
[30;1m540 | [0m[35m                r.get("min"),[0m
[30;1m541 | [0m[35m                r.get("max-ex"),[0m
[30;1m542 | [0m[35m                r.get("min-ex"),[0m
[30;1m543 | [0m[35m                len(value),[0m
[30;1m544 | [0m[35m                path,[0m
[30;1m545 | [0m[35m                "map",[0m

[31m--[ [0m[34mMatch #[0m[33m13[0m[34m of [0m[33m137[0m[31m ]--[0m
   Rule Id: [34mBD000700[0m
       Tag: [34mSecurity.Backdoor.DataExfiltration[0m
  Severity: [36mImportant[0m, Confidence: [36mLow[0m
  Filename: [33m/pykwalify-1.8.0/pykwalify/core.py[0m
   Pattern: [32m\.(request|post|get)\([0m
[30;1m538 | [0m[35m            self._validate_range([0m
[30;1m539 | [0m[35m                r.get("max"),[0m
[30;1m540 | [0m[35m                r.get("min"),[0m
[30;1m541 | [0m[35m                r.get("max-ex"),[0m
[30;1m542 | [0m[35m                r.get("min-ex"),[0m
[30;1m543 | [0m[35m                len(value),[0m
[30;1m544 | [0m[35m                path,[0m

[31m--[ [0m[34mMatch #[0m[33m14[0m[34m of [0m[33m137[0m[31m ]--[0m
   Rule Id: [34mBD000700[0m
       Tag: [34mSecurity.Backdoor.DataExfiltration[0m
  Severity: [36mImportant[0m, Confidence: [36mLow[0m
  Filename: [33m/pykwalify-1.8.0/pykwalify/core.py[0m
   Pattern: [32m\.(request|post|get)\([0m
[30;1m537 | [0m[35m[0m
[30;1m538 | [0m[35m            self._validate_range([0m
[30;1m539 | [0m[35m                r.get("max"),[0m
[30;1m540 | [0m[35m                r.get("min"),[0m
[30;1m541 | [0m[35m                r.get("max-ex"),[0m
[30;1m542 | [0m[35m                r.get("min-ex"),[0m
[30;1m543 | [0m[35m                len(value),[0m

[31m--[ [0m[34mMatch #[0m[33m15[0m[34m of [0m[33m137[0m[31m ]--[0m
   Rule Id: [34mBD000700[0m
       Tag: [34mSecurity.Backdoor.DataExfiltration[0m
  Severity: [36mImportant[0m, Confidence: [36mLow[0m
  Filename: [33m/pykwalify-1.8.0/pykwalify/core.py[0m
   Pattern: [32m\.(request|post|get)\([0m
[30;1m536 | [0m[35m            r = rule.range[0m
[30;1m537 | [0m[35m[0m
[30;1m538 | [0m[35m            self._validate_range([0m
[30;1m539 | [0m[35m                r.get("max"),[0m
[30;1m540 | [0m[35m                r.get("min"),[0m
[30;1m541 | [0m[35m                r.get("max-ex"),[0m
[30;1m542 | [0m[35m                r.get("min-ex"),[0m

[31m--[ [0m[34mMatch #[0m[33m16[0m[34m of [0m[33m137[0m[31m ]--[0m
   Rule Id: [34mBD000700[0m
       Tag: [34mSecurity.Backdoor.DataExfiltration[0m
  Severity: [36mImportant[0m, Confidence: [36mLow[0m
  Filename: [33m/pykwalify-1.8.0/pykwalify/core.py[0m
   Pattern: [32m\.(request|post|get)\([0m
[30;1m497 | [0m[35m                rr.get("max"),[0m
[30;1m498 | [0m[35m                rr.get("min"),[0m
[30;1m499 | [0m[35m                rr.get("max-ex"),[0m
[30;1m500 | [0m[35m                rr.get("min-ex"),[0m
[30;1m501 | [0m[35m                len(value),[0m
[30;1m502 | [0m[35m                path,[0m
[30;1m503 | [0m[35m                "seq",[0m

[31m--[ [0m[34mMatch #[0m[33m17[0m[34m of [0m[33m137[0m[31m ]--[0m
   Rule Id: [34mBD000700[0m
       Tag: [34mSecurity.Backdoor.DataExfiltration[0m
  Severity: [36mImportant[0m, Confidence: [36mLow[0m
  Filename: [33m/pykwalify-1.8.0/pykwalify/core.py[0m
   Pattern: [32m\.(request|post|get)\([0m
[30;1m496 | [0m[35m            self._validate_range([0m
[30;1m497 | [0m[35m                rr.get("max"),[0m
[30;1m498 | [0m[35m                rr.get("min"),[0m
[30;1m499 | [0m[35m                rr.get("max-ex"),[0m
[30;1m500 | [0m[35m                rr.get("min-ex"),[0m
[30;1m501 | [0m[35m                len(value),[0m
[30;1m502 | [0m[35m                path,[0m

[31m--[ [0m[34mMatch #[0m[33m18[0m[34m of [0m[33m137[0m[31m ]--[0m
   Rule Id: [34mBD000700[0m
       Tag: [34mSecurity.Backdoor.DataExfiltration[0m
  Severity: [36mImportant[0m, Confidence: [36mLow[0m
  Filename: [33m/pykwalify-1.8.0/pykwalify/core.py[0m
   Pattern: [32m\.(request|post|get)\([0m
[30;1m495 | [0m[35m[0m
[30;1m496 | [0m[35m            self._validate_range([0m
[30;1m497 | [0m[35m                rr.get("max"),[0m
[30;1m498 | [0m[35m                rr.get("min"),[0m
[30;1m499 | [0m[35m                rr.get("max-ex"),[0m
[30;1m500 | [0m[35m                rr.get("min-ex"),[0m
[30;1m501 | [0m[35m                len(value),[0m

[31m--[ [0m[34mMatch #[0m[33m19[0m[34m of [0m[33m137[0m[31m ]--[0m
   Rule Id: [34mBD000700[0m
       Tag: [34mSecurity.Backdoor.DataExfiltration[0m
  Severity: [36mImportant[0m, Confidence: [36mLow[0m
  Filename: [33m/pykwalify-1.8.0/pykwalify/core.py[0m
   Pattern: [32m\.(request|post|get)\([0m
[30;1m494 | [0m[35m            rr = rule.range[0m
[30;1m495 | [0m[35m[0m
[30;1m496 | [0m[35m            self._validate_range([0m
[30;1m497 | [0m[35m                rr.get("max"),[0m
[30;1m498 | [0m[35m                rr.get("min"),[0m
[30;1m499 | [0m[35m                rr.get("max-ex"),[0m
[30;1m500 | [0m[35m                rr.get("min-ex"),[0m

[31m--[ [0m[34mMatch #[0m[33m20[0m[34m of [0m[33m137[0m[31m ]--[0m
   Rule Id: [34mBD000700[0m
       Tag: [34mSecurity.Backdoor.DataExfiltration[0m
  Severity: [36mImportant[0m, Confidence: [36mLow[0m
  Filename: [33m/pykwalify-1.8.0/pykwalify/core.py[0m
   Pattern: [32m\.(request|post|get)\([0m
[30;1m410 | [0m[35m                            table = {}[0m
[30;1m411 | [0m[35m                            for j, V in enumerate(value):[0m
[30;1m412 | [0m[35m                                # If key do not exists it should be ignored by unique because that i[0m
[30;1m413 | [0m[35m                                val = V.get(v, None)[0m
[30;1m414 | [0m[35m[0m
[30;1m415 | [0m[35m                                if val is None:[0m
[30;1m416 | [0m[35m                                    continue[0m

[31m--[ [0m[34mMatch #[0m[33m21[0m[34m of [0m[33m137[0m[31m ]--[0m
   Rule Id: [34mBD000700[0m
       Tag: [34mSecurity.Backdoor.DataExfiltration[0m
  Severity: [36mImportant[0m, Confidence: [36mLow[0m
  Filename: [33m/pykwalify-1.8.0/pykwalify/core.py[0m
   Pattern: [32m\.(request|post|get)\([0m
[30;1m314 | [0m[35m                value=value.encode('unicode_escape')))[0m
[30;1m315 | [0m[35m            return[0m
[30;1m316 | [0m[35m        include_name = rule.include_name[0m
[30;1m317 | [0m[35m        partial_schema_rule = pykwalify.partial_schemas.get(include_name)[0m
[30;1m318 | [0m[35m        if not partial_schema_rule:[0m
[30;1m319 | [0m[35m            self.errors.append(SchemaError.SchemaErrorEntry([0m
[30;1m320 | [0m[35m                msg=u"Cannot find partial schema with name '{include_name}'. Existing partial schema[0m

[31m--[ [0m[34mMatch #[0m[33m22[0m[34m of [0m[33m137[0m[31m ]--[0m
   Rule Id: [34mBD000700[0m
       Tag: [34mSecurity.Backdoor.DataExfiltration[0m
  Severity: [36mImportant[0m, Confidence: [36mLow[0m
  Filename: [33m/pykwalify-1.8.0/pykwalify/core.py[0m
   Pattern: [32m\.(request|post|get)\([0m
[30;1m144 | [0m[35m            raise CoreError(u"No schema file/data was loaded")[0m
[30;1m145 | [0m[35m[0m
[30;1m146 | [0m[35m        # Merge any extensions defined in the schema with the provided list of extensions from the c[0m
[30;1m147 | [0m[35m        for f in self.schema.get('extensions', []):[0m
[30;1m148 | [0m[35m            self.extensions.append(f)[0m
[30;1m149 | [0m[35m[0m
[30;1m150 | [0m[35m        if not isinstance(self.extensions, list) and all(isinstance(e, str) for e in self.extensions[0m

[31m--[ [0m[34mMatch #[0m[33m23[0m[34m of [0m[33m137[0m[31m ]--[0m
   Rule Id: [34mBD000600[0m
       Tag: [34mSecurity.Backdoor.LOLBAS.Windows[0m
  Severity: [36mModerate[0m, Confidence: [36mLow[0m
  Filename: [33m/pykwalify-1.8.0/pykwalify/core.py[0m
   Pattern: [32m\s(advpack\.dll|appvlp|at|atbroker|bash|bginfo|bitsadmin|cdb|certutil|cl_invocation\.ps1|cl_mutexverifiers\.ps1|cmd|cmdkey|cmstp|comsvcs\.dll|control|csc|cscript|csi|devtoolslauncher|dfsvc|diskshadow|dnscmd|dnx|dotnet|dxcap|esentutl|eventvwr|excel|expand|extexport|extrac32|findstr|forfiles|ftp|gfxdownloadwrapper|gpscript|hh|ie4uinit|ieadvpack\.dll|ieaframe\.dll|ic|infdefaultinstall|installutil|jsc|makecab|manage-bde\.wsf|mavinject|mftrace|microsoft\.workflow\.compiler|mmc|msbuild|msconfig|msdeploy|msdt|mshta|mshtml\.dll|msc|msxsl|netsh|odbcconf|pcalua|pcwrun|pcwutl\.dll|pester\.bat|powerpnt|presentationhost|pubprn\.vbs|rcsi|reg|regasm|regedit|register-cimprovider|regsvcs|regsvr32|rpcping|rundll32|runonce|runscripthelper|sc|schtasks|scriptrunner|setupapi\.dll|shdocvw\.dll|shell32\.dll|slmgr\.vbs|sqldumper|sqlps|sqltoolsps|squirrel|syncappvpublishingserver|syncappvpublishingserver\.vbs|syssetup\.dll|te|tracker|tttracer|update|url\.dll|verclsid|vsjitdebugger|wab|winrm\.vbs|winword|wmic|wscript|wsl|wsreset|xwizard|zipfldr\.dll)\s[0m
[30;1m616 | [0m[35m[0m
[30;1m617 | [0m[35m                if rule.matching_rule == "any":[0m
[30;1m618 | [0m[35m                    if any(sub_regex_result):[0m
[30;1m619 | [0m[35m                        log.debug(u"  Mapping-value: Matched at least one regex")[0m
[30;1m620 | [0m[35m                    else:[0m
[30;1m621 | [0m[35m                        log.debug(u"  Mapping-value: No regex matched")[0m
[30;1m622 | [0m[35m                        self.errors.append(SchemaError.SchemaErrorEntry([0m

[31m--[ [0m[34mMatch #[0m[33m24[0m[34m of [0m[33m137[0m[31m ]--[0m
   Rule Id: [34mBD000600[0m
       Tag: [34mSecurity.Backdoor.LOLBAS.Windows[0m
  Severity: [36mModerate[0m, Confidence: [36mLow[0m
  Filename: [33m/pykwalify-1.8.0/pykwalify/core.py[0m
   Pattern: [32m\s(advpack\.dll|appvlp|at|atbroker|bash|bginfo|bitsadmin|cdb|certutil|cl_invocation\.ps1|cl_mutexverifiers\.ps1|cmd|cmdkey|cmstp|comsvcs\.dll|control|csc|cscript|csi|devtoolslauncher|dfsvc|diskshadow|dnscmd|dnx|dotnet|dxcap|esentutl|eventvwr|excel|expand|extexport|extrac32|findstr|forfiles|ftp|gfxdownloadwrapper|gpscript|hh|ie4uinit|ieadvpack\.dll|ieaframe\.dll|ic|infdefaultinstall|installutil|jsc|makecab|manage-bde\.wsf|mavinject|mftrace|microsoft\.workflow\.compiler|mmc|msbuild|msconfig|msdeploy|msdt|mshta|mshtml\.dll|msc|msxsl|netsh|odbcconf|pcalua|pcwrun|pcwutl\.dll|pester\.bat|powerpnt|presentationhost|pubprn\.vbs|rcsi|reg|regasm|regedit|register-cimprovider|regsvcs|regsvr32|rpcping|rundll32|runonce|runscripthelper|sc|schtasks|scriptrunner|setupapi\.dll|shdocvw\.dll|shell32\.dll|slmgr\.vbs|sqldumper|sqlps|sqltoolsps|squirrel|syncappvpublishingserver|syncappvpublishingserver\.vbs|syssetup\.dll|te|tracker|tttracer|update|url\.dll|verclsid|vsjitdebugger|wab|winrm\.vbs|winword|wmic|wscript|wsl|wsreset|xwizard|zipfldr\.dll)\s[0m
[30;1m605 | [0m[35m            elif any(regex_mappings):[0m
[30;1m606 | [0m[35m                sub_regex_result = [][0m
[30;1m607 | [0m[35m[0m
[30;1m608 | [0m[35m                # Found at least one that matches a mapping regex[0m
[30;1m609 | [0m[35m                for mm in regex_mappings:[0m
[30;1m610 | [0m[35m                    if mm[1]:[0m
[30;1m611 | [0m[35m                        log.debug(u"  Mapping-value: Matching regex patter: %s", mm[0])[0m

[31m--[ [0m[34mMatch #[0m[33m25[0m[34m of [0m[33m137[0m[31m ]--[0m
   Rule Id: [34mBD000600[0m
       Tag: [34mSecurity.Backdoor.LOLBAS.Windows[0m
  Severity: [36mModerate[0m, Confidence: [36mLow[0m
  Filename: [33m/pykwalify-1.8.0/pykwalify/core.py[0m
   Pattern: [32m\s(advpack\.dll|appvlp|at|atbroker|bash|bginfo|bitsadmin|cdb|certutil|cl_invocation\.ps1|cl_mutexverifiers\.ps1|cmd|cmdkey|cmstp|comsvcs\.dll|control|csc|cscript|csi|devtoolslauncher|dfsvc|diskshadow|dnscmd|dnx|dotnet|dxcap|esentutl|eventvwr|excel|expand|extexport|extrac32|findstr|forfiles|ftp|gfxdownloadwrapper|gpscript|hh|ie4uinit|ieadvpack\.dll|ieaframe\.dll|ic|infdefaultinstall|installutil|jsc|makecab|manage-bde\.wsf|mavinject|mftrace|microsoft\.workflow\.compiler|mmc|msbuild|msconfig|msdeploy|msdt|mshta|mshtml\.dll|msc|msxsl|netsh|odbcconf|pcalua|pcwrun|pcwutl\.dll|pester\.bat|powerpnt|presentationhost|pubprn\.vbs|rcsi|reg|regasm|regedit|register-cimprovider|regsvcs|regsvr32|rpcping|rundll32|runonce|runscripthelper|sc|schtasks|scriptrunner|setupapi\.dll|shdocvw\.dll|shell32\.dll|slmgr\.vbs|sqldumper|sqlps|sqltoolsps|squirrel|syncappvpublishingserver|syncappvpublishingserver\.vbs|syssetup\.dll|te|tracker|tttracer|update|url\.dll|verclsid|vsjitdebugger|wab|winrm\.vbs|winword|wmic|wscript|wsl|wsreset|xwizard|zipfldr\.dll)\s[0m
[30;1m39 | [0m[35m            List of paths to python files that should be imported and available via 'func' keywork.[0m
[30;1m40 | [0m[35m            This list of extensions can be set manually or they should be provided by the `--extensi[0m
[30;1m41 | [0m[35m            flag from the cli. This list should not contain files specified by the `extensions` list[0m
[30;1m42 | [0m[35m            that can be defined at the top level of the schema.[0m
[30;1m43 | [0m[35m        """[0m
[30;1m44 | [0m[35m        if schema_files is None:[0m
[30;1m45 | [0m[35m            schema_files = [][0m

[31m--[ [0m[34mMatch #[0m[33m26[0m[34m of [0m[33m137[0m[31m ]--[0m
   Rule Id: [34mBD000610[0m
       Tag: [34mSecurity.Backdoor.LOLBAS.Linux[0m
  Severity: [36mModerate[0m, Confidence: [36mLow[0m
  Filename: [33m/pykwalify-1.8.0/pykwalify/core.py[0m
   Pattern: [32m\s(apt|apt\-get|aria2c|arp|ash|awk|base64|bash|bpftrace|busybox|cat|chmod|chown|cp|cpan|cpulimit|crontab|csh|curl|cut|dash|dd|diff|dmesg|dmsetup|dnf|docker|dpkg|easy_install|ed|emacs|env|expand|expect|facter|find|finger|flock|fmt|ftp|gawk|gdb|gimp|git|grep|head|iftop|ionice|ip|irb|jjs|journalctl|jrunscript|ksh|ld\.so|ldconfig|logsave|ltrace|lua|mail|mawk|mount|mtr|mv|mysql|nano|nawk|nc|nice|nl|nmap|node|od|openssl|perl|pg|php|pic|pico|pip|puppet|readelf|red|rlogin|rlwrap|rpm|rpmquery|rsync|ruby|run\-mailcap|run\-parts|rvim|scp|screen|script|sed|service|setarch|sftp|shuf|smbclient|socat|sort|sqlite3|ssh|start\-stop\-daemon|stdbuf|strace|systemctl|tail|tar|taskset|tclsh|tcpdump|tee|telnet|tftp|time|timeout|tmux|top|ul|unexpand|uniq|unshare|vi|vim|watch|wget|whois|wish|xargs|xxd|yum|zsh|zypper)\s[0m
[30;1m693 | [0m[35m            #[0m
[30;1m694 | [0m[35m            if rule.pattern.startswith('/') and rule.pattern.endswith('/') and self.fix_ruby_style_r[0m
[30;1m695 | [0m[35m                rule.pattern = rule.pattern[1:-1][0m
[30;1m696 | [0m[35m                log.debug("Trimming slashes around ruby style regex. New pattern value: '{0}'".forma[0m
[30;1m697 | [0m[35m[0m
[30;1m698 | [0m[35m            try:[0m
[30;1m699 | [0m[35m                log.debug("Matching pattern '{0}' to regex '{1}".format(rule.pattern, value))[0m

[31m--[ [0m[34mMatch #[0m[33m27[0m[34m of [0m[33m137[0m[31m ]--[0m
   Rule Id: [34mBD000610[0m
       Tag: [34mSecurity.Backdoor.LOLBAS.Linux[0m
  Severity: [36mModerate[0m, Confidence: [36mLow[0m
  Filename: [33m/pykwalify-1.8.0/pykwalify/core.py[0m
   Pattern: [32m\s(apt|apt\-get|aria2c|arp|ash|awk|base64|bash|bpftrace|busybox|cat|chmod|chown|cp|cpan|cpulimit|crontab|csh|curl|cut|dash|dd|diff|dmesg|dmsetup|dnf|docker|dpkg|easy_install|ed|emacs|env|expand|expect|facter|find|finger|flock|fmt|ftp|gawk|gdb|gimp|git|grep|head|iftop|ionice|ip|irb|jjs|journalctl|jrunscript|ksh|ld\.so|ldconfig|logsave|ltrace|lua|mail|mawk|mount|mtr|mv|mysql|nano|nawk|nc|nice|nl|nmap|node|od|openssl|perl|pg|php|pic|pico|pip|puppet|readelf|red|rlogin|rlwrap|rpm|rpmquery|rsync|ruby|run\-mailcap|run\-parts|rvim|scp|screen|script|sed|service|setarch|sftp|shuf|smbclient|socat|sort|sqlite3|ssh|start\-stop\-daemon|stdbuf|strace|systemctl|tail|tar|taskset|tclsh|tcpdump|tee|telnet|tftp|time|timeout|tmux|top|ul|unexpand|uniq|unshare|vi|vim|watch|wget|whois|wish|xargs|xxd|yum|zsh|zypper)\s[0m
[30;1m687 | [0m[35m            # Try to trim away the surrounding slashes around ruby style /<regex>/ if they are defin[0m
[30;1m688 | [0m[35m            # This is a quirk from ruby that they define regex patterns with surrounding slashes.[0m
[30;1m689 | [0m[35m            # Docs on how ruby regex works can be found here: https://ruby-doc.org/core-2.4.0/Regexp[0m
[30;1m690 | [0m[35m            # The original ruby implementation uses this code to validate patterns[0m
[30;1m691 | [0m[35m            #   unless value.to_s =~ rule.regexp[0m
[30;1m692 | [0m[35m            # Becuase python do not work with surrounding slashes we have to trim them away in order[0m
[30;1m693 | [0m[35m            #[0m

[31m--[ [0m[34mMatch #[0m[33m28[0m[34m of [0m[33m137[0m[31m ]--[0m
   Rule Id: [34mBD000610[0m
       Tag: [34mSecurity.Backdoor.LOLBAS.Linux[0m
  Severity: [36mModerate[0m, Confidence: [36mLow[0m
  Filename: [33m/pykwalify-1.8.0/pykwalify/core.py[0m
   Pattern: [32m\s(apt|apt\-get|aria2c|arp|ash|awk|base64|bash|bpftrace|busybox|cat|chmod|chown|cp|cpan|cpulimit|crontab|csh|curl|cut|dash|dd|diff|dmesg|dmsetup|dnf|docker|dpkg|easy_install|ed|emacs|env|expand|expect|facter|find|finger|flock|fmt|ftp|gawk|gdb|gimp|git|grep|head|iftop|ionice|ip|irb|jjs|journalctl|jrunscript|ksh|ld\.so|ldconfig|logsave|ltrace|lua|mail|mawk|mount|mtr|mv|mysql|nano|nawk|nc|nice|nl|nmap|node|od|openssl|perl|pg|php|pic|pico|pip|puppet|readelf|red|rlogin|rlwrap|rpm|rpmquery|rsync|ruby|run\-mailcap|run\-parts|rvim|scp|screen|script|sed|service|setarch|sftp|shuf|smbclient|socat|sort|sqlite3|ssh|start\-stop\-daemon|stdbuf|strace|systemctl|tail|tar|taskset|tclsh|tcpdump|tee|telnet|tftp|time|timeout|tmux|top|ul|unexpand|uniq|unshare|vi|vim|watch|wget|whois|wish|xargs|xxd|yum|zsh|zypper)\s[0m
[30;1m686 | [0m[35m            #[0m
[30;1m687 | [0m[35m            # Try to trim away the surrounding slashes around ruby style /<regex>/ if they are defin[0m
[30;1m688 | [0m[35m            # This is a quirk from ruby that they define regex patterns with surrounding slashes.[0m
[30;1m689 | [0m[35m            # Docs on how ruby regex works can be found here: https://ruby-doc.org/core-2.4.0/Regexp[0m
[30;1m690 | [0m[35m            # The original ruby implementation uses this code to validate patterns[0m
[30;1m691 | [0m[35m            #   unless value.to_s =~ rule.regexp[0m
[30;1m692 | [0m[35m            # Becuase python do not work with surrounding slashes we have to trim them away in order[0m

[31m--[ [0m[34mMatch #[0m[33m29[0m[34m of [0m[33m137[0m[31m ]--[0m
   Rule Id: [34mBD000610[0m
       Tag: [34mSecurity.Backdoor.LOLBAS.Linux[0m
  Severity: [36mModerate[0m, Confidence: [36mLow[0m
  Filename: [33m/pykwalify-1.8.0/pykwalify/core.py[0m
   Pattern: [32m\s(apt|apt\-get|aria2c|arp|ash|awk|base64|bash|bpftrace|busybox|cat|chmod|chown|cp|cpan|cpulimit|crontab|csh|curl|cut|dash|dd|diff|dmesg|dmsetup|dnf|docker|dpkg|easy_install|ed|emacs|env|expand|expect|facter|find|finger|flock|fmt|ftp|gawk|gdb|gimp|git|grep|head|iftop|ionice|ip|irb|jjs|journalctl|jrunscript|ksh|ld\.so|ldconfig|logsave|ltrace|lua|mail|mawk|mount|mtr|mv|mysql|nano|nawk|nc|nice|nl|nmap|node|od|openssl|perl|pg|php|pic|pico|pip|puppet|readelf|red|rlogin|rlwrap|rpm|rpmquery|rsync|ruby|run\-mailcap|run\-parts|rvim|scp|screen|script|sed|service|setarch|sftp|shuf|smbclient|socat|sort|sqlite3|ssh|start\-stop\-daemon|stdbuf|strace|systemctl|tail|tar|taskset|tclsh|tcpdump|tee|telnet|tftp|time|timeout|tmux|top|ul|unexpand|uniq|unshare|vi|vim|watch|wget|whois|wish|xargs|xxd|yum|zsh|zypper)\s[0m
[30;1m685 | [0m[35m        if rule.pattern is not None:[0m
[30;1m686 | [0m[35m            #[0m
[30;1m687 | [0m[35m            # Try to trim away the surrounding slashes around ruby style /<regex>/ if they are defin[0m
[30;1m688 | [0m[35m            # This is a quirk from ruby that they define regex patterns with surrounding slashes.[0m
[30;1m689 | [0m[35m            # Docs on how ruby regex works can be found here: https://ruby-doc.org/core-2.4.0/Regexp[0m
[30;1m690 | [0m[35m            # The original ruby implementation uses this code to validate patterns[0m
[30;1m691 | [0m[35m            #   unless value.to_s =~ rule.regexp[0m

[31m--[ [0m[34mMatch #[0m[33m30[0m[34m of [0m[33m137[0m[31m ]--[0m
   Rule Id: [34mBD000610[0m
       Tag: [34mSecurity.Backdoor.LOLBAS.Linux[0m
  Severity: [36mModerate[0m, Confidence: [36mLow[0m
  Filename: [33m/pykwalify-1.8.0/pykwalify/core.py[0m
   Pattern: [32m\s(apt|apt\-get|aria2c|arp|ash|awk|base64|bash|bpftrace|busybox|cat|chmod|chown|cp|cpan|cpulimit|crontab|csh|curl|cut|dash|dd|diff|dmesg|dmsetup|dnf|docker|dpkg|easy_install|ed|emacs|env|expand|expect|facter|find|finger|flock|fmt|ftp|gawk|gdb|gimp|git|grep|head|iftop|ionice|ip|irb|jjs|journalctl|jrunscript|ksh|ld\.so|ldconfig|logsave|ltrace|lua|mail|mawk|mount|mtr|mv|mysql|nano|nawk|nc|nice|nl|nmap|node|od|openssl|perl|pg|php|pic|pico|pip|puppet|readelf|red|rlogin|rlwrap|rpm|rpmquery|rsync|ruby|run\-mailcap|run\-parts|rvim|scp|screen|script|sed|service|setarch|sftp|shuf|smbclient|socat|sort|sqlite3|ssh|start\-stop\-daemon|stdbuf|strace|systemctl|tail|tar|taskset|tclsh|tcpdump|tee|telnet|tftp|time|timeout|tmux|top|ul|unexpand|uniq|unshare|vi|vim|watch|wget|whois|wish|xargs|xxd|yum|zsh|zypper)\s[0m
[30;1m684 | [0m[35m[0m
[30;1m685 | [0m[35m        if rule.pattern is not None:[0m
[30;1m686 | [0m[35m            #[0m
[30;1m687 | [0m[35m            # Try to trim away the surrounding slashes around ruby style /<regex>/ if they are defin[0m
[30;1m688 | [0m[35m            # This is a quirk from ruby that they define regex patterns with surrounding slashes.[0m
[30;1m689 | [0m[35m            # Docs on how ruby regex works can be found here: https://ruby-doc.org/core-2.4.0/Regexp[0m
[30;1m690 | [0m[35m            # The original ruby implementation uses this code to validate patterns[0m

[31m--[ [0m[34mMatch #[0m[33m31[0m[34m of [0m[33m137[0m[31m ]--[0m
   Rule Id: [34mBD000610[0m
       Tag: [34mSecurity.Backdoor.LOLBAS.Linux[0m
  Severity: [36mModerate[0m, Confidence: [36mLow[0m
  Filename: [33m/pykwalify-1.8.0/pykwalify/core.py[0m
   Pattern: [32m\s(apt|apt\-get|aria2c|arp|ash|awk|base64|bash|bpftrace|busybox|cat|chmod|chown|cp|cpan|cpulimit|crontab|csh|curl|cut|dash|dd|diff|dmesg|dmsetup|dnf|docker|dpkg|easy_install|ed|emacs|env|expand|expect|facter|find|finger|flock|fmt|ftp|gawk|gdb|gimp|git|grep|head|iftop|ionice|ip|irb|jjs|journalctl|jrunscript|ksh|ld\.so|ldconfig|logsave|ltrace|lua|mail|mawk|mount|mtr|mv|mysql|nano|nawk|nc|nice|nl|nmap|node|od|openssl|perl|pg|php|pic|pico|pip|puppet|readelf|red|rlogin|rlwrap|rpm|rpmquery|rsync|ruby|run\-mailcap|run\-parts|rvim|scp|screen|script|sed|service|setarch|sftp|shuf|smbclient|socat|sort|sqlite3|ssh|start\-stop\-daemon|stdbuf|strace|systemctl|tail|tar|taskset|tclsh|tcpdump|tee|telnet|tftp|time|timeout|tmux|top|ul|unexpand|uniq|unshare|vi|vim|watch|wget|whois|wish|xargs|xxd|yum|zsh|zypper)\s[0m
[30;1m580 | [0m[35m            # Specifying =: as key is considered the "default" if no other keys match[0m
[30;1m581 | [0m[35m            if rr.required and not is_present and k != "=":[0m
[30;1m582 | [0m[35m                self.errors.append(SchemaError.SchemaErrorEntry([0m
[30;1m583 | [0m[35m                    msg=u"Cannot find required key '{key}'. Path: '{path}'",[0m
[30;1m584 | [0m[35m                    path=path,[0m
[30;1m585 | [0m[35m                    value=value,[0m
[30;1m586 | [0m[35m                    key=k))[0m

[31m--[ [0m[34mMatch #[0m[33m32[0m[34m of [0m[33m137[0m[31m ]--[0m
   Rule Id: [34mBD000610[0m
       Tag: [34mSecurity.Backdoor.LOLBAS.Linux[0m
  Severity: [36mModerate[0m, Confidence: [36mLow[0m
  Filename: [33m/pykwalify-1.8.0/pykwalify/core.py[0m
   Pattern: [32m\s(apt|apt\-get|aria2c|arp|ash|awk|base64|bash|bpftrace|busybox|cat|chmod|chown|cp|cpan|cpulimit|crontab|csh|curl|cut|dash|dd|diff|dmesg|dmsetup|dnf|docker|dpkg|easy_install|ed|emacs|env|expand|expect|facter|find|finger|flock|fmt|ftp|gawk|gdb|gimp|git|grep|head|iftop|ionice|ip|irb|jjs|journalctl|jrunscript|ksh|ld\.so|ldconfig|logsave|ltrace|lua|mail|mawk|mount|mtr|mv|mysql|nano|nawk|nc|nice|nl|nmap|node|od|openssl|perl|pg|php|pic|pico|pip|puppet|readelf|red|rlogin|rlwrap|rpm|rpmquery|rsync|ruby|run\-mailcap|run\-parts|rvim|scp|screen|script|sed|service|setarch|sftp|shuf|smbclient|socat|sort|sqlite3|ssh|start\-stop\-daemon|stdbuf|strace|systemctl|tail|tar|taskset|tclsh|tcpdump|tee|telnet|tftp|time|timeout|tmux|top|ul|unexpand|uniq|unshare|vi|vim|watch|wget|whois|wish|xargs|xxd|yum|zsh|zypper)\s[0m
[30;1m562 | [0m[35m[0m
[30;1m563 | [0m[35m                rr = partial_schema_rule[0m
[30;1m564 | [0m[35m[0m
[30;1m565 | [0m[35m            # Find out if this is a regex rule[0m
[30;1m566 | [0m[35m            is_regex_rule = False[0m
[30;1m567 | [0m[35m            required_regex = ""[0m
[30;1m568 | [0m[35m            for regex_rule in rule.regex_mappings:[0m

[31m--[ [0m[34mMatch #[0m[33m33[0m[34m of [0m[33m137[0m[31m ]--[0m
   Rule Id: [34mBD000610[0m
       Tag: [34mSecurity.Backdoor.LOLBAS.Linux[0m
  Severity: [36mModerate[0m, Confidence: [36mLow[0m
  Filename: [33m/pykwalify-1.8.0/pykwalify/core.py[0m
   Pattern: [32m\s(apt|apt\-get|aria2c|arp|ash|awk|base64|bash|bpftrace|busybox|cat|chmod|chown|cp|cpan|cpulimit|crontab|csh|curl|cut|dash|dd|diff|dmesg|dmsetup|dnf|docker|dpkg|easy_install|ed|emacs|env|expand|expect|facter|find|finger|flock|fmt|ftp|gawk|gdb|gimp|git|grep|head|iftop|ionice|ip|irb|jjs|journalctl|jrunscript|ksh|ld\.so|ldconfig|logsave|ltrace|lua|mail|mawk|mount|mtr|mv|mysql|nano|nawk|nc|nice|nl|nmap|node|od|openssl|perl|pg|php|pic|pico|pip|puppet|readelf|red|rlogin|rlwrap|rpm|rpmquery|rsync|ruby|run\-mailcap|run\-parts|rvim|scp|screen|script|sed|service|setarch|sftp|shuf|smbclient|socat|sort|sqlite3|ssh|start\-stop\-daemon|stdbuf|strace|systemctl|tail|tar|taskset|tclsh|tcpdump|tee|telnet|tftp|time|timeout|tmux|top|ul|unexpand|uniq|unshare|vi|vim|watch|wget|whois|wish|xargs|xxd|yum|zsh|zypper)\s[0m
[30;1m553 | [0m[35m[0m
[30;1m554 | [0m[35m                if not partial_schema_rule:[0m
[30;1m555 | [0m[35m                    self.errors.append(SchemaError.SchemaErrorEntry([0m
[30;1m556 | [0m[35m                        msg=u"Cannot find partial schema with name '{include_name}'. Existing partia[0m
[30;1m557 | [0m[35m                        path=path,[0m
[30;1m558 | [0m[35m                        value=value,[0m
[30;1m559 | [0m[35m                        include_name=include_name,[0m

[31m--[ [0m[34mMatch #[0m[33m34[0m[34m of [0m[33m137[0m[31m ]--[0m
   Rule Id: [34mBD000610[0m
       Tag: [34mSecurity.Backdoor.LOLBAS.Linux[0m
  Severity: [36mModerate[0m, Confidence: [36mLow[0m
  Filename: [33m/pykwalify-1.8.0/pykwalify/core.py[0m
   Pattern: [32m\s(apt|apt\-get|aria2c|arp|ash|awk|base64|bash|bpftrace|busybox|cat|chmod|chown|cp|cpan|cpulimit|crontab|csh|curl|cut|dash|dd|diff|dmesg|dmsetup|dnf|docker|dpkg|easy_install|ed|emacs|env|expand|expect|facter|find|finger|flock|fmt|ftp|gawk|gdb|gimp|git|grep|head|iftop|ionice|ip|irb|jjs|journalctl|jrunscript|ksh|ld\.so|ldconfig|logsave|ltrace|lua|mail|mawk|mount|mtr|mv|mysql|nano|nawk|nc|nice|nl|nmap|node|od|openssl|perl|pg|php|pic|pico|pip|puppet|readelf|red|rlogin|rlwrap|rpm|rpmquery|rsync|ruby|run\-mailcap|run\-parts|rvim|scp|screen|script|sed|service|setarch|sftp|shuf|smbclient|socat|sort|sqlite3|ssh|start\-stop\-daemon|stdbuf|strace|systemctl|tail|tar|taskset|tclsh|tcpdump|tee|telnet|tftp|time|timeout|tmux|top|ul|unexpand|uniq|unshare|vi|vim|watch|wget|whois|wish|xargs|xxd|yum|zsh|zypper)\s[0m
[30;1m317 | [0m[35m        partial_schema_rule = pykwalify.partial_schemas.get(include_name)[0m
[30;1m318 | [0m[35m        if not partial_schema_rule:[0m
[30;1m319 | [0m[35m            self.errors.append(SchemaError.SchemaErrorEntry([0m
[30;1m320 | [0m[35m                msg=u"Cannot find partial schema with name '{include_name}'. Existing partial schema[0m
[30;1m321 | [0m[35m                path=path,[0m
[30;1m322 | [0m[35m                value=value,[0m
[30;1m323 | [0m[35m                include_name=include_name,[0m

[31m--[ [0m[34mMatch #[0m[33m35[0m[34m of [0m[33m137[0m[31m ]--[0m
   Rule Id: [34mBD000610[0m
       Tag: [34mSecurity.Backdoor.LOLBAS.Linux[0m
  Severity: [36mModerate[0m, Confidence: [36mLow[0m
  Filename: [33m/pykwalify-1.8.0/pykwalify/core.py[0m
   Pattern: [32m\s(apt|apt\-get|aria2c|arp|ash|awk|base64|bash|bpftrace|busybox|cat|chmod|chown|cp|cpan|cpulimit|crontab|csh|curl|cut|dash|dd|diff|dmesg|dmsetup|dnf|docker|dpkg|easy_install|ed|emacs|env|expand|expect|facter|find|finger|flock|fmt|ftp|gawk|gdb|gimp|git|grep|head|iftop|ionice|ip|irb|jjs|journalctl|jrunscript|ksh|ld\.so|ldconfig|logsave|ltrace|lua|mail|mawk|mount|mtr|mv|mysql|nano|nawk|nc|nice|nl|nmap|node|od|openssl|perl|pg|php|pic|pico|pip|puppet|readelf|red|rlogin|rlwrap|rpm|rpmquery|rsync|ruby|run\-mailcap|run\-parts|rvim|scp|screen|script|sed|service|setarch|sftp|shuf|smbclient|socat|sort|sqlite3|ssh|start\-stop\-daemon|stdbuf|strace|systemctl|tail|tar|taskset|tclsh|tcpdump|tee|telnet|tftp|time|timeout|tmux|top|ul|unexpand|uniq|unshare|vi|vim|watch|wget|whois|wish|xargs|xxd|yum|zsh|zypper)\s[0m
[30;1m301 | [0m[35m                break[0m
[30;1m302 | [0m[35m[0m
[30;1m303 | [0m[35m        if not found_method:[0m
[30;1m304 | [0m[35m            raise CoreError(u"Did not find method '{0}' in any loaded extension file".format(func))[0m
[30;1m305 | [0m[35m[0m
[30;1m306 | [0m[35m    def _validate_include(self, value, rule, path, done=None):[0m
[30;1m307 | [0m[35m        """[0m

[31m--[ [0m[34mMatch #[0m[33m36[0m[34m of [0m[33m137[0m[31m ]--[0m
   Rule Id: [34mBD000610[0m
       Tag: [34mSecurity.Backdoor.LOLBAS.Linux[0m
  Severity: [36mModerate[0m, Confidence: [36mLow[0m
  Filename: [33m/pykwalify-1.8.0/pykwalify/core.py[0m
   Pattern: [32m\s(apt|apt\-get|aria2c|arp|ash|awk|base64|bash|bpftrace|busybox|cat|chmod|chown|cp|cpan|cpulimit|crontab|csh|curl|cut|dash|dd|diff|dmesg|dmsetup|dnf|docker|dpkg|easy_install|ed|emacs|env|expand|expect|facter|find|finger|flock|fmt|ftp|gawk|gdb|gimp|git|grep|head|iftop|ionice|ip|irb|jjs|journalctl|jrunscript|ksh|ld\.so|ldconfig|logsave|ltrace|lua|mail|mawk|mount|mtr|mv|mysql|nano|nawk|nc|nice|nl|nmap|node|od|openssl|perl|pg|php|pic|pico|pip|puppet|readelf|red|rlogin|rlwrap|rpm|rpmquery|rsync|ruby|run\-mailcap|run\-parts|rvim|scp|screen|script|sed|service|setarch|sftp|shuf|smbclient|socat|sort|sqlite3|ssh|start\-stop\-daemon|stdbuf|strace|systemctl|tail|tar|taskset|tclsh|tcpdump|tee|telnet|tftp|time|timeout|tmux|top|ul|unexpand|uniq|unshare|vi|vim|watch|wget|whois|wish|xargs|xxd|yum|zsh|zypper)\s[0m
[30;1m39 | [0m[35m            List of paths to python files that should be imported and available via 'func' keywork.[0m
[30;1m40 | [0m[35m            This list of extensions can be set manually or they should be provided by the `--extensi[0m
[30;1m41 | [0m[35m            flag from the cli. This list should not contain files specified by the `extensions` list[0m
[30;1m42 | [0m[35m            that can be defined at the top level of the schema.[0m
[30;1m43 | [0m[35m        """[0m
[30;1m44 | [0m[35m        if schema_files is None:[0m
[30;1m45 | [0m[35m            schema_files = [][0m

[31m--[ [0m[34mMatch #[0m[33m37[0m[34m of [0m[33m137[0m[31m ]--[0m
   Rule Id: [34mBD000610[0m
       Tag: [34mSecurity.Backdoor.LOLBAS.Linux[0m
  Severity: [36mModerate[0m, Confidence: [36mLow[0m
  Filename: [33m/pykwalify-1.8.0/pykwalify/core.py[0m
   Pattern: [32m\s(apt|apt\-get|aria2c|arp|ash|awk|base64|bash|bpftrace|busybox|cat|chmod|chown|cp|cpan|cpulimit|crontab|csh|curl|cut|dash|dd|diff|dmesg|dmsetup|dnf|docker|dpkg|easy_install|ed|emacs|env|expand|expect|facter|find|finger|flock|fmt|ftp|gawk|gdb|gimp|git|grep|head|iftop|ionice|ip|irb|jjs|journalctl|jrunscript|ksh|ld\.so|ldconfig|logsave|ltrace|lua|mail|mawk|mount|mtr|mv|mysql|nano|nawk|nc|nice|nl|nmap|node|od|openssl|perl|pg|php|pic|pico|pip|puppet|readelf|red|rlogin|rlwrap|rpm|rpmquery|rsync|ruby|run\-mailcap|run\-parts|rvim|scp|screen|script|sed|service|setarch|sftp|shuf|smbclient|socat|sort|sqlite3|ssh|start\-stop\-daemon|stdbuf|strace|systemctl|tail|tar|taskset|tclsh|tcpdump|tee|telnet|tftp|time|timeout|tmux|top|ul|unexpand|uniq|unshare|vi|vim|watch|wget|whois|wish|xargs|xxd|yum|zsh|zypper)\s[0m
[30;1m10 | [0m[35mimport re[0m
[30;1m11 | [0m[35mimport sys[0m
[30;1m12 | [0m[35mimport traceback[0m
[30;1m13 | [0m[35mimport time[0m
[30;1m14 | [0m[35mfrom io import open[0m
[30;1m15 | [0m[35mfrom importlib.machinery import SourceFileLoader[0m
[30;1m16 | [0m[35m[0m
[30;1m17 | [0m[35m# pyKwalify imports[0m

[31m--[ [0m[34mMatch #[0m[33m38[0m[34m of [0m[33m137[0m[31m ]--[0m
   Rule Id: [34mBD000700[0m
       Tag: [34mSecurity.Backdoor.DataExfiltration[0m
  Severity: [36mImportant[0m, Confidence: [36mLow[0m
  Filename: [33m/pykwalify-1.8.0/tests/test_core.py[0m
   Pattern: [32m\.(request|post|get)\([0m
[30;1m607 | [0m[35m                            exception_type, exception_type, failing_test, document_index, document.g[0m
[30;1m608 | [0m[35m[0m
[30;1m609 | [0m[35m                    compare(sorted(c.validation_errors), sorted(errors), prefix="Wrong validation er[0m
[30;1m610 | [0m[35m                        f, document_index, document.get('name', 'UNKNOWN')))[0m

[31m--[ [0m[34mMatch #[0m[33m39[0m[34m of [0m[33m137[0m[31m ]--[0m
   Rule Id: [34mBD000700[0m
       Tag: [34mSecurity.Backdoor.DataExfiltration[0m
  Severity: [36mImportant[0m, Confidence: [36mLow[0m
  Filename: [33m/pykwalify-1.8.0/tests/test_core.py[0m
   Pattern: [32m\.(request|post|get)\([0m
[30;1m605 | [0m[35mLES: {0} : {1}:{2}".format(f, document_index, document.get('name', 'UNKNOWN')))[0m
[30;1m606 | [0m[35m                        raise AssertionError("Exception {0} not raised as expected... FILES: {1} : {[0m
[30;1m607 | [0m[35m                            exception_type, exception_type, failing_test, document_index, document.g[0m
[30;1m608 | [0m[35m[0m
[30;1m609 | [0m[35m                    compare(sorted(c.validation_errors), sorted(errors), prefix="Wrong validation er[0m
[30;1m610 | [0m[35m                        f, document_index, document.get('name', 'UNKNOWN')))[0m

[31m--[ [0m[34mMatch #[0m[33m40[0m[34m of [0m[33m137[0m[31m ]--[0m
   Rule Id: [34mBD000700[0m
       Tag: [34mSecurity.Backdoor.DataExfiltration[0m
  Severity: [36mImportant[0m, Confidence: [36mLow[0m
  Filename: [33m/pykwalify-1.8.0/tests/test_core.py[0m
   Pattern: [32m\.(request|post|get)\([0m
[30;1m602 | [0m[35m                    except exception_type as e:[0m
[30;1m603 | [0m[35m                        pass[0m
[30;1m604 | [0m[35m                    else:[0m
[30;1m605 | [0m[35m                        print("ERROR RUNNING FILES: {0} : {1}:{2}".format(f, document_index, documen[0m
[30;1m606 | [0m[35m                        raise AssertionError("Exception {0} not raised as expected... FILES: {1} : {[0m
[30;1m607 | [0m[35m                            exception_type, exception_type, failing_test, document_index, document.g[0m
[30;1m608 | [0m[35m[0m

[31m--[ [0m[34mMatch #[0m[33m41[0m[34m of [0m[33m137[0m[31m ]--[0m
   Rule Id: [34mBD000700[0m
       Tag: [34mSecurity.Backdoor.DataExfiltration[0m
  Severity: [36mImportant[0m, Confidence: [36mLow[0m
  Filename: [33m/pykwalify-1.8.0/tests/test_core.py[0m
   Pattern: [32m\.(request|post|get)\([0m
[30;1m593 | [0m[35m                for document_index, document in enumerate(yaml_data):[0m
[30;1m594 | [0m[35m                    data = document["data"][0m
[30;1m595 | [0m[35m                    schema = document["schema"][0m
[30;1m596 | [0m[35m                    errors = document.get("errors", [])[0m
[30;1m597 | [0m[35m[0m
[30;1m598 | [0m[35m                    try:[0m
[30;1m599 | [0m[35m                        print("Running test files: {0}".format(f))[0m

[31m--[ [0m[34mMatch #[0m[33m42[0m[34m of [0m[33m137[0m[31m ]--[0m
   Rule Id: [34mBD000700[0m
       Tag: [34mSecurity.Backdoor.DataExfiltration[0m
  Severity: [36mImportant[0m, Confidence: [36mLow[0m
  Filename: [33m/pykwalify-1.8.0/tests/test_core.py[0m
   Pattern: [32m\.(request|post|get)\([0m
[30;1m579 | [0m[35m                        c.validate()[0m
[30;1m580 | [0m[35m                        compare(c.validation_errors, [], prefix="No validation errors should exist..[0m
[30;1m581 | [0m[35m                    except Exception as e:[0m
[30;1m582 | [0m[35m                        print("ERROR RUNNING FILES: {0} : {1}:{2}".format(f, document_index, documen[0m
[30;1m583 | [0m[35m                        raise e[0m
[30;1m584 | [0m[35m[0m
[30;1m585 | [0m[35m            # This serve as an extra schema validation that tests more complex structures then testr[0m

[31m--[ [0m[34mMatch #[0m[33m43[0m[34m of [0m[33m137[0m[31m ]--[0m
   Rule Id: [34mBD000600[0m
       Tag: [34mSecurity.Backdoor.LOLBAS.Windows[0m
  Severity: [36mModerate[0m, Confidence: [36mLow[0m
  Filename: [33m/pykwalify-1.8.0/tests/test_core.py[0m
   Pattern: [32m\s(advpack\.dll|appvlp|at|atbroker|bash|bginfo|bitsadmin|cdb|certutil|cl_invocation\.ps1|cl_mutexverifiers\.ps1|cmd|cmdkey|cmstp|comsvcs\.dll|control|csc|cscript|csi|devtoolslauncher|dfsvc|diskshadow|dnscmd|dnx|dotnet|dxcap|esentutl|eventvwr|excel|expand|extexport|extrac32|findstr|forfiles|ftp|gfxdownloadwrapper|gpscript|hh|ie4uinit|ieadvpack\.dll|ieaframe\.dll|ic|infdefaultinstall|installutil|jsc|makecab|manage-bde\.wsf|mavinject|mftrace|microsoft\.workflow\.compiler|mmc|msbuild|msconfig|msdeploy|msdt|mshta|mshtml\.dll|msc|msxsl|netsh|odbcconf|pcalua|pcwrun|pcwutl\.dll|pester\.bat|powerpnt|presentationhost|pubprn\.vbs|rcsi|reg|regasm|regedit|register-cimprovider|regsvcs|regsvr32|rpcping|rundll32|runonce|runscripthelper|sc|schtasks|scriptrunner|setupapi\.dll|shdocvw\.dll|shell32\.dll|slmgr\.vbs|sqldumper|sqlps|sqltoolsps|squirrel|syncappvpublishingserver|syncappvpublishingserver\.vbs|syssetup\.dll|te|tracker|tttracer|update|url\.dll|verclsid|vsjitdebugger|wab|winrm\.vbs|winword|wmic|wscript|wsl|wsreset|xwizard|zipfldr\.dll)\s[0m
[30;1m223 | [0m[35m        This should test that multiple files is supported correctly[0m
[30;1m224 | [0m[35m        """[0m
[30;1m225 | [0m[35m        pass_tests = [[0m
[30;1m226 | [0m[35m            # Test that include directive can be used at top level of the schema[0m
[30;1m227 | [0m[35m            ([0m
[30;1m228 | [0m[35m                [[0m
[30;1m229 | [0m[35m                    self.f("partial_schemas", "1s-schema.yaml"),[0m

[31m--[ [0m[34mMatch #[0m[33m44[0m[34m of [0m[33m137[0m[31m ]--[0m
   Rule Id: [34mBD000610[0m
       Tag: [34mSecurity.Backdoor.LOLBAS.Linux[0m
  Severity: [36mModerate[0m, Confidence: [36mLow[0m
  Filename: [33m/pykwalify-1.8.0/tests/test_core.py[0m
   Pattern: [32m\s(apt|apt\-get|aria2c|arp|ash|awk|base64|bash|bpftrace|busybox|cat|chmod|chown|cp|cpan|cpulimit|crontab|csh|curl|cut|dash|dd|diff|dmesg|dmsetup|dnf|docker|dpkg|easy_install|ed|emacs|env|expand|expect|facter|find|finger|flock|fmt|ftp|gawk|gdb|gimp|git|grep|head|iftop|ionice|ip|irb|jjs|journalctl|jrunscript|ksh|ld\.so|ldconfig|logsave|ltrace|lua|mail|mawk|mount|mtr|mv|mysql|nano|nawk|nc|nice|nl|nmap|node|od|openssl|perl|pg|php|pic|pico|pip|puppet|readelf|red|rlogin|rlwrap|rpm|rpmquery|rsync|ruby|run\-mailcap|run\-parts|rvim|scp|screen|script|sed|service|setarch|sftp|shuf|smbclient|socat|sort|sqlite3|ssh|start\-stop\-daemon|stdbuf|strace|systemctl|tail|tar|taskset|tclsh|tcpdump|tee|telnet|tftp|time|timeout|tmux|top|ul|unexpand|uniq|unshare|vi|vim|watch|wget|whois|wish|xargs|xxd|yum|zsh|zypper)\s[0m
[30;1m279 | [0m[35m                ],[0m
[30;1m280 | [0m[35m                self.f("partial_schemas", "1f-data.yaml"),[0m
[30;1m281 | [0m[35m                SchemaError,[0m
[30;1m282 | [0m[35m                ["Cannot find partial schema with name 'fooonez'. Existing partial schemas: 'bar, fo[0m
[30;1m283 | [0m[35m            ),[0m
[30;1m284 | [0m[35m            ([0m
[30;1m285 | [0m[35m                [[0m

[31m--[ [0m[34mMatch #[0m[33m45[0m[34m of [0m[33m137[0m[31m ]--[0m
   Rule Id: [34mBD000610[0m
       Tag: [34mSecurity.Backdoor.LOLBAS.Linux[0m
  Severity: [36mModerate[0m, Confidence: [36mLow[0m
  Filename: [33m/pykwalify-1.8.0/tests/test_core.py[0m
   Pattern: [32m\s(apt|apt\-get|aria2c|arp|ash|awk|base64|bash|bpftrace|busybox|cat|chmod|chown|cp|cpan|cpulimit|crontab|csh|curl|cut|dash|dd|diff|dmesg|dmsetup|dnf|docker|dpkg|easy_install|ed|emacs|env|expand|expect|facter|find|finger|flock|fmt|ftp|gawk|gdb|gimp|git|grep|head|iftop|ionice|ip|irb|jjs|journalctl|jrunscript|ksh|ld\.so|ldconfig|logsave|ltrace|lua|mail|mawk|mount|mtr|mv|mysql|nano|nawk|nc|nice|nl|nmap|node|od|openssl|perl|pg|php|pic|pico|pip|puppet|readelf|red|rlogin|rlwrap|rpm|rpmquery|rsync|ruby|run\-mailcap|run\-parts|rvim|scp|screen|script|sed|service|setarch|sftp|shuf|smbclient|socat|sort|sqlite3|ssh|start\-stop\-daemon|stdbuf|strace|systemctl|tail|tar|taskset|tclsh|tcpdump|tee|telnet|tftp|time|timeout|tmux|top|ul|unexpand|uniq|unshare|vi|vim|watch|wget|whois|wish|xargs|xxd|yum|zsh|zypper)\s[0m
[30;1m223 | [0m[35m        This should test that multiple files is supported correctly[0m
[30;1m224 | [0m[35m        """[0m
[30;1m225 | [0m[35m        pass_tests = [[0m
[30;1m226 | [0m[35m            # Test that include directive can be used at top level of the schema[0m
[30;1m227 | [0m[35m            ([0m
[30;1m228 | [0m[35m                [[0m
[30;1m229 | [0m[35m                    self.f("partial_schemas", "1s-schema.yaml"),[0m

[31m--[ [0m[34mMatch #[0m[33m46[0m[34m of [0m[33m137[0m[31m ]--[0m
   Rule Id: [34mBD000600[0m
       Tag: [34mSecurity.Backdoor.LOLBAS.Windows[0m
  Severity: [36mModerate[0m, Confidence: [36mLow[0m
  Filename: [33m/pykwalify-1.8.0/tests/files/fail/test_type_none.yaml[0m
   Pattern: [32m\s(advpack\.dll|appvlp|at|atbroker|bash|bginfo|bitsadmin|cdb|certutil|cl_invocation\.ps1|cl_mutexverifiers\.ps1|cmd|cmdkey|cmstp|comsvcs\.dll|control|csc|cscript|csi|devtoolslauncher|dfsvc|diskshadow|dnscmd|dnx|dotnet|dxcap|esentutl|eventvwr|excel|expand|extexport|extrac32|findstr|forfiles|ftp|gfxdownloadwrapper|gpscript|hh|ie4uinit|ieadvpack\.dll|ieaframe\.dll|ic|infdefaultinstall|installutil|jsc|makecab|manage-bde\.wsf|mavinject|mftrace|microsoft\.workflow\.compiler|mmc|msbuild|msconfig|msdeploy|msdt|mshta|mshtml\.dll|msc|msxsl|netsh|odbcconf|pcalua|pcwrun|pcwutl\.dll|pester\.bat|powerpnt|presentationhost|pubprn\.vbs|rcsi|reg|regasm|regedit|register-cimprovider|regsvcs|regsvr32|rpcping|rundll32|runonce|runscripthelper|sc|schtasks|scriptrunner|setupapi\.dll|shdocvw\.dll|shell32\.dll|slmgr\.vbs|sqldumper|sqlps|sqltoolsps|squirrel|syncappvpublishingserver|syncappvpublishingserver\.vbs|syssetup\.dll|te|tracker|tttracer|update|url\.dll|verclsid|vsjitdebugger|wab|winrm\.vbs|winword|wmic|wscript|wsl|wsreset|xwizard|zipfldr\.dll)\s[0m
[30;1m1 | [0m[35m#[0m
[30;1m2 | [0m[35m# NOTE: This case is not allowed becuase Core class do NOT allow[0m
[30;1m3 | [0m[35m#       there is no data to validate. This happens if None is at top level[0m
[30;1m4 | [0m[35m#       of the data structure.[0m
[30;1m5 | [0m[35m#[0m
[30;1m6 | [0m[35m# ---[0m

[31m--[ [0m[34mMatch #[0m[33m47[0m[34m of [0m[33m137[0m[31m ]--[0m
   Rule Id: [34mBD000610[0m
       Tag: [34mSecurity.Backdoor.LOLBAS.Linux[0m
  Severity: [36mModerate[0m, Confidence: [36mLow[0m
  Filename: [33m/pykwalify-1.8.0/tests/files/fail/test_type_none.yaml[0m
   Pattern: [32m\s(apt|apt\-get|aria2c|arp|ash|awk|base64|bash|bpftrace|busybox|cat|chmod|chown|cp|cpan|cpulimit|crontab|csh|curl|cut|dash|dd|diff|dmesg|dmsetup|dnf|docker|dpkg|easy_install|ed|emacs|env|expand|expect|facter|find|finger|flock|fmt|ftp|gawk|gdb|gimp|git|grep|head|iftop|ionice|ip|irb|jjs|journalctl|jrunscript|ksh|ld\.so|ldconfig|logsave|ltrace|lua|mail|mawk|mount|mtr|mv|mysql|nano|nawk|nc|nice|nl|nmap|node|od|openssl|perl|pg|php|pic|pico|pip|puppet|readelf|red|rlogin|rlwrap|rpm|rpmquery|rsync|ruby|run\-mailcap|run\-parts|rvim|scp|screen|script|sed|service|setarch|sftp|shuf|smbclient|socat|sort|sqlite3|ssh|start\-stop\-daemon|stdbuf|strace|systemctl|tail|tar|taskset|tclsh|tcpdump|tee|telnet|tftp|time|timeout|tmux|top|ul|unexpand|uniq|unshare|vi|vim|watch|wget|whois|wish|xargs|xxd|yum|zsh|zypper)\s[0m
[30;1m1 | [0m[35m#[0m
[30;1m2 | [0m[35m# NOTE: This case is not allowed becuase Core class do NOT allow[0m
[30;1m3 | [0m[35m#       there is no data to validate. This happens if None is at top level[0m
[30;1m4 | [0m[35m#       of the data structure.[0m
[30;1m5 | [0m[35m#[0m
[30;1m6 | [0m[35m# ---[0m

[31m--[ [0m[34mMatch #[0m[33m48[0m[34m of [0m[33m137[0m[31m ]--[0m
   Rule Id: [34mBD000700[0m
       Tag: [34mSecurity.Backdoor.DataExfiltration[0m
  Severity: [36mImportant[0m, Confidence: [36mLow[0m
  Filename: [33m/pykwalify-1.8.0/pykwalify/rule.py[0m
   Pattern: [32m\.(request|post|get)\([0m
[30;1m1281 | [0m[35m            elif 'mapping' in schema or 'map' in schema:[0m
[30;1m1282 | [0m[35m                rule_type = 'mapping'[0m
[30;1m1283 | [0m[35m[0m
[30;1m1284 | [0m[35m        allowed_keywords = all_allowed_keywords.get(rule_type)[0m
[30;1m1285 | [0m[35m        if not allowed_keywords and 'sequence' not in schema and 'mapping' not in schema and 'seq' n[0m
[30;1m1286 | [0m[35m            raise RuleError('No allowed keywords found for type: {0}'.format(rule_type))[0m
[30;1m1287 | [0m[35m[0m

[31m--[ [0m[34mMatch #[0m[33m49[0m[34m of [0m[33m137[0m[31m ]--[0m
   Rule Id: [34mBD000700[0m
       Tag: [34mSecurity.Backdoor.DataExfiltration[0m
  Severity: [36mImportant[0m, Confidence: [36mLow[0m
  Filename: [33m/pykwalify-1.8.0/pykwalify/rule.py[0m
   Pattern: [32m\.(request|post|get)\([0m
[30;1m1273 | [0m[35m            'enum': global_keywords + ['default', 'enum'],[0m
[30;1m1274 | [0m[35m            'none': global_keywords + ['default', 'enum', 'required'],[0m
[30;1m1275 | [0m[35m        }[0m
[30;1m1276 | [0m[35m        rule_type = schema.get('type')[0m
[30;1m1277 | [0m[35m        if not rule_type:[0m
[30;1m1278 | [0m[35m            # Special cases for the "shortcut methods"[0m
[30;1m1279 | [0m[35m            if 'sequence' in schema or 'seq' in schema:[0m

[31m--[ [0m[34mMatch #[0m[33m50[0m[34m of [0m[33m137[0m[31m ]--[0m
   Rule Id: [34mBD000700[0m
       Tag: [34mSecurity.Backdoor.DataExfiltration[0m
  Severity: [36mImportant[0m, Confidence: [36mLow[0m
  Filename: [33m/pykwalify-1.8.0/pykwalify/rule.py[0m
   Pattern: [32m\.(request|post|get)\([0m
[30;1m931 | [0m[35m        max = self.range.get("max")[0m
[30;1m932 | [0m[35m        min = self.range.get("min")[0m
[30;1m933 | [0m[35m        max_ex = self.range.get("max-ex")[0m
[30;1m934 | [0m[35m        min_ex = self.range.get("min-ex")[0m
[30;1m935 | [0m[35m[0m
[30;1m936 | [0m[35m        if max is not None and not is_number(max) or is_bool(max):[0m
[30;1m937 | [0m[35m            raise RuleError([0m

[31m--[ [0m[34mMatch #[0m[33m51[0m[34m of [0m[33m137[0m[31m ]--[0m
   Rule Id: [34mBD000700[0m
       Tag: [34mSecurity.Backdoor.DataExfiltration[0m
  Severity: [36mImportant[0m, Confidence: [36mLow[0m
  Filename: [33m/pykwalify-1.8.0/pykwalify/rule.py[0m
   Pattern: [32m\.(request|post|get)\([0m
[30;1m930 | [0m[35m[0m
[30;1m931 | [0m[35m        max = self.range.get("max")[0m
[30;1m932 | [0m[35m        min = self.range.get("min")[0m
[30;1m933 | [0m[35m        max_ex = self.range.get("max-ex")[0m
[30;1m934 | [0m[35m        min_ex = self.range.get("min-ex")[0m
[30;1m935 | [0m[35m[0m
[30;1m936 | [0m[35m        if max is not None and not is_number(max) or is_bool(max):[0m

[31m--[ [0m[34mMatch #[0m[33m52[0m[34m of [0m[33m137[0m[31m ]--[0m
   Rule Id: [34mBD000700[0m
       Tag: [34mSecurity.Backdoor.DataExfiltration[0m
  Severity: [36mImportant[0m, Confidence: [36mLow[0m
  Filename: [33m/pykwalify-1.8.0/pykwalify/rule.py[0m
   Pattern: [32m\.(request|post|get)\([0m
[30;1m929 | [0m[35m            )[0m
[30;1m930 | [0m[35m[0m
[30;1m931 | [0m[35m        max = self.range.get("max")[0m
[30;1m932 | [0m[35m        min = self.range.get("min")[0m
[30;1m933 | [0m[35m        max_ex = self.range.get("max-ex")[0m
[30;1m934 | [0m[35m        min_ex = self.range.get("min-ex")[0m
[30;1m935 | [0m[35m[0m

[31m--[ [0m[34mMatch #[0m[33m53[0m[34m of [0m[33m137[0m[31m ]--[0m
   Rule Id: [34mBD000700[0m
       Tag: [34mSecurity.Backdoor.DataExfiltration[0m
  Severity: [36mImportant[0m, Confidence: [36mLow[0m
  Filename: [33m/pykwalify-1.8.0/pykwalify/rule.py[0m
   Pattern: [32m\.(request|post|get)\([0m
[30;1m928 | [0m[35m                path=path,[0m
[30;1m929 | [0m[35m            )[0m
[30;1m930 | [0m[35m[0m
[30;1m931 | [0m[35m        max = self.range.get("max")[0m
[30;1m932 | [0m[35m        min = self.range.get("min")[0m
[30;1m933 | [0m[35m        max_ex = self.range.get("max-ex")[0m
[30;1m934 | [0m[35m        min_ex = self.range.get("min-ex")[0m

[31m--[ [0m[34mMatch #[0m[33m54[0m[34m of [0m[33m137[0m[31m ]--[0m
   Rule Id: [34mBD000700[0m
       Tag: [34mSecurity.Backdoor.DataExfiltration[0m
  Severity: [36mImportant[0m, Confidence: [36mLow[0m
  Filename: [33m/pykwalify-1.8.0/pykwalify/rule.py[0m
   Pattern: [32m\.(request|post|get)\([0m
[30;1m563 | [0m[35m        max = self.length.get("max")[0m
[30;1m564 | [0m[35m        min = self.length.get("min")[0m
[30;1m565 | [0m[35m        max_ex = self.length.get("max-ex")[0m
[30;1m566 | [0m[35m        min_ex = self.length.get("min-ex")[0m
[30;1m567 | [0m[35m[0m
[30;1m568 | [0m[35m        if max is not None and not is_number(max) or is_bool(max):[0m
[30;1m569 | [0m[35m            raise RuleError([0m

[31m--[ [0m[34mMatch #[0m[33m55[0m[34m of [0m[33m137[0m[31m ]--[0m
   Rule Id: [34mBD000700[0m
       Tag: [34mSecurity.Backdoor.DataExfiltration[0m
  Severity: [36mImportant[0m, Confidence: [36mLow[0m
  Filename: [33m/pykwalify-1.8.0/pykwalify/rule.py[0m
   Pattern: [32m\.(request|post|get)\([0m
[30;1m562 | [0m[35m[0m
[30;1m563 | [0m[35m        max = self.length.get("max")[0m
[30;1m564 | [0m[35m        min = self.length.get("min")[0m
[30;1m565 | [0m[35m        max_ex = self.length.get("max-ex")[0m
[30;1m566 | [0m[35m        min_ex = self.length.get("min-ex")[0m
[30;1m567 | [0m[35m[0m
[30;1m568 | [0m[35m        if max is not None and not is_number(max) or is_bool(max):[0m

[31m--[ [0m[34mMatch #[0m[33m56[0m[34m of [0m[33m137[0m[31m ]--[0m
   Rule Id: [34mBD000700[0m
       Tag: [34mSecurity.Backdoor.DataExfiltration[0m
  Severity: [36mImportant[0m, Confidence: [36mLow[0m
  Filename: [33m/pykwalify-1.8.0/pykwalify/rule.py[0m
   Pattern: [32m\.(request|post|get)\([0m
[30;1m561 | [0m[35m            )[0m
[30;1m562 | [0m[35m[0m
[30;1m563 | [0m[35m        max = self.length.get("max")[0m
[30;1m564 | [0m[35m        min = self.length.get("min")[0m
[30;1m565 | [0m[35m        max_ex = self.length.get("max-ex")[0m
[30;1m566 | [0m[35m        min_ex = self.length.get("min-ex")[0m
[30;1m567 | [0m[35m[0m

[31m--[ [0m[34mMatch #[0m[33m57[0m[34m of [0m[33m137[0m[31m ]--[0m
   Rule Id: [34mBD000700[0m
       Tag: [34mSecurity.Backdoor.DataExfiltration[0m
  Severity: [36mImportant[0m, Confidence: [36mLow[0m
  Filename: [33m/pykwalify-1.8.0/pykwalify/rule.py[0m
   Pattern: [32m\.(request|post|get)\([0m
[30;1m560 | [0m[35m                path=path,[0m
[30;1m561 | [0m[35m            )[0m
[30;1m562 | [0m[35m[0m
[30;1m563 | [0m[35m        max = self.length.get("max")[0m
[30;1m564 | [0m[35m        min = self.length.get("min")[0m
[30;1m565 | [0m[35m        max_ex = self.length.get("max-ex")[0m
[30;1m566 | [0m[35m        min_ex = self.length.get("min-ex")[0m

[31m--[ [0m[34mMatch #[0m[33m58[0m[34m of [0m[33m137[0m[31m ]--[0m
   Rule Id: [34mBD000700[0m
       Tag: [34mSecurity.Backdoor.DataExfiltration[0m
  Severity: [36mImportant[0m, Confidence: [36mLow[0m
  Filename: [33m/pykwalify-1.8.0/pykwalify/rule.py[0m
   Pattern: [32m\.(request|post|get)\([0m
[30;1m368 | [0m[35m        """[0m
[30;1m369 | [0m[35m        log.debug(u"Init schema: %s", schema)[0m
[30;1m370 | [0m[35m[0m
[30;1m371 | [0m[35m        include = schema.get("include")[0m
[30;1m372 | [0m[35m[0m
[30;1m373 | [0m[35m        # Check if this item is a include, overwrite schema with include schema and continue to pars[0m
[30;1m374 | [0m[35m        if include:[0m

[31m--[ [0m[34mMatch #[0m[33m59[0m[34m of [0m[33m137[0m[31m ]--[0m
   Rule Id: [34mBD000600[0m
       Tag: [34mSecurity.Backdoor.LOLBAS.Windows[0m
  Severity: [36mModerate[0m, Confidence: [36mLow[0m
  Filename: [33m/pykwalify-1.8.0/pykwalify/rule.py[0m
   Pattern: [32m\s(advpack\.dll|appvlp|at|atbroker|bash|bginfo|bitsadmin|cdb|certutil|cl_invocation\.ps1|cl_mutexverifiers\.ps1|cmd|cmdkey|cmstp|comsvcs\.dll|control|csc|cscript|csi|devtoolslauncher|dfsvc|diskshadow|dnscmd|dnx|dotnet|dxcap|esentutl|eventvwr|excel|expand|extexport|extrac32|findstr|forfiles|ftp|gfxdownloadwrapper|gpscript|hh|ie4uinit|ieadvpack\.dll|ieaframe\.dll|ic|infdefaultinstall|installutil|jsc|makecab|manage-bde\.wsf|mavinject|mftrace|microsoft\.workflow\.compiler|mmc|msbuild|msconfig|msdeploy|msdt|mshta|mshtml\.dll|msc|msxsl|netsh|odbcconf|pcalua|pcwrun|pcwutl\.dll|pester\.bat|powerpnt|presentationhost|pubprn\.vbs|rcsi|reg|regasm|regedit|register-cimprovider|regsvcs|regsvr32|rpcping|rundll32|runonce|runscripthelper|sc|schtasks|scriptrunner|setupapi\.dll|shdocvw\.dll|shell32\.dll|slmgr\.vbs|sqldumper|sqlps|sqltoolsps|squirrel|syncappvpublishingserver|syncappvpublishingserver\.vbs|syssetup\.dll|te|tracker|tttracer|update|url\.dll|verclsid|vsjitdebugger|wab|winrm\.vbs|winword|wmic|wscript|wsl|wsreset|xwizard|zipfldr\.dll)\s[0m
[30;1m670 | [0m[35m                path=path,[0m
[30;1m671 | [0m[35m            )[0m
[30;1m672 | [0m[35m[0m
[30;1m673 | [0m[35m        # TODO: Add limitation that this keyword can only be used at the top level of the file[0m
[30;1m674 | [0m[35m[0m
[30;1m675 | [0m[35m        self.extensions = v[0m
[30;1m676 | [0m[35m[0m

[31m--[ [0m[34mMatch #[0m[33m60[0m[34m of [0m[33m137[0m[31m ]--[0m
   Rule Id: [34mBD000610[0m
       Tag: [34mSecurity.Backdoor.LOLBAS.Linux[0m
  Severity: [36mModerate[0m, Confidence: [36mLow[0m
  Filename: [33m/pykwalify-1.8.0/pykwalify/rule.py[0m
   Pattern: [32m\s(apt|apt\-get|aria2c|arp|ash|awk|base64|bash|bpftrace|busybox|cat|chmod|chown|cp|cpan|cpulimit|crontab|csh|curl|cut|dash|dd|diff|dmesg|dmsetup|dnf|docker|dpkg|easy_install|ed|emacs|env|expand|expect|facter|find|finger|flock|fmt|ftp|gawk|gdb|gimp|git|grep|head|iftop|ionice|ip|irb|jjs|journalctl|jrunscript|ksh|ld\.so|ldconfig|logsave|ltrace|lua|mail|mawk|mount|mtr|mv|mysql|nano|nawk|nc|nice|nl|nmap|node|od|openssl|perl|pg|php|pic|pico|pip|puppet|readelf|red|rlogin|rlwrap|rpm|rpmquery|rsync|ruby|run\-mailcap|run\-parts|rvim|scp|screen|script|sed|service|setarch|sftp|shuf|smbclient|socat|sort|sqlite3|ssh|start\-stop\-daemon|stdbuf|strace|systemctl|tail|tar|taskset|tclsh|tcpdump|tee|telnet|tftp|time|timeout|tmux|top|ul|unexpand|uniq|unshare|vi|vim|watch|wget|whois|wish|xargs|xxd|yum|zsh|zypper)\s[0m
[30;1m670 | [0m[35m                path=path,[0m
[30;1m671 | [0m[35m            )[0m
[30;1m672 | [0m[35m[0m
[30;1m673 | [0m[35m        # TODO: Add limitation that this keyword can only be used at the top level of the file[0m
[30;1m674 | [0m[35m[0m
[30;1m675 | [0m[35m        self.extensions = v[0m
[30;1m676 | [0m[35m[0m

[31m--[ [0m[34mMatch #[0m[33m61[0m[34m of [0m[33m137[0m[31m ]--[0m
   Rule Id: [34mBD000610[0m
       Tag: [34mSecurity.Backdoor.LOLBAS.Linux[0m
  Severity: [36mModerate[0m, Confidence: [36mLow[0m
  Filename: [33m/pykwalify-1.8.0/pykwalify/rule.py[0m
   Pattern: [32m\s(apt|apt\-get|aria2c|arp|ash|awk|base64|bash|bpftrace|busybox|cat|chmod|chown|cp|cpan|cpulimit|crontab|csh|curl|cut|dash|dd|diff|dmesg|dmsetup|dnf|docker|dpkg|easy_install|ed|emacs|env|expand|expect|facter|find|finger|flock|fmt|ftp|gawk|gdb|gimp|git|grep|head|iftop|ionice|ip|irb|jjs|journalctl|jrunscript|ksh|ld\.so|ldconfig|logsave|ltrace|lua|mail|mawk|mount|mtr|mv|mysql|nano|nawk|nc|nice|nl|nmap|node|od|openssl|perl|pg|php|pic|pico|pip|puppet|readelf|red|rlogin|rlwrap|rpm|rpmquery|rsync|ruby|run\-mailcap|run\-parts|rvim|scp|screen|script|sed|service|setarch|sftp|shuf|smbclient|socat|sort|sqlite3|ssh|start\-stop\-daemon|stdbuf|strace|systemctl|tail|tar|taskset|tclsh|tcpdump|tee|telnet|tftp|time|timeout|tmux|top|ul|unexpand|uniq|unshare|vi|vim|watch|wget|whois|wish|xargs|xxd|yum|zsh|zypper)\s[0m
[30;1m445 | [0m[35m                # Schema tag is only allowed on top level of data[0m
[30;1m446 | [0m[35m                log.debug(u"Found schema tag...")[0m
[30;1m447 | [0m[35m                raise RuleError([0m
[30;1m448 | [0m[35m                    msg=u"Schema is only allowed on top level of schema file",[0m
[30;1m449 | [0m[35m                    error_key=u"schema.not.toplevel",[0m
[30;1m450 | [0m[35m                    path=path,[0m
[30;1m451 | [0m[35m                )[0m

[31m--[ [0m[34mMatch #[0m[33m62[0m[34m of [0m[33m137[0m[31m ]--[0m
   Rule Id: [34mBD000610[0m
       Tag: [34mSecurity.Backdoor.LOLBAS.Linux[0m
  Severity: [36mModerate[0m, Confidence: [36mLow[0m
  Filename: [33m/pykwalify-1.8.0/pykwalify/rule.py[0m
   Pattern: [32m\s(apt|apt\-get|aria2c|arp|ash|awk|base64|bash|bpftrace|busybox|cat|chmod|chown|cp|cpan|cpulimit|crontab|csh|curl|cut|dash|dd|diff|dmesg|dmsetup|dnf|docker|dpkg|easy_install|ed|emacs|env|expand|expect|facter|find|finger|flock|fmt|ftp|gawk|gdb|gimp|git|grep|head|iftop|ionice|ip|irb|jjs|journalctl|jrunscript|ksh|ld\.so|ldconfig|logsave|ltrace|lua|mail|mawk|mount|mtr|mv|mysql|nano|nawk|nc|nice|nl|nmap|node|od|openssl|perl|pg|php|pic|pico|pip|puppet|readelf|red|rlogin|rlwrap|rpm|rpmquery|rsync|ruby|run\-mailcap|run\-parts|rvim|scp|screen|script|sed|service|setarch|sftp|shuf|smbclient|socat|sort|sqlite3|ssh|start\-stop\-daemon|stdbuf|strace|systemctl|tail|tar|taskset|tclsh|tcpdump|tee|telnet|tftp|time|timeout|tmux|top|ul|unexpand|uniq|unshare|vi|vim|watch|wget|whois|wish|xargs|xxd|yum|zsh|zypper)\s[0m
[30;1m442 | [0m[35m            if k in func_mapping:[0m
[30;1m443 | [0m[35m                func_mapping[k](v, rule, path)[0m
[30;1m444 | [0m[35m            elif k.startswith("schema;"):[0m
[30;1m445 | [0m[35m                # Schema tag is only allowed on top level of data[0m
[30;1m446 | [0m[35m                log.debug(u"Found schema tag...")[0m
[30;1m447 | [0m[35m                raise RuleError([0m
[30;1m448 | [0m[35m                    msg=u"Schema is only allowed on top level of schema file",[0m

[31m--[ [0m[34mMatch #[0m[33m63[0m[34m of [0m[33m137[0m[31m ]--[0m
   Rule Id: [34mBD000600[0m
       Tag: [34mSecurity.Backdoor.LOLBAS.Windows[0m
  Severity: [36mModerate[0m, Confidence: [36mLow[0m
  Filename: [33m/pykwalify-1.8.0/tests/files/fail/test_ident.yaml[0m
   Pattern: [32m\s(advpack\.dll|appvlp|at|atbroker|bash|bginfo|bitsadmin|cdb|certutil|cl_invocation\.ps1|cl_mutexverifiers\.ps1|cmd|cmdkey|cmstp|comsvcs\.dll|control|csc|cscript|csi|devtoolslauncher|dfsvc|diskshadow|dnscmd|dnx|dotnet|dxcap|esentutl|eventvwr|excel|expand|extexport|extrac32|findstr|forfiles|ftp|gfxdownloadwrapper|gpscript|hh|ie4uinit|ieadvpack\.dll|ieaframe\.dll|ic|infdefaultinstall|installutil|jsc|makecab|manage-bde\.wsf|mavinject|mftrace|microsoft\.workflow\.compiler|mmc|msbuild|msconfig|msdeploy|msdt|mshta|mshtml\.dll|msc|msxsl|netsh|odbcconf|pcalua|pcwrun|pcwutl\.dll|pester\.bat|powerpnt|presentationhost|pubprn\.vbs|rcsi|reg|regasm|regedit|register-cimprovider|regsvcs|regsvr32|rpcping|rundll32|runonce|runscripthelper|sc|schtasks|scriptrunner|setupapi\.dll|shdocvw\.dll|shell32\.dll|slmgr\.vbs|sqldumper|sqlps|sqltoolsps|squirrel|syncappvpublishingserver|syncappvpublishingserver\.vbs|syssetup\.dll|te|tracker|tttracer|update|url\.dll|verclsid|vsjitdebugger|wab|winrm\.vbs|winword|wmic|wscript|wsl|wsreset|xwizard|zipfldr\.dll)\s[0m
[30;1m20 | [0m[35merrors:[0m
[30;1m21 | [0m[35m  - "Value 'bar' is not unique. Previous path: '/1/name'. Path: '/2/name'"[0m
[30;1m22 | [0m[35m  ## Kwalify errors[0m
[30;1m23 | [0m[35m  # :value_notunique    : 5:3:[/2/name] 'bar': is already used at '/1/name'.[0m

[31m--[ [0m[34mMatch #[0m[33m64[0m[34m of [0m[33m137[0m[31m ]--[0m
   Rule Id: [34mBD000600[0m
       Tag: [34mSecurity.Backdoor.LOLBAS.Windows[0m
  Severity: [36mModerate[0m, Confidence: [36mLow[0m
  Filename: [33m/pykwalify-1.8.0/tests/files/success/test_type_none.yaml[0m
   Pattern: [32m\s(advpack\.dll|appvlp|at|atbroker|bash|bginfo|bitsadmin|cdb|certutil|cl_invocation\.ps1|cl_mutexverifiers\.ps1|cmd|cmdkey|cmstp|comsvcs\.dll|control|csc|cscript|csi|devtoolslauncher|dfsvc|diskshadow|dnscmd|dnx|dotnet|dxcap|esentutl|eventvwr|excel|expand|extexport|extrac32|findstr|forfiles|ftp|gfxdownloadwrapper|gpscript|hh|ie4uinit|ieadvpack\.dll|ieaframe\.dll|ic|infdefaultinstall|installutil|jsc|makecab|manage-bde\.wsf|mavinject|mftrace|microsoft\.workflow\.compiler|mmc|msbuild|msconfig|msdeploy|msdt|mshta|mshtml\.dll|msc|msxsl|netsh|odbcconf|pcalua|pcwrun|pcwutl\.dll|pester\.bat|powerpnt|presentationhost|pubprn\.vbs|rcsi|reg|regasm|regedit|register-cimprovider|regsvcs|regsvr32|rpcping|rundll32|runonce|runscripthelper|sc|schtasks|scriptrunner|setupapi\.dll|shdocvw\.dll|shell32\.dll|slmgr\.vbs|sqldumper|sqlps|sqltoolsps|squirrel|syncappvpublishingserver|syncappvpublishingserver\.vbs|syssetup\.dll|te|tracker|tttracer|update|url\.dll|verclsid|vsjitdebugger|wab|winrm\.vbs|winword|wmic|wscript|wsl|wsreset|xwizard|zipfldr\.dll)\s[0m
[30;1m1 | [0m[35m#[0m
[30;1m2 | [0m[35m# NOTE: This case is not allowed becuase Core class do NOT allow[0m
[30;1m3 | [0m[35m#       there is no data to validate. This happens if None is at top level[0m
[30;1m4 | [0m[35m#       of the data structure.[0m
[30;1m5 | [0m[35m#[0m
[30;1m6 | [0m[35m# ---[0m

[31m--[ [0m[34mMatch #[0m[33m65[0m[34m of [0m[33m137[0m[31m ]--[0m
   Rule Id: [34mBD000610[0m
       Tag: [34mSecurity.Backdoor.LOLBAS.Linux[0m
  Severity: [36mModerate[0m, Confidence: [36mLow[0m
  Filename: [33m/pykwalify-1.8.0/tests/files/success/test_type_none.yaml[0m
   Pattern: [32m\s(apt|apt\-get|aria2c|arp|ash|awk|base64|bash|bpftrace|busybox|cat|chmod|chown|cp|cpan|cpulimit|crontab|csh|curl|cut|dash|dd|diff|dmesg|dmsetup|dnf|docker|dpkg|easy_install|ed|emacs|env|expand|expect|facter|find|finger|flock|fmt|ftp|gawk|gdb|gimp|git|grep|head|iftop|ionice|ip|irb|jjs|journalctl|jrunscript|ksh|ld\.so|ldconfig|logsave|ltrace|lua|mail|mawk|mount|mtr|mv|mysql|nano|nawk|nc|nice|nl|nmap|node|od|openssl|perl|pg|php|pic|pico|pip|puppet|readelf|red|rlogin|rlwrap|rpm|rpmquery|rsync|ruby|run\-mailcap|run\-parts|rvim|scp|screen|script|sed|service|setarch|sftp|shuf|smbclient|socat|sort|sqlite3|ssh|start\-stop\-daemon|stdbuf|strace|systemctl|tail|tar|taskset|tclsh|tcpdump|tee|telnet|tftp|time|timeout|tmux|top|ul|unexpand|uniq|unshare|vi|vim|watch|wget|whois|wish|xargs|xxd|yum|zsh|zypper)\s[0m
[30;1m1 | [0m[35m#[0m
[30;1m2 | [0m[35m# NOTE: This case is not allowed becuase Core class do NOT allow[0m
[30;1m3 | [0m[35m#       there is no data to validate. This happens if None is at top level[0m
[30;1m4 | [0m[35m#       of the data structure.[0m
[30;1m5 | [0m[35m#[0m
[30;1m6 | [0m[35m# ---[0m

[31m--[ [0m[34mMatch #[0m[33m66[0m[34m of [0m[33m137[0m[31m ]--[0m
   Rule Id: [34mBD000600[0m
       Tag: [34mSecurity.Backdoor.LOLBAS.Windows[0m
  Severity: [36mModerate[0m, Confidence: [36mLow[0m
  Filename: [33m/pykwalify-1.8.0/README.md[0m
   Pattern: [32m\s(advpack\.dll|appvlp|at|atbroker|bash|bginfo|bitsadmin|cdb|certutil|cl_invocation\.ps1|cl_mutexverifiers\.ps1|cmd|cmdkey|cmstp|comsvcs\.dll|control|csc|cscript|csi|devtoolslauncher|dfsvc|diskshadow|dnscmd|dnx|dotnet|dxcap|esentutl|eventvwr|excel|expand|extexport|extrac32|findstr|forfiles|ftp|gfxdownloadwrapper|gpscript|hh|ie4uinit|ieadvpack\.dll|ieaframe\.dll|ic|infdefaultinstall|installutil|jsc|makecab|manage-bde\.wsf|mavinject|mftrace|microsoft\.workflow\.compiler|mmc|msbuild|msconfig|msdeploy|msdt|mshta|mshtml\.dll|msc|msxsl|netsh|odbcconf|pcalua|pcwrun|pcwutl\.dll|pester\.bat|powerpnt|presentationhost|pubprn\.vbs|rcsi|reg|regasm|regedit|register-cimprovider|regsvcs|regsvr32|rpcping|rundll32|runonce|runscripthelper|sc|schtasks|scriptrunner|setupapi\.dll|shdocvw\.dll|shell32\.dll|slmgr\.vbs|sqldumper|sqlps|sqltoolsps|squirrel|syncappvpublishingserver|syncappvpublishingserver\.vbs|syssetup\.dll|te|tracker|tttracer|update|url\.dll|verclsid|vsjitdebugger|wab|winrm\.vbs|winword|wmic|wscript|wsl|wsreset|xwizard|zipfldr\.dll)\s[0m
[30;1m6 | [0m[35m[0m
[30;1m7 | [0m[35mThe original source code can be found at http://sourceforge.net/projects/kwalify/files/kwalify-java/[0m
[30;1m8 | [0m[35m[0m
[30;1m9 | [0m[35mThe source code of the latest release that has been used can be found at https://github.com/sunaku/k[0m
[30;1m10 | [0m[35m[0m
[30;1m11 | [0m[35mThe schema this library is based on and extended from: http://www.kuwata-lab.com/kwalify/ruby/users-[0m
[30;1m12 | [0m[35m[0m

[31m--[ [0m[34mMatch #[0m[33m67[0m[34m of [0m[33m137[0m[31m ]--[0m
   Rule Id: [34mBD000600[0m
       Tag: [34mSecurity.Backdoor.LOLBAS.Windows[0m
  Severity: [36mModerate[0m, Confidence: [36mLow[0m
  Filename: [33m/pykwalify-1.8.0/README.md[0m
   Pattern: [32m\s(advpack\.dll|appvlp|at|atbroker|bash|bginfo|bitsadmin|cdb|certutil|cl_invocation\.ps1|cl_mutexverifiers\.ps1|cmd|cmdkey|cmstp|comsvcs\.dll|control|csc|cscript|csi|devtoolslauncher|dfsvc|diskshadow|dnscmd|dnx|dotnet|dxcap|esentutl|eventvwr|excel|expand|extexport|extrac32|findstr|forfiles|ftp|gfxdownloadwrapper|gpscript|hh|ie4uinit|ieadvpack\.dll|ieaframe\.dll|ic|infdefaultinstall|installutil|jsc|makecab|manage-bde\.wsf|mavinject|mftrace|microsoft\.workflow\.compiler|mmc|msbuild|msconfig|msdeploy|msdt|mshta|mshtml\.dll|msc|msxsl|netsh|odbcconf|pcalua|pcwrun|pcwutl\.dll|pester\.bat|powerpnt|presentationhost|pubprn\.vbs|rcsi|reg|regasm|regedit|register-cimprovider|regsvcs|regsvr32|rpcping|rundll32|runonce|runscripthelper|sc|schtasks|scriptrunner|setupapi\.dll|shdocvw\.dll|shell32\.dll|slmgr\.vbs|sqldumper|sqlps|sqltoolsps|squirrel|syncappvpublishingserver|syncappvpublishingserver\.vbs|syssetup\.dll|te|tracker|tttracer|update|url\.dll|verclsid|vsjitdebugger|wab|winrm\.vbs|winword|wmic|wscript|wsl|wsreset|xwizard|zipfldr\.dll)\s[0m
[30;1m4 | [0m[35m[0m
[30;1m5 | [0m[35mThis framework is a port with a lot of added functionality of the Java version of the framework kwal[0m
[30;1m6 | [0m[35m[0m
[30;1m7 | [0m[35mThe original source code can be found at http://sourceforge.net/projects/kwalify/files/kwalify-java/[0m
[30;1m8 | [0m[35m[0m
[30;1m9 | [0m[35mThe source code of the latest release that has been used can be found at https://github.com/sunaku/k[0m
[30;1m10 | [0m[35m[0m

[31m--[ [0m[34mMatch #[0m[33m68[0m[34m of [0m[33m137[0m[31m ]--[0m
   Rule Id: [34mBD000600[0m
       Tag: [34mSecurity.Backdoor.LOLBAS.Windows[0m
  Severity: [36mModerate[0m, Confidence: [36mLow[0m
  Filename: [33m/pykwalify-1.8.0/README.md[0m
   Pattern: [32m\s(advpack\.dll|appvlp|at|atbroker|bash|bginfo|bitsadmin|cdb|certutil|cl_invocation\.ps1|cl_mutexverifiers\.ps1|cmd|cmdkey|cmstp|comsvcs\.dll|control|csc|cscript|csi|devtoolslauncher|dfsvc|diskshadow|dnscmd|dnx|dotnet|dxcap|esentutl|eventvwr|excel|expand|extexport|extrac32|findstr|forfiles|ftp|gfxdownloadwrapper|gpscript|hh|ie4uinit|ieadvpack\.dll|ieaframe\.dll|ic|infdefaultinstall|installutil|jsc|makecab|manage-bde\.wsf|mavinject|mftrace|microsoft\.workflow\.compiler|mmc|msbuild|msconfig|msdeploy|msdt|mshta|mshtml\.dll|msc|msxsl|netsh|odbcconf|pcalua|pcwrun|pcwutl\.dll|pester\.bat|powerpnt|presentationhost|pubprn\.vbs|rcsi|reg|regasm|regedit|register-cimprovider|regsvcs|regsvr32|rpcping|rundll32|runonce|runscripthelper|sc|schtasks|scriptrunner|setupapi\.dll|shdocvw\.dll|shell32\.dll|slmgr\.vbs|sqldumper|sqlps|sqltoolsps|squirrel|syncappvpublishingserver|syncappvpublishingserver\.vbs|syssetup\.dll|te|tracker|tttracer|update|url\.dll|verclsid|vsjitdebugger|wab|winrm\.vbs|winword|wmic|wscript|wsl|wsreset|xwizard|zipfldr\.dll)\s[0m
[30;1m2 | [0m[35m[0m
[30;1m3 | [0m[35mYAML/JSON validation library[0m
[30;1m4 | [0m[35m[0m
[30;1m5 | [0m[35mThis framework is a port with a lot of added functionality of the Java version of the framework kwal[0m
[30;1m6 | [0m[35m[0m
[30;1m7 | [0m[35mThe original source code can be found at http://sourceforge.net/projects/kwalify/files/kwalify-java/[0m
[30;1m8 | [0m[35m[0m

[31m--[ [0m[34mMatch #[0m[33m69[0m[34m of [0m[33m137[0m[31m ]--[0m
   Rule Id: [34mBD000610[0m
       Tag: [34mSecurity.Backdoor.LOLBAS.Linux[0m
  Severity: [36mModerate[0m, Confidence: [36mLow[0m
  Filename: [33m/pykwalify-1.8.0/README.md[0m
   Pattern: [32m\s(apt|apt\-get|aria2c|arp|ash|awk|base64|bash|bpftrace|busybox|cat|chmod|chown|cp|cpan|cpulimit|crontab|csh|curl|cut|dash|dd|diff|dmesg|dmsetup|dnf|docker|dpkg|easy_install|ed|emacs|env|expand|expect|facter|find|finger|flock|fmt|ftp|gawk|gdb|gimp|git|grep|head|iftop|ionice|ip|irb|jjs|journalctl|jrunscript|ksh|ld\.so|ldconfig|logsave|ltrace|lua|mail|mawk|mount|mtr|mv|mysql|nano|nawk|nc|nice|nl|nmap|node|od|openssl|perl|pg|php|pic|pico|pip|puppet|readelf|red|rlogin|rlwrap|rpm|rpmquery|rsync|ruby|run\-mailcap|run\-parts|rvim|scp|screen|script|sed|service|setarch|sftp|shuf|smbclient|socat|sort|sqlite3|ssh|start\-stop\-daemon|stdbuf|strace|systemctl|tail|tar|taskset|tclsh|tcpdump|tee|telnet|tftp|time|timeout|tmux|top|ul|unexpand|uniq|unshare|vi|vim|watch|wget|whois|wish|xargs|xxd|yum|zsh|zypper)\s[0m
[30;1m90 | [0m[35m| Copyright              | `Copyright (c) 2013-2017 Johan Andersson` |[0m
[30;1m91 | [0m[35m| git repo               | `git clone git@github.com:Grokzen/pykwalify.git` |[0m
[30;1m92 | [0m[35m| install stable         | `pip install pykwalify` |[0m
[30;1m93 | [0m[35m| install dev            | `$ git clone git@github.com:Grokzen/pykwalify.git pykwalify`<br>`$ cd ./p[0m
[30;1m94 | [0m[35m| required dependencies  | `docopt >= 0.6.2`<br> `python-dateutil >= 2.4.2` |[0m
[30;1m95 | [0m[35m| supported yml parsers  | `ruamel.yaml >= 0.11.0` |[0m

[31m--[ [0m[34mMatch #[0m[33m70[0m[34m of [0m[33m137[0m[31m ]--[0m
   Rule Id: [34mBD000610[0m
       Tag: [34mSecurity.Backdoor.LOLBAS.Linux[0m
  Severity: [36mModerate[0m, Confidence: [36mLow[0m
  Filename: [33m/pykwalify-1.8.0/README.md[0m
   Pattern: [32m\s(apt|apt\-get|aria2c|arp|ash|awk|base64|bash|bpftrace|busybox|cat|chmod|chown|cp|cpan|cpulimit|crontab|csh|curl|cut|dash|dd|diff|dmesg|dmsetup|dnf|docker|dpkg|easy_install|ed|emacs|env|expand|expect|facter|find|finger|flock|fmt|ftp|gawk|gdb|gimp|git|grep|head|iftop|ionice|ip|irb|jjs|journalctl|jrunscript|ksh|ld\.so|ldconfig|logsave|ltrace|lua|mail|mawk|mount|mtr|mv|mysql|nano|nawk|nc|nice|nl|nmap|node|od|openssl|perl|pg|php|pic|pico|pip|puppet|readelf|red|rlogin|rlwrap|rpm|rpmquery|rsync|ruby|run\-mailcap|run\-parts|rvim|scp|screen|script|sed|service|setarch|sftp|shuf|smbclient|socat|sort|sqlite3|ssh|start\-stop\-daemon|stdbuf|strace|systemctl|tail|tar|taskset|tclsh|tcpdump|tee|telnet|tftp|time|timeout|tmux|top|ul|unexpand|uniq|unshare|vi|vim|watch|wget|whois|wish|xargs|xxd|yum|zsh|zypper)\s[0m
[30;1m90 | [0m[35m| Copyright              | `Copyright (c) 2013-2017 Johan Andersson` |[0m
[30;1m91 | [0m[35m| git repo               | `git clone git@github.com:Grokzen/pykwalify.git` |[0m
[30;1m92 | [0m[35m| install stable         | `pip install pykwalify` |[0m
[30;1m93 | [0m[35m| install dev            | `$ git clone git@github.com:Grokzen/pykwalify.git pykwalify`<br>`$ cd ./p[0m
[30;1m94 | [0m[35m| required dependencies  | `docopt >= 0.6.2`<br> `python-dateutil >= 2.4.2` |[0m
[30;1m95 | [0m[35m| supported yml parsers  | `ruamel.yaml >= 0.11.0` |[0m

[31m--[ [0m[34mMatch #[0m[33m71[0m[34m of [0m[33m137[0m[31m ]--[0m
   Rule Id: [34mBD000610[0m
       Tag: [34mSecurity.Backdoor.LOLBAS.Linux[0m
  Severity: [36mModerate[0m, Confidence: [36mLow[0m
  Filename: [33m/pykwalify-1.8.0/README.md[0m
   Pattern: [32m\s(apt|apt\-get|aria2c|arp|ash|awk|base64|bash|bpftrace|busybox|cat|chmod|chown|cp|cpan|cpulimit|crontab|csh|curl|cut|dash|dd|diff|dmesg|dmsetup|dnf|docker|dpkg|easy_install|ed|emacs|env|expand|expect|facter|find|finger|flock|fmt|ftp|gawk|gdb|gimp|git|grep|head|iftop|ionice|ip|irb|jjs|journalctl|jrunscript|ksh|ld\.so|ldconfig|logsave|ltrace|lua|mail|mawk|mount|mtr|mv|mysql|nano|nawk|nc|nice|nl|nmap|node|od|openssl|perl|pg|php|pic|pico|pip|puppet|readelf|red|rlogin|rlwrap|rpm|rpmquery|rsync|ruby|run\-mailcap|run\-parts|rvim|scp|screen|script|sed|service|setarch|sftp|shuf|smbclient|socat|sort|sqlite3|ssh|start\-stop\-daemon|stdbuf|strace|systemctl|tail|tar|taskset|tclsh|tcpdump|tee|telnet|tftp|time|timeout|tmux|top|ul|unexpand|uniq|unshare|vi|vim|watch|wget|whois|wish|xargs|xxd|yum|zsh|zypper)\s[0m
[30;1m90 | [0m[35m| Copyright              | `Copyright (c) 2013-2017 Johan Andersson` |[0m
[30;1m91 | [0m[35m| git repo               | `git clone git@github.com:Grokzen/pykwalify.git` |[0m
[30;1m92 | [0m[35m| install stable         | `pip install pykwalify` |[0m
[30;1m93 | [0m[35m| install dev            | `$ git clone git@github.com:Grokzen/pykwalify.git pykwalify`<br>`$ cd ./p[0m
[30;1m94 | [0m[35m| required dependencies  | `docopt >= 0.6.2`<br> `python-dateutil >= 2.4.2` |[0m
[30;1m95 | [0m[35m| supported yml parsers  | `ruamel.yaml >= 0.11.0` |[0m

[31m--[ [0m[34mMatch #[0m[33m72[0m[34m of [0m[33m137[0m[31m ]--[0m
   Rule Id: [34mBD000610[0m
       Tag: [34mSecurity.Backdoor.LOLBAS.Linux[0m
  Severity: [36mModerate[0m, Confidence: [36mLow[0m
  Filename: [33m/pykwalify-1.8.0/README.md[0m
   Pattern: [32m\s(apt|apt\-get|aria2c|arp|ash|awk|base64|bash|bpftrace|busybox|cat|chmod|chown|cp|cpan|cpulimit|crontab|csh|curl|cut|dash|dd|diff|dmesg|dmsetup|dnf|docker|dpkg|easy_install|ed|emacs|env|expand|expect|facter|find|finger|flock|fmt|ftp|gawk|gdb|gimp|git|grep|head|iftop|ionice|ip|irb|jjs|journalctl|jrunscript|ksh|ld\.so|ldconfig|logsave|ltrace|lua|mail|mawk|mount|mtr|mv|mysql|nano|nawk|nc|nice|nl|nmap|node|od|openssl|perl|pg|php|pic|pico|pip|puppet|readelf|red|rlogin|rlwrap|rpm|rpmquery|rsync|ruby|run\-mailcap|run\-parts|rvim|scp|screen|script|sed|service|setarch|sftp|shuf|smbclient|socat|sort|sqlite3|ssh|start\-stop\-daemon|stdbuf|strace|systemctl|tail|tar|taskset|tclsh|tcpdump|tee|telnet|tftp|time|timeout|tmux|top|ul|unexpand|uniq|unshare|vi|vim|watch|wget|whois|wish|xargs|xxd|yum|zsh|zypper)\s[0m
[30;1m87 | [0m[35m                | https://pypi.python.org/pypi/pykwalify/ |[0m
[30;1m88 | [0m[35m| Open Hub               | https://www.openhub.net/p/pykwalify |[0m
[30;1m89 | [0m[35m| License                | `MIT` https://github.com/Grokzen/pykwalify/blob/unstable/docs/license.rst[0m
[30;1m90 | [0m[35m| Copyright              | `Copyright (c) 2013-2017 Johan Andersson` |[0m
[30;1m91 | [0m[35m| git repo               | `git clone git@github.com:Grokzen/pykwalify.git` |[0m
[30;1m92 | [0m[35m| install stable         | `pip install pykwalify` |[0m

[31m--[ [0m[34mMatch #[0m[33m73[0m[34m of [0m[33m137[0m[31m ]--[0m
   Rule Id: [34mBD000610[0m
       Tag: [34mSecurity.Backdoor.LOLBAS.Linux[0m
  Severity: [36mModerate[0m, Confidence: [36mLow[0m
  Filename: [33m/pykwalify-1.8.0/tests/files/fail/test_merge.yaml[0m
   Pattern: [32m\s(apt|apt\-get|aria2c|arp|ash|awk|base64|bash|bpftrace|busybox|cat|chmod|chown|cp|cpan|cpulimit|crontab|csh|curl|cut|dash|dd|diff|dmesg|dmsetup|dnf|docker|dpkg|easy_install|ed|emacs|env|expand|expect|facter|find|finger|flock|fmt|ftp|gawk|gdb|gimp|git|grep|head|iftop|ionice|ip|irb|jjs|journalctl|jrunscript|ksh|ld\.so|ldconfig|logsave|ltrace|lua|mail|mawk|mount|mtr|mv|mysql|nano|nawk|nc|nice|nl|nmap|node|od|openssl|perl|pg|php|pic|pico|pip|puppet|readelf|red|rlogin|rlwrap|rpm|rpmquery|rsync|ruby|run\-mailcap|run\-parts|rvim|scp|screen|script|sed|service|setarch|sftp|shuf|smbclient|socat|sort|sqlite3|ssh|start\-stop\-daemon|stdbuf|strace|systemctl|tail|tar|taskset|tclsh|tcpdump|tee|telnet|tftp|time|timeout|tmux|top|ul|unexpand|uniq|unshare|vi|vim|watch|wget|whois|wish|xargs|xxd|yum|zsh|zypper)\s[0m
[30;1m30 | [0m[35m  user:[0m
[30;1m31 | [0m[35m    name: toooooo-looooong-naaaame[0m
[30;1m32 | [0m[35merrors:[0m
[30;1m33 | [0m[35m  - "Cannot find required key 'email'. Path: '/user'"[0m
[30;1m34 | [0m[35m  - "Value: 'toooooo-looooong-naaaame' has length of '24', greater than max limit '16'. Path: '/user[0m
[30;1m35 | [0m[35m  ## Kwalify errors[0m
[30;1m36 | [0m[35m  # :required_nokey     : 5:3:[/user] key 'email:' is required.[0m

[31m--[ [0m[34mMatch #[0m[33m74[0m[34m of [0m[33m137[0m[31m ]--[0m
   Rule Id: [34mBD000600[0m
       Tag: [34mSecurity.Backdoor.LOLBAS.Windows[0m
  Severity: [36mModerate[0m, Confidence: [36mLow[0m
  Filename: [33m/pykwalify-1.8.0/PKG-INFO[0m
   Pattern: [32m\s(advpack\.dll|appvlp|at|atbroker|bash|bginfo|bitsadmin|cdb|certutil|cl_invocation\.ps1|cl_mutexverifiers\.ps1|cmd|cmdkey|cmstp|comsvcs\.dll|control|csc|cscript|csi|devtoolslauncher|dfsvc|diskshadow|dnscmd|dnx|dotnet|dxcap|esentutl|eventvwr|excel|expand|extexport|extrac32|findstr|forfiles|ftp|gfxdownloadwrapper|gpscript|hh|ie4uinit|ieadvpack\.dll|ieaframe\.dll|ic|infdefaultinstall|installutil|jsc|makecab|manage-bde\.wsf|mavinject|mftrace|microsoft\.workflow\.compiler|mmc|msbuild|msconfig|msdeploy|msdt|mshta|mshtml\.dll|msc|msxsl|netsh|odbcconf|pcalua|pcwrun|pcwutl\.dll|pester\.bat|powerpnt|presentationhost|pubprn\.vbs|rcsi|reg|regasm|regedit|register-cimprovider|regsvcs|regsvr32|rpcping|rundll32|runonce|runscripthelper|sc|schtasks|scriptrunner|setupapi\.dll|shdocvw\.dll|shell32\.dll|slmgr\.vbs|sqldumper|sqlps|sqltoolsps|squirrel|syncappvpublishingserver|syncappvpublishingserver\.vbs|syssetup\.dll|te|tracker|tttracer|update|url\.dll|verclsid|vsjitdebugger|wab|winrm\.vbs|winword|wmic|wscript|wsl|wsreset|xwizard|zipfldr\.dll)\s[0m
[30;1m16 | [0m[35m        [0m
[30;1m17 | [0m[35m        The original source code can be found at http://sourceforge.net/projects/kwalify/files/kwali[0m
[30;1m18 | [0m[35m        [0m
[30;1m19 | [0m[35m        The source code of the latest release that has been used can be found at https://github.com/[0m
[30;1m20 | [0m[35m        [0m
[30;1m21 | [0m[35m        The schema this library is based on and extended from: http://www.kuwata-lab.com/kwalify/rub[0m
[30;1m22 | [0m[35m        [0m

[31m--[ [0m[34mMatch #[0m[33m75[0m[34m of [0m[33m137[0m[31m ]--[0m
   Rule Id: [34mBD000600[0m
       Tag: [34mSecurity.Backdoor.LOLBAS.Windows[0m
  Severity: [36mModerate[0m, Confidence: [36mLow[0m
  Filename: [33m/pykwalify-1.8.0/PKG-INFO[0m
   Pattern: [32m\s(advpack\.dll|appvlp|at|atbroker|bash|bginfo|bitsadmin|cdb|certutil|cl_invocation\.ps1|cl_mutexverifiers\.ps1|cmd|cmdkey|cmstp|comsvcs\.dll|control|csc|cscript|csi|devtoolslauncher|dfsvc|diskshadow|dnscmd|dnx|dotnet|dxcap|esentutl|eventvwr|excel|expand|extexport|extrac32|findstr|forfiles|ftp|gfxdownloadwrapper|gpscript|hh|ie4uinit|ieadvpack\.dll|ieaframe\.dll|ic|infdefaultinstall|installutil|jsc|makecab|manage-bde\.wsf|mavinject|mftrace|microsoft\.workflow\.compiler|mmc|msbuild|msconfig|msdeploy|msdt|mshta|mshtml\.dll|msc|msxsl|netsh|odbcconf|pcalua|pcwrun|pcwutl\.dll|pester\.bat|powerpnt|presentationhost|pubprn\.vbs|rcsi|reg|regasm|regedit|register-cimprovider|regsvcs|regsvr32|rpcping|rundll32|runonce|runscripthelper|sc|schtasks|scriptrunner|setupapi\.dll|shdocvw\.dll|shell32\.dll|slmgr\.vbs|sqldumper|sqlps|sqltoolsps|squirrel|syncappvpublishingserver|syncappvpublishingserver\.vbs|syssetup\.dll|te|tracker|tttracer|update|url\.dll|verclsid|vsjitdebugger|wab|winrm\.vbs|winword|wmic|wscript|wsl|wsreset|xwizard|zipfldr\.dll)\s[0m
[30;1m14 | [0m[35m        [0m
[30;1m15 | [0m[35m        This framework is a port with a lot of added functionality of the Java version of the framew[0m
[30;1m16 | [0m[35m        [0m
[30;1m17 | [0m[35m        The original source code can be found at http://sourceforge.net/projects/kwalify/files/kwali[0m
[30;1m18 | [0m[35m        [0m
[30;1m19 | [0m[35m        The source code of the latest release that has been used can be found at https://github.com/[0m
[30;1m20 | [0m[35m        [0m

[31m--[ [0m[34mMatch #[0m[33m76[0m[34m of [0m[33m137[0m[31m ]--[0m
   Rule Id: [34mBD000600[0m
       Tag: [34mSecurity.Backdoor.LOLBAS.Windows[0m
  Severity: [36mModerate[0m, Confidence: [36mLow[0m
  Filename: [33m/pykwalify-1.8.0/PKG-INFO[0m
   Pattern: [32m\s(advpack\.dll|appvlp|at|atbroker|bash|bginfo|bitsadmin|cdb|certutil|cl_invocation\.ps1|cl_mutexverifiers\.ps1|cmd|cmdkey|cmstp|comsvcs\.dll|control|csc|cscript|csi|devtoolslauncher|dfsvc|diskshadow|dnscmd|dnx|dotnet|dxcap|esentutl|eventvwr|excel|expand|extexport|extrac32|findstr|forfiles|ftp|gfxdownloadwrapper|gpscript|hh|ie4uinit|ieadvpack\.dll|ieaframe\.dll|ic|infdefaultinstall|installutil|jsc|makecab|manage-bde\.wsf|mavinject|mftrace|microsoft\.workflow\.compiler|mmc|msbuild|msconfig|msdeploy|msdt|mshta|mshtml\.dll|msc|msxsl|netsh|odbcconf|pcalua|pcwrun|pcwutl\.dll|pester\.bat|powerpnt|presentationhost|pubprn\.vbs|rcsi|reg|regasm|regedit|register-cimprovider|regsvcs|regsvr32|rpcping|rundll32|runonce|runscripthelper|sc|schtasks|scriptrunner|setupapi\.dll|shdocvw\.dll|shell32\.dll|slmgr\.vbs|sqldumper|sqlps|sqltoolsps|squirrel|syncappvpublishingserver|syncappvpublishingserver\.vbs|syssetup\.dll|te|tracker|tttracer|update|url\.dll|verclsid|vsjitdebugger|wab|winrm\.vbs|winword|wmic|wscript|wsl|wsreset|xwizard|zipfldr\.dll)\s[0m
[30;1m12 | [0m[35m        [0m
[30;1m13 | [0m[35m        YAML/JSON validation library[0m
[30;1m14 | [0m[35m        [0m
[30;1m15 | [0m[35m        This framework is a port with a lot of added functionality of the Java version of the framew[0m
[30;1m16 | [0m[35m        [0m
[30;1m17 | [0m[35m        The original source code can be found at http://sourceforge.net/projects/kwalify/files/kwali[0m
[30;1m18 | [0m[35m        [0m

[31m--[ [0m[34mMatch #[0m[33m77[0m[34m of [0m[33m137[0m[31m ]--[0m
   Rule Id: [34mBD000610[0m
       Tag: [34mSecurity.Backdoor.LOLBAS.Linux[0m
  Severity: [36mModerate[0m, Confidence: [36mLow[0m
  Filename: [33m/pykwalify-1.8.0/PKG-INFO[0m
   Pattern: [32m\s(apt|apt\-get|aria2c|arp|ash|awk|base64|bash|bpftrace|busybox|cat|chmod|chown|cp|cpan|cpulimit|crontab|csh|curl|cut|dash|dd|diff|dmesg|dmsetup|dnf|docker|dpkg|easy_install|ed|emacs|env|expand|expect|facter|find|finger|flock|fmt|ftp|gawk|gdb|gimp|git|grep|head|iftop|ionice|ip|irb|jjs|journalctl|jrunscript|ksh|ld\.so|ldconfig|logsave|ltrace|lua|mail|mawk|mount|mtr|mv|mysql|nano|nawk|nc|nice|nl|nmap|node|od|openssl|perl|pg|php|pic|pico|pip|puppet|readelf|red|rlogin|rlwrap|rpm|rpmquery|rsync|ruby|run\-mailcap|run\-parts|rvim|scp|screen|script|sed|service|setarch|sftp|shuf|smbclient|socat|sort|sqlite3|ssh|start\-stop\-daemon|stdbuf|strace|systemctl|tail|tar|taskset|tclsh|tcpdump|tee|telnet|tftp|time|timeout|tmux|top|ul|unexpand|uniq|unshare|vi|vim|watch|wget|whois|wish|xargs|xxd|yum|zsh|zypper)\s[0m
[30;1m101 | [0m[35mykwalify.git` |[0m
[30;1m102 | [0m[35m        | install stable         | `pip install pykwalify` |[0m
[30;1m103 | [0m[35m        | install dev            | `$ git clone git@github.com:Grokzen/pykwalify.git pykwalify`<br>`[0m
[30;1m104 | [0m[35m        | required dependencies  | `docopt >= 0.6.2`<br> `python-dateutil >= 2.4.2` |[0m
[30;1m105 | [0m[35m        | supported yml parsers  | `ruamel.yaml >= 0.11.0` |[0m
[30;1m106 | [0m[35m        [0m
[30;1m107 | [0m[35mPlatform: UNKNOWN[0m
[30;1m108 | [0m[35mClassifier: Development Status :: 5 - Production/Stable[0m
[30;1m109 | [0m[35mClassifier: Intended Audience :: Developers[0m

[31m--[ [0m[34mMatch #[0m[33m78[0m[34m of [0m[33m137[0m[31m ]--[0m
   Rule Id: [34mBD000610[0m
       Tag: [34mSecurity.Backdoor.LOLBAS.Linux[0m
  Severity: [36mModerate[0m, Confidence: [36mLow[0m
  Filename: [33m/pykwalify-1.8.0/PKG-INFO[0m
   Pattern: [32m\s(apt|apt\-get|aria2c|arp|ash|awk|base64|bash|bpftrace|busybox|cat|chmod|chown|cp|cpan|cpulimit|crontab|csh|curl|cut|dash|dd|diff|dmesg|dmsetup|dnf|docker|dpkg|easy_install|ed|emacs|env|expand|expect|facter|find|finger|flock|fmt|ftp|gawk|gdb|gimp|git|grep|head|iftop|ionice|ip|irb|jjs|journalctl|jrunscript|ksh|ld\.so|ldconfig|logsave|ltrace|lua|mail|mawk|mount|mtr|mv|mysql|nano|nawk|nc|nice|nl|nmap|node|od|openssl|perl|pg|php|pic|pico|pip|puppet|readelf|red|rlogin|rlwrap|rpm|rpmquery|rsync|ruby|run\-mailcap|run\-parts|rvim|scp|screen|script|sed|service|setarch|sftp|shuf|smbclient|socat|sort|sqlite3|ssh|start\-stop\-daemon|stdbuf|strace|systemctl|tail|tar|taskset|tclsh|tcpdump|tee|telnet|tftp|time|timeout|tmux|top|ul|unexpand|uniq|unshare|vi|vim|watch|wget|whois|wish|xargs|xxd|yum|zsh|zypper)\s[0m
[30;1m101 | [0m[35m      | `git clone git@github.com:Grokzen/pykwalify.git` |[0m
[30;1m102 | [0m[35m        | install stable         | `pip install pykwalify` |[0m
[30;1m103 | [0m[35m        | install dev            | `$ git clone git@github.com:Grokzen/pykwalify.git pykwalify`<br>`[0m
[30;1m104 | [0m[35m        | required dependencies  | `docopt >= 0.6.2`<br> `python-dateutil >= 2.4.2` |[0m
[30;1m105 | [0m[35m        | supported yml parsers  | `ruamel.yaml >= 0.11.0` |[0m
[30;1m106 | [0m[35m        [0m
[30;1m107 | [0m[35mPlatform: UNKNOWN[0m
[30;1m108 | [0m[35mClassifier: Development Status :: 5 - Production/Stable[0m

[31m--[ [0m[34mMatch #[0m[33m79[0m[34m of [0m[33m137[0m[31m ]--[0m
   Rule Id: [34mBD000610[0m
       Tag: [34mSecurity.Backdoor.LOLBAS.Linux[0m
  Severity: [36mModerate[0m, Confidence: [36mLow[0m
  Filename: [33m/pykwalify-1.8.0/PKG-INFO[0m
   Pattern: [32m\s(apt|apt\-get|aria2c|arp|ash|awk|base64|bash|bpftrace|busybox|cat|chmod|chown|cp|cpan|cpulimit|crontab|csh|curl|cut|dash|dd|diff|dmesg|dmsetup|dnf|docker|dpkg|easy_install|ed|emacs|env|expand|expect|facter|find|finger|flock|fmt|ftp|gawk|gdb|gimp|git|grep|head|iftop|ionice|ip|irb|jjs|journalctl|jrunscript|ksh|ld\.so|ldconfig|logsave|ltrace|lua|mail|mawk|mount|mtr|mv|mysql|nano|nawk|nc|nice|nl|nmap|node|od|openssl|perl|pg|php|pic|pico|pip|puppet|readelf|red|rlogin|rlwrap|rpm|rpmquery|rsync|ruby|run\-mailcap|run\-parts|rvim|scp|screen|script|sed|service|setarch|sftp|shuf|smbclient|socat|sort|sqlite3|ssh|start\-stop\-daemon|stdbuf|strace|systemctl|tail|tar|taskset|tclsh|tcpdump|tee|telnet|tftp|time|timeout|tmux|top|ul|unexpand|uniq|unshare|vi|vim|watch|wget|whois|wish|xargs|xxd|yum|zsh|zypper)\s[0m
[30;1m99 | [0m[35mify/blob/unstable/docs/license.rst |[0m
[30;1m100 | [0m[35m        | Copyright              | `Copyright (c) 2013-2017 Johan Andersson` |[0m
[30;1m101 | [0m[35m        | git repo               | `git clone git@github.com:Grokzen/pykwalify.git` |[0m
[30;1m102 | [0m[35m        | install stable         | `pip install pykwalify` |[0m
[30;1m103 | [0m[35m        | install dev            | `$ git clone git@github.com:Grokzen/pykwalify.git pykwalify`<br>`[0m
[30;1m104 | [0m[35m        | required dependencies  | `docopt >= 0.6.2`<br> `python-dateutil >= 2.4.2` |[0m

[31m--[ [0m[34mMatch #[0m[33m80[0m[34m of [0m[33m137[0m[31m ]--[0m
   Rule Id: [34mBD000610[0m
       Tag: [34mSecurity.Backdoor.LOLBAS.Linux[0m
  Severity: [36mModerate[0m, Confidence: [36mLow[0m
  Filename: [33m/pykwalify-1.8.0/PKG-INFO[0m
   Pattern: [32m\s(apt|apt\-get|aria2c|arp|ash|awk|base64|bash|bpftrace|busybox|cat|chmod|chown|cp|cpan|cpulimit|crontab|csh|curl|cut|dash|dd|diff|dmesg|dmsetup|dnf|docker|dpkg|easy_install|ed|emacs|env|expand|expect|facter|find|finger|flock|fmt|ftp|gawk|gdb|gimp|git|grep|head|iftop|ionice|ip|irb|jjs|journalctl|jrunscript|ksh|ld\.so|ldconfig|logsave|ltrace|lua|mail|mawk|mount|mtr|mv|mysql|nano|nawk|nc|nice|nl|nmap|node|od|openssl|perl|pg|php|pic|pico|pip|puppet|readelf|red|rlogin|rlwrap|rpm|rpmquery|rsync|ruby|run\-mailcap|run\-parts|rvim|scp|screen|script|sed|service|setarch|sftp|shuf|smbclient|socat|sort|sqlite3|ssh|start\-stop\-daemon|stdbuf|strace|systemctl|tail|tar|taskset|tclsh|tcpdump|tee|telnet|tftp|time|timeout|tmux|top|ul|unexpand|uniq|unshare|vi|vim|watch|wget|whois|wish|xargs|xxd|yum|zsh|zypper)\s[0m
[30;1m97 | [0m[35mython.org/pypi/pykwalify/ |[0m
[30;1m98 | [0m[35m        | Open Hub               | https://www.openhub.net/p/pykwalify |[0m
[30;1m99 | [0m[35m        | License                | `MIT` https://github.com/Grokzen/pykwalify/blob/unstable/docs/lic[0m
[30;1m100 | [0m[35m        | Copyright              | `Copyright (c) 2013-2017 Johan Andersson` |[0m
[30;1m101 | [0m[35m        | git repo               | `git clone git@github.com:Grokzen/pykwalify.git` |[0m
[30;1m102 | [0m[35m        | install stable         | `pip install pykwalify` |[0m

[31m--[ [0m[34mMatch #[0m[33m81[0m[34m of [0m[33m137[0m[31m ]--[0m
   Rule Id: [34mBD000610[0m
       Tag: [34mSecurity.Backdoor.LOLBAS.Linux[0m
  Severity: [36mModerate[0m, Confidence: [36mLow[0m
  Filename: [33m/pykwalify-1.8.0/tests/files/fail/test_mapping.yaml[0m
   Pattern: [32m\s(apt|apt\-get|aria2c|arp|ash|awk|base64|bash|bpftrace|busybox|cat|chmod|chown|cp|cpan|cpulimit|crontab|csh|curl|cut|dash|dd|diff|dmesg|dmsetup|dnf|docker|dpkg|easy_install|ed|emacs|env|expand|expect|facter|find|finger|flock|fmt|ftp|gawk|gdb|gimp|git|grep|head|iftop|ionice|ip|irb|jjs|journalctl|jrunscript|ksh|ld\.so|ldconfig|logsave|ltrace|lua|mail|mawk|mount|mtr|mv|mysql|nano|nawk|nc|nice|nl|nmap|node|od|openssl|perl|pg|php|pic|pico|pip|puppet|readelf|red|rlogin|rlwrap|rpm|rpmquery|rsync|ruby|run\-mailcap|run\-parts|rvim|scp|screen|script|sed|service|setarch|sftp|shuf|smbclient|socat|sort|sqlite3|ssh|start\-stop\-daemon|stdbuf|strace|systemctl|tail|tar|taskset|tclsh|tcpdump|tee|telnet|tftp|time|timeout|tmux|top|ul|unexpand|uniq|unshare|vi|vim|watch|wget|whois|wish|xargs|xxd|yum|zsh|zypper)\s[0m
[30;1m181 | [0m[35m    regex;(person[1-9]):[0m
[30;1m182 | [0m[35m      required: True[0m
[30;1m183 | [0m[35merrors:[0m
[30;1m184 | [0m[35m  - "Cannot find required key 'regex;(person[1-9])'. Path: ''"[0m
[30;1m185 | [0m[35m  - "Key 'hello' does not match any regex 'person[1-9]'. Path: ''"[0m

[31m--[ [0m[34mMatch #[0m[33m82[0m[34m of [0m[33m137[0m[31m ]--[0m
   Rule Id: [34mBD000610[0m
       Tag: [34mSecurity.Backdoor.LOLBAS.Linux[0m
  Severity: [36mModerate[0m, Confidence: [36mLow[0m
  Filename: [33m/pykwalify-1.8.0/tests/files/fail/test_mapping.yaml[0m
   Pattern: [32m\s(apt|apt\-get|aria2c|arp|ash|awk|base64|bash|bpftrace|busybox|cat|chmod|chown|cp|cpan|cpulimit|crontab|csh|curl|cut|dash|dd|diff|dmesg|dmsetup|dnf|docker|dpkg|easy_install|ed|emacs|env|expand|expect|facter|find|finger|flock|fmt|ftp|gawk|gdb|gimp|git|grep|head|iftop|ionice|ip|irb|jjs|journalctl|jrunscript|ksh|ld\.so|ldconfig|logsave|ltrace|lua|mail|mawk|mount|mtr|mv|mysql|nano|nawk|nc|nice|nl|nmap|node|od|openssl|perl|pg|php|pic|pico|pip|puppet|readelf|red|rlogin|rlwrap|rpm|rpmquery|rsync|ruby|run\-mailcap|run\-parts|rvim|scp|screen|script|sed|service|setarch|sftp|shuf|smbclient|socat|sort|sqlite3|ssh|start\-stop\-daemon|stdbuf|strace|systemctl|tail|tar|taskset|tclsh|tcpdump|tee|telnet|tftp|time|timeout|tmux|top|ul|unexpand|uniq|unshare|vi|vim|watch|wget|whois|wish|xargs|xxd|yum|zsh|zypper)\s[0m
[30;1m157 | [0m[35m  blood: ab[0m
[30;1m158 | [0m[35m  birth: Jul 01, 1985[0m
[30;1m159 | [0m[35merrors:[0m
[30;1m160 | [0m[35m  - "Cannot find required key 'name'. Path: ''"[0m
[30;1m161 | [0m[35m  - "Enum 'ab' does not exist. Path: '/blood' Enum: ['A', 'B', 'O', 'AB']"[0m
[30;1m162 | [0m[35m  - "Key 'nam' was not defined. Path: ''"[0m
[30;1m163 | [0m[35m  - "Value 'foo(at)mail.com' does not match pattern '.+@.+'. Path: '/email'"[0m

[31m--[ [0m[34mMatch #[0m[33m83[0m[34m of [0m[33m137[0m[31m ]--[0m
   Rule Id: [34mBD000610[0m
       Tag: [34mSecurity.Backdoor.LOLBAS.Linux[0m
  Severity: [36mModerate[0m, Confidence: [36mLow[0m
  Filename: [33m/pykwalify-1.8.0/tests/files/fail/test_required.yaml[0m
   Pattern: [32m\s(apt|apt\-get|aria2c|arp|ash|awk|base64|bash|bpftrace|busybox|cat|chmod|chown|cp|cpan|cpulimit|crontab|csh|curl|cut|dash|dd|diff|dmesg|dmsetup|dnf|docker|dpkg|easy_install|ed|emacs|env|expand|expect|facter|find|finger|flock|fmt|ftp|gawk|gdb|gimp|git|grep|head|iftop|ionice|ip|irb|jjs|journalctl|jrunscript|ksh|ld\.so|ldconfig|logsave|ltrace|lua|mail|mawk|mount|mtr|mv|mysql|nano|nawk|nc|nice|nl|nmap|node|od|openssl|perl|pg|php|pic|pico|pip|puppet|readelf|red|rlogin|rlwrap|rpm|rpmquery|rsync|ruby|run\-mailcap|run\-parts|rvim|scp|screen|script|sed|service|setarch|sftp|shuf|smbclient|socat|sort|sqlite3|ssh|start\-stop\-daemon|stdbuf|strace|systemctl|tail|tar|taskset|tclsh|tcpdump|tee|telnet|tftp|time|timeout|tmux|top|ul|unexpand|uniq|unshare|vi|vim|watch|wget|whois|wish|xargs|xxd|yum|zsh|zypper)\s[0m
[30;1m16 | [0m[35m        email:[0m
[30;1m17 | [0m[35m          type: str[0m
[30;1m18 | [0m[35merrors:[0m
[30;1m19 | [0m[35m  - "Cannot find required key 'name'. Path: '/1'"[0m

[31m--[ [0m[34mMatch #[0m[33m84[0m[34m of [0m[33m137[0m[31m ]--[0m
   Rule Id: [34mBD000600[0m
       Tag: [34mSecurity.Backdoor.LOLBAS.Windows[0m
  Severity: [36mModerate[0m, Confidence: [36mLow[0m
  Filename: [33m/pykwalify-1.8.0/docs/release-notes.rst[0m
   Pattern: [32m\s(advpack\.dll|appvlp|at|atbroker|bash|bginfo|bitsadmin|cdb|certutil|cl_invocation\.ps1|cl_mutexverifiers\.ps1|cmd|cmdkey|cmstp|comsvcs\.dll|control|csc|cscript|csi|devtoolslauncher|dfsvc|diskshadow|dnscmd|dnx|dotnet|dxcap|esentutl|eventvwr|excel|expand|extexport|extrac32|findstr|forfiles|ftp|gfxdownloadwrapper|gpscript|hh|ie4uinit|ieadvpack\.dll|ieaframe\.dll|ic|infdefaultinstall|installutil|jsc|makecab|manage-bde\.wsf|mavinject|mftrace|microsoft\.workflow\.compiler|mmc|msbuild|msconfig|msdeploy|msdt|mshta|mshtml\.dll|msc|msxsl|netsh|odbcconf|pcalua|pcwrun|pcwutl\.dll|pester\.bat|powerpnt|presentationhost|pubprn\.vbs|rcsi|reg|regasm|regedit|register-cimprovider|regsvcs|regsvr32|rpcping|rundll32|runonce|runscripthelper|sc|schtasks|scriptrunner|setupapi\.dll|shdocvw\.dll|shell32\.dll|slmgr\.vbs|sqldumper|sqlps|sqltoolsps|squirrel|syncappvpublishingserver|syncappvpublishingserver\.vbs|syssetup\.dll|te|tracker|tttracer|update|url\.dll|verclsid|vsjitdebugger|wab|winrm\.vbs|winword|wmic|wscript|wsl|wsreset|xwizard|zipfldr\.dll)\s[0m
[30;1m311 | [0m[35m- Huge refactoring of logging and how it works. Logging config files is now removed and everything i[0m
[30;1m312 | [0m[35m- Cleanup some checks that docopt now handles[0m
[30;1m313 | [0m[35m- New keyword "regex;<regex-pattern>" that can be used as a key in map to give more flexibility when[0m
[30;1m314 | [0m[35m- New keyword "matching-rule" that can be used to control how keys should be matched[0m
[30;1m315 | [0m[35m- Added python 3.4 & python 2.7 support (See TravisCI tests for status)[0m
[30;1m316 | [0m[35m- Dropped python 3.1 support[0m
[30;1m317 | [0m[35m- Alot of refactoring of testing code.[0m

[31m--[ [0m[34mMatch #[0m[33m85[0m[34m of [0m[33m137[0m[31m ]--[0m
   Rule Id: [34mBD000600[0m
       Tag: [34mSecurity.Backdoor.LOLBAS.Windows[0m
  Severity: [36mModerate[0m, Confidence: [36mLow[0m
  Filename: [33m/pykwalify-1.8.0/docs/release-notes.rst[0m
   Pattern: [32m\s(advpack\.dll|appvlp|at|atbroker|bash|bginfo|bitsadmin|cdb|certutil|cl_invocation\.ps1|cl_mutexverifiers\.ps1|cmd|cmdkey|cmstp|comsvcs\.dll|control|csc|cscript|csi|devtoolslauncher|dfsvc|diskshadow|dnscmd|dnx|dotnet|dxcap|esentutl|eventvwr|excel|expand|extexport|extrac32|findstr|forfiles|ftp|gfxdownloadwrapper|gpscript|hh|ie4uinit|ieadvpack\.dll|ieaframe\.dll|ic|infdefaultinstall|installutil|jsc|makecab|manage-bde\.wsf|mavinject|mftrace|microsoft\.workflow\.compiler|mmc|msbuild|msconfig|msdeploy|msdt|mshta|mshtml\.dll|msc|msxsl|netsh|odbcconf|pcalua|pcwrun|pcwutl\.dll|pester\.bat|powerpnt|presentationhost|pubprn\.vbs|rcsi|reg|regasm|regedit|register-cimprovider|regsvcs|regsvr32|rpcping|rundll32|runonce|runscripthelper|sc|schtasks|scriptrunner|setupapi\.dll|shdocvw\.dll|shell32\.dll|slmgr\.vbs|sqldumper|sqlps|sqltoolsps|squirrel|syncappvpublishingserver|syncappvpublishingserver\.vbs|syssetup\.dll|te|tracker|tttracer|update|url\.dll|verclsid|vsjitdebugger|wab|winrm\.vbs|winword|wmic|wscript|wsl|wsreset|xwizard|zipfldr\.dll)\s[0m
[30;1m307 | [0m[35m- New version scheme [YY.MM(.Minor-Release)][0m
[30;1m308 | [0m[35m- Added TravisCI support[0m
[30;1m309 | [0m[35m- Update runtime dependency docopt to 0.6.1[0m
[30;1m310 | [0m[35m- Update runtime dependency pyyaml to 3.11[0m
[30;1m311 | [0m[35m- Huge refactoring of logging and how it works. Logging config files is now removed and everything i[0m
[30;1m312 | [0m[35m- Cleanup some checks that docopt now handles[0m
[30;1m313 | [0m[35m- New keyword "regex;<regex-pattern>" that can be used as a key in map to give more flexibility when[0m

[31m--[ [0m[34mMatch #[0m[33m86[0m[34m of [0m[33m137[0m[31m ]--[0m
   Rule Id: [34mBD000600[0m
       Tag: [34mSecurity.Backdoor.LOLBAS.Windows[0m
  Severity: [36mModerate[0m, Confidence: [36mLow[0m
  Filename: [33m/pykwalify-1.8.0/docs/release-notes.rst[0m
   Pattern: [32m\s(advpack\.dll|appvlp|at|atbroker|bash|bginfo|bitsadmin|cdb|certutil|cl_invocation\.ps1|cl_mutexverifiers\.ps1|cmd|cmdkey|cmstp|comsvcs\.dll|control|csc|cscript|csi|devtoolslauncher|dfsvc|diskshadow|dnscmd|dnx|dotnet|dxcap|esentutl|eventvwr|excel|expand|extexport|extrac32|findstr|forfiles|ftp|gfxdownloadwrapper|gpscript|hh|ie4uinit|ieadvpack\.dll|ieaframe\.dll|ic|infdefaultinstall|installutil|jsc|makecab|manage-bde\.wsf|mavinject|mftrace|microsoft\.workflow\.compiler|mmc|msbuild|msconfig|msdeploy|msdt|mshta|mshtml\.dll|msc|msxsl|netsh|odbcconf|pcalua|pcwrun|pcwutl\.dll|pester\.bat|powerpnt|presentationhost|pubprn\.vbs|rcsi|reg|regasm|regedit|register-cimprovider|regsvcs|regsvr32|rpcping|rundll32|runonce|runscripthelper|sc|schtasks|scriptrunner|setupapi\.dll|shdocvw\.dll|shell32\.dll|slmgr\.vbs|sqldumper|sqlps|sqltoolsps|squirrel|syncappvpublishingserver|syncappvpublishingserver\.vbs|syssetup\.dll|te|tracker|tttracer|update|url\.dll|verclsid|vsjitdebugger|wab|winrm\.vbs|winword|wmic|wscript|wsl|wsreset|xwizard|zipfldr\.dll)\s[0m
[30;1m306 | [0m[35m[0m
[30;1m307 | [0m[35m- New version scheme [YY.MM(.Minor-Release)][0m
[30;1m308 | [0m[35m- Added TravisCI support[0m
[30;1m309 | [0m[35m- Update runtime dependency docopt to 0.6.1[0m
[30;1m310 | [0m[35m- Update runtime dependency pyyaml to 3.11[0m
[30;1m311 | [0m[35m- Huge refactoring of logging and how it works. Logging config files is now removed and everything i[0m
[30;1m312 | [0m[35m- Cleanup some checks that docopt now handles[0m

[31m--[ [0m[34mMatch #[0m[33m87[0m[34m of [0m[33m137[0m[31m ]--[0m
   Rule Id: [34mBD000600[0m
       Tag: [34mSecurity.Backdoor.LOLBAS.Windows[0m
  Severity: [36mModerate[0m, Confidence: [36mLow[0m
  Filename: [33m/pykwalify-1.8.0/docs/release-notes.rst[0m
   Pattern: [32m\s(advpack\.dll|appvlp|at|atbroker|bash|bginfo|bitsadmin|cdb|certutil|cl_invocation\.ps1|cl_mutexverifiers\.ps1|cmd|cmdkey|cmstp|comsvcs\.dll|control|csc|cscript|csi|devtoolslauncher|dfsvc|diskshadow|dnscmd|dnx|dotnet|dxcap|esentutl|eventvwr|excel|expand|extexport|extrac32|findstr|forfiles|ftp|gfxdownloadwrapper|gpscript|hh|ie4uinit|ieadvpack\.dll|ieaframe\.dll|ic|infdefaultinstall|installutil|jsc|makecab|manage-bde\.wsf|mavinject|mftrace|microsoft\.workflow\.compiler|mmc|msbuild|msconfig|msdeploy|msdt|mshta|mshtml\.dll|msc|msxsl|netsh|odbcconf|pcalua|pcwrun|pcwutl\.dll|pester\.bat|powerpnt|presentationhost|pubprn\.vbs|rcsi|reg|regasm|regedit|register-cimprovider|regsvcs|regsvr32|rpcping|rundll32|runonce|runscripthelper|sc|schtasks|scriptrunner|setupapi\.dll|shdocvw\.dll|shell32\.dll|slmgr\.vbs|sqldumper|sqlps|sqltoolsps|squirrel|syncappvpublishingserver|syncappvpublishingserver\.vbs|syssetup\.dll|te|tracker|tttracer|update|url\.dll|verclsid|vsjitdebugger|wab|winrm\.vbs|winword|wmic|wscript|wsl|wsreset|xwizard|zipfldr\.dll)\s[0m
[30;1m293 | [0m[35m----------------------[0m
[30;1m294 | [0m[35m[0m
[30;1m295 | [0m[35m- New feature "partial schema". Define a small schema with a ID that can be reused at other places i[0m
[30;1m296 | [0m[35m- New directive "include" that is used to include a partial schema at the specefied location.[0m
[30;1m297 | [0m[35m- Cli and Core() now can handle multiple schema files.[0m
[30;1m298 | [0m[35m- Directive "pattern" can no longer be used with map to validate all keys against that regex. Use "r[0m
[30;1m299 | [0m[35m- 'none' can now be used as a type[0m

[31m--[ [0m[34mMatch #[0m[33m88[0m[34m of [0m[33m137[0m[31m ]--[0m
   Rule Id: [34mBD000600[0m
       Tag: [34mSecurity.Backdoor.LOLBAS.Windows[0m
  Severity: [36mModerate[0m, Confidence: [36mLow[0m
  Filename: [33m/pykwalify-1.8.0/docs/release-notes.rst[0m
   Pattern: [32m\s(advpack\.dll|appvlp|at|atbroker|bash|bginfo|bitsadmin|cdb|certutil|cl_invocation\.ps1|cl_mutexverifiers\.ps1|cmd|cmdkey|cmstp|comsvcs\.dll|control|csc|cscript|csi|devtoolslauncher|dfsvc|diskshadow|dnscmd|dnx|dotnet|dxcap|esentutl|eventvwr|excel|expand|extexport|extrac32|findstr|forfiles|ftp|gfxdownloadwrapper|gpscript|hh|ie4uinit|ieadvpack\.dll|ieaframe\.dll|ic|infdefaultinstall|installutil|jsc|makecab|manage-bde\.wsf|mavinject|mftrace|microsoft\.workflow\.compiler|mmc|msbuild|msconfig|msdeploy|msdt|mshta|mshtml\.dll|msc|msxsl|netsh|odbcconf|pcalua|pcwrun|pcwutl\.dll|pester\.bat|powerpnt|presentationhost|pubprn\.vbs|rcsi|reg|regasm|regedit|register-cimprovider|regsvcs|regsvr32|rpcping|rundll32|runonce|runscripthelper|sc|schtasks|scriptrunner|setupapi\.dll|shdocvw\.dll|shell32\.dll|slmgr\.vbs|sqldumper|sqlps|sqltoolsps|squirrel|syncappvpublishingserver|syncappvpublishingserver\.vbs|syssetup\.dll|te|tracker|tttracer|update|url\.dll|verclsid|vsjitdebugger|wab|winrm\.vbs|winword|wmic|wscript|wsl|wsreset|xwizard|zipfldr\.dll)\s[0m
[30;1m292 | [0m[35m14.06.1 (Jun 24, 2014)[0m
[30;1m293 | [0m[35m----------------------[0m
[30;1m294 | [0m[35m[0m
[30;1m295 | [0m[35m- New feature "partial schema". Define a small schema with a ID that can be reused at other places i[0m
[30;1m296 | [0m[35m- New directive "include" that is used to include a partial schema at the specefied location.[0m
[30;1m297 | [0m[35m- Cli and Core() now can handle multiple schema files.[0m
[30;1m298 | [0m[35m- Directive "pattern" can no longer be used with map to validate all keys against that regex. Use "r[0m

[31m--[ [0m[34mMatch #[0m[33m89[0m[34m of [0m[33m137[0m[31m ]--[0m
   Rule Id: [34mBD000600[0m
       Tag: [34mSecurity.Backdoor.LOLBAS.Windows[0m
  Severity: [36mModerate[0m, Confidence: [36mLow[0m
  Filename: [33m/pykwalify-1.8.0/docs/release-notes.rst[0m
   Pattern: [32m\s(advpack\.dll|appvlp|at|atbroker|bash|bginfo|bitsadmin|cdb|certutil|cl_invocation\.ps1|cl_mutexverifiers\.ps1|cmd|cmdkey|cmstp|comsvcs\.dll|control|csc|cscript|csi|devtoolslauncher|dfsvc|diskshadow|dnscmd|dnx|dotnet|dxcap|esentutl|eventvwr|excel|expand|extexport|extrac32|findstr|forfiles|ftp|gfxdownloadwrapper|gpscript|hh|ie4uinit|ieadvpack\.dll|ieaframe\.dll|ic|infdefaultinstall|installutil|jsc|makecab|manage-bde\.wsf|mavinject|mftrace|microsoft\.workflow\.compiler|mmc|msbuild|msconfig|msdeploy|msdt|mshta|mshtml\.dll|msc|msxsl|netsh|odbcconf|pcalua|pcwrun|pcwutl\.dll|pester\.bat|powerpnt|presentationhost|pubprn\.vbs|rcsi|reg|regasm|regedit|register-cimprovider|regsvcs|regsvr32|rpcping|rundll32|runonce|runscripthelper|sc|schtasks|scriptrunner|setupapi\.dll|shdocvw\.dll|shell32\.dll|slmgr\.vbs|sqldumper|sqlps|sqltoolsps|squirrel|syncappvpublishingserver|syncappvpublishingserver\.vbs|syssetup\.dll|te|tracker|tttracer|update|url\.dll|verclsid|vsjitdebugger|wab|winrm\.vbs|winword|wmic|wscript|wsl|wsreset|xwizard|zipfldr\.dll)\s[0m
[30;1m285 | [0m[35m- Added many more test files.[0m
[30;1m286 | [0m[35m- Keyword 'length' was removed because 'range' can handle all cases now.[0m
[30;1m287 | [0m[35m- Keyword 'range' now correctly checks the internal keys to be integers[0m
[30;1m288 | [0m[35m- Major update to testing and increased coverage.[0m
[30;1m289 | [0m[35m[0m
[30;1m290 | [0m[35m[0m
[30;1m291 | [0m[35m[0m

[31m--[ [0m[34mMatch #[0m[33m90[0m[34m of [0m[33m137[0m[31m ]--[0m
   Rule Id: [34mBD000600[0m
       Tag: [34mSecurity.Backdoor.LOLBAS.Windows[0m
  Severity: [36mModerate[0m, Confidence: [36mLow[0m
  Filename: [33m/pykwalify-1.8.0/docs/release-notes.rst[0m
   Pattern: [32m\s(advpack\.dll|appvlp|at|atbroker|bash|bginfo|bitsadmin|cdb|certutil|cl_invocation\.ps1|cl_mutexverifiers\.ps1|cmd|cmdkey|cmstp|comsvcs\.dll|control|csc|cscript|csi|devtoolslauncher|dfsvc|diskshadow|dnscmd|dnx|dotnet|dxcap|esentutl|eventvwr|excel|expand|extexport|extrac32|findstr|forfiles|ftp|gfxdownloadwrapper|gpscript|hh|ie4uinit|ieadvpack\.dll|ieaframe\.dll|ic|infdefaultinstall|installutil|jsc|makecab|manage-bde\.wsf|mavinject|mftrace|microsoft\.workflow\.compiler|mmc|msbuild|msconfig|msdeploy|msdt|mshta|mshtml\.dll|msc|msxsl|netsh|odbcconf|pcalua|pcwrun|pcwutl\.dll|pester\.bat|powerpnt|presentationhost|pubprn\.vbs|rcsi|reg|regasm|regedit|register-cimprovider|regsvcs|regsvr32|rpcping|rundll32|runonce|runscripthelper|sc|schtasks|scriptrunner|setupapi\.dll|shdocvw\.dll|shell32\.dll|slmgr\.vbs|sqldumper|sqlps|sqltoolsps|squirrel|syncappvpublishingserver|syncappvpublishingserver\.vbs|syssetup\.dll|te|tracker|tttracer|update|url\.dll|verclsid|vsjitdebugger|wab|winrm\.vbs|winword|wmic|wscript|wsl|wsreset|xwizard|zipfldr\.dll)\s[0m
[30;1m172 | [0m[35m- Fix bug when validating sequence and value should only be unicode escaped when a string[0m
[30;1m173 | [0m[35m- Improve validation of timestamps.[0m
[30;1m174 | [0m[35m- Improve float validation to now accept strings that is valid ints that uses scientific notation, "[0m
[30;1m175 | [0m[35m- Update travis to test against python 3.6[0m
[30;1m176 | [0m[35m[0m
[30;1m177 | [0m[35m[0m
[30;1m178 | [0m[35m1.5.0 (Sep 30, 2015)[0m

[31m--[ [0m[34mMatch #[0m[33m91[0m[34m of [0m[33m137[0m[31m ]--[0m
   Rule Id: [34mBD000600[0m
       Tag: [34mSecurity.Backdoor.LOLBAS.Windows[0m
  Severity: [36mModerate[0m, Confidence: [36mLow[0m
  Filename: [33m/pykwalify-1.8.0/docs/release-notes.rst[0m
   Pattern: [32m\s(advpack\.dll|appvlp|at|atbroker|bash|bginfo|bitsadmin|cdb|certutil|cl_invocation\.ps1|cl_mutexverifiers\.ps1|cmd|cmdkey|cmstp|comsvcs\.dll|control|csc|cscript|csi|devtoolslauncher|dfsvc|diskshadow|dnscmd|dnx|dotnet|dxcap|esentutl|eventvwr|excel|expand|extexport|extrac32|findstr|forfiles|ftp|gfxdownloadwrapper|gpscript|hh|ie4uinit|ieadvpack\.dll|ieaframe\.dll|ic|infdefaultinstall|installutil|jsc|makecab|manage-bde\.wsf|mavinject|mftrace|microsoft\.workflow\.compiler|mmc|msbuild|msconfig|msdeploy|msdt|mshta|mshtml\.dll|msc|msxsl|netsh|odbcconf|pcalua|pcwrun|pcwutl\.dll|pester\.bat|powerpnt|presentationhost|pubprn\.vbs|rcsi|reg|regasm|regedit|register-cimprovider|regsvcs|regsvr32|rpcping|rundll32|runonce|runscripthelper|sc|schtasks|scriptrunner|setupapi\.dll|shdocvw\.dll|shell32\.dll|slmgr\.vbs|sqldumper|sqlps|sqltoolsps|squirrel|syncappvpublishingserver|syncappvpublishingserver\.vbs|syssetup\.dll|te|tracker|tttracer|update|url\.dll|verclsid|vsjitdebugger|wab|winrm\.vbs|winword|wmic|wscript|wsl|wsreset|xwizard|zipfldr\.dll)\s[0m
[30;1m39 | [0m[35m1.7.0 (October 3, 2018)[0m
[30;1m40 | [0m[35m-----------------------[0m
[30;1m41 | [0m[35m[0m
[30;1m42 | [0m[35m**IMPORTANT** LICENSE UPDATE **IMPORTANT**[0m
[30;1m43 | [0m[35m[0m
[30;1m44 | [0m[35m- In this release there was a line removed from the license file. It was modified in the following c[0m
[30;1m45 | [0m[35m  (cc4e31b39ff4cce2dfbc662baa6469470dd3c033 Wed Oct 3 16:20:59 2018 +0200) and will be the main reas[0m

[31m--[ [0m[34mMatch #[0m[33m92[0m[34m of [0m[33m137[0m[31m ]--[0m
   Rule Id: [34mBD000600[0m
       Tag: [34mSecurity.Backdoor.LOLBAS.Windows[0m
  Severity: [36mModerate[0m, Confidence: [36mLow[0m
  Filename: [33m/pykwalify-1.8.0/docs/release-notes.rst[0m
   Pattern: [32m\s(advpack\.dll|appvlp|at|atbroker|bash|bginfo|bitsadmin|cdb|certutil|cl_invocation\.ps1|cl_mutexverifiers\.ps1|cmd|cmdkey|cmstp|comsvcs\.dll|control|csc|cscript|csi|devtoolslauncher|dfsvc|diskshadow|dnscmd|dnx|dotnet|dxcap|esentutl|eventvwr|excel|expand|extexport|extrac32|findstr|forfiles|ftp|gfxdownloadwrapper|gpscript|hh|ie4uinit|ieadvpack\.dll|ieaframe\.dll|ic|infdefaultinstall|installutil|jsc|makecab|manage-bde\.wsf|mavinject|mftrace|microsoft\.workflow\.compiler|mmc|msbuild|msconfig|msdeploy|msdt|mshta|mshtml\.dll|msc|msxsl|netsh|odbcconf|pcalua|pcwrun|pcwutl\.dll|pester\.bat|powerpnt|presentationhost|pubprn\.vbs|rcsi|reg|regasm|regedit|register-cimprovider|regsvcs|regsvr32|rpcping|rundll32|runonce|runscripthelper|sc|schtasks|scriptrunner|setupapi\.dll|shdocvw\.dll|shell32\.dll|slmgr\.vbs|sqldumper|sqlps|sqltoolsps|squirrel|syncappvpublishingserver|syncappvpublishingserver\.vbs|syssetup\.dll|te|tracker|tttracer|update|url\.dll|verclsid|vsjitdebugger|wab|winrm\.vbs|winword|wmic|wscript|wsl|wsreset|xwizard|zipfldr\.dll)\s[0m
[30;1m10 | [0m[35m- ruamel.yaml is now the default and preffered yaml parser[0m
[30;1m11 | [0m[35m- Dropped support for pyyaml parser[0m
[30;1m12 | [0m[35m- Update minimum version of ruamel.yaml to 0.16.0[0m
[30;1m13 | [0m[35m- Update minimum version of python-dateutil to 2.8.0[0m
[30;1m14 | [0m[35m[0m
[30;1m15 | [0m[35mCLI changes:[0m
[30;1m16 | [0m[35m[0m

[31m--[ [0m[34mMatch #[0m[33m93[0m[34m of [0m[33m137[0m[31m ]--[0m
   Rule Id: [34mBD000600[0m
       Tag: [34mSecurity.Backdoor.LOLBAS.Windows[0m
  Severity: [36mModerate[0m, Confidence: [36mLow[0m
  Filename: [33m/pykwalify-1.8.0/docs/release-notes.rst[0m
   Pattern: [32m\s(advpack\.dll|appvlp|at|atbroker|bash|bginfo|bitsadmin|cdb|certutil|cl_invocation\.ps1|cl_mutexverifiers\.ps1|cmd|cmdkey|cmstp|comsvcs\.dll|control|csc|cscript|csi|devtoolslauncher|dfsvc|diskshadow|dnscmd|dnx|dotnet|dxcap|esentutl|eventvwr|excel|expand|extexport|extrac32|findstr|forfiles|ftp|gfxdownloadwrapper|gpscript|hh|ie4uinit|ieadvpack\.dll|ieaframe\.dll|ic|infdefaultinstall|installutil|jsc|makecab|manage-bde\.wsf|mavinject|mftrace|microsoft\.workflow\.compiler|mmc|msbuild|msconfig|msdeploy|msdt|mshta|mshtml\.dll|msc|msxsl|netsh|odbcconf|pcalua|pcwrun|pcwutl\.dll|pester\.bat|powerpnt|presentationhost|pubprn\.vbs|rcsi|reg|regasm|regedit|register-cimprovider|regsvcs|regsvr32|rpcping|rundll32|runonce|runscripthelper|sc|schtasks|scriptrunner|setupapi\.dll|shdocvw\.dll|shell32\.dll|slmgr\.vbs|sqldumper|sqlps|sqltoolsps|squirrel|syncappvpublishingserver|syncappvpublishingserver\.vbs|syssetup\.dll|te|tracker|tttracer|update|url\.dll|verclsid|vsjitdebugger|wab|winrm\.vbs|winword|wmic|wscript|wsl|wsreset|xwizard|zipfldr\.dll)\s[0m
[30;1m9 | [0m[35m- Dropped support for python 3.5 and below, including 2.7[0m
[30;1m10 | [0m[35m- ruamel.yaml is now the default and preffered yaml parser[0m
[30;1m11 | [0m[35m- Dropped support for pyyaml parser[0m
[30;1m12 | [0m[35m- Update minimum version of ruamel.yaml to 0.16.0[0m
[30;1m13 | [0m[35m- Update minimum version of python-dateutil to 2.8.0[0m
[30;1m14 | [0m[35m[0m
[30;1m15 | [0m[35mCLI changes:[0m

[31m--[ [0m[34mMatch #[0m[33m94[0m[34m of [0m[33m137[0m[31m ]--[0m
   Rule Id: [34mBD000610[0m
       Tag: [34mSecurity.Backdoor.LOLBAS.Linux[0m
  Severity: [36mModerate[0m, Confidence: [36mLow[0m
  Filename: [33m/pykwalify-1.8.0/docs/release-notes.rst[0m
   Pattern: [32m\s(apt|apt\-get|aria2c|arp|ash|awk|base64|bash|bpftrace|busybox|cat|chmod|chown|cp|cpan|cpulimit|crontab|csh|curl|cut|dash|dd|diff|dmesg|dmsetup|dnf|docker|dpkg|easy_install|ed|emacs|env|expand|expect|facter|find|finger|flock|fmt|ftp|gawk|gdb|gimp|git|grep|head|iftop|ionice|ip|irb|jjs|journalctl|jrunscript|ksh|ld\.so|ldconfig|logsave|ltrace|lua|mail|mawk|mount|mtr|mv|mysql|nano|nawk|nc|nice|nl|nmap|node|od|openssl|perl|pg|php|pic|pico|pip|puppet|readelf|red|rlogin|rlwrap|rpm|rpmquery|rsync|ruby|run\-mailcap|run\-parts|rvim|scp|screen|script|sed|service|setarch|sftp|shuf|smbclient|socat|sort|sqlite3|ssh|start\-stop\-daemon|stdbuf|strace|systemctl|tail|tar|taskset|tclsh|tcpdump|tee|telnet|tftp|time|timeout|tmux|top|ul|unexpand|uniq|unshare|vi|vim|watch|wget|whois|wish|xargs|xxd|yum|zsh|zypper)\s[0m
[30;1m356 | [0m[35md stable testing and to be based on further new feature requests for the next version.[0m
[30;1m357 | [0m[35m- Implemented most validation rules from the original Java version of kwalify. Some is currently not[0m
[30;1m358 | [0m[35m- Installable via pip (Not the official online pip repo but from the releases folder found in this r[0m
[30;1m359 | [0m[35m- Supports YAML & JSON files from cli and any dict/list data structure if used in lib mode.[0m

[31m--[ [0m[34mMatch #[0m[33m95[0m[34m of [0m[33m137[0m[31m ]--[0m
   Rule Id: [34mBD000610[0m
       Tag: [34mSecurity.Backdoor.LOLBAS.Linux[0m
  Severity: [36mModerate[0m, Confidence: [36mLow[0m
  Filename: [33m/pykwalify-1.8.0/docs/release-notes.rst[0m
   Pattern: [32m\s(apt|apt\-get|aria2c|arp|ash|awk|base64|bash|bpftrace|busybox|cat|chmod|chown|cp|cpan|cpulimit|crontab|csh|curl|cut|dash|dd|diff|dmesg|dmsetup|dnf|docker|dpkg|easy_install|ed|emacs|env|expand|expect|facter|find|finger|flock|fmt|ftp|gawk|gdb|gimp|git|grep|head|iftop|ionice|ip|irb|jjs|journalctl|jrunscript|ksh|ld\.so|ldconfig|logsave|ltrace|lua|mail|mawk|mount|mtr|mv|mysql|nano|nawk|nc|nice|nl|nmap|node|od|openssl|perl|pg|php|pic|pico|pip|puppet|readelf|red|rlogin|rlwrap|rpm|rpmquery|rsync|ruby|run\-mailcap|run\-parts|rvim|scp|screen|script|sed|service|setarch|sftp|shuf|smbclient|socat|sort|sqlite3|ssh|start\-stop\-daemon|stdbuf|strace|systemctl|tail|tar|taskset|tclsh|tcpdump|tee|telnet|tftp|time|timeout|tmux|top|ul|unexpand|uniq|unshare|vi|vim|watch|wget|whois|wish|xargs|xxd|yum|zsh|zypper)\s[0m
[30;1m356 | [0m[35mAlpha release used for bug and stable testing and to be based on further new feature requests for th[0m
[30;1m357 | [0m[35m- Implemented most validation rules from the original Java version of kwalify. Some is currently not[0m
[30;1m358 | [0m[35m- Installable via pip (Not the official online pip repo but from the releases folder found in this r[0m
[30;1m359 | [0m[35m- Supports YAML & JSON files from cli and any dict/list data structure if used in lib mode.[0m

[31m--[ [0m[34mMatch #[0m[33m96[0m[34m of [0m[33m137[0m[31m ]--[0m
   Rule Id: [34mBD000610[0m
       Tag: [34mSecurity.Backdoor.LOLBAS.Linux[0m
  Severity: [36mModerate[0m, Confidence: [36mLow[0m
  Filename: [33m/pykwalify-1.8.0/docs/release-notes.rst[0m
   Pattern: [32m\s(apt|apt\-get|aria2c|arp|ash|awk|base64|bash|bpftrace|busybox|cat|chmod|chown|cp|cpan|cpulimit|crontab|csh|curl|cut|dash|dd|diff|dmesg|dmsetup|dnf|docker|dpkg|easy_install|ed|emacs|env|expand|expect|facter|find|finger|flock|fmt|ftp|gawk|gdb|gimp|git|grep|head|iftop|ionice|ip|irb|jjs|journalctl|jrunscript|ksh|ld\.so|ldconfig|logsave|ltrace|lua|mail|mawk|mount|mtr|mv|mysql|nano|nawk|nc|nice|nl|nmap|node|od|openssl|perl|pg|php|pic|pico|pip|puppet|readelf|red|rlogin|rlwrap|rpm|rpmquery|rsync|ruby|run\-mailcap|run\-parts|rvim|scp|screen|script|sed|service|setarch|sftp|shuf|smbclient|socat|sort|sqlite3|ssh|start\-stop\-daemon|stdbuf|strace|systemctl|tail|tar|taskset|tclsh|tcpdump|tee|telnet|tftp|time|timeout|tmux|top|ul|unexpand|uniq|unshare|vi|vim|watch|wget|whois|wish|xargs|xxd|yum|zsh|zypper)\s[0m
[30;1m341 | [0m[35m[0m
[30;1m342 | [0m[35m- Reworked the structure of the project to be more clean and easy to find stuff.[0m
[30;1m343 | [0m[35m- lib/ folder is now removed and all contents is placed in the root of the project[0m
[30;1m344 | [0m[35m- All scripts is now moved to its own folder scripts/ (To use the script during dev the path to the [0m
[30;1m345 | [0m[35m- New make target 'cleanegg'[0m
[30;1m346 | [0m[35m- Fixed path bugs in Makefile[0m
[30;1m347 | [0m[35m- Fixed path bugs in Manifest[0m

[31m--[ [0m[34mMatch #[0m[33m97[0m[34m of [0m[33m137[0m[31m ]--[0m
   Rule Id: [34mBD000610[0m
       Tag: [34mSecurity.Backdoor.LOLBAS.Linux[0m
  Severity: [36mModerate[0m, Confidence: [36mLow[0m
  Filename: [33m/pykwalify-1.8.0/docs/release-notes.rst[0m
   Pattern: [32m\s(apt|apt\-get|aria2c|arp|ash|awk|base64|bash|bpftrace|busybox|cat|chmod|chown|cp|cpan|cpulimit|crontab|csh|curl|cut|dash|dd|diff|dmesg|dmsetup|dnf|docker|dpkg|easy_install|ed|emacs|env|expand|expect|facter|find|finger|flock|fmt|ftp|gawk|gdb|gimp|git|grep|head|iftop|ionice|ip|irb|jjs|journalctl|jrunscript|ksh|ld\.so|ldconfig|logsave|ltrace|lua|mail|mawk|mount|mtr|mv|mysql|nano|nawk|nc|nice|nl|nmap|node|od|openssl|perl|pg|php|pic|pico|pip|puppet|readelf|red|rlogin|rlwrap|rpm|rpmquery|rsync|ruby|run\-mailcap|run\-parts|rvim|scp|screen|script|sed|service|setarch|sftp|shuf|smbclient|socat|sort|sqlite3|ssh|start\-stop\-daemon|stdbuf|strace|systemctl|tail|tar|taskset|tclsh|tcpdump|tee|telnet|tftp|time|timeout|tmux|top|ul|unexpand|uniq|unshare|vi|vim|watch|wget|whois|wish|xargs|xxd|yum|zsh|zypper)\s[0m
[30;1m339 | [0m[35m0.1.1 (Jan 21, 2013)[0m
[30;1m340 | [0m[35m--------------------[0m
[30;1m341 | [0m[35m[0m
[30;1m342 | [0m[35m- Reworked the structure of the project to be more clean and easy to find stuff.[0m
[30;1m343 | [0m[35m- lib/ folder is now removed and all contents is placed in the root of the project[0m
[30;1m344 | [0m[35m- All scripts is now moved to its own folder scripts/ (To use the script during dev the path to the [0m
[30;1m345 | [0m[35m- New make target 'cleanegg'[0m

[31m--[ [0m[34mMatch #[0m[33m98[0m[34m of [0m[33m137[0m[31m ]--[0m
   Rule Id: [34mBD000610[0m
       Tag: [34mSecurity.Backdoor.LOLBAS.Linux[0m
  Severity: [36mModerate[0m, Confidence: [36mLow[0m
  Filename: [33m/pykwalify-1.8.0/docs/release-notes.rst[0m
   Pattern: [32m\s(apt|apt\-get|aria2c|arp|ash|awk|base64|bash|bpftrace|busybox|cat|chmod|chown|cp|cpan|cpulimit|crontab|csh|curl|cut|dash|dd|diff|dmesg|dmsetup|dnf|docker|dpkg|easy_install|ed|emacs|env|expand|expect|facter|find|finger|flock|fmt|ftp|gawk|gdb|gimp|git|grep|head|iftop|ionice|ip|irb|jjs|journalctl|jrunscript|ksh|ld\.so|ldconfig|logsave|ltrace|lua|mail|mawk|mount|mtr|mv|mysql|nano|nawk|nc|nice|nl|nmap|node|od|openssl|perl|pg|php|pic|pico|pip|puppet|readelf|red|rlogin|rlwrap|rpm|rpmquery|rsync|ruby|run\-mailcap|run\-parts|rvim|scp|screen|script|sed|service|setarch|sftp|shuf|smbclient|socat|sort|sqlite3|ssh|start\-stop\-daemon|stdbuf|strace|systemctl|tail|tar|taskset|tclsh|tcpdump|tee|telnet|tftp|time|timeout|tmux|top|ul|unexpand|uniq|unshare|vi|vim|watch|wget|whois|wish|xargs|xxd|yum|zsh|zypper)\s[0m
[30;1m228 | [0m[35mcustom python code/functions that can be[0m
[30;1m229 | [0m[35m  called on all types so that custom/extra validation can be done on all data structures.[0m
[30;1m230 | [0m[35m- Add new keyword 'func' that is a string and is used to point to a function loaded via the extensio[0m
[30;1m231 | [0m[35m- Add new keyword 'extensions' that can only be used on the top level of the schema. It is should be[0m
[30;1m232 | [0m[35m  with strings of files that should be loaded by the extension system. Paths can be relative or abso[0m
[30;1m233 | [0m[35m- New cli option '-e FILE' or '--extension FILE' that can be used to load extension files from cli.[0m

[31m--[ [0m[34mMatch #[0m[33m99[0m[34m of [0m[33m137[0m[31m ]--[0m
   Rule Id: [34mBD000610[0m
       Tag: [34mSecurity.Backdoor.LOLBAS.Linux[0m
  Severity: [36mModerate[0m, Confidence: [36mLow[0m
  Filename: [33m/pykwalify-1.8.0/docs/release-notes.rst[0m
   Pattern: [32m\s(apt|apt\-get|aria2c|arp|ash|awk|base64|bash|bpftrace|busybox|cat|chmod|chown|cp|cpan|cpulimit|crontab|csh|curl|cut|dash|dd|diff|dmesg|dmsetup|dnf|docker|dpkg|easy_install|ed|emacs|env|expand|expect|facter|find|finger|flock|fmt|ftp|gawk|gdb|gimp|git|grep|head|iftop|ionice|ip|irb|jjs|journalctl|jrunscript|ksh|ld\.so|ldconfig|logsave|ltrace|lua|mail|mawk|mount|mtr|mv|mysql|nano|nawk|nc|nice|nl|nmap|node|od|openssl|perl|pg|php|pic|pico|pip|puppet|readelf|red|rlogin|rlwrap|rpm|rpmquery|rsync|ruby|run\-mailcap|run\-parts|rvim|scp|screen|script|sed|service|setarch|sftp|shuf|smbclient|socat|sort|sqlite3|ssh|start\-stop\-daemon|stdbuf|strace|systemctl|tail|tar|taskset|tclsh|tcpdump|tee|telnet|tftp|time|timeout|tmux|top|ul|unexpand|uniq|unshare|vi|vim|watch|wget|whois|wish|xargs|xxd|yum|zsh|zypper)\s[0m
[30;1m223 | [0m[35mlow the defenition of different types that one sequence can contain. You can either require[0m
[30;1m224 | [0m[35m  each value in the sequence to be valid against one to all of the different possibilities.[0m
[30;1m225 | [0m[35m  Tests show that it still maintains backward compatibility with all old schemas but it can't be gua[0m
[30;1m226 | [0m[35m  If you find a regression in this release please file a bug report so it can be fixed ASAP.[0m
[30;1m227 | [0m[35m- This feature is NEW and EXPERIMENTAL.[0m
[30;1m228 | [0m[35m  Added ability to define python files that can be used to have custom python code/functions that ca[0m

[31m--[ [0m[34mMatch #[0m[33m100[0m[34m of [0m[33m137[0m[31m ]--[0m
   Rule Id: [34mBD000610[0m
       Tag: [34mSecurity.Backdoor.LOLBAS.Linux[0m
  Severity: [36mModerate[0m, Confidence: [36mLow[0m
  Filename: [33m/pykwalify-1.8.0/docs/release-notes.rst[0m
   Pattern: [32m\s(apt|apt\-get|aria2c|arp|ash|awk|base64|bash|bpftrace|busybox|cat|chmod|chown|cp|cpan|cpulimit|crontab|csh|curl|cut|dash|dd|diff|dmesg|dmsetup|dnf|docker|dpkg|easy_install|ed|emacs|env|expand|expect|facter|find|finger|flock|fmt|ftp|gawk|gdb|gimp|git|grep|head|iftop|ionice|ip|irb|jjs|journalctl|jrunscript|ksh|ld\.so|ldconfig|logsave|ltrace|lua|mail|mawk|mount|mtr|mv|mysql|nano|nawk|nc|nice|nl|nmap|node|od|openssl|perl|pg|php|pic|pico|pip|puppet|readelf|red|rlogin|rlwrap|rpm|rpmquery|rsync|ruby|run\-mailcap|run\-parts|rvim|scp|screen|script|sed|service|setarch|sftp|shuf|smbclient|socat|sort|sqlite3|ssh|start\-stop\-daemon|stdbuf|strace|systemctl|tail|tar|taskset|tclsh|tcpdump|tee|telnet|tftp|time|timeout|tmux|top|ul|unexpand|uniq|unshare|vi|vim|watch|wget|whois|wish|xargs|xxd|yum|zsh|zypper)\s[0m
[30;1m141 | [0m[35m- Refactored *test_core_files* method to now accept test files with multiple of documents. The metho[0m
[30;1m142 | [0m[35m  It now alos reports more detailed about what file and document that fails the test to make it easi[0m
[30;1m143 | [0m[35m- Major refactoring of test files to now be grouped based on what they are testing instead of a incr[0m
[30;1m144 | [0m[35m  It will be easier to find out what keywords lack tests and what keywords that have enough tests.[0m
[30;1m145 | [0m[35m[0m
[30;1m146 | [0m[35m[0m
[30;1m147 | [0m[35m1.5.2 (Nov 12, 2016)[0m

[31m--[ [0m[34mMatch #[0m[33m101[0m[34m of [0m[33m137[0m[31m ]--[0m
   Rule Id: [34mBD000610[0m
       Tag: [34mSecurity.Backdoor.LOLBAS.Linux[0m
  Severity: [36mModerate[0m, Confidence: [36mLow[0m
  Filename: [33m/pykwalify-1.8.0/docs/release-notes.rst[0m
   Pattern: [32m\s(apt|apt\-get|aria2c|arp|ash|awk|base64|bash|bpftrace|busybox|cat|chmod|chown|cp|cpan|cpulimit|crontab|csh|curl|cut|dash|dd|diff|dmesg|dmsetup|dnf|docker|dpkg|easy_install|ed|emacs|env|expand|expect|facter|find|finger|flock|fmt|ftp|gawk|gdb|gimp|git|grep|head|iftop|ionice|ip|irb|jjs|journalctl|jrunscript|ksh|ld\.so|ldconfig|logsave|ltrace|lua|mail|mawk|mount|mtr|mv|mysql|nano|nawk|nc|nice|nl|nmap|node|od|openssl|perl|pg|php|pic|pico|pip|puppet|readelf|red|rlogin|rlwrap|rpm|rpmquery|rsync|ruby|run\-mailcap|run\-parts|rvim|scp|screen|script|sed|service|setarch|sftp|shuf|smbclient|socat|sort|sqlite3|ssh|start\-stop\-daemon|stdbuf|strace|systemctl|tail|tar|taskset|tclsh|tcpdump|tee|telnet|tftp|time|timeout|tmux|top|ul|unexpand|uniq|unshare|vi|vim|watch|wget|whois|wish|xargs|xxd|yum|zsh|zypper)\s[0m
[30;1m129 | [0m[35malue is a valid dict object is now done even if the mapping keyword is not specefied in the schema.[0m
[30;1m130 | [0m[35m  This makes that check more eager and errors can apear that previously was not there.[0m
[30;1m131 | [0m[35m- Changed the sane default type if that key is not defined to be *str*. Before this, type had to be [0m
[30;1m132 | [0m[35m  This is a major change and can cause validation to either fail or to stop failing depending on the[0m

[31m--[ [0m[34mMatch #[0m[33m102[0m[34m of [0m[33m137[0m[31m ]--[0m
   Rule Id: [34mBD000610[0m
       Tag: [34mSecurity.Backdoor.LOLBAS.Linux[0m
  Severity: [36mModerate[0m, Confidence: [36mLow[0m
  Filename: [33m/pykwalify-1.8.0/docs/release-notes.rst[0m
   Pattern: [32m\s(apt|apt\-get|aria2c|arp|ash|awk|base64|bash|bpftrace|busybox|cat|chmod|chown|cp|cpan|cpulimit|crontab|csh|curl|cut|dash|dd|diff|dmesg|dmsetup|dnf|docker|dpkg|easy_install|ed|emacs|env|expand|expect|facter|find|finger|flock|fmt|ftp|gawk|gdb|gimp|git|grep|head|iftop|ionice|ip|irb|jjs|journalctl|jrunscript|ksh|ld\.so|ldconfig|logsave|ltrace|lua|mail|mawk|mount|mtr|mv|mysql|nano|nawk|nc|nice|nl|nmap|node|od|openssl|perl|pg|php|pic|pico|pip|puppet|readelf|red|rlogin|rlwrap|rpm|rpmquery|rsync|ruby|run\-mailcap|run\-parts|rvim|scp|screen|script|sed|service|setarch|sftp|shuf|smbclient|socat|sort|sqlite3|ssh|start\-stop\-daemon|stdbuf|strace|systemctl|tail|tar|taskset|tclsh|tcpdump|tee|telnet|tftp|time|timeout|tmux|top|ul|unexpand|uniq|unshare|vi|vim|watch|wget|whois|wish|xargs|xxd|yum|zsh|zypper)\s[0m
[30;1m109 | [0m[35med by each defined type.[0m
[30;1m110 | [0m[35m  If you only use a *Core* object then set *strict_rule_validation=True* when creating the *Core* ob[0m
[30;1m111 | [0m[35m  This feature is opt-in in this releaes but will be mandatory in *releases >= 1.7.0*.[0m
[30;1m112 | [0m[35m- Added new cli flag *--fix-ruby-style-regex* that will trim slashes from ruby style regex/patterns.[0m
[30;1m113 | [0m[35m  When using this flag the first and last */* will be trimmed of the pattern before running validati[0m
[30;1m114 | [0m[35m  If you only use a *Core* object then set *fix_ruby_style_regex=True* when creating the *Core* obje[0m

[31m--[ [0m[34mMatch #[0m[33m103[0m[34m of [0m[33m137[0m[31m ]--[0m
   Rule Id: [34mBD000610[0m
       Tag: [34mSecurity.Backdoor.LOLBAS.Linux[0m
  Severity: [36mModerate[0m, Confidence: [36mLow[0m
  Filename: [33m/pykwalify-1.8.0/docs/release-notes.rst[0m
   Pattern: [32m\s(apt|apt\-get|aria2c|arp|ash|awk|base64|bash|bpftrace|busybox|cat|chmod|chown|cp|cpan|cpulimit|crontab|csh|curl|cut|dash|dd|diff|dmesg|dmsetup|dnf|docker|dpkg|easy_install|ed|emacs|env|expand|expect|facter|find|finger|flock|fmt|ftp|gawk|gdb|gimp|git|grep|head|iftop|ionice|ip|irb|jjs|journalctl|jrunscript|ksh|ld\.so|ldconfig|logsave|ltrace|lua|mail|mawk|mount|mtr|mv|mysql|nano|nawk|nc|nice|nl|nmap|node|od|openssl|perl|pg|php|pic|pico|pip|puppet|readelf|red|rlogin|rlwrap|rpm|rpmquery|rsync|ruby|run\-mailcap|run\-parts|rvim|scp|screen|script|sed|service|setarch|sftp|shuf|smbclient|socat|sort|sqlite3|ssh|start\-stop\-daemon|stdbuf|strace|systemctl|tail|tar|taskset|tclsh|tcpdump|tee|telnet|tftp|time|timeout|tmux|top|ul|unexpand|uniq|unshare|vi|vim|watch|wget|whois|wish|xargs|xxd|yum|zsh|zypper)\s[0m
[30;1m92 | [0m[35mFixed a bug where the type validation did not work when schema specefied a sequence of map objects. [0m
[30;1m93 | [0m[35m- Fixed a bug in *unique* validation when a key that it tried to lookup in the data would not exists[0m
[30;1m94 | [0m[35m  Now it just ignores that it did not find any value becuase a missing value do not impact validatio[0m
[30;1m95 | [0m[35m- Fixed a bug with keyword *ident* when the rule value was verified to be a *boolean*. It now only a[0m

[31m--[ [0m[34mMatch #[0m[33m104[0m[34m of [0m[33m137[0m[31m ]--[0m
   Rule Id: [34mBD000610[0m
       Tag: [34mSecurity.Backdoor.LOLBAS.Linux[0m
  Severity: [36mModerate[0m, Confidence: [36mLow[0m
  Filename: [33m/pykwalify-1.8.0/tests/files/fail/test_anchor.yaml[0m
   Pattern: [32m\s(apt|apt\-get|aria2c|arp|ash|awk|base64|bash|bpftrace|busybox|cat|chmod|chown|cp|cpan|cpulimit|crontab|csh|curl|cut|dash|dd|diff|dmesg|dmsetup|dnf|docker|dpkg|easy_install|ed|emacs|env|expand|expect|facter|find|finger|flock|fmt|ftp|gawk|gdb|gimp|git|grep|head|iftop|ionice|ip|irb|jjs|journalctl|jrunscript|ksh|ld\.so|ldconfig|logsave|ltrace|lua|mail|mawk|mount|mtr|mv|mysql|nano|nawk|nc|nice|nl|nmap|node|od|openssl|perl|pg|php|pic|pico|pip|puppet|readelf|red|rlogin|rlwrap|rpm|rpmquery|rsync|ruby|run\-mailcap|run\-parts|rvim|scp|screen|script|sed|service|setarch|sftp|shuf|smbclient|socat|sort|sqlite3|ssh|start\-stop\-daemon|stdbuf|strace|systemctl|tail|tar|taskset|tclsh|tcpdump|tee|telnet|tftp|time|timeout|tmux|top|ul|unexpand|uniq|unshare|vi|vim|watch|wget|whois|wish|xargs|xxd|yum|zsh|zypper)\s[0m
[30;1m53 | [0m[35m    - first-name:  bar[0m
[30;1m54 | [0m[35m      email: bar@mail.com[0m
[30;1m55 | [0m[35merrors:[0m
[30;1m56 | [0m[35m  - "Cannot find required key 'name'. Path: '/address-book/1'"[0m
[30;1m57 | [0m[35m  - "Key 'first-name' was not defined. Path: '/address-book/1'"[0m
[30;1m58 | [0m[35m  - "Value '100' is not of type 'str'. Path: '/address-book/0/name'"[0m
[30;1m59 | [0m[35m  ## Kwalify errors[0m

[31m--[ [0m[34mMatch #[0m[33m105[0m[34m of [0m[33m137[0m[31m ]--[0m
   Rule Id: [34mBD000610[0m
       Tag: [34mSecurity.Backdoor.LOLBAS.Linux[0m
  Severity: [36mModerate[0m, Confidence: [36mLow[0m
  Filename: [33m/pykwalify-1.8.0/tests/files/fail/test_anchor.yaml[0m
   Pattern: [32m\s(apt|apt\-get|aria2c|arp|ash|awk|base64|bash|bpftrace|busybox|cat|chmod|chown|cp|cpan|cpulimit|crontab|csh|curl|cut|dash|dd|diff|dmesg|dmsetup|dnf|docker|dpkg|easy_install|ed|emacs|env|expand|expect|facter|find|finger|flock|fmt|ftp|gawk|gdb|gimp|git|grep|head|iftop|ionice|ip|irb|jjs|journalctl|jrunscript|ksh|ld\.so|ldconfig|logsave|ltrace|lua|mail|mawk|mount|mtr|mv|mysql|nano|nawk|nc|nice|nl|nmap|node|od|openssl|perl|pg|php|pic|pico|pip|puppet|readelf|red|rlogin|rlwrap|rpm|rpmquery|rsync|ruby|run\-mailcap|run\-parts|rvim|scp|screen|script|sed|service|setarch|sftp|shuf|smbclient|socat|sort|sqlite3|ssh|start\-stop\-daemon|stdbuf|strace|systemctl|tail|tar|taskset|tclsh|tcpdump|tee|telnet|tftp|time|timeout|tmux|top|ul|unexpand|uniq|unshare|vi|vim|watch|wget|whois|wish|xargs|xxd|yum|zsh|zypper)\s[0m
[30;1m18 | [0m[35m  - first-name:  bar[0m
[30;1m19 | [0m[35m    family-name: 100[0m
[30;1m20 | [0m[35merrors:[0m
[30;1m21 | [0m[35m  - "Cannot find required key 'family-name'. Path: '/0'"[0m
[30;1m22 | [0m[35m  - "Key 'last-name' was not defined. Path: '/0'"[0m
[30;1m23 | [0m[35m  - "Value '100' is not of type 'str'. Path: '/1/family-name'"[0m
[30;1m24 | [0m[35m  ## Kwalify errors[0m

[31m--[ [0m[34mMatch #[0m[33m106[0m[34m of [0m[33m137[0m[31m ]--[0m
   Rule Id: [34mBD000610[0m
       Tag: [34mSecurity.Backdoor.LOLBAS.Linux[0m
  Severity: [36mModerate[0m, Confidence: [36mLow[0m
  Filename: [33m/pykwalify-1.8.0/pykwalify/cli.py[0m
   Pattern: [32m\s(apt|apt\-get|aria2c|arp|ash|awk|base64|bash|bpftrace|busybox|cat|chmod|chown|cp|cpan|cpulimit|crontab|csh|curl|cut|dash|dd|diff|dmesg|dmsetup|dnf|docker|dpkg|easy_install|ed|emacs|env|expand|expect|facter|find|finger|flock|fmt|ftp|gawk|gdb|gimp|git|grep|head|iftop|ionice|ip|irb|jjs|journalctl|jrunscript|ksh|ld\.so|ldconfig|logsave|ltrace|lua|mail|mawk|mount|mtr|mv|mysql|nano|nawk|nc|nice|nl|nmap|node|od|openssl|perl|pg|php|pic|pico|pip|puppet|readelf|red|rlogin|rlwrap|rpm|rpmquery|rsync|ruby|run\-mailcap|run\-parts|rvim|scp|screen|script|sed|service|setarch|sftp|shuf|smbclient|socat|sort|sqlite3|ssh|start\-stop\-daemon|stdbuf|strace|systemctl|tail|tar|taskset|tclsh|tcpdump|tee|telnet|tftp|time|timeout|tmux|top|ul|unexpand|uniq|unshare|vi|vim|watch|wget|whois|wish|xargs|xxd|yum|zsh|zypper)\s[0m
[30;1m89 | [0m[35mdef cli_entrypoint():[0m
[30;1m90 | [0m[35m    """[0m
[30;1m91 | [0m[35m    Main entrypoint for script. Used by setup.py to automatically[0m
[30;1m92 | [0m[35m    create a cli script[0m
[30;1m93 | [0m[35m    """[0m
[30;1m94 | [0m[35m    # Check minimum version of Python[0m
[30;1m95 | [0m[35m    if sys.version_info < (2, 7, 0):[0m
[30;1m96 | [0m[35m        sys.stderr.write(u"WARNING: pykwalify: It is recommended to run pykwalify on python version [0m

[31m--[ [0m[34mMatch #[0m[33m107[0m[34m of [0m[33m137[0m[31m ]--[0m
   Rule Id: [34mBD000610[0m
       Tag: [34mSecurity.Backdoor.LOLBAS.Linux[0m
  Severity: [36mModerate[0m, Confidence: [36mLow[0m
  Filename: [33m/pykwalify-1.8.0/pykwalify/cli.py[0m
   Pattern: [32m\s(apt|apt\-get|aria2c|arp|ash|awk|base64|bash|bpftrace|busybox|cat|chmod|chown|cp|cpan|cpulimit|crontab|csh|curl|cut|dash|dd|diff|dmesg|dmsetup|dnf|docker|dpkg|easy_install|ed|emacs|env|expand|expect|facter|find|finger|flock|fmt|ftp|gawk|gdb|gimp|git|grep|head|iftop|ionice|ip|irb|jjs|journalctl|jrunscript|ksh|ld\.so|ldconfig|logsave|ltrace|lua|mail|mawk|mount|mtr|mv|mysql|nano|nawk|nc|nice|nl|nmap|node|od|openssl|perl|pg|php|pic|pico|pip|puppet|readelf|red|rlogin|rlwrap|rpm|rpmquery|rsync|ruby|run\-mailcap|run\-parts|rvim|scp|screen|script|sed|service|setarch|sftp|shuf|smbclient|socat|sort|sqlite3|ssh|start\-stop\-daemon|stdbuf|strace|systemctl|tail|tar|taskset|tclsh|tcpdump|tee|telnet|tftp|time|timeout|tmux|top|ul|unexpand|uniq|unshare|vi|vim|watch|wget|whois|wish|xargs|xxd|yum|zsh|zypper)\s[0m
[30;1m36 | [0m[35mx               This flag fixes some of the quirks of ruby style regex[0m
[30;1m37 | [0m[35m                                       that is not compatible with python style regex[0m
[30;1m38 | [0m[35m  --strict-rule-validation             enables strict validation of all keywords for all[0m
[30;1m39 | [0m[35m                                       Rule objects to find unsupported keyword usage[0m
[30;1m40 | [0m[35m  --allow-assertions                   By default assertions is disabled due to security risk.[0m
[30;1m41 | [0m[35m                                       Error will be raised if assertion is used in schema[0m

[31m--[ [0m[34mMatch #[0m[33m108[0m[34m of [0m[33m137[0m[31m ]--[0m
   Rule Id: [34mBD000610[0m
       Tag: [34mSecurity.Backdoor.LOLBAS.Linux[0m
  Severity: [36mModerate[0m, Confidence: [36mLow[0m
  Filename: [33m/pykwalify-1.8.0/pykwalify/cli.py[0m
   Pattern: [32m\s(apt|apt\-get|aria2c|arp|ash|awk|base64|bash|bpftrace|busybox|cat|chmod|chown|cp|cpan|cpulimit|crontab|csh|curl|cut|dash|dd|diff|dmesg|dmsetup|dnf|docker|dpkg|easy_install|ed|emacs|env|expand|expect|facter|find|finger|flock|fmt|ftp|gawk|gdb|gimp|git|grep|head|iftop|ionice|ip|irb|jjs|journalctl|jrunscript|ksh|ld\.so|ldconfig|logsave|ltrace|lua|mail|mawk|mount|mtr|mv|mysql|nano|nawk|nc|nice|nl|nmap|node|od|openssl|perl|pg|php|pic|pico|pip|puppet|readelf|red|rlogin|rlwrap|rpm|rpmquery|rsync|ruby|run\-mailcap|run\-parts|rvim|scp|screen|script|sed|service|setarch|sftp|shuf|smbclient|socat|sort|sqlite3|ssh|start\-stop\-daemon|stdbuf|strace|systemctl|tail|tar|taskset|tclsh|tcpdump|tee|telnet|tftp|time|timeout|tmux|top|ul|unexpand|uniq|unshare|vi|vim|watch|wget|whois|wish|xargs|xxd|yum|zsh|zypper)\s[0m
[30;1m33 | [0m[35m  -d FILE, --data-file FILE            the file to be tested[0m
[30;1m34 | [0m[35m  -e FILE, --extension FILE            file containing python extension[0m
[30;1m35 | [0m[35m  -s FILE, --schema-file FILE          schema definition file[0m
[30;1m36 | [0m[35m  --fix-ruby-style-regex               This flag fixes some of the quirks of ruby style regex[0m
[30;1m37 | [0m[35m                                       that is not compatible with python style regex[0m
[30;1m38 | [0m[35m  --strict-rule-validation             enables strict validation of all keywords for all[0m
[30;1m39 | [0m[35m                                       Rule objects to find unsupported keyword usage[0m

[31m--[ [0m[34mMatch #[0m[33m109[0m[34m of [0m[33m137[0m[31m ]--[0m
   Rule Id: [34mBD000600[0m
       Tag: [34mSecurity.Backdoor.LOLBAS.Windows[0m
  Severity: [36mModerate[0m, Confidence: [36mLow[0m
  Filename: [33m/pykwalify-1.8.0/pykwalify.egg-info/PKG-INFO[0m
   Pattern: [32m\s(advpack\.dll|appvlp|at|atbroker|bash|bginfo|bitsadmin|cdb|certutil|cl_invocation\.ps1|cl_mutexverifiers\.ps1|cmd|cmdkey|cmstp|comsvcs\.dll|control|csc|cscript|csi|devtoolslauncher|dfsvc|diskshadow|dnscmd|dnx|dotnet|dxcap|esentutl|eventvwr|excel|expand|extexport|extrac32|findstr|forfiles|ftp|gfxdownloadwrapper|gpscript|hh|ie4uinit|ieadvpack\.dll|ieaframe\.dll|ic|infdefaultinstall|installutil|jsc|makecab|manage-bde\.wsf|mavinject|mftrace|microsoft\.workflow\.compiler|mmc|msbuild|msconfig|msdeploy|msdt|mshta|mshtml\.dll|msc|msxsl|netsh|odbcconf|pcalua|pcwrun|pcwutl\.dll|pester\.bat|powerpnt|presentationhost|pubprn\.vbs|rcsi|reg|regasm|regedit|register-cimprovider|regsvcs|regsvr32|rpcping|rundll32|runonce|runscripthelper|sc|schtasks|scriptrunner|setupapi\.dll|shdocvw\.dll|shell32\.dll|slmgr\.vbs|sqldumper|sqlps|sqltoolsps|squirrel|syncappvpublishingserver|syncappvpublishingserver\.vbs|syssetup\.dll|te|tracker|tttracer|update|url\.dll|verclsid|vsjitdebugger|wab|winrm\.vbs|winword|wmic|wscript|wsl|wsreset|xwizard|zipfldr\.dll)\s[0m
[30;1m16 | [0m[35m        [0m
[30;1m17 | [0m[35m        The original source code can be found at http://sourceforge.net/projects/kwalify/files/kwali[0m
[30;1m18 | [0m[35m        [0m
[30;1m19 | [0m[35m        The source code of the latest release that has been used can be found at https://github.com/[0m
[30;1m20 | [0m[35m        [0m
[30;1m21 | [0m[35m        The schema this library is based on and extended from: http://www.kuwata-lab.com/kwalify/rub[0m
[30;1m22 | [0m[35m        [0m

[31m--[ [0m[34mMatch #[0m[33m110[0m[34m of [0m[33m137[0m[31m ]--[0m
   Rule Id: [34mBD000600[0m
       Tag: [34mSecurity.Backdoor.LOLBAS.Windows[0m
  Severity: [36mModerate[0m, Confidence: [36mLow[0m
  Filename: [33m/pykwalify-1.8.0/pykwalify.egg-info/PKG-INFO[0m
   Pattern: [32m\s(advpack\.dll|appvlp|at|atbroker|bash|bginfo|bitsadmin|cdb|certutil|cl_invocation\.ps1|cl_mutexverifiers\.ps1|cmd|cmdkey|cmstp|comsvcs\.dll|control|csc|cscript|csi|devtoolslauncher|dfsvc|diskshadow|dnscmd|dnx|dotnet|dxcap|esentutl|eventvwr|excel|expand|extexport|extrac32|findstr|forfiles|ftp|gfxdownloadwrapper|gpscript|hh|ie4uinit|ieadvpack\.dll|ieaframe\.dll|ic|infdefaultinstall|installutil|jsc|makecab|manage-bde\.wsf|mavinject|mftrace|microsoft\.workflow\.compiler|mmc|msbuild|msconfig|msdeploy|msdt|mshta|mshtml\.dll|msc|msxsl|netsh|odbcconf|pcalua|pcwrun|pcwutl\.dll|pester\.bat|powerpnt|presentationhost|pubprn\.vbs|rcsi|reg|regasm|regedit|register-cimprovider|regsvcs|regsvr32|rpcping|rundll32|runonce|runscripthelper|sc|schtasks|scriptrunner|setupapi\.dll|shdocvw\.dll|shell32\.dll|slmgr\.vbs|sqldumper|sqlps|sqltoolsps|squirrel|syncappvpublishingserver|syncappvpublishingserver\.vbs|syssetup\.dll|te|tracker|tttracer|update|url\.dll|verclsid|vsjitdebugger|wab|winrm\.vbs|winword|wmic|wscript|wsl|wsreset|xwizard|zipfldr\.dll)\s[0m
[30;1m14 | [0m[35m        [0m
[30;1m15 | [0m[35m        This framework is a port with a lot of added functionality of the Java version of the framew[0m
[30;1m16 | [0m[35m        [0m
[30;1m17 | [0m[35m        The original source code can be found at http://sourceforge.net/projects/kwalify/files/kwali[0m
[30;1m18 | [0m[35m        [0m
[30;1m19 | [0m[35m        The source code of the latest release that has been used can be found at https://github.com/[0m
[30;1m20 | [0m[35m        [0m

[31m--[ [0m[34mMatch #[0m[33m111[0m[34m of [0m[33m137[0m[31m ]--[0m
   Rule Id: [34mBD000600[0m
       Tag: [34mSecurity.Backdoor.LOLBAS.Windows[0m
  Severity: [36mModerate[0m, Confidence: [36mLow[0m
  Filename: [33m/pykwalify-1.8.0/pykwalify.egg-info/PKG-INFO[0m
   Pattern: [32m\s(advpack\.dll|appvlp|at|atbroker|bash|bginfo|bitsadmin|cdb|certutil|cl_invocation\.ps1|cl_mutexverifiers\.ps1|cmd|cmdkey|cmstp|comsvcs\.dll|control|csc|cscript|csi|devtoolslauncher|dfsvc|diskshadow|dnscmd|dnx|dotnet|dxcap|esentutl|eventvwr|excel|expand|extexport|extrac32|findstr|forfiles|ftp|gfxdownloadwrapper|gpscript|hh|ie4uinit|ieadvpack\.dll|ieaframe\.dll|ic|infdefaultinstall|installutil|jsc|makecab|manage-bde\.wsf|mavinject|mftrace|microsoft\.workflow\.compiler|mmc|msbuild|msconfig|msdeploy|msdt|mshta|mshtml\.dll|msc|msxsl|netsh|odbcconf|pcalua|pcwrun|pcwutl\.dll|pester\.bat|powerpnt|presentationhost|pubprn\.vbs|rcsi|reg|regasm|regedit|register-cimprovider|regsvcs|regsvr32|rpcping|rundll32|runonce|runscripthelper|sc|schtasks|scriptrunner|setupapi\.dll|shdocvw\.dll|shell32\.dll|slmgr\.vbs|sqldumper|sqlps|sqltoolsps|squirrel|syncappvpublishingserver|syncappvpublishingserver\.vbs|syssetup\.dll|te|tracker|tttracer|update|url\.dll|verclsid|vsjitdebugger|wab|winrm\.vbs|winword|wmic|wscript|wsl|wsreset|xwizard|zipfldr\.dll)\s[0m
[30;1m12 | [0m[35m        [0m
[30;1m13 | [0m[35m        YAML/JSON validation library[0m
[30;1m14 | [0m[35m        [0m
[30;1m15 | [0m[35m        This framework is a port with a lot of added functionality of the Java version of the framew[0m
[30;1m16 | [0m[35m        [0m
[30;1m17 | [0m[35m        The original source code can be found at http://sourceforge.net/projects/kwalify/files/kwali[0m
[30;1m18 | [0m[35m        [0m

[31m--[ [0m[34mMatch #[0m[33m112[0m[34m of [0m[33m137[0m[31m ]--[0m
   Rule Id: [34mBD000610[0m
       Tag: [34mSecurity.Backdoor.LOLBAS.Linux[0m
  Severity: [36mModerate[0m, Confidence: [36mLow[0m
  Filename: [33m/pykwalify-1.8.0/pykwalify.egg-info/PKG-INFO[0m
   Pattern: [32m\s(apt|apt\-get|aria2c|arp|ash|awk|base64|bash|bpftrace|busybox|cat|chmod|chown|cp|cpan|cpulimit|crontab|csh|curl|cut|dash|dd|diff|dmesg|dmsetup|dnf|docker|dpkg|easy_install|ed|emacs|env|expand|expect|facter|find|finger|flock|fmt|ftp|gawk|gdb|gimp|git|grep|head|iftop|ionice|ip|irb|jjs|journalctl|jrunscript|ksh|ld\.so|ldconfig|logsave|ltrace|lua|mail|mawk|mount|mtr|mv|mysql|nano|nawk|nc|nice|nl|nmap|node|od|openssl|perl|pg|php|pic|pico|pip|puppet|readelf|red|rlogin|rlwrap|rpm|rpmquery|rsync|ruby|run\-mailcap|run\-parts|rvim|scp|screen|script|sed|service|setarch|sftp|shuf|smbclient|socat|sort|sqlite3|ssh|start\-stop\-daemon|stdbuf|strace|systemctl|tail|tar|taskset|tclsh|tcpdump|tee|telnet|tftp|time|timeout|tmux|top|ul|unexpand|uniq|unshare|vi|vim|watch|wget|whois|wish|xargs|xxd|yum|zsh|zypper)\s[0m
[30;1m101 | [0m[35mykwalify.git` |[0m
[30;1m102 | [0m[35m        | install stable         | `pip install pykwalify` |[0m
[30;1m103 | [0m[35m        | install dev            | `$ git clone git@github.com:Grokzen/pykwalify.git pykwalify`<br>`[0m
[30;1m104 | [0m[35m        | required dependencies  | `docopt >= 0.6.2`<br> `python-dateutil >= 2.4.2` |[0m
[30;1m105 | [0m[35m        | supported yml parsers  | `ruamel.yaml >= 0.11.0` |[0m
[30;1m106 | [0m[35m        [0m
[30;1m107 | [0m[35mPlatform: UNKNOWN[0m
[30;1m108 | [0m[35mClassifier: Development Status :: 5 - Production/Stable[0m
[30;1m109 | [0m[35mClassifier: Intended Audience :: Developers[0m

[31m--[ [0m[34mMatch #[0m[33m113[0m[34m of [0m[33m137[0m[31m ]--[0m
   Rule Id: [34mBD000610[0m
       Tag: [34mSecurity.Backdoor.LOLBAS.Linux[0m
  Severity: [36mModerate[0m, Confidence: [36mLow[0m
  Filename: [33m/pykwalify-1.8.0/pykwalify.egg-info/PKG-INFO[0m
   Pattern: [32m\s(apt|apt\-get|aria2c|arp|ash|awk|base64|bash|bpftrace|busybox|cat|chmod|chown|cp|cpan|cpulimit|crontab|csh|curl|cut|dash|dd|diff|dmesg|dmsetup|dnf|docker|dpkg|easy_install|ed|emacs|env|expand|expect|facter|find|finger|flock|fmt|ftp|gawk|gdb|gimp|git|grep|head|iftop|ionice|ip|irb|jjs|journalctl|jrunscript|ksh|ld\.so|ldconfig|logsave|ltrace|lua|mail|mawk|mount|mtr|mv|mysql|nano|nawk|nc|nice|nl|nmap|node|od|openssl|perl|pg|php|pic|pico|pip|puppet|readelf|red|rlogin|rlwrap|rpm|rpmquery|rsync|ruby|run\-mailcap|run\-parts|rvim|scp|screen|script|sed|service|setarch|sftp|shuf|smbclient|socat|sort|sqlite3|ssh|start\-stop\-daemon|stdbuf|strace|systemctl|tail|tar|taskset|tclsh|tcpdump|tee|telnet|tftp|time|timeout|tmux|top|ul|unexpand|uniq|unshare|vi|vim|watch|wget|whois|wish|xargs|xxd|yum|zsh|zypper)\s[0m
[30;1m101 | [0m[35m      | `git clone git@github.com:Grokzen/pykwalify.git` |[0m
[30;1m102 | [0m[35m        | install stable         | `pip install pykwalify` |[0m
[30;1m103 | [0m[35m        | install dev            | `$ git clone git@github.com:Grokzen/pykwalify.git pykwalify`<br>`[0m
[30;1m104 | [0m[35m        | required dependencies  | `docopt >= 0.6.2`<br> `python-dateutil >= 2.4.2` |[0m
[30;1m105 | [0m[35m        | supported yml parsers  | `ruamel.yaml >= 0.11.0` |[0m
[30;1m106 | [0m[35m        [0m
[30;1m107 | [0m[35mPlatform: UNKNOWN[0m
[30;1m108 | [0m[35mClassifier: Development Status :: 5 - Production/Stable[0m

[31m--[ [0m[34mMatch #[0m[33m114[0m[34m of [0m[33m137[0m[31m ]--[0m
   Rule Id: [34mBD000610[0m
       Tag: [34mSecurity.Backdoor.LOLBAS.Linux[0m
  Severity: [36mModerate[0m, Confidence: [36mLow[0m
  Filename: [33m/pykwalify-1.8.0/pykwalify.egg-info/PKG-INFO[0m
   Pattern: [32m\s(apt|apt\-get|aria2c|arp|ash|awk|base64|bash|bpftrace|busybox|cat|chmod|chown|cp|cpan|cpulimit|crontab|csh|curl|cut|dash|dd|diff|dmesg|dmsetup|dnf|docker|dpkg|easy_install|ed|emacs|env|expand|expect|facter|find|finger|flock|fmt|ftp|gawk|gdb|gimp|git|grep|head|iftop|ionice|ip|irb|jjs|journalctl|jrunscript|ksh|ld\.so|ldconfig|logsave|ltrace|lua|mail|mawk|mount|mtr|mv|mysql|nano|nawk|nc|nice|nl|nmap|node|od|openssl|perl|pg|php|pic|pico|pip|puppet|readelf|red|rlogin|rlwrap|rpm|rpmquery|rsync|ruby|run\-mailcap|run\-parts|rvim|scp|screen|script|sed|service|setarch|sftp|shuf|smbclient|socat|sort|sqlite3|ssh|start\-stop\-daemon|stdbuf|strace|systemctl|tail|tar|taskset|tclsh|tcpdump|tee|telnet|tftp|time|timeout|tmux|top|ul|unexpand|uniq|unshare|vi|vim|watch|wget|whois|wish|xargs|xxd|yum|zsh|zypper)\s[0m
[30;1m99 | [0m[35mify/blob/unstable/docs/license.rst |[0m
[30;1m100 | [0m[35m        | Copyright              | `Copyright (c) 2013-2017 Johan Andersson` |[0m
[30;1m101 | [0m[35m        | git repo               | `git clone git@github.com:Grokzen/pykwalify.git` |[0m
[30;1m102 | [0m[35m        | install stable         | `pip install pykwalify` |[0m
[30;1m103 | [0m[35m        | install dev            | `$ git clone git@github.com:Grokzen/pykwalify.git pykwalify`<br>`[0m
[30;1m104 | [0m[35m        | required dependencies  | `docopt >= 0.6.2`<br> `python-dateutil >= 2.4.2` |[0m

[31m--[ [0m[34mMatch #[0m[33m115[0m[34m of [0m[33m137[0m[31m ]--[0m
   Rule Id: [34mBD000610[0m
       Tag: [34mSecurity.Backdoor.LOLBAS.Linux[0m
  Severity: [36mModerate[0m, Confidence: [36mLow[0m
  Filename: [33m/pykwalify-1.8.0/pykwalify.egg-info/PKG-INFO[0m
   Pattern: [32m\s(apt|apt\-get|aria2c|arp|ash|awk|base64|bash|bpftrace|busybox|cat|chmod|chown|cp|cpan|cpulimit|crontab|csh|curl|cut|dash|dd|diff|dmesg|dmsetup|dnf|docker|dpkg|easy_install|ed|emacs|env|expand|expect|facter|find|finger|flock|fmt|ftp|gawk|gdb|gimp|git|grep|head|iftop|ionice|ip|irb|jjs|journalctl|jrunscript|ksh|ld\.so|ldconfig|logsave|ltrace|lua|mail|mawk|mount|mtr|mv|mysql|nano|nawk|nc|nice|nl|nmap|node|od|openssl|perl|pg|php|pic|pico|pip|puppet|readelf|red|rlogin|rlwrap|rpm|rpmquery|rsync|ruby|run\-mailcap|run\-parts|rvim|scp|screen|script|sed|service|setarch|sftp|shuf|smbclient|socat|sort|sqlite3|ssh|start\-stop\-daemon|stdbuf|strace|systemctl|tail|tar|taskset|tclsh|tcpdump|tee|telnet|tftp|time|timeout|tmux|top|ul|unexpand|uniq|unshare|vi|vim|watch|wget|whois|wish|xargs|xxd|yum|zsh|zypper)\s[0m
[30;1m97 | [0m[35mython.org/pypi/pykwalify/ |[0m
[30;1m98 | [0m[35m        | Open Hub               | https://www.openhub.net/p/pykwalify |[0m
[30;1m99 | [0m[35m        | License                | `MIT` https://github.com/Grokzen/pykwalify/blob/unstable/docs/lic[0m
[30;1m100 | [0m[35m        | Copyright              | `Copyright (c) 2013-2017 Johan Andersson` |[0m
[30;1m101 | [0m[35m        | git repo               | `git clone git@github.com:Grokzen/pykwalify.git` |[0m
[30;1m102 | [0m[35m        | install stable         | `pip install pykwalify` |[0m

[31m--[ [0m[34mMatch #[0m[33m116[0m[34m of [0m[33m137[0m[31m ]--[0m
   Rule Id: [34mBD000610[0m
       Tag: [34mSecurity.Backdoor.LOLBAS.Linux[0m
  Severity: [36mModerate[0m, Confidence: [36mLow[0m
  Filename: [33m/pykwalify-1.8.0/tests/files/README.md[0m
   Pattern: [32m\s(apt|apt\-get|aria2c|arp|ash|awk|base64|bash|bpftrace|busybox|cat|chmod|chown|cp|cpan|cpulimit|crontab|csh|curl|cut|dash|dd|diff|dmesg|dmsetup|dnf|docker|dpkg|easy_install|ed|emacs|env|expand|expect|facter|find|finger|flock|fmt|ftp|gawk|gdb|gimp|git|grep|head|iftop|ionice|ip|irb|jjs|journalctl|jrunscript|ksh|ld\.so|ldconfig|logsave|ltrace|lua|mail|mawk|mount|mtr|mv|mysql|nano|nawk|nc|nice|nl|nmap|node|od|openssl|perl|pg|php|pic|pico|pip|puppet|readelf|red|rlogin|rlwrap|rpm|rpmquery|rsync|ruby|run\-mailcap|run\-parts|rvim|scp|screen|script|sed|service|setarch|sftp|shuf|smbclient|socat|sort|sqlite3|ssh|start\-stop\-daemon|stdbuf|strace|systemctl|tail|tar|taskset|tclsh|tcpdump|tee|telnet|tftp|time|timeout|tmux|top|ul|unexpand|uniq|unshare|vi|vim|watch|wget|whois|wish|xargs|xxd|yum|zsh|zypper)\s[0m
[30;1m19 | [0m[35m[0m
[30;1m20 | [0m[35mFiles in `fail` folder.[0m
[30;1m21 | [0m[35m[0m
[30;1m22 | [0m[35mEach file should contain a top level dict with the keys `data`, `schema` and `errors` where the test[0m
[30;1m23 | [0m[35m[0m
[30;1m24 | [0m[35m[0m
[30;1m25 | [0m[35m[0m

[31m--[ [0m[34mMatch #[0m[33m117[0m[34m of [0m[33m137[0m[31m ]--[0m
   Rule Id: [34mBD000610[0m
       Tag: [34mSecurity.Backdoor.LOLBAS.Linux[0m
  Severity: [36mModerate[0m, Confidence: [36mLow[0m
  Filename: [33m/pykwalify-1.8.0/tests/files/README.md[0m
   Pattern: [32m\s(apt|apt\-get|aria2c|arp|ash|awk|base64|bash|bpftrace|busybox|cat|chmod|chown|cp|cpan|cpulimit|crontab|csh|curl|cut|dash|dd|diff|dmesg|dmsetup|dnf|docker|dpkg|easy_install|ed|emacs|env|expand|expect|facter|find|finger|flock|fmt|ftp|gawk|gdb|gimp|git|grep|head|iftop|ionice|ip|irb|jjs|journalctl|jrunscript|ksh|ld\.so|ldconfig|logsave|ltrace|lua|mail|mawk|mount|mtr|mv|mysql|nano|nawk|nc|nice|nl|nmap|node|od|openssl|perl|pg|php|pic|pico|pip|puppet|readelf|red|rlogin|rlwrap|rpm|rpmquery|rsync|ruby|run\-mailcap|run\-parts|rvim|scp|screen|script|sed|service|setarch|sftp|shuf|smbclient|socat|sort|sqlite3|ssh|start\-stop\-daemon|stdbuf|strace|systemctl|tail|tar|taskset|tclsh|tcpdump|tee|telnet|tftp|time|timeout|tmux|top|ul|unexpand|uniq|unshare|vi|vim|watch|wget|whois|wish|xargs|xxd|yum|zsh|zypper)\s[0m
[30;1m11 | [0m[35m[0m
[30;1m12 | [0m[35mFiles in `success` folder.[0m
[30;1m13 | [0m[35m[0m
[30;1m14 | [0m[35mEach file should contain a top level dict with the keys `data` and `schema` where the test data shou[0m
[30;1m15 | [0m[35m[0m
[30;1m16 | [0m[35m[0m
[30;1m17 | [0m[35m[0m

[31m--[ [0m[34mMatch #[0m[33m118[0m[34m of [0m[33m137[0m[31m ]--[0m
   Rule Id: [34mBD000600[0m
       Tag: [34mSecurity.Backdoor.LOLBAS.Windows[0m
  Severity: [36mModerate[0m, Confidence: [36mLow[0m
  Filename: [33m/pykwalify-1.8.0/tests/test_rule.py[0m
   Pattern: [32m\s(advpack\.dll|appvlp|at|atbroker|bash|bginfo|bitsadmin|cdb|certutil|cl_invocation\.ps1|cl_mutexverifiers\.ps1|cmd|cmdkey|cmstp|comsvcs\.dll|control|csc|cscript|csi|devtoolslauncher|dfsvc|diskshadow|dnscmd|dnx|dotnet|dxcap|esentutl|eventvwr|excel|expand|extexport|extrac32|findstr|forfiles|ftp|gfxdownloadwrapper|gpscript|hh|ie4uinit|ieadvpack\.dll|ieaframe\.dll|ic|infdefaultinstall|installutil|jsc|makecab|manage-bde\.wsf|mavinject|mftrace|microsoft\.workflow\.compiler|mmc|msbuild|msconfig|msdeploy|msdt|mshta|mshtml\.dll|msc|msxsl|netsh|odbcconf|pcalua|pcwrun|pcwutl\.dll|pester\.bat|powerpnt|presentationhost|pubprn\.vbs|rcsi|reg|regasm|regedit|register-cimprovider|regsvcs|regsvr32|rpcping|rundll32|runonce|runscripthelper|sc|schtasks|scriptrunner|setupapi\.dll|shdocvw\.dll|shell32\.dll|slmgr\.vbs|sqldumper|sqlps|sqltoolsps|squirrel|syncappvpublishingserver|syncappvpublishingserver\.vbs|syssetup\.dll|te|tracker|tttracer|update|url\.dll|verclsid|vsjitdebugger|wab|winrm\.vbs|winword|wmic|wscript|wsl|wsreset|xwizard|zipfldr\.dll)\s[0m
[30;1m398 | [0m[35m        assert str(ex.value) == "<SchemaConflict: error code 5: Scalar and mapping can't be on the s[0m
[30;1m399 | [0m[35m        assert ex.value.error_key == 'scalar.conflict.mapping'[0m
[30;1m400 | [0m[35m[0m
[30;1m401 | [0m[35m        # scalar type and enum can't be used at same time[0m
[30;1m402 | [0m[35m        with pytest.raises(SchemaConflict) as ex:[0m
[30;1m403 | [0m[35m            Rule(schema={"type": "int", "enum": [1, 2, 3], "range": {"max": 10, "min": 1}})[0m
[30;1m404 | [0m[35m        assert str(ex.value) == "<SchemaConflict: error code 5: Enum and range can't be on the same [0m

[31m--[ [0m[34mMatch #[0m[33m119[0m[34m of [0m[33m137[0m[31m ]--[0m
   Rule Id: [34mBD000600[0m
       Tag: [34mSecurity.Backdoor.LOLBAS.Windows[0m
  Severity: [36mModerate[0m, Confidence: [36mLow[0m
  Filename: [33m/pykwalify-1.8.0/tests/test_rule.py[0m
   Pattern: [32m\s(advpack\.dll|appvlp|at|atbroker|bash|bginfo|bitsadmin|cdb|certutil|cl_invocation\.ps1|cl_mutexverifiers\.ps1|cmd|cmdkey|cmstp|comsvcs\.dll|control|csc|cscript|csi|devtoolslauncher|dfsvc|diskshadow|dnscmd|dnx|dotnet|dxcap|esentutl|eventvwr|excel|expand|extexport|extrac32|findstr|forfiles|ftp|gfxdownloadwrapper|gpscript|hh|ie4uinit|ieadvpack\.dll|ieaframe\.dll|ic|infdefaultinstall|installutil|jsc|makecab|manage-bde\.wsf|mavinject|mftrace|microsoft\.workflow\.compiler|mmc|msbuild|msconfig|msdeploy|msdt|mshta|mshtml\.dll|msc|msxsl|netsh|odbcconf|pcalua|pcwrun|pcwutl\.dll|pester\.bat|powerpnt|presentationhost|pubprn\.vbs|rcsi|reg|regasm|regedit|register-cimprovider|regsvcs|regsvr32|rpcping|rundll32|runonce|runscripthelper|sc|schtasks|scriptrunner|setupapi\.dll|shdocvw\.dll|shell32\.dll|slmgr\.vbs|sqldumper|sqlps|sqltoolsps|squirrel|syncappvpublishingserver|syncappvpublishingserver\.vbs|syssetup\.dll|te|tracker|tttracer|update|url\.dll|verclsid|vsjitdebugger|wab|winrm\.vbs|winword|wmic|wscript|wsl|wsreset|xwizard|zipfldr\.dll)\s[0m
[30;1m392 | [0m[35m        assert str(ex.value) == "<SchemaConflict: error code 5: Scalar and sequence can't be on the [0m
[30;1m393 | [0m[35m        assert ex.value.error_key == 'scalar.conflict.sequence'[0m
[30;1m394 | [0m[35m[0m
[30;1m395 | [0m[35m        # scalar type and mapping can't be used at same time[0m
[30;1m396 | [0m[35m        with pytest.raises(SchemaConflict) as ex:[0m
[30;1m397 | [0m[35m            Rule(schema={"type": "int", "mapping": {"foo": {"type": "str"}}})[0m
[30;1m398 | [0m[35m        assert str(ex.value) == "<SchemaConflict: error code 5: Scalar and mapping can't be on the s[0m

[31m--[ [0m[34mMatch #[0m[33m120[0m[34m of [0m[33m137[0m[31m ]--[0m
   Rule Id: [34mBD000600[0m
       Tag: [34mSecurity.Backdoor.LOLBAS.Windows[0m
  Severity: [36mModerate[0m, Confidence: [36mLow[0m
  Filename: [33m/pykwalify-1.8.0/tests/test_rule.py[0m
   Pattern: [32m\s(advpack\.dll|appvlp|at|atbroker|bash|bginfo|bitsadmin|cdb|certutil|cl_invocation\.ps1|cl_mutexverifiers\.ps1|cmd|cmdkey|cmstp|comsvcs\.dll|control|csc|cscript|csi|devtoolslauncher|dfsvc|diskshadow|dnscmd|dnx|dotnet|dxcap|esentutl|eventvwr|excel|expand|extexport|extrac32|findstr|forfiles|ftp|gfxdownloadwrapper|gpscript|hh|ie4uinit|ieadvpack\.dll|ieaframe\.dll|ic|infdefaultinstall|installutil|jsc|makecab|manage-bde\.wsf|mavinject|mftrace|microsoft\.workflow\.compiler|mmc|msbuild|msconfig|msdeploy|msdt|mshta|mshtml\.dll|msc|msxsl|netsh|odbcconf|pcalua|pcwrun|pcwutl\.dll|pester\.bat|powerpnt|presentationhost|pubprn\.vbs|rcsi|reg|regasm|regedit|register-cimprovider|regsvcs|regsvr32|rpcping|rundll32|runonce|runscripthelper|sc|schtasks|scriptrunner|setupapi\.dll|shdocvw\.dll|shell32\.dll|slmgr\.vbs|sqldumper|sqlps|sqltoolsps|squirrel|syncappvpublishingserver|syncappvpublishingserver\.vbs|syssetup\.dll|te|tracker|tttracer|update|url\.dll|verclsid|vsjitdebugger|wab|winrm\.vbs|winword|wmic|wscript|wsl|wsreset|xwizard|zipfldr\.dll)\s[0m
[30;1m386 | [0m[35m        assert str(ex.value) == "<SchemaConflict: error code 5: Mapping and sequence can't be on the[0m
[30;1m387 | [0m[35m        assert ex.value.error_key == 'map.conflict.sequence'[0m
[30;1m388 | [0m[35m[0m
[30;1m389 | [0m[35m        # scalar type and sequence can't be used at same time[0m
[30;1m390 | [0m[35m        with pytest.raises(SchemaConflict) as ex:[0m
[30;1m391 | [0m[35m            Rule(schema={"type": "int", "sequence": [{"type": "str"}]})[0m
[30;1m392 | [0m[35m        assert str(ex.value) == "<SchemaConflict: error code 5: Scalar and sequence can't be on the [0m

[31m--[ [0m[34mMatch #[0m[33m121[0m[34m of [0m[33m137[0m[31m ]--[0m
   Rule Id: [34mBD000600[0m
       Tag: [34mSecurity.Backdoor.LOLBAS.Windows[0m
  Severity: [36mModerate[0m, Confidence: [36mLow[0m
  Filename: [33m/pykwalify-1.8.0/tests/test_rule.py[0m
   Pattern: [32m\s(advpack\.dll|appvlp|at|atbroker|bash|bginfo|bitsadmin|cdb|certutil|cl_invocation\.ps1|cl_mutexverifiers\.ps1|cmd|cmdkey|cmstp|comsvcs\.dll|control|csc|cscript|csi|devtoolslauncher|dfsvc|diskshadow|dnscmd|dnx|dotnet|dxcap|esentutl|eventvwr|excel|expand|extexport|extrac32|findstr|forfiles|ftp|gfxdownloadwrapper|gpscript|hh|ie4uinit|ieadvpack\.dll|ieaframe\.dll|ic|infdefaultinstall|installutil|jsc|makecab|manage-bde\.wsf|mavinject|mftrace|microsoft\.workflow\.compiler|mmc|msbuild|msconfig|msdeploy|msdt|mshta|mshtml\.dll|msc|msxsl|netsh|odbcconf|pcalua|pcwrun|pcwutl\.dll|pester\.bat|powerpnt|presentationhost|pubprn\.vbs|rcsi|reg|regasm|regedit|register-cimprovider|regsvcs|regsvr32|rpcping|rundll32|runonce|runscripthelper|sc|schtasks|scriptrunner|setupapi\.dll|shdocvw\.dll|shell32\.dll|slmgr\.vbs|sqldumper|sqlps|sqltoolsps|squirrel|syncappvpublishingserver|syncappvpublishingserver\.vbs|syssetup\.dll|te|tracker|tttracer|update|url\.dll|verclsid|vsjitdebugger|wab|winrm\.vbs|winword|wmic|wscript|wsl|wsreset|xwizard|zipfldr\.dll)\s[0m
[30;1m380 | [0m[35m        assert str(ex.value) == "<SchemaConflict: error code 5: Sequence and mapping can't be on the[0m
[30;1m381 | [0m[35m        assert ex.value.error_key == 'seq.conflict.mapping'[0m
[30;1m382 | [0m[35m[0m
[30;1m383 | [0m[35m        # Mapping and sequence can't used at same time[0m
[30;1m384 | [0m[35m        with pytest.raises(SchemaConflict) as ex:[0m
[30;1m385 | [0m[35m            Rule(schema={"type": "map", "mapping": {"foo": {"type": "str"}}, "sequence": [{"type": "[0m
[30;1m386 | [0m[35m        assert str(ex.value) == "<SchemaConflict: error code 5: Mapping and sequence can't be on the[0m

[31m--[ [0m[34mMatch #[0m[33m122[0m[34m of [0m[33m137[0m[31m ]--[0m
   Rule Id: [34mBD000600[0m
       Tag: [34mSecurity.Backdoor.LOLBAS.Windows[0m
  Severity: [36mModerate[0m, Confidence: [36mLow[0m
  Filename: [33m/pykwalify-1.8.0/tests/test_rule.py[0m
   Pattern: [32m\s(advpack\.dll|appvlp|at|atbroker|bash|bginfo|bitsadmin|cdb|certutil|cl_invocation\.ps1|cl_mutexverifiers\.ps1|cmd|cmdkey|cmstp|comsvcs\.dll|control|csc|cscript|csi|devtoolslauncher|dfsvc|diskshadow|dnscmd|dnx|dotnet|dxcap|esentutl|eventvwr|excel|expand|extexport|extrac32|findstr|forfiles|ftp|gfxdownloadwrapper|gpscript|hh|ie4uinit|ieadvpack\.dll|ieaframe\.dll|ic|infdefaultinstall|installutil|jsc|makecab|manage-bde\.wsf|mavinject|mftrace|microsoft\.workflow\.compiler|mmc|msbuild|msconfig|msdeploy|msdt|mshta|mshtml\.dll|msc|msxsl|netsh|odbcconf|pcalua|pcwrun|pcwutl\.dll|pester\.bat|powerpnt|presentationhost|pubprn\.vbs|rcsi|reg|regasm|regedit|register-cimprovider|regsvcs|regsvr32|rpcping|rundll32|runonce|runscripthelper|sc|schtasks|scriptrunner|setupapi\.dll|shdocvw\.dll|shell32\.dll|slmgr\.vbs|sqldumper|sqlps|sqltoolsps|squirrel|syncappvpublishingserver|syncappvpublishingserver\.vbs|syssetup\.dll|te|tracker|tttracer|update|url\.dll|verclsid|vsjitdebugger|wab|winrm\.vbs|winword|wmic|wscript|wsl|wsreset|xwizard|zipfldr\.dll)\s[0m
[30;1m374 | [0m[35m        #     r = Rule(schema={"type": "seq", "sequence": [{"type": "str"}], "enum": [1, 2, 3]})[0m
[30;1m375 | [0m[35m        # assert ex.value.msg.startswith("seq.conflict :: enum"), "Wrong exception was raised"[0m
[30;1m376 | [0m[35m[0m
[30;1m377 | [0m[35m        # Test sequence and mapping can't be used at same level[0m
[30;1m378 | [0m[35m        with pytest.raises(SchemaConflict) as ex:[0m
[30;1m379 | [0m[35m            Rule(schema={"type": "seq", "sequence": [{"type": "str"}], "mapping": {"name": {"type": [0m
[30;1m380 | [0m[35m        assert str(ex.value) == "<SchemaConflict: error code 5: Sequence and mapping can't be on the[0m

[31m--[ [0m[34mMatch #[0m[33m123[0m[34m of [0m[33m137[0m[31m ]--[0m
   Rule Id: [34mBD000600[0m
       Tag: [34mSecurity.Backdoor.LOLBAS.Windows[0m
  Severity: [36mModerate[0m, Confidence: [36mLow[0m
  Filename: [33m/pykwalify-1.8.0/tests/test_rule.py[0m
   Pattern: [32m\s(advpack\.dll|appvlp|at|atbroker|bash|bginfo|bitsadmin|cdb|certutil|cl_invocation\.ps1|cl_mutexverifiers\.ps1|cmd|cmdkey|cmstp|comsvcs\.dll|control|csc|cscript|csi|devtoolslauncher|dfsvc|diskshadow|dnscmd|dnx|dotnet|dxcap|esentutl|eventvwr|excel|expand|extexport|extrac32|findstr|forfiles|ftp|gfxdownloadwrapper|gpscript|hh|ie4uinit|ieadvpack\.dll|ieaframe\.dll|ic|infdefaultinstall|installutil|jsc|makecab|manage-bde\.wsf|mavinject|mftrace|microsoft\.workflow\.compiler|mmc|msbuild|msconfig|msdeploy|msdt|mshta|mshtml\.dll|msc|msxsl|netsh|odbcconf|pcalua|pcwrun|pcwutl\.dll|pester\.bat|powerpnt|presentationhost|pubprn\.vbs|rcsi|reg|regasm|regedit|register-cimprovider|regsvcs|regsvr32|rpcping|rundll32|runonce|runscripthelper|sc|schtasks|scriptrunner|setupapi\.dll|shdocvw\.dll|shell32\.dll|slmgr\.vbs|sqldumper|sqlps|sqltoolsps|squirrel|syncappvpublishingserver|syncappvpublishingserver\.vbs|syssetup\.dll|te|tracker|tttracer|update|url\.dll|verclsid|vsjitdebugger|wab|winrm\.vbs|winword|wmic|wscript|wsl|wsreset|xwizard|zipfldr\.dll)\s[0m
[30;1m341 | [0m[35m        # with pytest.raises(SchemaConflict):[0m
[30;1m342 | [0m[35m        #     r = Rule(schema={"type": "map", "enum": [1, 2, 3]})[0m
[30;1m343 | [0m[35m[0m
[30;1m344 | [0m[35m        # Test that 'map' and 'mapping' can't be at the same level[0m
[30;1m345 | [0m[35m        with pytest.raises(RuleError) as r:[0m
[30;1m346 | [0m[35m            Rule(schema={"map": {"stream": {"type": "any"}}, "mapping": {"seams": {"type": "any"}}})[0m
[30;1m347 | [0m[35m        assert str(r.value) == "<RuleError: error code 4: Keywords 'map' and 'mapping' can't be used[0m

[31m--[ [0m[34mMatch #[0m[33m124[0m[34m of [0m[33m137[0m[31m ]--[0m
   Rule Id: [34mBD000600[0m
       Tag: [34mSecurity.Backdoor.LOLBAS.Windows[0m
  Severity: [36mModerate[0m, Confidence: [36mLow[0m
  Filename: [33m/pykwalify-1.8.0/tests/test_rule.py[0m
   Pattern: [32m\s(advpack\.dll|appvlp|at|atbroker|bash|bginfo|bitsadmin|cdb|certutil|cl_invocation\.ps1|cl_mutexverifiers\.ps1|cmd|cmdkey|cmstp|comsvcs\.dll|control|csc|cscript|csi|devtoolslauncher|dfsvc|diskshadow|dnscmd|dnx|dotnet|dxcap|esentutl|eventvwr|excel|expand|extexport|extrac32|findstr|forfiles|ftp|gfxdownloadwrapper|gpscript|hh|ie4uinit|ieadvpack\.dll|ieaframe\.dll|ic|infdefaultinstall|installutil|jsc|makecab|manage-bde\.wsf|mavinject|mftrace|microsoft\.workflow\.compiler|mmc|msbuild|msconfig|msdeploy|msdt|mshta|mshtml\.dll|msc|msxsl|netsh|odbcconf|pcalua|pcwrun|pcwutl\.dll|pester\.bat|powerpnt|presentationhost|pubprn\.vbs|rcsi|reg|regasm|regedit|register-cimprovider|regsvcs|regsvr32|rpcping|rundll32|runonce|runscripthelper|sc|schtasks|scriptrunner|setupapi\.dll|shdocvw\.dll|shell32\.dll|slmgr\.vbs|sqldumper|sqlps|sqltoolsps|squirrel|syncappvpublishingserver|syncappvpublishingserver\.vbs|syssetup\.dll|te|tracker|tttracer|update|url\.dll|verclsid|vsjitdebugger|wab|winrm\.vbs|winword|wmic|wscript|wsl|wsreset|xwizard|zipfldr\.dll)\s[0m
[30;1m336 | [0m[35m            Rule(schema={"type": "map"})[0m
[30;1m337 | [0m[35m        assert str(ex.value) == "<SchemaConflict: error code 5: Type is mapping but no mapping alias[0m
[30;1m338 | [0m[35m[0m
[30;1m339 | [0m[35m        # 'map' and 'enum' can't be used at same time[0m
[30;1m340 | [0m[35m        # TODO: This do not work because it currently raises RuleError: <RuleError: error code 4: en[0m
[30;1m341 | [0m[35m        # with pytest.raises(SchemaConflict):[0m
[30;1m342 | [0m[35m        #     r = Rule(schema={"type": "map", "enum": [1, 2, 3]})[0m

[31m--[ [0m[34mMatch #[0m[33m125[0m[34m of [0m[33m137[0m[31m ]--[0m
   Rule Id: [34mBD000600[0m
       Tag: [34mSecurity.Backdoor.LOLBAS.Windows[0m
  Severity: [36mModerate[0m, Confidence: [36mLow[0m
  Filename: [33m/pykwalify-1.8.0/tests/test_rule.py[0m
   Pattern: [32m\s(advpack\.dll|appvlp|at|atbroker|bash|bginfo|bitsadmin|cdb|certutil|cl_invocation\.ps1|cl_mutexverifiers\.ps1|cmd|cmdkey|cmstp|comsvcs\.dll|control|csc|cscript|csi|devtoolslauncher|dfsvc|diskshadow|dnscmd|dnx|dotnet|dxcap|esentutl|eventvwr|excel|expand|extexport|extrac32|findstr|forfiles|ftp|gfxdownloadwrapper|gpscript|hh|ie4uinit|ieadvpack\.dll|ieaframe\.dll|ic|infdefaultinstall|installutil|jsc|makecab|manage-bde\.wsf|mavinject|mftrace|microsoft\.workflow\.compiler|mmc|msbuild|msconfig|msdeploy|msdt|mshta|mshtml\.dll|msc|msxsl|netsh|odbcconf|pcalua|pcwrun|pcwutl\.dll|pester\.bat|powerpnt|presentationhost|pubprn\.vbs|rcsi|reg|regasm|regedit|register-cimprovider|regsvcs|regsvr32|rpcping|rundll32|runonce|runscripthelper|sc|schtasks|scriptrunner|setupapi\.dll|shdocvw\.dll|shell32\.dll|slmgr\.vbs|sqldumper|sqlps|sqltoolsps|squirrel|syncappvpublishingserver|syncappvpublishingserver\.vbs|syssetup\.dll|te|tracker|tttracer|update|url\.dll|verclsid|vsjitdebugger|wab|winrm\.vbs|winword|wmic|wscript|wsl|wsreset|xwizard|zipfldr\.dll)\s[0m
[30;1m291 | [0m[35m            Rule(schema={"type": "seq"})[0m
[30;1m292 | [0m[35m        assert str(ex.value) == "<SchemaConflict: error code 5: Type is sequence but no sequence ali[0m
[30;1m293 | [0m[35m[0m
[30;1m294 | [0m[35m        # sequence and pattern can't be used at same time[0m
[30;1m295 | [0m[35m        with pytest.raises(SchemaConflict) as ex:[0m
[30;1m296 | [0m[35m            Rule(schema={"type": "seq", "sequence": [{"type": "str"}], "pattern": "..."})[0m
[30;1m297 | [0m[35m        assert str(ex.value) == "<SchemaConflict: error code 5: Sequence and pattern can't be on the[0m

[31m--[ [0m[34mMatch #[0m[33m126[0m[34m of [0m[33m137[0m[31m ]--[0m
   Rule Id: [34mBD000600[0m
       Tag: [34mSecurity.Backdoor.LOLBAS.Windows[0m
  Severity: [36mModerate[0m, Confidence: [36mLow[0m
  Filename: [33m/pykwalify-1.8.0/tests/test_rule.py[0m
   Pattern: [32m\s(advpack\.dll|appvlp|at|atbroker|bash|bginfo|bitsadmin|cdb|certutil|cl_invocation\.ps1|cl_mutexverifiers\.ps1|cmd|cmdkey|cmstp|comsvcs\.dll|control|csc|cscript|csi|devtoolslauncher|dfsvc|diskshadow|dnscmd|dnx|dotnet|dxcap|esentutl|eventvwr|excel|expand|extexport|extrac32|findstr|forfiles|ftp|gfxdownloadwrapper|gpscript|hh|ie4uinit|ieadvpack\.dll|ieaframe\.dll|ic|infdefaultinstall|installutil|jsc|makecab|manage-bde\.wsf|mavinject|mftrace|microsoft\.workflow\.compiler|mmc|msbuild|msconfig|msdeploy|msdt|mshta|mshtml\.dll|msc|msxsl|netsh|odbcconf|pcalua|pcwrun|pcwutl\.dll|pester\.bat|powerpnt|presentationhost|pubprn\.vbs|rcsi|reg|regasm|regedit|register-cimprovider|regsvcs|regsvr32|rpcping|rundll32|runonce|runscripthelper|sc|schtasks|scriptrunner|setupapi\.dll|shdocvw\.dll|shell32\.dll|slmgr\.vbs|sqldumper|sqlps|sqltoolsps|squirrel|syncappvpublishingserver|syncappvpublishingserver\.vbs|syssetup\.dll|te|tracker|tttracer|update|url\.dll|verclsid|vsjitdebugger|wab|winrm\.vbs|winword|wmic|wscript|wsl|wsreset|xwizard|zipfldr\.dll)\s[0m
[30;1m251 | [0m[35m        assert str(r.value) == "<RuleError: error code 4: Keyword 'unique' can't be on root level of[0m
[30;1m252 | [0m[35m        assert r.value.error_key == 'unique.not_on_root_level'[0m
[30;1m253 | [0m[35m[0m
[30;1m254 | [0m[35m        # this tests that unique cannot be used at root level[0m
[30;1m255 | [0m[35m        with pytest.raises(RuleError) as r:[0m
[30;1m256 | [0m[35m            Rule(schema={"type": "seq", "unique": True})[0m
[30;1m257 | [0m[35m        assert str(r.value) == "<RuleError: error code 4: Type of the value: 'seq' for 'unique' keyw[0m

[31m--[ [0m[34mMatch #[0m[33m127[0m[34m of [0m[33m137[0m[31m ]--[0m
   Rule Id: [34mBD000610[0m
       Tag: [34mSecurity.Backdoor.LOLBAS.Linux[0m
  Severity: [36mModerate[0m, Confidence: [36mLow[0m
  Filename: [33m/pykwalify-1.8.0/tests/test_rule.py[0m
   Pattern: [32m\s(apt|apt\-get|aria2c|arp|ash|awk|base64|bash|bpftrace|busybox|cat|chmod|chown|cp|cpan|cpulimit|crontab|csh|curl|cut|dash|dd|diff|dmesg|dmsetup|dnf|docker|dpkg|easy_install|ed|emacs|env|expand|expect|facter|find|finger|flock|fmt|ftp|gawk|gdb|gimp|git|grep|head|iftop|ionice|ip|irb|jjs|journalctl|jrunscript|ksh|ld\.so|ldconfig|logsave|ltrace|lua|mail|mawk|mount|mtr|mv|mysql|nano|nawk|nc|nice|nl|nmap|node|od|openssl|perl|pg|php|pic|pico|pip|puppet|readelf|red|rlogin|rlwrap|rpm|rpmquery|rsync|ruby|run\-mailcap|run\-parts|rvim|scp|screen|script|sed|service|setarch|sftp|shuf|smbclient|socat|sort|sqlite3|ssh|start\-stop\-daemon|stdbuf|strace|systemctl|tail|tar|taskset|tclsh|tcpdump|tee|telnet|tftp|time|timeout|tmux|top|ul|unexpand|uniq|unshare|vi|vim|watch|wget|whois|wish|xargs|xxd|yum|zsh|zypper)\s[0m
[30;1m398 | [0m[35m        assert str(ex.value) == "<SchemaConflict: error code 5: Scalar and mapping can't be on the s[0m
[30;1m399 | [0m[35m        assert ex.value.error_key == 'scalar.conflict.mapping'[0m
[30;1m400 | [0m[35m[0m
[30;1m401 | [0m[35m        # scalar type and enum can't be used at same time[0m
[30;1m402 | [0m[35m        with pytest.raises(SchemaConflict) as ex:[0m
[30;1m403 | [0m[35m            Rule(schema={"type": "int", "enum": [1, 2, 3], "range": {"max": 10, "min": 1}})[0m
[30;1m404 | [0m[35m        assert str(ex.value) == "<SchemaConflict: error code 5: Enum and range can't be on the same [0m
[30;1m405 | [0m[35m        assert ex.value.error_key == 'enum.conflict.range'[0m

[31m--[ [0m[34mMatch #[0m[33m128[0m[34m of [0m[33m137[0m[31m ]--[0m
   Rule Id: [34mBD000610[0m
       Tag: [34mSecurity.Backdoor.LOLBAS.Linux[0m
  Severity: [36mModerate[0m, Confidence: [36mLow[0m
  Filename: [33m/pykwalify-1.8.0/tests/test_rule.py[0m
   Pattern: [32m\s(apt|apt\-get|aria2c|arp|ash|awk|base64|bash|bpftrace|busybox|cat|chmod|chown|cp|cpan|cpulimit|crontab|csh|curl|cut|dash|dd|diff|dmesg|dmsetup|dnf|docker|dpkg|easy_install|ed|emacs|env|expand|expect|facter|find|finger|flock|fmt|ftp|gawk|gdb|gimp|git|grep|head|iftop|ionice|ip|irb|jjs|journalctl|jrunscript|ksh|ld\.so|ldconfig|logsave|ltrace|lua|mail|mawk|mount|mtr|mv|mysql|nano|nawk|nc|nice|nl|nmap|node|od|openssl|perl|pg|php|pic|pico|pip|puppet|readelf|red|rlogin|rlwrap|rpm|rpmquery|rsync|ruby|run\-mailcap|run\-parts|rvim|scp|screen|script|sed|service|setarch|sftp|shuf|smbclient|socat|sort|sqlite3|ssh|start\-stop\-daemon|stdbuf|strace|systemctl|tail|tar|taskset|tclsh|tcpdump|tee|telnet|tftp|time|timeout|tmux|top|ul|unexpand|uniq|unshare|vi|vim|watch|wget|whois|wish|xargs|xxd|yum|zsh|zypper)\s[0m
[30;1m392 | [0m[35m        assert str(ex.value) == "<SchemaConflict: error code 5: Scalar and sequence can't be on the [0m
[30;1m393 | [0m[35m        assert ex.value.error_key == 'scalar.conflict.sequence'[0m
[30;1m394 | [0m[35m[0m
[30;1m395 | [0m[35m        # scalar type and mapping can't be used at same time[0m
[30;1m396 | [0m[35m        with pytest.raises(SchemaConflict) as ex:[0m
[30;1m397 | [0m[35m            Rule(schema={"type": "int", "mapping": {"foo": {"type": "str"}}})[0m
[30;1m398 | [0m[35m        assert str(ex.value) == "<SchemaConflict: error code 5: Scalar and mapping can't be on the s[0m
[30;1m399 | [0m[35m        assert ex.value.error_key == 'scalar.conflict.mapping'[0m

[31m--[ [0m[34mMatch #[0m[33m129[0m[34m of [0m[33m137[0m[31m ]--[0m
   Rule Id: [34mBD000610[0m
       Tag: [34mSecurity.Backdoor.LOLBAS.Linux[0m
  Severity: [36mModerate[0m, Confidence: [36mLow[0m
  Filename: [33m/pykwalify-1.8.0/tests/test_rule.py[0m
   Pattern: [32m\s(apt|apt\-get|aria2c|arp|ash|awk|base64|bash|bpftrace|busybox|cat|chmod|chown|cp|cpan|cpulimit|crontab|csh|curl|cut|dash|dd|diff|dmesg|dmsetup|dnf|docker|dpkg|easy_install|ed|emacs|env|expand|expect|facter|find|finger|flock|fmt|ftp|gawk|gdb|gimp|git|grep|head|iftop|ionice|ip|irb|jjs|journalctl|jrunscript|ksh|ld\.so|ldconfig|logsave|ltrace|lua|mail|mawk|mount|mtr|mv|mysql|nano|nawk|nc|nice|nl|nmap|node|od|openssl|perl|pg|php|pic|pico|pip|puppet|readelf|red|rlogin|rlwrap|rpm|rpmquery|rsync|ruby|run\-mailcap|run\-parts|rvim|scp|screen|script|sed|service|setarch|sftp|shuf|smbclient|socat|sort|sqlite3|ssh|start\-stop\-daemon|stdbuf|strace|systemctl|tail|tar|taskset|tclsh|tcpdump|tee|telnet|tftp|time|timeout|tmux|top|ul|unexpand|uniq|unshare|vi|vim|watch|wget|whois|wish|xargs|xxd|yum|zsh|zypper)\s[0m
[30;1m386 | [0m[35m        assert str(ex.value) == "<SchemaConflict: error code 5: Mapping and sequence can't be on the[0m
[30;1m387 | [0m[35m        assert ex.value.error_key == 'map.conflict.sequence'[0m
[30;1m388 | [0m[35m[0m
[30;1m389 | [0m[35m        # scalar type and sequence can't be used at same time[0m
[30;1m390 | [0m[35m        with pytest.raises(SchemaConflict) as ex:[0m
[30;1m391 | [0m[35m            Rule(schema={"type": "int", "sequence": [{"type": "str"}]})[0m
[30;1m392 | [0m[35m        assert str(ex.value) == "<SchemaConflict: error code 5: Scalar and sequence can't be on the [0m
[30;1m393 | [0m[35m        assert ex.value.error_key == 'scalar.conflict.sequence'[0m

[31m--[ [0m[34mMatch #[0m[33m130[0m[34m of [0m[33m137[0m[31m ]--[0m
   Rule Id: [34mBD000610[0m
       Tag: [34mSecurity.Backdoor.LOLBAS.Linux[0m
  Severity: [36mModerate[0m, Confidence: [36mLow[0m
  Filename: [33m/pykwalify-1.8.0/tests/test_rule.py[0m
   Pattern: [32m\s(apt|apt\-get|aria2c|arp|ash|awk|base64|bash|bpftrace|busybox|cat|chmod|chown|cp|cpan|cpulimit|crontab|csh|curl|cut|dash|dd|diff|dmesg|dmsetup|dnf|docker|dpkg|easy_install|ed|emacs|env|expand|expect|facter|find|finger|flock|fmt|ftp|gawk|gdb|gimp|git|grep|head|iftop|ionice|ip|irb|jjs|journalctl|jrunscript|ksh|ld\.so|ldconfig|logsave|ltrace|lua|mail|mawk|mount|mtr|mv|mysql|nano|nawk|nc|nice|nl|nmap|node|od|openssl|perl|pg|php|pic|pico|pip|puppet|readelf|red|rlogin|rlwrap|rpm|rpmquery|rsync|ruby|run\-mailcap|run\-parts|rvim|scp|screen|script|sed|service|setarch|sftp|shuf|smbclient|socat|sort|sqlite3|ssh|start\-stop\-daemon|stdbuf|strace|systemctl|tail|tar|taskset|tclsh|tcpdump|tee|telnet|tftp|time|timeout|tmux|top|ul|unexpand|uniq|unshare|vi|vim|watch|wget|whois|wish|xargs|xxd|yum|zsh|zypper)\s[0m
[30;1m379 | [0m[35m": {"name": {"type": "str", "pattern": ".+@.+"}}})[0m
[30;1m380 | [0m[35m        assert str(ex.value) == "<SchemaConflict: error code 5: Sequence and mapping can't be on the[0m
[30;1m381 | [0m[35m        assert ex.value.error_key == 'seq.conflict.mapping'[0m
[30;1m382 | [0m[35m[0m
[30;1m383 | [0m[35m        # Mapping and sequence can't used at same time[0m
[30;1m384 | [0m[35m        with pytest.raises(SchemaConflict) as ex:[0m
[30;1m385 | [0m[35m            Rule(schema={"type": "map", "mapping": {"foo": {"type": "str"}}, "sequence": [{"type": "[0m
[30;1m386 | [0m[35m        assert str(ex.value) == "<SchemaConflict: error code 5: Mapping and sequence can't be on the[0m

[31m--[ [0m[34mMatch #[0m[33m131[0m[34m of [0m[33m137[0m[31m ]--[0m
   Rule Id: [34mBD000610[0m
       Tag: [34mSecurity.Backdoor.LOLBAS.Linux[0m
  Severity: [36mModerate[0m, Confidence: [36mLow[0m
  Filename: [33m/pykwalify-1.8.0/tests/test_rule.py[0m
   Pattern: [32m\s(apt|apt\-get|aria2c|arp|ash|awk|base64|bash|bpftrace|busybox|cat|chmod|chown|cp|cpan|cpulimit|crontab|csh|curl|cut|dash|dd|diff|dmesg|dmsetup|dnf|docker|dpkg|easy_install|ed|emacs|env|expand|expect|facter|find|finger|flock|fmt|ftp|gawk|gdb|gimp|git|grep|head|iftop|ionice|ip|irb|jjs|journalctl|jrunscript|ksh|ld\.so|ldconfig|logsave|ltrace|lua|mail|mawk|mount|mtr|mv|mysql|nano|nawk|nc|nice|nl|nmap|node|od|openssl|perl|pg|php|pic|pico|pip|puppet|readelf|red|rlogin|rlwrap|rpm|rpmquery|rsync|ruby|run\-mailcap|run\-parts|rvim|scp|screen|script|sed|service|setarch|sftp|shuf|smbclient|socat|sort|sqlite3|ssh|start\-stop\-daemon|stdbuf|strace|systemctl|tail|tar|taskset|tclsh|tcpdump|tee|telnet|tftp|time|timeout|tmux|top|ul|unexpand|uniq|unshare|vi|vim|watch|wget|whois|wish|xargs|xxd|yum|zsh|zypper)\s[0m
[30;1m336 | [0m[35m            Rule(schema={"type": "map"})[0m
[30;1m337 | [0m[35m        assert str(ex.value) == "<SchemaConflict: error code 5: Type is mapping but no mapping alias[0m
[30;1m338 | [0m[35m[0m
[30;1m339 | [0m[35m        # 'map' and 'enum' can't be used at same time[0m
[30;1m340 | [0m[35m        # TODO: This do not work because it currently raises RuleError: <RuleError: error code 4: en[0m
[30;1m341 | [0m[35m        # with pytest.raises(SchemaConflict):[0m
[30;1m342 | [0m[35m        #     r = Rule(schema={"type": "map", "enum": [1, 2, 3]})[0m
[30;1m343 | [0m[35m[0m

[31m--[ [0m[34mMatch #[0m[33m132[0m[34m of [0m[33m137[0m[31m ]--[0m
   Rule Id: [34mBD000610[0m
       Tag: [34mSecurity.Backdoor.LOLBAS.Linux[0m
  Severity: [36mModerate[0m, Confidence: [36mLow[0m
  Filename: [33m/pykwalify-1.8.0/tests/test_rule.py[0m
   Pattern: [32m\s(apt|apt\-get|aria2c|arp|ash|awk|base64|bash|bpftrace|busybox|cat|chmod|chown|cp|cpan|cpulimit|crontab|csh|curl|cut|dash|dd|diff|dmesg|dmsetup|dnf|docker|dpkg|easy_install|ed|emacs|env|expand|expect|facter|find|finger|flock|fmt|ftp|gawk|gdb|gimp|git|grep|head|iftop|ionice|ip|irb|jjs|journalctl|jrunscript|ksh|ld\.so|ldconfig|logsave|ltrace|lua|mail|mawk|mount|mtr|mv|mysql|nano|nawk|nc|nice|nl|nmap|node|od|openssl|perl|pg|php|pic|pico|pip|puppet|readelf|red|rlogin|rlwrap|rpm|rpmquery|rsync|ruby|run\-mailcap|run\-parts|rvim|scp|screen|script|sed|service|setarch|sftp|shuf|smbclient|socat|sort|sqlite3|ssh|start\-stop\-daemon|stdbuf|strace|systemctl|tail|tar|taskset|tclsh|tcpdump|tee|telnet|tftp|time|timeout|tmux|top|ul|unexpand|uniq|unshare|vi|vim|watch|wget|whois|wish|xargs|xxd|yum|zsh|zypper)\s[0m
[30;1m291 | [0m[35m            Rule(schema={"type": "seq"})[0m
[30;1m292 | [0m[35m        assert str(ex.value) == "<SchemaConflict: error code 5: Type is sequence but no sequence ali[0m
[30;1m293 | [0m[35m[0m
[30;1m294 | [0m[35m        # sequence and pattern can't be used at same time[0m
[30;1m295 | [0m[35m        with pytest.raises(SchemaConflict) as ex:[0m
[30;1m296 | [0m[35m            Rule(schema={"type": "seq", "sequence": [{"type": "str"}], "pattern": "..."})[0m
[30;1m297 | [0m[35m        assert str(ex.value) == "<SchemaConflict: error code 5: Sequence and pattern can't be on the[0m
[30;1m298 | [0m[35m[0m

[31m--[ [0m[34mMatch #[0m[33m133[0m[34m of [0m[33m137[0m[31m ]--[0m
   Rule Id: [34mBD000610[0m
       Tag: [34mSecurity.Backdoor.LOLBAS.Linux[0m
  Severity: [36mModerate[0m, Confidence: [36mLow[0m
  Filename: [33m/pykwalify-1.8.0/tests/test_rule.py[0m
   Pattern: [32m\s(apt|apt\-get|aria2c|arp|ash|awk|base64|bash|bpftrace|busybox|cat|chmod|chown|cp|cpan|cpulimit|crontab|csh|curl|cut|dash|dd|diff|dmesg|dmsetup|dnf|docker|dpkg|easy_install|ed|emacs|env|expand|expect|facter|find|finger|flock|fmt|ftp|gawk|gdb|gimp|git|grep|head|iftop|ionice|ip|irb|jjs|journalctl|jrunscript|ksh|ld\.so|ldconfig|logsave|ltrace|lua|mail|mawk|mount|mtr|mv|mysql|nano|nawk|nc|nice|nl|nmap|node|od|openssl|perl|pg|php|pic|pico|pip|puppet|readelf|red|rlogin|rlwrap|rpm|rpmquery|rsync|ruby|run\-mailcap|run\-parts|rvim|scp|screen|script|sed|service|setarch|sftp|shuf|smbclient|socat|sort|sqlite3|ssh|start\-stop\-daemon|stdbuf|strace|systemctl|tail|tar|taskset|tclsh|tcpdump|tee|telnet|tftp|time|timeout|tmux|top|ul|unexpand|uniq|unshare|vi|vim|watch|wget|whois|wish|xargs|xxd|yum|zsh|zypper)\s[0m
[30;1m24 | [0m[35m        # Test that when using both schema; and include tag that it throw an error because schema; t[0m
[30;1m25 | [0m[35m        with pytest.raises(RuleError) as r:[0m
[30;1m26 | [0m[35m            Rule(schema={"schema;str": {"type": "map", "mapping": {"foo": {"type": "str"}}}, "type":[0m
[30;1m27 | [0m[35m        assert str(r.value) == "<RuleError: error code 4: Schema is only allowed on top level of sch[0m
[30;1m28 | [0m[35m        assert r.value.error_key == 'schema.not.toplevel'[0m
[30;1m29 | [0m[35m[0m
[30;1m30 | [0m[35m    def test_unkknown_key(self):[0m

[31m--[ [0m[34mMatch #[0m[33m134[0m[34m of [0m[33m137[0m[31m ]--[0m
   Rule Id: [34mBD000600[0m
       Tag: [34mSecurity.Backdoor.LOLBAS.Windows[0m
  Severity: [36mModerate[0m, Confidence: [36mLow[0m
  Filename: [33m/pykwalify-1.8.0/tests/files/fail/test_unique.yaml[0m
   Pattern: [32m\s(advpack\.dll|appvlp|at|atbroker|bash|bginfo|bitsadmin|cdb|certutil|cl_invocation\.ps1|cl_mutexverifiers\.ps1|cmd|cmdkey|cmstp|comsvcs\.dll|control|csc|cscript|csi|devtoolslauncher|dfsvc|diskshadow|dnscmd|dnx|dotnet|dxcap|esentutl|eventvwr|excel|expand|extexport|extrac32|findstr|forfiles|ftp|gfxdownloadwrapper|gpscript|hh|ie4uinit|ieadvpack\.dll|ieaframe\.dll|ic|infdefaultinstall|installutil|jsc|makecab|manage-bde\.wsf|mavinject|mftrace|microsoft\.workflow\.compiler|mmc|msbuild|msconfig|msdeploy|msdt|mshta|mshtml\.dll|msc|msxsl|netsh|odbcconf|pcalua|pcwrun|pcwutl\.dll|pester\.bat|powerpnt|presentationhost|pubprn\.vbs|rcsi|reg|regasm|regedit|register-cimprovider|regsvcs|regsvr32|rpcping|rundll32|runonce|runscripthelper|sc|schtasks|scriptrunner|setupapi\.dll|shdocvw\.dll|shell32\.dll|slmgr\.vbs|sqldumper|sqlps|sqltoolsps|squirrel|syncappvpublishingserver|syncappvpublishingserver\.vbs|syssetup\.dll|te|tracker|tttracer|update|url\.dll|verclsid|vsjitdebugger|wab|winrm\.vbs|winword|wmic|wscript|wsl|wsreset|xwizard|zipfldr\.dll)\s[0m
[30;1m106 | [0m[35m  # TODO: Possibly missing one error here...[0m
[30;1m107 | [0m[35m  ## Kwalify errors[0m
[30;1m108 | [0m[35m  # :value_notunique    : 4:3:[/1/name] 'x1': is already used at '/0/name'.[0m
[30;1m109 | [0m[35m  # :value_notunique    : 5:3:[/2/name] 'x1': is already used at '/0/name'.[0m

[31m--[ [0m[34mMatch #[0m[33m135[0m[34m of [0m[33m137[0m[31m ]--[0m
   Rule Id: [34mBD000600[0m
       Tag: [34mSecurity.Backdoor.LOLBAS.Windows[0m
  Severity: [36mModerate[0m, Confidence: [36mLow[0m
  Filename: [33m/pykwalify-1.8.0/tests/files/fail/test_unique.yaml[0m
   Pattern: [32m\s(advpack\.dll|appvlp|at|atbroker|bash|bginfo|bitsadmin|cdb|certutil|cl_invocation\.ps1|cl_mutexverifiers\.ps1|cmd|cmdkey|cmstp|comsvcs\.dll|control|csc|cscript|csi|devtoolslauncher|dfsvc|diskshadow|dnscmd|dnx|dotnet|dxcap|esentutl|eventvwr|excel|expand|extexport|extrac32|findstr|forfiles|ftp|gfxdownloadwrapper|gpscript|hh|ie4uinit|ieadvpack\.dll|ieaframe\.dll|ic|infdefaultinstall|installutil|jsc|makecab|manage-bde\.wsf|mavinject|mftrace|microsoft\.workflow\.compiler|mmc|msbuild|msconfig|msdeploy|msdt|mshta|mshtml\.dll|msc|msxsl|netsh|odbcconf|pcalua|pcwrun|pcwutl\.dll|pester\.bat|powerpnt|presentationhost|pubprn\.vbs|rcsi|reg|regasm|regedit|register-cimprovider|regsvcs|regsvr32|rpcping|rundll32|runonce|runscripthelper|sc|schtasks|scriptrunner|setupapi\.dll|shdocvw\.dll|shell32\.dll|slmgr\.vbs|sqldumper|sqlps|sqltoolsps|squirrel|syncappvpublishingserver|syncappvpublishingserver\.vbs|syssetup\.dll|te|tracker|tttracer|update|url\.dll|verclsid|vsjitdebugger|wab|winrm\.vbs|winword|wmic|wscript|wsl|wsreset|xwizard|zipfldr\.dll)\s[0m
[30;1m105 | [0m[35m  - "Value 'x1' is not unique. Previous path: '/0/name'. Path: '/1/name'"[0m
[30;1m106 | [0m[35m  # TODO: Possibly missing one error here...[0m
[30;1m107 | [0m[35m  ## Kwalify errors[0m
[30;1m108 | [0m[35m  # :value_notunique    : 4:3:[/1/name] 'x1': is already used at '/0/name'.[0m
[30;1m109 | [0m[35m  # :value_notunique    : 5:3:[/2/name] 'x1': is already used at '/0/name'.[0m

[31m--[ [0m[34mMatch #[0m[33m136[0m[34m of [0m[33m137[0m[31m ]--[0m
   Rule Id: [34mBD000600[0m
       Tag: [34mSecurity.Backdoor.LOLBAS.Windows[0m
  Severity: [36mModerate[0m, Confidence: [36mLow[0m
  Filename: [33m/pykwalify-1.8.0/tests/files/fail/test_unique.yaml[0m
   Pattern: [32m\s(advpack\.dll|appvlp|at|atbroker|bash|bginfo|bitsadmin|cdb|certutil|cl_invocation\.ps1|cl_mutexverifiers\.ps1|cmd|cmdkey|cmstp|comsvcs\.dll|control|csc|cscript|csi|devtoolslauncher|dfsvc|diskshadow|dnscmd|dnx|dotnet|dxcap|esentutl|eventvwr|excel|expand|extexport|extrac32|findstr|forfiles|ftp|gfxdownloadwrapper|gpscript|hh|ie4uinit|ieadvpack\.dll|ieaframe\.dll|ic|infdefaultinstall|installutil|jsc|makecab|manage-bde\.wsf|mavinject|mftrace|microsoft\.workflow\.compiler|mmc|msbuild|msconfig|msdeploy|msdt|mshta|mshtml\.dll|msc|msxsl|netsh|odbcconf|pcalua|pcwrun|pcwutl\.dll|pester\.bat|powerpnt|presentationhost|pubprn\.vbs|rcsi|reg|regasm|regedit|register-cimprovider|regsvcs|regsvr32|rpcping|rundll32|runonce|runscripthelper|sc|schtasks|scriptrunner|setupapi\.dll|shdocvw\.dll|shell32\.dll|slmgr\.vbs|sqldumper|sqlps|sqltoolsps|squirrel|syncappvpublishingserver|syncappvpublishingserver\.vbs|syssetup\.dll|te|tracker|tttracer|update|url\.dll|verclsid|vsjitdebugger|wab|winrm\.vbs|winword|wmic|wscript|wsl|wsreset|xwizard|zipfldr\.dll)\s[0m
[30;1m78 | [0m[35merrors:[0m
[30;1m79 | [0m[35m  - "Value 'bar' is not unique. Previous path: '/2'. Path: '/4'"[0m
[30;1m80 | [0m[35m  ## Kwalify errors[0m
[30;1m81 | [0m[35m  # :value_notunique    : 5:1:[/4] 'bar': is already used at '/2'.[0m
[30;1m82 | [0m[35m---[0m
[30;1m83 | [0m[35mname: fail-unique-4[0m
[30;1m84 | [0m[35mdesc: unique constraint and '<<' (merge)[0m

[31m--[ [0m[34mMatch #[0m[33m137[0m[34m of [0m[33m137[0m[31m ]--[0m
   Rule Id: [34mBD000600[0m
       Tag: [34mSecurity.Backdoor.LOLBAS.Windows[0m
  Severity: [36mModerate[0m, Confidence: [36mLow[0m
  Filename: [33m/pykwalify-1.8.0/tests/files/fail/test_unique.yaml[0m
   Pattern: [32m\s(advpack\.dll|appvlp|at|atbroker|bash|bginfo|bitsadmin|cdb|certutil|cl_invocation\.ps1|cl_mutexverifiers\.ps1|cmd|cmdkey|cmstp|comsvcs\.dll|control|csc|cscript|csi|devtoolslauncher|dfsvc|diskshadow|dnscmd|dnx|dotnet|dxcap|esentutl|eventvwr|excel|expand|extexport|extrac32|findstr|forfiles|ftp|gfxdownloadwrapper|gpscript|hh|ie4uinit|ieadvpack\.dll|ieaframe\.dll|ic|infdefaultinstall|installutil|jsc|makecab|manage-bde\.wsf|mavinject|mftrace|microsoft\.workflow\.compiler|mmc|msbuild|msconfig|msdeploy|msdt|mshta|mshtml\.dll|msc|msxsl|netsh|odbcconf|pcalua|pcwrun|pcwutl\.dll|pester\.bat|powerpnt|presentationhost|pubprn\.vbs|rcsi|reg|regasm|regedit|register-cimprovider|regsvcs|regsvr32|rpcping|rundll32|runonce|runscripthelper|sc|schtasks|scriptrunner|setupapi\.dll|shdocvw\.dll|shell32\.dll|slmgr\.vbs|sqldumper|sqlps|sqltoolsps|squirrel|syncappvpublishingserver|syncappvpublishingserver\.vbs|syssetup\.dll|te|tracker|tttracer|update|url\.dll|verclsid|vsjitdebugger|wab|winrm\.vbs|winword|wmic|wscript|wsl|wsreset|xwizard|zipfldr\.dll)\s[0m
[30;1m60 | [0m[35merrors:[0m
[30;1m61 | [0m[35m  - "Value 'bar' is not unique. Previous path: '/1/name'. Path: '/2/name'"[0m
[30;1m62 | [0m[35m  ## Kwalify errors[0m
[30;1m63 | [0m[35m  # :value_notunique    : 6:3:[/2/name] 'bar': is already used at '/1/name'.[0m
[30;1m64 | [0m[35m---[0m
[30;1m65 | [0m[35mname: fail-unique-3[0m
[30;1m66 | [0m[35mdesc: unique constraint test with seq[0m

137 matches found.
