[31m--[ [0m[34mMatch #[0m[33m1[0m[34m of [0m[33m61[0m[31m ]--[0m
   Rule Id: [34mBD000600[0m
       Tag: [34mSecurity.Backdoor.LOLBAS.Windows[0m
  Severity: [36mModerate[0m, Confidence: [36mLow[0m
  Filename: [33m/pytest_regressions-2.7.0/.github/workflows/test.yml[0m
   Pattern: [32m\s(advpack\.dll|appvlp|at|atbroker|bash|bginfo|bitsadmin|cdb|certutil|cl_invocation\.ps1|cl_mutexverifiers\.ps1|cmd|cmdkey|cmstp|comsvcs\.dll|control|csc|cscript|csi|devtoolslauncher|dfsvc|diskshadow|dnscmd|dnx|dotnet|dxcap|esentutl|eventvwr|excel|expand|extexport|extrac32|findstr|forfiles|ftp|gfxdownloadwrapper|gpscript|hh|ie4uinit|ieadvpack\.dll|ieaframe\.dll|ic|infdefaultinstall|installutil|jsc|makecab|manage-bde\.wsf|mavinject|mftrace|microsoft\.workflow\.compiler|mmc|msbuild|msconfig|msdeploy|msdt|mshta|mshtml\.dll|msc|msxsl|netsh|odbcconf|pcalua|pcwrun|pcwutl\.dll|pester\.bat|powerpnt|presentationhost|pubprn\.vbs|rcsi|reg|regasm|regedit|register-cimprovider|regsvcs|regsvr32|rpcping|rundll32|runonce|runscripthelper|sc|schtasks|scriptrunner|setupapi\.dll|shdocvw\.dll|shell32\.dll|slmgr\.vbs|sqldumper|sqlps|sqltoolsps|squirrel|syncappvpublishingserver|syncappvpublishingserver\.vbs|syssetup\.dll|te|tracker|tttracer|update|url\.dll|verclsid|vsjitdebugger|wab|winrm\.vbs|winword|wmic|wscript|wsl|wsreset|xwizard|zipfldr\.dll)\s[0m
[30;1m55 | [0m[35m          python -m pip install --upgrade tox[0m
[30;1m56 | [0m[35m[0m
[30;1m57 | [0m[35m      - name: Test[0m
[30;1m58 | [0m[35m        shell: bash[0m
[30;1m59 | [0m[35m        run: |[0m
[30;1m60 | [0m[35m          tox run -e py --installpkg `find dist/*.tar.gz`[0m

[31m--[ [0m[34mMatch #[0m[33m2[0m[34m of [0m[33m61[0m[31m ]--[0m
   Rule Id: [34mBD000610[0m
       Tag: [34mSecurity.Backdoor.LOLBAS.Linux[0m
  Severity: [36mModerate[0m, Confidence: [36mLow[0m
  Filename: [33m/pytest_regressions-2.7.0/.github/workflows/test.yml[0m
   Pattern: [32m\s(apt|apt\-get|aria2c|arp|ash|awk|base64|bash|bpftrace|busybox|cat|chmod|chown|cp|cpan|cpulimit|crontab|csh|curl|cut|dash|dd|diff|dmesg|dmsetup|dnf|docker|dpkg|easy_install|ed|emacs|env|expand|expect|facter|find|finger|flock|fmt|ftp|gawk|gdb|gimp|git|grep|head|iftop|ionice|ip|irb|jjs|journalctl|jrunscript|ksh|ld\.so|ldconfig|logsave|ltrace|lua|mail|mawk|mount|mtr|mv|mysql|nano|nawk|nc|nice|nl|nmap|node|od|openssl|perl|pg|php|pic|pico|pip|puppet|readelf|red|rlogin|rlwrap|rpm|rpmquery|rsync|ruby|run\-mailcap|run\-parts|rvim|scp|screen|script|sed|service|setarch|sftp|shuf|smbclient|socat|sort|sqlite3|ssh|start\-stop\-daemon|stdbuf|strace|systemctl|tail|tar|taskset|tclsh|tcpdump|tee|telnet|tftp|time|timeout|tmux|top|ul|unexpand|uniq|unshare|vi|vim|watch|wget|whois|wish|xargs|xxd|yum|zsh|zypper)\s[0m
[30;1m55 | [0m[35m          python -m pip install --upgrade tox[0m
[30;1m56 | [0m[35m[0m
[30;1m57 | [0m[35m      - name: Test[0m
[30;1m58 | [0m[35m        shell: bash[0m
[30;1m59 | [0m[35m        run: |[0m
[30;1m60 | [0m[35m          tox run -e py --installpkg `find dist/*.tar.gz`[0m

[31m--[ [0m[34mMatch #[0m[33m3[0m[34m of [0m[33m61[0m[31m ]--[0m
   Rule Id: [34mBD000610[0m
       Tag: [34mSecurity.Backdoor.LOLBAS.Linux[0m
  Severity: [36mModerate[0m, Confidence: [36mLow[0m
  Filename: [33m/pytest_regressions-2.7.0/.github/workflows/test.yml[0m
   Pattern: [32m\s(apt|apt\-get|aria2c|arp|ash|awk|base64|bash|bpftrace|busybox|cat|chmod|chown|cp|cpan|cpulimit|crontab|csh|curl|cut|dash|dd|diff|dmesg|dmsetup|dnf|docker|dpkg|easy_install|ed|emacs|env|expand|expect|facter|find|finger|flock|fmt|ftp|gawk|gdb|gimp|git|grep|head|iftop|ionice|ip|irb|jjs|journalctl|jrunscript|ksh|ld\.so|ldconfig|logsave|ltrace|lua|mail|mawk|mount|mtr|mv|mysql|nano|nawk|nc|nice|nl|nmap|node|od|openssl|perl|pg|php|pic|pico|pip|puppet|readelf|red|rlogin|rlwrap|rpm|rpmquery|rsync|ruby|run\-mailcap|run\-parts|rvim|scp|screen|script|sed|service|setarch|sftp|shuf|smbclient|socat|sort|sqlite3|ssh|start\-stop\-daemon|stdbuf|strace|systemctl|tail|tar|taskset|tclsh|tcpdump|tee|telnet|tftp|time|timeout|tmux|top|ul|unexpand|uniq|unshare|vi|vim|watch|wget|whois|wish|xargs|xxd|yum|zsh|zypper)\s[0m
[30;1m52 | [0m[35m      - name: Install tox[0m
[30;1m53 | [0m[35m        run: |[0m
[30;1m54 | [0m[35m          python -m pip install --upgrade pip[0m
[30;1m55 | [0m[35m          python -m pip install --upgrade tox[0m
[30;1m56 | [0m[35m[0m
[30;1m57 | [0m[35m      - name: Test[0m
[30;1m58 | [0m[35m        shell: bash[0m

[31m--[ [0m[34mMatch #[0m[33m4[0m[34m of [0m[33m61[0m[31m ]--[0m
   Rule Id: [34mBD000610[0m
       Tag: [34mSecurity.Backdoor.LOLBAS.Linux[0m
  Severity: [36mModerate[0m, Confidence: [36mLow[0m
  Filename: [33m/pytest_regressions-2.7.0/.github/workflows/test.yml[0m
   Pattern: [32m\s(apt|apt\-get|aria2c|arp|ash|awk|base64|bash|bpftrace|busybox|cat|chmod|chown|cp|cpan|cpulimit|crontab|csh|curl|cut|dash|dd|diff|dmesg|dmsetup|dnf|docker|dpkg|easy_install|ed|emacs|env|expand|expect|facter|find|finger|flock|fmt|ftp|gawk|gdb|gimp|git|grep|head|iftop|ionice|ip|irb|jjs|journalctl|jrunscript|ksh|ld\.so|ldconfig|logsave|ltrace|lua|mail|mawk|mount|mtr|mv|mysql|nano|nawk|nc|nice|nl|nmap|node|od|openssl|perl|pg|php|pic|pico|pip|puppet|readelf|red|rlogin|rlwrap|rpm|rpmquery|rsync|ruby|run\-mailcap|run\-parts|rvim|scp|screen|script|sed|service|setarch|sftp|shuf|smbclient|socat|sort|sqlite3|ssh|start\-stop\-daemon|stdbuf|strace|systemctl|tail|tar|taskset|tclsh|tcpdump|tee|telnet|tftp|time|timeout|tmux|top|ul|unexpand|uniq|unshare|vi|vim|watch|wget|whois|wish|xargs|xxd|yum|zsh|zypper)\s[0m
[30;1m51 | [0m[35m[0m
[30;1m52 | [0m[35m      - name: Install tox[0m
[30;1m53 | [0m[35m        run: |[0m
[30;1m54 | [0m[35m          python -m pip install --upgrade pip[0m
[30;1m55 | [0m[35m          python -m pip install --upgrade tox[0m
[30;1m56 | [0m[35m[0m
[30;1m57 | [0m[35m      - name: Test[0m
[30;1m58 | [0m[35m        shell: bash[0m

[31m--[ [0m[34mMatch #[0m[33m5[0m[34m of [0m[33m61[0m[31m ]--[0m
   Rule Id: [34mBD000610[0m
       Tag: [34mSecurity.Backdoor.LOLBAS.Linux[0m
  Severity: [36mModerate[0m, Confidence: [36mLow[0m
  Filename: [33m/pytest_regressions-2.7.0/.github/workflows/test.yml[0m
   Pattern: [32m\s(apt|apt\-get|aria2c|arp|ash|awk|base64|bash|bpftrace|busybox|cat|chmod|chown|cp|cpan|cpulimit|crontab|csh|curl|cut|dash|dd|diff|dmesg|dmsetup|dnf|docker|dpkg|easy_install|ed|emacs|env|expand|expect|facter|find|finger|flock|fmt|ftp|gawk|gdb|gimp|git|grep|head|iftop|ionice|ip|irb|jjs|journalctl|jrunscript|ksh|ld\.so|ldconfig|logsave|ltrace|lua|mail|mawk|mount|mtr|mv|mysql|nano|nawk|nc|nice|nl|nmap|node|od|openssl|perl|pg|php|pic|pico|pip|puppet|readelf|red|rlogin|rlwrap|rpm|rpmquery|rsync|ruby|run\-mailcap|run\-parts|rvim|scp|screen|script|sed|service|setarch|sftp|shuf|smbclient|socat|sort|sqlite3|ssh|start\-stop\-daemon|stdbuf|strace|systemctl|tail|tar|taskset|tclsh|tcpdump|tee|telnet|tftp|time|timeout|tmux|top|ul|unexpand|uniq|unshare|vi|vim|watch|wget|whois|wish|xargs|xxd|yum|zsh|zypper)\s[0m
[30;1m51 | [0m[35m[0m
[30;1m52 | [0m[35m      - name: Install tox[0m
[30;1m53 | [0m[35m        run: |[0m
[30;1m54 | [0m[35m          python -m pip install --upgrade pip[0m
[30;1m55 | [0m[35m          python -m pip install --upgrade tox[0m
[30;1m56 | [0m[35m[0m
[30;1m57 | [0m[35m      - name: Test[0m

[31m--[ [0m[34mMatch #[0m[33m6[0m[34m of [0m[33m61[0m[31m ]--[0m
   Rule Id: [34mBD000610[0m
       Tag: [34mSecurity.Backdoor.LOLBAS.Linux[0m
  Severity: [36mModerate[0m, Confidence: [36mLow[0m
  Filename: [33m/pytest_regressions-2.7.0/tests/test_data_regression.py[0m
   Pattern: [32m\s(apt|apt\-get|aria2c|arp|ash|awk|base64|bash|bpftrace|busybox|cat|chmod|chown|cp|cpan|cpulimit|crontab|csh|curl|cut|dash|dd|diff|dmesg|dmsetup|dnf|docker|dpkg|easy_install|ed|emacs|env|expand|expect|facter|find|finger|flock|fmt|ftp|gawk|gdb|gimp|git|grep|head|iftop|ionice|ip|irb|jjs|journalctl|jrunscript|ksh|ld\.so|ldconfig|logsave|ltrace|lua|mail|mawk|mount|mtr|mv|mysql|nano|nawk|nc|nice|nl|nmap|node|od|openssl|perl|pg|php|pic|pico|pip|puppet|readelf|red|rlogin|rlwrap|rpm|rpmquery|rsync|ruby|run\-mailcap|run\-parts|rvim|scp|screen|script|sed|service|setarch|sftp|shuf|smbclient|socat|sort|sqlite3|ssh|start\-stop\-daemon|stdbuf|strace|systemctl|tail|tar|taskset|tclsh|tcpdump|tee|telnet|tftp|time|timeout|tmux|top|ul|unexpand|uniq|unshare|vi|vim|watch|wget|whois|wish|xargs|xxd|yum|zsh|zypper)\s[0m
[30;1m128 | [0m[35m    """[0m
[30;1m129 | [0m[35m    source = """[0m
[30;1m130 | [0m[35m        def test(data_regression):[0m
[30;1m131 | [0m[35m            red = (255, 0, 0)[0m
[30;1m132 | [0m[35m            green = (0, 255, 0)[0m
[30;1m133 | [0m[35m            blue = (0, 0, 255)[0m
[30;1m134 | [0m[35m[0m

[31m--[ [0m[34mMatch #[0m[33m7[0m[34m of [0m[33m61[0m[31m ]--[0m
   Rule Id: [34mBD000600[0m
       Tag: [34mSecurity.Backdoor.LOLBAS.Windows[0m
  Severity: [36mModerate[0m, Confidence: [36mLow[0m
  Filename: [33m/pytest_regressions-2.7.0/HOWTORELEASE.rst[0m
   Pattern: [32m\s(advpack\.dll|appvlp|at|atbroker|bash|bginfo|bitsadmin|cdb|certutil|cl_invocation\.ps1|cl_mutexverifiers\.ps1|cmd|cmdkey|cmstp|comsvcs\.dll|control|csc|cscript|csi|devtoolslauncher|dfsvc|diskshadow|dnscmd|dnx|dotnet|dxcap|esentutl|eventvwr|excel|expand|extexport|extrac32|findstr|forfiles|ftp|gfxdownloadwrapper|gpscript|hh|ie4uinit|ieadvpack\.dll|ieaframe\.dll|ic|infdefaultinstall|installutil|jsc|makecab|manage-bde\.wsf|mavinject|mftrace|microsoft\.workflow\.compiler|mmc|msbuild|msconfig|msdeploy|msdt|mshta|mshtml\.dll|msc|msxsl|netsh|odbcconf|pcalua|pcwrun|pcwutl\.dll|pester\.bat|powerpnt|presentationhost|pubprn\.vbs|rcsi|reg|regasm|regedit|register-cimprovider|regsvcs|regsvr32|rpcping|rundll32|runonce|runscripthelper|sc|schtasks|scriptrunner|setupapi\.dll|shdocvw\.dll|shell32\.dll|slmgr\.vbs|sqldumper|sqlps|sqltoolsps|squirrel|syncappvpublishingserver|syncappvpublishingserver\.vbs|syssetup\.dll|te|tracker|tttracer|update|url\.dll|verclsid|vsjitdebugger|wab|winrm\.vbs|winword|wmic|wscript|wsl|wsreset|xwizard|zipfldr\.dll)\s[0m
[30;1m3 | [0m[35m#. Create a ``release-VERSION`` branch from ``origin/master``.[0m
[30;1m4 | [0m[35m#. Update ``CHANGELOG.rst``.[0m
[30;1m5 | [0m[35m#. Push a branch with the changes.[0m
[30;1m6 | [0m[35m#. Wait for all builds to pass and at least one approval.[0m
[30;1m7 | [0m[35m#. Start the ``deploy`` workflow:[0m
[30;1m8 | [0m[35m[0m
[30;1m9 | [0m[35m   .. code-block:: console[0m

[31m--[ [0m[34mMatch #[0m[33m8[0m[34m of [0m[33m61[0m[31m ]--[0m
   Rule Id: [34mBD000600[0m
       Tag: [34mSecurity.Backdoor.LOLBAS.Windows[0m
  Severity: [36mModerate[0m, Confidence: [36mLow[0m
  Filename: [33m/pytest_regressions-2.7.0/HOWTORELEASE.rst[0m
   Pattern: [32m\s(advpack\.dll|appvlp|at|atbroker|bash|bginfo|bitsadmin|cdb|certutil|cl_invocation\.ps1|cl_mutexverifiers\.ps1|cmd|cmdkey|cmstp|comsvcs\.dll|control|csc|cscript|csi|devtoolslauncher|dfsvc|diskshadow|dnscmd|dnx|dotnet|dxcap|esentutl|eventvwr|excel|expand|extexport|extrac32|findstr|forfiles|ftp|gfxdownloadwrapper|gpscript|hh|ie4uinit|ieadvpack\.dll|ieaframe\.dll|ic|infdefaultinstall|installutil|jsc|makecab|manage-bde\.wsf|mavinject|mftrace|microsoft\.workflow\.compiler|mmc|msbuild|msconfig|msdeploy|msdt|mshta|mshtml\.dll|msc|msxsl|netsh|odbcconf|pcalua|pcwrun|pcwutl\.dll|pester\.bat|powerpnt|presentationhost|pubprn\.vbs|rcsi|reg|regasm|regedit|register-cimprovider|regsvcs|regsvr32|rpcping|rundll32|runonce|runscripthelper|sc|schtasks|scriptrunner|setupapi\.dll|shdocvw\.dll|shell32\.dll|slmgr\.vbs|sqldumper|sqlps|sqltoolsps|squirrel|syncappvpublishingserver|syncappvpublishingserver\.vbs|syssetup\.dll|te|tracker|tttracer|update|url\.dll|verclsid|vsjitdebugger|wab|winrm\.vbs|winword|wmic|wscript|wsl|wsreset|xwizard|zipfldr\.dll)\s[0m
[30;1m1 | [0m[35mHere are the steps on how to make a new release.[0m
[30;1m2 | [0m[35m[0m
[30;1m3 | [0m[35m#. Create a ``release-VERSION`` branch from ``origin/master``.[0m
[30;1m4 | [0m[35m#. Update ``CHANGELOG.rst``.[0m
[30;1m5 | [0m[35m#. Push a branch with the changes.[0m
[30;1m6 | [0m[35m#. Wait for all builds to pass and at least one approval.[0m
[30;1m7 | [0m[35m#. Start the ``deploy`` workflow:[0m

[31m--[ [0m[34mMatch #[0m[33m9[0m[34m of [0m[33m61[0m[31m ]--[0m
   Rule Id: [34mBD000610[0m
       Tag: [34mSecurity.Backdoor.LOLBAS.Linux[0m
  Severity: [36mModerate[0m, Confidence: [36mLow[0m
  Filename: [33m/pytest_regressions-2.7.0/src/pytest_regressions/testing.py[0m
   Pattern: [32m\s(apt|apt\-get|aria2c|arp|ash|awk|base64|bash|bpftrace|busybox|cat|chmod|chown|cp|cpan|cpulimit|crontab|csh|curl|cut|dash|dd|diff|dmesg|dmsetup|dnf|docker|dpkg|easy_install|ed|emacs|env|expand|expect|facter|find|finger|flock|fmt|ftp|gawk|gdb|gimp|git|grep|head|iftop|ionice|ip|irb|jjs|journalctl|jrunscript|ksh|ld\.so|ldconfig|logsave|ltrace|lua|mail|mawk|mount|mtr|mv|mysql|nano|nawk|nc|nice|nl|nmap|node|od|openssl|perl|pg|php|pic|pico|pip|puppet|readelf|red|rlogin|rlwrap|rpm|rpmquery|rsync|ruby|run\-mailcap|run\-parts|rvim|scp|screen|script|sed|service|setarch|sftp|shuf|smbclient|socat|sort|sqlite3|ssh|start\-stop\-daemon|stdbuf|strace|systemctl|tail|tar|taskset|tclsh|tcpdump|tee|telnet|tftp|time|timeout|tmux|top|ul|unexpand|uniq|unshare|vi|vim|watch|wget|whois|wish|xargs|xxd|yum|zsh|zypper)\s[0m
[30;1m51 | [0m[35m    :param pytester: pytester fixture.[0m
[30;1m52 | [0m[35m    :param source: Source code using regression fixture.[0m
[30;1m53 | [0m[35m    :param data_getter: Function without arguments that returns contents of file[0m
[30;1m54 | [0m[35m        created by regression test when it fails first time (i.e. the expected file for future[0m
[30;1m55 | [0m[35m        runs).[0m
[30;1m56 | [0m[35m    :param data_modifier: Function without arguments that must change data compared by[0m
[30;1m57 | [0m[35m        regression fixture so it fails in next comparison.[0m

[31m--[ [0m[34mMatch #[0m[33m10[0m[34m of [0m[33m61[0m[31m ]--[0m
   Rule Id: [34mBD000600[0m
       Tag: [34mSecurity.Backdoor.LOLBAS.Windows[0m
  Severity: [36mModerate[0m, Confidence: [36mLow[0m
  Filename: [33m/pytest_regressions-2.7.0/tests/test_ndarrays_regression.py[0m
   Pattern: [32m\s(advpack\.dll|appvlp|at|atbroker|bash|bginfo|bitsadmin|cdb|certutil|cl_invocation\.ps1|cl_mutexverifiers\.ps1|cmd|cmdkey|cmstp|comsvcs\.dll|control|csc|cscript|csi|devtoolslauncher|dfsvc|diskshadow|dnscmd|dnx|dotnet|dxcap|esentutl|eventvwr|excel|expand|extexport|extrac32|findstr|forfiles|ftp|gfxdownloadwrapper|gpscript|hh|ie4uinit|ieadvpack\.dll|ieaframe\.dll|ic|infdefaultinstall|installutil|jsc|makecab|manage-bde\.wsf|mavinject|mftrace|microsoft\.workflow\.compiler|mmc|msbuild|msconfig|msdeploy|msdt|mshta|mshtml\.dll|msc|msxsl|netsh|odbcconf|pcalua|pcwrun|pcwutl\.dll|pester\.bat|powerpnt|presentationhost|pubprn\.vbs|rcsi|reg|regasm|regedit|register-cimprovider|regsvcs|regsvr32|rpcping|rundll32|runonce|runscripthelper|sc|schtasks|scriptrunner|setupapi\.dll|shdocvw\.dll|shell32\.dll|slmgr\.vbs|sqldumper|sqlps|sqltoolsps|squirrel|syncappvpublishingserver|syncappvpublishingserver\.vbs|syssetup\.dll|te|tracker|tttracer|update|url\.dll|verclsid|vsjitdebugger|wab|winrm\.vbs|winword|wmic|wscript|wsl|wsreset|xwizard|zipfldr\.dll)\s[0m
[30;1m339 | [0m[35m    expected = "\n".join([0m
[30;1m340 | [0m[35m        [[0m
[30;1m341 | [0m[35m            "Values are not sufficiently close.",[0m
[30;1m342 | [0m[35m            "To update values, use --force-regen option.",[0m
[30;1m343 | [0m[35m        ][0m
[30;1m344 | [0m[35m    )[0m
[30;1m345 | [0m[35m    assert expected in obtained_error_msg[0m

[31m--[ [0m[34mMatch #[0m[33m11[0m[34m of [0m[33m61[0m[31m ]--[0m
   Rule Id: [34mBD000600[0m
       Tag: [34mSecurity.Backdoor.LOLBAS.Windows[0m
  Severity: [36mModerate[0m, Confidence: [36mLow[0m
  Filename: [33m/pytest_regressions-2.7.0/tests/test_ndarrays_regression.py[0m
   Pattern: [32m\s(advpack\.dll|appvlp|at|atbroker|bash|bginfo|bitsadmin|cdb|certutil|cl_invocation\.ps1|cl_mutexverifiers\.ps1|cmd|cmdkey|cmstp|comsvcs\.dll|control|csc|cscript|csi|devtoolslauncher|dfsvc|diskshadow|dnscmd|dnx|dotnet|dxcap|esentutl|eventvwr|excel|expand|extexport|extrac32|findstr|forfiles|ftp|gfxdownloadwrapper|gpscript|hh|ie4uinit|ieadvpack\.dll|ieaframe\.dll|ic|infdefaultinstall|installutil|jsc|makecab|manage-bde\.wsf|mavinject|mftrace|microsoft\.workflow\.compiler|mmc|msbuild|msconfig|msdeploy|msdt|mshta|mshtml\.dll|msc|msxsl|netsh|odbcconf|pcalua|pcwrun|pcwutl\.dll|pester\.bat|powerpnt|presentationhost|pubprn\.vbs|rcsi|reg|regasm|regedit|register-cimprovider|regsvcs|regsvr32|rpcping|rundll32|runonce|runscripthelper|sc|schtasks|scriptrunner|setupapi\.dll|shdocvw\.dll|shell32\.dll|slmgr\.vbs|sqldumper|sqlps|sqltoolsps|squirrel|syncappvpublishingserver|syncappvpublishingserver\.vbs|syssetup\.dll|te|tracker|tttracer|update|url\.dll|verclsid|vsjitdebugger|wab|winrm\.vbs|winword|wmic|wscript|wsl|wsreset|xwizard|zipfldr\.dll)\s[0m
[30;1m251 | [0m[35m    expected = "\n".join([0m
[30;1m252 | [0m[35m        [[0m
[30;1m253 | [0m[35m            "Values are not sufficiently close.",[0m
[30;1m254 | [0m[35m            "To update values, use --force-regen option.",[0m
[30;1m255 | [0m[35m        ][0m
[30;1m256 | [0m[35m    )[0m
[30;1m257 | [0m[35m    assert expected in obtained_error_msg[0m

[31m--[ [0m[34mMatch #[0m[33m12[0m[34m of [0m[33m61[0m[31m ]--[0m
   Rule Id: [34mBD000600[0m
       Tag: [34mSecurity.Backdoor.LOLBAS.Windows[0m
  Severity: [36mModerate[0m, Confidence: [36mLow[0m
  Filename: [33m/pytest_regressions-2.7.0/tests/test_ndarrays_regression.py[0m
   Pattern: [32m\s(advpack\.dll|appvlp|at|atbroker|bash|bginfo|bitsadmin|cdb|certutil|cl_invocation\.ps1|cl_mutexverifiers\.ps1|cmd|cmdkey|cmstp|comsvcs\.dll|control|csc|cscript|csi|devtoolslauncher|dfsvc|diskshadow|dnscmd|dnx|dotnet|dxcap|esentutl|eventvwr|excel|expand|extexport|extrac32|findstr|forfiles|ftp|gfxdownloadwrapper|gpscript|hh|ie4uinit|ieadvpack\.dll|ieaframe\.dll|ic|infdefaultinstall|installutil|jsc|makecab|manage-bde\.wsf|mavinject|mftrace|microsoft\.workflow\.compiler|mmc|msbuild|msconfig|msdeploy|msdt|mshta|mshtml\.dll|msc|msxsl|netsh|odbcconf|pcalua|pcwrun|pcwutl\.dll|pester\.bat|powerpnt|presentationhost|pubprn\.vbs|rcsi|reg|regasm|regedit|register-cimprovider|regsvcs|regsvr32|rpcping|rundll32|runonce|runscripthelper|sc|schtasks|scriptrunner|setupapi\.dll|shdocvw\.dll|shell32\.dll|slmgr\.vbs|sqldumper|sqlps|sqltoolsps|squirrel|syncappvpublishingserver|syncappvpublishingserver\.vbs|syssetup\.dll|te|tracker|tttracer|update|url\.dll|verclsid|vsjitdebugger|wab|winrm\.vbs|winword|wmic|wscript|wsl|wsreset|xwizard|zipfldr\.dll)\s[0m
[30;1m184 | [0m[35m    expected = "\n".join([0m
[30;1m185 | [0m[35m        [[0m
[30;1m186 | [0m[35m            "Values are not sufficiently close.",[0m
[30;1m187 | [0m[35m            "To update values, use --force-regen option.",[0m
[30;1m188 | [0m[35m        ][0m
[30;1m189 | [0m[35m    )[0m
[30;1m190 | [0m[35m    assert expected in obtained_error_msg[0m

[31m--[ [0m[34mMatch #[0m[33m13[0m[34m of [0m[33m61[0m[31m ]--[0m
   Rule Id: [34mBD000600[0m
       Tag: [34mSecurity.Backdoor.LOLBAS.Windows[0m
  Severity: [36mModerate[0m, Confidence: [36mLow[0m
  Filename: [33m/pytest_regressions-2.7.0/tests/test_ndarrays_regression.py[0m
   Pattern: [32m\s(advpack\.dll|appvlp|at|atbroker|bash|bginfo|bitsadmin|cdb|certutil|cl_invocation\.ps1|cl_mutexverifiers\.ps1|cmd|cmdkey|cmstp|comsvcs\.dll|control|csc|cscript|csi|devtoolslauncher|dfsvc|diskshadow|dnscmd|dnx|dotnet|dxcap|esentutl|eventvwr|excel|expand|extexport|extrac32|findstr|forfiles|ftp|gfxdownloadwrapper|gpscript|hh|ie4uinit|ieadvpack\.dll|ieaframe\.dll|ic|infdefaultinstall|installutil|jsc|makecab|manage-bde\.wsf|mavinject|mftrace|microsoft\.workflow\.compiler|mmc|msbuild|msconfig|msdeploy|msdt|mshta|mshtml\.dll|msc|msxsl|netsh|odbcconf|pcalua|pcwrun|pcwutl\.dll|pester\.bat|powerpnt|presentationhost|pubprn\.vbs|rcsi|reg|regasm|regedit|register-cimprovider|regsvcs|regsvr32|rpcping|rundll32|runonce|runscripthelper|sc|schtasks|scriptrunner|setupapi\.dll|shdocvw\.dll|shell32\.dll|slmgr\.vbs|sqldumper|sqlps|sqltoolsps|squirrel|syncappvpublishingserver|syncappvpublishingserver\.vbs|syssetup\.dll|te|tracker|tttracer|update|url\.dll|verclsid|vsjitdebugger|wab|winrm\.vbs|winword|wmic|wscript|wsl|wsreset|xwizard|zipfldr\.dll)\s[0m
[30;1m156 | [0m[35m    expected = "\n".join([0m
[30;1m157 | [0m[35m        [[0m
[30;1m158 | [0m[35m            "Values are not sufficiently close.",[0m
[30;1m159 | [0m[35m            "To update values, use --force-regen option.",[0m
[30;1m160 | [0m[35m        ][0m
[30;1m161 | [0m[35m    )[0m
[30;1m162 | [0m[35m    assert expected in obtained_error_msg[0m

[31m--[ [0m[34mMatch #[0m[33m14[0m[34m of [0m[33m61[0m[31m ]--[0m
   Rule Id: [34mBD000600[0m
       Tag: [34mSecurity.Backdoor.LOLBAS.Windows[0m
  Severity: [36mModerate[0m, Confidence: [36mLow[0m
  Filename: [33m/pytest_regressions-2.7.0/tests/test_ndarrays_regression.py[0m
   Pattern: [32m\s(advpack\.dll|appvlp|at|atbroker|bash|bginfo|bitsadmin|cdb|certutil|cl_invocation\.ps1|cl_mutexverifiers\.ps1|cmd|cmdkey|cmstp|comsvcs\.dll|control|csc|cscript|csi|devtoolslauncher|dfsvc|diskshadow|dnscmd|dnx|dotnet|dxcap|esentutl|eventvwr|excel|expand|extexport|extrac32|findstr|forfiles|ftp|gfxdownloadwrapper|gpscript|hh|ie4uinit|ieadvpack\.dll|ieaframe\.dll|ic|infdefaultinstall|installutil|jsc|makecab|manage-bde\.wsf|mavinject|mftrace|microsoft\.workflow\.compiler|mmc|msbuild|msconfig|msdeploy|msdt|mshta|mshtml\.dll|msc|msxsl|netsh|odbcconf|pcalua|pcwrun|pcwutl\.dll|pester\.bat|powerpnt|presentationhost|pubprn\.vbs|rcsi|reg|regasm|regedit|register-cimprovider|regsvcs|regsvr32|rpcping|rundll32|runonce|runscripthelper|sc|schtasks|scriptrunner|setupapi\.dll|shdocvw\.dll|shell32\.dll|slmgr\.vbs|sqldumper|sqlps|sqltoolsps|squirrel|syncappvpublishingserver|syncappvpublishingserver\.vbs|syssetup\.dll|te|tracker|tttracer|update|url\.dll|verclsid|vsjitdebugger|wab|winrm\.vbs|winword|wmic|wscript|wsl|wsreset|xwizard|zipfldr\.dll)\s[0m
[30;1m88 | [0m[35m    expected = "\n".join([0m
[30;1m89 | [0m[35m        [[0m
[30;1m90 | [0m[35m            "Values are not sufficiently close.",[0m
[30;1m91 | [0m[35m            "To update values, use --force-regen option.",[0m
[30;1m92 | [0m[35m        ][0m
[30;1m93 | [0m[35m    )[0m
[30;1m94 | [0m[35m    assert expected in obtained_error_msg[0m

[31m--[ [0m[34mMatch #[0m[33m15[0m[34m of [0m[33m61[0m[31m ]--[0m
   Rule Id: [34mBD000600[0m
       Tag: [34mSecurity.Backdoor.LOLBAS.Windows[0m
  Severity: [36mModerate[0m, Confidence: [36mLow[0m
  Filename: [33m/pytest_regressions-2.7.0/tests/test_ndarrays_regression.py[0m
   Pattern: [32m\s(advpack\.dll|appvlp|at|atbroker|bash|bginfo|bitsadmin|cdb|certutil|cl_invocation\.ps1|cl_mutexverifiers\.ps1|cmd|cmdkey|cmstp|comsvcs\.dll|control|csc|cscript|csi|devtoolslauncher|dfsvc|diskshadow|dnscmd|dnx|dotnet|dxcap|esentutl|eventvwr|excel|expand|extexport|extrac32|findstr|forfiles|ftp|gfxdownloadwrapper|gpscript|hh|ie4uinit|ieadvpack\.dll|ieaframe\.dll|ic|infdefaultinstall|installutil|jsc|makecab|manage-bde\.wsf|mavinject|mftrace|microsoft\.workflow\.compiler|mmc|msbuild|msconfig|msdeploy|msdt|mshta|mshtml\.dll|msc|msxsl|netsh|odbcconf|pcalua|pcwrun|pcwutl\.dll|pester\.bat|powerpnt|presentationhost|pubprn\.vbs|rcsi|reg|regasm|regedit|register-cimprovider|regsvcs|regsvr32|rpcping|rundll32|runonce|runscripthelper|sc|schtasks|scriptrunner|setupapi\.dll|shdocvw\.dll|shell32\.dll|slmgr\.vbs|sqldumper|sqlps|sqltoolsps|squirrel|syncappvpublishingserver|syncappvpublishingserver\.vbs|syssetup\.dll|te|tracker|tttracer|update|url\.dll|verclsid|vsjitdebugger|wab|winrm\.vbs|winword|wmic|wscript|wsl|wsreset|xwizard|zipfldr\.dll)\s[0m
[30;1m59 | [0m[35m    expected = "\n".join([0m
[30;1m60 | [0m[35m        [[0m
[30;1m61 | [0m[35m            "Values are not sufficiently close.",[0m
[30;1m62 | [0m[35m            "To update values, use --force-regen option.",[0m
[30;1m63 | [0m[35m        ][0m
[30;1m64 | [0m[35m    )[0m
[30;1m65 | [0m[35m    assert expected in obtained_error_msg[0m

[31m--[ [0m[34mMatch #[0m[33m16[0m[34m of [0m[33m61[0m[31m ]--[0m
   Rule Id: [34mBD000600[0m
       Tag: [34mSecurity.Backdoor.LOLBAS.Windows[0m
  Severity: [36mModerate[0m, Confidence: [36mLow[0m
  Filename: [33m/pytest_regressions-2.7.0/tests/test_dataframe_regression.py[0m
   Pattern: [32m\s(advpack\.dll|appvlp|at|atbroker|bash|bginfo|bitsadmin|cdb|certutil|cl_invocation\.ps1|cl_mutexverifiers\.ps1|cmd|cmdkey|cmstp|comsvcs\.dll|control|csc|cscript|csi|devtoolslauncher|dfsvc|diskshadow|dnscmd|dnx|dotnet|dxcap|esentutl|eventvwr|excel|expand|extexport|extrac32|findstr|forfiles|ftp|gfxdownloadwrapper|gpscript|hh|ie4uinit|ieadvpack\.dll|ieaframe\.dll|ic|infdefaultinstall|installutil|jsc|makecab|manage-bde\.wsf|mavinject|mftrace|microsoft\.workflow\.compiler|mmc|msbuild|msconfig|msdeploy|msdt|mshta|mshtml\.dll|msc|msxsl|netsh|odbcconf|pcalua|pcwrun|pcwutl\.dll|pester\.bat|powerpnt|presentationhost|pubprn\.vbs|rcsi|reg|regasm|regedit|register-cimprovider|regsvcs|regsvr32|rpcping|rundll32|runonce|runscripthelper|sc|schtasks|scriptrunner|setupapi\.dll|shdocvw\.dll|shell32\.dll|slmgr\.vbs|sqldumper|sqlps|sqltoolsps|squirrel|syncappvpublishingserver|syncappvpublishingserver\.vbs|syssetup\.dll|te|tracker|tttracer|update|url\.dll|verclsid|vsjitdebugger|wab|winrm\.vbs|winword|wmic|wscript|wsl|wsreset|xwizard|zipfldr\.dll)\s[0m
[30;1m242 | [0m[35m        dataframe_regression.check(pd.DataFrame.from_dict(data1))[0m
[30;1m243 | [0m[35m    obtained_error_msg = str(excinfo.value)[0m
[30;1m244 | [0m[35m    assert "Values are not sufficiently close." in obtained_error_msg[0m
[30;1m245 | [0m[35m    assert "To update values, use --force-regen option." in obtained_error_msg[0m
[30;1m246 | [0m[35m    assert "2           yikes           yummy    ?" in obtained_error_msg[0m
[30;1m247 | [0m[35m    assert ([0m
[30;1m248 | [0m[35m        "WARNING: diffs for this kind of data type cannot be computed"[0m

[31m--[ [0m[34mMatch #[0m[33m17[0m[34m of [0m[33m61[0m[31m ]--[0m
   Rule Id: [34mBD000600[0m
       Tag: [34mSecurity.Backdoor.LOLBAS.Windows[0m
  Severity: [36mModerate[0m, Confidence: [36mLow[0m
  Filename: [33m/pytest_regressions-2.7.0/tests/test_dataframe_regression.py[0m
   Pattern: [32m\s(advpack\.dll|appvlp|at|atbroker|bash|bginfo|bitsadmin|cdb|certutil|cl_invocation\.ps1|cl_mutexverifiers\.ps1|cmd|cmdkey|cmstp|comsvcs\.dll|control|csc|cscript|csi|devtoolslauncher|dfsvc|diskshadow|dnscmd|dnx|dotnet|dxcap|esentutl|eventvwr|excel|expand|extexport|extrac32|findstr|forfiles|ftp|gfxdownloadwrapper|gpscript|hh|ie4uinit|ieadvpack\.dll|ieaframe\.dll|ic|infdefaultinstall|installutil|jsc|makecab|manage-bde\.wsf|mavinject|mftrace|microsoft\.workflow\.compiler|mmc|msbuild|msconfig|msdeploy|msdt|mshta|mshtml\.dll|msc|msxsl|netsh|odbcconf|pcalua|pcwrun|pcwutl\.dll|pester\.bat|powerpnt|presentationhost|pubprn\.vbs|rcsi|reg|regasm|regedit|register-cimprovider|regsvcs|regsvr32|rpcping|rundll32|runonce|runscripthelper|sc|schtasks|scriptrunner|setupapi\.dll|shdocvw\.dll|shell32\.dll|slmgr\.vbs|sqldumper|sqlps|sqltoolsps|squirrel|syncappvpublishingserver|syncappvpublishingserver\.vbs|syssetup\.dll|te|tracker|tttracer|update|url\.dll|verclsid|vsjitdebugger|wab|winrm\.vbs|winword|wmic|wscript|wsl|wsreset|xwizard|zipfldr\.dll)\s[0m
[30;1m209 | [0m[35m    expected = "\n".join([0m
[30;1m210 | [0m[35m        [[0m
[30;1m211 | [0m[35m            "Values are not sufficiently close.",[0m
[30;1m212 | [0m[35m            "To update values, use --force-regen option.",[0m
[30;1m213 | [0m[35m        ][0m
[30;1m214 | [0m[35m    )[0m
[30;1m215 | [0m[35m    assert expected in obtained_error_msg[0m

[31m--[ [0m[34mMatch #[0m[33m18[0m[34m of [0m[33m61[0m[31m ]--[0m
   Rule Id: [34mBD000600[0m
       Tag: [34mSecurity.Backdoor.LOLBAS.Windows[0m
  Severity: [36mModerate[0m, Confidence: [36mLow[0m
  Filename: [33m/pytest_regressions-2.7.0/tests/test_dataframe_regression.py[0m
   Pattern: [32m\s(advpack\.dll|appvlp|at|atbroker|bash|bginfo|bitsadmin|cdb|certutil|cl_invocation\.ps1|cl_mutexverifiers\.ps1|cmd|cmdkey|cmstp|comsvcs\.dll|control|csc|cscript|csi|devtoolslauncher|dfsvc|diskshadow|dnscmd|dnx|dotnet|dxcap|esentutl|eventvwr|excel|expand|extexport|extrac32|findstr|forfiles|ftp|gfxdownloadwrapper|gpscript|hh|ie4uinit|ieadvpack\.dll|ieaframe\.dll|ic|infdefaultinstall|installutil|jsc|makecab|manage-bde\.wsf|mavinject|mftrace|microsoft\.workflow\.compiler|mmc|msbuild|msconfig|msdeploy|msdt|mshta|mshtml\.dll|msc|msxsl|netsh|odbcconf|pcalua|pcwrun|pcwutl\.dll|pester\.bat|powerpnt|presentationhost|pubprn\.vbs|rcsi|reg|regasm|regedit|register-cimprovider|regsvcs|regsvr32|rpcping|rundll32|runonce|runscripthelper|sc|schtasks|scriptrunner|setupapi\.dll|shdocvw\.dll|shell32\.dll|slmgr\.vbs|sqldumper|sqlps|sqltoolsps|squirrel|syncappvpublishingserver|syncappvpublishingserver\.vbs|syssetup\.dll|te|tracker|tttracer|update|url\.dll|verclsid|vsjitdebugger|wab|winrm\.vbs|winword|wmic|wscript|wsl|wsreset|xwizard|zipfldr\.dll)\s[0m
[30;1m132 | [0m[35m        "\n".join([0m
[30;1m133 | [0m[35m            [[0m
[30;1m134 | [0m[35m                "Values are not sufficiently close.",[0m
[30;1m135 | [0m[35m                "To update values, use --force-regen option.",[0m
[30;1m136 | [0m[35m            ][0m
[30;1m137 | [0m[35m        )[0m
[30;1m138 | [0m[35m        in obtained_error_msg[0m

[31m--[ [0m[34mMatch #[0m[33m19[0m[34m of [0m[33m61[0m[31m ]--[0m
   Rule Id: [34mBD000600[0m
       Tag: [34mSecurity.Backdoor.LOLBAS.Windows[0m
  Severity: [36mModerate[0m, Confidence: [36mLow[0m
  Filename: [33m/pytest_regressions-2.7.0/tests/test_dataframe_regression.py[0m
   Pattern: [32m\s(advpack\.dll|appvlp|at|atbroker|bash|bginfo|bitsadmin|cdb|certutil|cl_invocation\.ps1|cl_mutexverifiers\.ps1|cmd|cmdkey|cmstp|comsvcs\.dll|control|csc|cscript|csi|devtoolslauncher|dfsvc|diskshadow|dnscmd|dnx|dotnet|dxcap|esentutl|eventvwr|excel|expand|extexport|extrac32|findstr|forfiles|ftp|gfxdownloadwrapper|gpscript|hh|ie4uinit|ieadvpack\.dll|ieaframe\.dll|ic|infdefaultinstall|installutil|jsc|makecab|manage-bde\.wsf|mavinject|mftrace|microsoft\.workflow\.compiler|mmc|msbuild|msconfig|msdeploy|msdt|mshta|mshtml\.dll|msc|msxsl|netsh|odbcconf|pcalua|pcwrun|pcwutl\.dll|pester\.bat|powerpnt|presentationhost|pubprn\.vbs|rcsi|reg|regasm|regedit|register-cimprovider|regsvcs|regsvr32|rpcping|rundll32|runonce|runscripthelper|sc|schtasks|scriptrunner|setupapi\.dll|shdocvw\.dll|shell32\.dll|slmgr\.vbs|sqldumper|sqlps|sqltoolsps|squirrel|syncappvpublishingserver|syncappvpublishingserver\.vbs|syssetup\.dll|te|tracker|tttracer|update|url\.dll|verclsid|vsjitdebugger|wab|winrm\.vbs|winword|wmic|wscript|wsl|wsreset|xwizard|zipfldr\.dll)\s[0m
[30;1m91 | [0m[35m    expected = "\n".join([0m
[30;1m92 | [0m[35m        [[0m
[30;1m93 | [0m[35m            "Values are not sufficiently close.",[0m
[30;1m94 | [0m[35m            "To update values, use --force-regen option.",[0m
[30;1m95 | [0m[35m        ][0m
[30;1m96 | [0m[35m    )[0m
[30;1m97 | [0m[35m    assert expected in obtained_error_msg[0m

[31m--[ [0m[34mMatch #[0m[33m20[0m[34m of [0m[33m61[0m[31m ]--[0m
   Rule Id: [34mBD000600[0m
       Tag: [34mSecurity.Backdoor.LOLBAS.Windows[0m
  Severity: [36mModerate[0m, Confidence: [36mLow[0m
  Filename: [33m/pytest_regressions-2.7.0/tests/test_dataframe_regression.py[0m
   Pattern: [32m\s(advpack\.dll|appvlp|at|atbroker|bash|bginfo|bitsadmin|cdb|certutil|cl_invocation\.ps1|cl_mutexverifiers\.ps1|cmd|cmdkey|cmstp|comsvcs\.dll|control|csc|cscript|csi|devtoolslauncher|dfsvc|diskshadow|dnscmd|dnx|dotnet|dxcap|esentutl|eventvwr|excel|expand|extexport|extrac32|findstr|forfiles|ftp|gfxdownloadwrapper|gpscript|hh|ie4uinit|ieadvpack\.dll|ieaframe\.dll|ic|infdefaultinstall|installutil|jsc|makecab|manage-bde\.wsf|mavinject|mftrace|microsoft\.workflow\.compiler|mmc|msbuild|msconfig|msdeploy|msdt|mshta|mshtml\.dll|msc|msxsl|netsh|odbcconf|pcalua|pcwrun|pcwutl\.dll|pester\.bat|powerpnt|presentationhost|pubprn\.vbs|rcsi|reg|regasm|regedit|register-cimprovider|regsvcs|regsvr32|rpcping|rundll32|runonce|runscripthelper|sc|schtasks|scriptrunner|setupapi\.dll|shdocvw\.dll|shell32\.dll|slmgr\.vbs|sqldumper|sqlps|sqltoolsps|squirrel|syncappvpublishingserver|syncappvpublishingserver\.vbs|syssetup\.dll|te|tracker|tttracer|update|url\.dll|verclsid|vsjitdebugger|wab|winrm\.vbs|winword|wmic|wscript|wsl|wsreset|xwizard|zipfldr\.dll)\s[0m
[30;1m64 | [0m[35m    expected = "\n".join([0m
[30;1m65 | [0m[35m        [[0m
[30;1m66 | [0m[35m            "Values are not sufficiently close.",[0m
[30;1m67 | [0m[35m            "To update values, use --force-regen option.",[0m
[30;1m68 | [0m[35m        ][0m
[30;1m69 | [0m[35m    )[0m
[30;1m70 | [0m[35m    assert expected in obtained_error_msg[0m

[31m--[ [0m[34mMatch #[0m[33m21[0m[34m of [0m[33m61[0m[31m ]--[0m
   Rule Id: [34mBD000610[0m
       Tag: [34mSecurity.Backdoor.LOLBAS.Linux[0m
  Severity: [36mModerate[0m, Confidence: [36mLow[0m
  Filename: [33m/pytest_regressions-2.7.0/CHANGELOG.rst[0m
   Pattern: [32m\s(apt|apt\-get|aria2c|arp|ash|awk|base64|bash|bpftrace|busybox|cat|chmod|chown|cp|cpan|cpulimit|crontab|csh|curl|cut|dash|dd|diff|dmesg|dmsetup|dnf|docker|dpkg|easy_install|ed|emacs|env|expand|expect|facter|find|finger|flock|fmt|ftp|gawk|gdb|gimp|git|grep|head|iftop|ionice|ip|irb|jjs|journalctl|jrunscript|ksh|ld\.so|ldconfig|logsave|ltrace|lua|mail|mawk|mount|mtr|mv|mysql|nano|nawk|nc|nice|nl|nmap|node|od|openssl|perl|pg|php|pic|pico|pip|puppet|readelf|red|rlogin|rlwrap|rpm|rpmquery|rsync|ruby|run\-mailcap|run\-parts|rvim|scp|screen|script|sed|service|setarch|sftp|shuf|smbclient|socat|sort|sqlite3|ssh|start\-stop\-daemon|stdbuf|strace|systemctl|tail|tar|taskset|tclsh|tcpdump|tee|telnet|tftp|time|timeout|tmux|top|ul|unexpand|uniq|unshare|vi|vim|watch|wget|whois|wish|xargs|xxd|yum|zsh|zypper)\s[0m
[30;1m96 | [0m[35m1.0.5 (2018-11-20)[0m
[30;1m97 | [0m[35m------------------[0m
[30;1m98 | [0m[35m[0m
[30;1m99 | [0m[35m* `#15 <https://github.com/ESSS/pytest-regressions/pull/15>`__: Remove some extra line separators fr[0m
[30;1m100 | [0m[35m[0m
[30;1m101 | [0m[35m1.0.4 (2018-10-18)[0m
[30;1m102 | [0m[35m------------------[0m

[31m--[ [0m[34mMatch #[0m[33m22[0m[34m of [0m[33m61[0m[31m ]--[0m
   Rule Id: [34mBD000600[0m
       Tag: [34mSecurity.Backdoor.LOLBAS.Windows[0m
  Severity: [36mModerate[0m, Confidence: [36mLow[0m
  Filename: [33m/pytest_regressions-2.7.0/tests/test_num_regression.py[0m
   Pattern: [32m\s(advpack\.dll|appvlp|at|atbroker|bash|bginfo|bitsadmin|cdb|certutil|cl_invocation\.ps1|cl_mutexverifiers\.ps1|cmd|cmdkey|cmstp|comsvcs\.dll|control|csc|cscript|csi|devtoolslauncher|dfsvc|diskshadow|dnscmd|dnx|dotnet|dxcap|esentutl|eventvwr|excel|expand|extexport|extrac32|findstr|forfiles|ftp|gfxdownloadwrapper|gpscript|hh|ie4uinit|ieadvpack\.dll|ieaframe\.dll|ic|infdefaultinstall|installutil|jsc|makecab|manage-bde\.wsf|mavinject|mftrace|microsoft\.workflow\.compiler|mmc|msbuild|msconfig|msdeploy|msdt|mshta|mshtml\.dll|msc|msxsl|netsh|odbcconf|pcalua|pcwrun|pcwutl\.dll|pester\.bat|powerpnt|presentationhost|pubprn\.vbs|rcsi|reg|regasm|regedit|register-cimprovider|regsvcs|regsvr32|rpcping|rundll32|runonce|runscripthelper|sc|schtasks|scriptrunner|setupapi\.dll|shdocvw\.dll|shell32\.dll|slmgr\.vbs|sqldumper|sqlps|sqltoolsps|squirrel|syncappvpublishingserver|syncappvpublishingserver\.vbs|syssetup\.dll|te|tracker|tttracer|update|url\.dll|verclsid|vsjitdebugger|wab|winrm\.vbs|winword|wmic|wscript|wsl|wsreset|xwizard|zipfldr\.dll)\s[0m
[30;1m229 | [0m[35m    expected = "\n".join([0m
[30;1m230 | [0m[35m        [[0m
[30;1m231 | [0m[35m            "Values are not sufficiently close.",[0m
[30;1m232 | [0m[35m            "To update values, use --force-regen option.",[0m
[30;1m233 | [0m[35m        ][0m
[30;1m234 | [0m[35m    )[0m
[30;1m235 | [0m[35m    assert expected in obtained_error_msg[0m

[31m--[ [0m[34mMatch #[0m[33m23[0m[34m of [0m[33m61[0m[31m ]--[0m
   Rule Id: [34mBD000600[0m
       Tag: [34mSecurity.Backdoor.LOLBAS.Windows[0m
  Severity: [36mModerate[0m, Confidence: [36mLow[0m
  Filename: [33m/pytest_regressions-2.7.0/tests/test_num_regression.py[0m
   Pattern: [32m\s(advpack\.dll|appvlp|at|atbroker|bash|bginfo|bitsadmin|cdb|certutil|cl_invocation\.ps1|cl_mutexverifiers\.ps1|cmd|cmdkey|cmstp|comsvcs\.dll|control|csc|cscript|csi|devtoolslauncher|dfsvc|diskshadow|dnscmd|dnx|dotnet|dxcap|esentutl|eventvwr|excel|expand|extexport|extrac32|findstr|forfiles|ftp|gfxdownloadwrapper|gpscript|hh|ie4uinit|ieadvpack\.dll|ieaframe\.dll|ic|infdefaultinstall|installutil|jsc|makecab|manage-bde\.wsf|mavinject|mftrace|microsoft\.workflow\.compiler|mmc|msbuild|msconfig|msdeploy|msdt|mshta|mshtml\.dll|msc|msxsl|netsh|odbcconf|pcalua|pcwrun|pcwutl\.dll|pester\.bat|powerpnt|presentationhost|pubprn\.vbs|rcsi|reg|regasm|regedit|register-cimprovider|regsvcs|regsvr32|rpcping|rundll32|runonce|runscripthelper|sc|schtasks|scriptrunner|setupapi\.dll|shdocvw\.dll|shell32\.dll|slmgr\.vbs|sqldumper|sqlps|sqltoolsps|squirrel|syncappvpublishingserver|syncappvpublishingserver\.vbs|syssetup\.dll|te|tracker|tttracer|update|url\.dll|verclsid|vsjitdebugger|wab|winrm\.vbs|winword|wmic|wscript|wsl|wsreset|xwizard|zipfldr\.dll)\s[0m
[30;1m132 | [0m[35m        "\n".join([0m
[30;1m133 | [0m[35m            [[0m
[30;1m134 | [0m[35m                "Values are not sufficiently close.",[0m
[30;1m135 | [0m[35m                "To update values, use --force-regen option.",[0m
[30;1m136 | [0m[35m            ][0m
[30;1m137 | [0m[35m        )[0m
[30;1m138 | [0m[35m        in obtained_error_msg[0m

[31m--[ [0m[34mMatch #[0m[33m24[0m[34m of [0m[33m61[0m[31m ]--[0m
   Rule Id: [34mBD000600[0m
       Tag: [34mSecurity.Backdoor.LOLBAS.Windows[0m
  Severity: [36mModerate[0m, Confidence: [36mLow[0m
  Filename: [33m/pytest_regressions-2.7.0/tests/test_num_regression.py[0m
   Pattern: [32m\s(advpack\.dll|appvlp|at|atbroker|bash|bginfo|bitsadmin|cdb|certutil|cl_invocation\.ps1|cl_mutexverifiers\.ps1|cmd|cmdkey|cmstp|comsvcs\.dll|control|csc|cscript|csi|devtoolslauncher|dfsvc|diskshadow|dnscmd|dnx|dotnet|dxcap|esentutl|eventvwr|excel|expand|extexport|extrac32|findstr|forfiles|ftp|gfxdownloadwrapper|gpscript|hh|ie4uinit|ieadvpack\.dll|ieaframe\.dll|ic|infdefaultinstall|installutil|jsc|makecab|manage-bde\.wsf|mavinject|mftrace|microsoft\.workflow\.compiler|mmc|msbuild|msconfig|msdeploy|msdt|mshta|mshtml\.dll|msc|msxsl|netsh|odbcconf|pcalua|pcwrun|pcwutl\.dll|pester\.bat|powerpnt|presentationhost|pubprn\.vbs|rcsi|reg|regasm|regedit|register-cimprovider|regsvcs|regsvr32|rpcping|rundll32|runonce|runscripthelper|sc|schtasks|scriptrunner|setupapi\.dll|shdocvw\.dll|shell32\.dll|slmgr\.vbs|sqldumper|sqlps|sqltoolsps|squirrel|syncappvpublishingserver|syncappvpublishingserver\.vbs|syssetup\.dll|te|tracker|tttracer|update|url\.dll|verclsid|vsjitdebugger|wab|winrm\.vbs|winword|wmic|wscript|wsl|wsreset|xwizard|zipfldr\.dll)\s[0m
[30;1m91 | [0m[35m    expected = "\n".join([0m
[30;1m92 | [0m[35m        [[0m
[30;1m93 | [0m[35m            "Values are not sufficiently close.",[0m
[30;1m94 | [0m[35m            "To update values, use --force-regen option.",[0m
[30;1m95 | [0m[35m        ][0m
[30;1m96 | [0m[35m    )[0m
[30;1m97 | [0m[35m    assert expected in obtained_error_msg[0m

[31m--[ [0m[34mMatch #[0m[33m25[0m[34m of [0m[33m61[0m[31m ]--[0m
   Rule Id: [34mBD000600[0m
       Tag: [34mSecurity.Backdoor.LOLBAS.Windows[0m
  Severity: [36mModerate[0m, Confidence: [36mLow[0m
  Filename: [33m/pytest_regressions-2.7.0/tests/test_num_regression.py[0m
   Pattern: [32m\s(advpack\.dll|appvlp|at|atbroker|bash|bginfo|bitsadmin|cdb|certutil|cl_invocation\.ps1|cl_mutexverifiers\.ps1|cmd|cmdkey|cmstp|comsvcs\.dll|control|csc|cscript|csi|devtoolslauncher|dfsvc|diskshadow|dnscmd|dnx|dotnet|dxcap|esentutl|eventvwr|excel|expand|extexport|extrac32|findstr|forfiles|ftp|gfxdownloadwrapper|gpscript|hh|ie4uinit|ieadvpack\.dll|ieaframe\.dll|ic|infdefaultinstall|installutil|jsc|makecab|manage-bde\.wsf|mavinject|mftrace|microsoft\.workflow\.compiler|mmc|msbuild|msconfig|msdeploy|msdt|mshta|mshtml\.dll|msc|msxsl|netsh|odbcconf|pcalua|pcwrun|pcwutl\.dll|pester\.bat|powerpnt|presentationhost|pubprn\.vbs|rcsi|reg|regasm|regedit|register-cimprovider|regsvcs|regsvr32|rpcping|rundll32|runonce|runscripthelper|sc|schtasks|scriptrunner|setupapi\.dll|shdocvw\.dll|shell32\.dll|slmgr\.vbs|sqldumper|sqlps|sqltoolsps|squirrel|syncappvpublishingserver|syncappvpublishingserver\.vbs|syssetup\.dll|te|tracker|tttracer|update|url\.dll|verclsid|vsjitdebugger|wab|winrm\.vbs|winword|wmic|wscript|wsl|wsreset|xwizard|zipfldr\.dll)\s[0m
[30;1m61 | [0m[35m    expected = "\n".join([0m
[30;1m62 | [0m[35m        [[0m
[30;1m63 | [0m[35m            "Values are not sufficiently close.",[0m
[30;1m64 | [0m[35m            "To update values, use --force-regen option.",[0m
[30;1m65 | [0m[35m        ][0m
[30;1m66 | [0m[35m    )[0m
[30;1m67 | [0m[35m    assert expected in obtained_error_msg[0m

[31m--[ [0m[34mMatch #[0m[33m26[0m[34m of [0m[33m61[0m[31m ]--[0m
   Rule Id: [34mBD000610[0m
       Tag: [34mSecurity.Backdoor.LOLBAS.Linux[0m
  Severity: [36mModerate[0m, Confidence: [36mLow[0m
  Filename: [33m/pytest_regressions-2.7.0/.gitignore[0m
   Pattern: [32m\s(apt|apt\-get|aria2c|arp|ash|awk|base64|bash|bpftrace|busybox|cat|chmod|chown|cp|cpan|cpulimit|crontab|csh|curl|cut|dash|dd|diff|dmesg|dmsetup|dnf|docker|dpkg|easy_install|ed|emacs|env|expand|expect|facter|find|finger|flock|fmt|ftp|gawk|gdb|gimp|git|grep|head|iftop|ionice|ip|irb|jjs|journalctl|jrunscript|ksh|ld\.so|ldconfig|logsave|ltrace|lua|mail|mawk|mount|mtr|mv|mysql|nano|nawk|nc|nice|nl|nmap|node|od|openssl|perl|pg|php|pic|pico|pip|puppet|readelf|red|rlogin|rlwrap|rpm|rpmquery|rsync|ruby|run\-mailcap|run\-parts|rvim|scp|screen|script|sed|service|setarch|sftp|shuf|smbclient|socat|sort|sqlite3|ssh|start\-stop\-daemon|stdbuf|strace|systemctl|tail|tar|taskset|tclsh|tcpdump|tee|telnet|tftp|time|timeout|tmux|top|ul|unexpand|uniq|unshare|vi|vim|watch|wget|whois|wish|xargs|xxd|yum|zsh|zypper)\s[0m
[30;1m25 | [0m[35m*.egg[0m
[30;1m26 | [0m[35m[0m
[30;1m27 | [0m[35m# PyInstaller[0m
[30;1m28 | [0m[35m#  Usually these files are written by a python script from a template[0m
[30;1m29 | [0m[35m#  before PyInstaller builds the exe, so as to inject date/other infos into it.[0m
[30;1m30 | [0m[35m*.manifest[0m
[30;1m31 | [0m[35m*.spec[0m

[31m--[ [0m[34mMatch #[0m[33m27[0m[34m of [0m[33m61[0m[31m ]--[0m
   Rule Id: [34mBD000600[0m
       Tag: [34mSecurity.Backdoor.LOLBAS.Windows[0m
  Severity: [36mModerate[0m, Confidence: [36mLow[0m
  Filename: [33m/pytest_regressions-2.7.0/doc/index.rst[0m
   Pattern: [32m\s(advpack\.dll|appvlp|at|atbroker|bash|bginfo|bitsadmin|cdb|certutil|cl_invocation\.ps1|cl_mutexverifiers\.ps1|cmd|cmdkey|cmstp|comsvcs\.dll|control|csc|cscript|csi|devtoolslauncher|dfsvc|diskshadow|dnscmd|dnx|dotnet|dxcap|esentutl|eventvwr|excel|expand|extexport|extrac32|findstr|forfiles|ftp|gfxdownloadwrapper|gpscript|hh|ie4uinit|ieadvpack\.dll|ieaframe\.dll|ic|infdefaultinstall|installutil|jsc|makecab|manage-bde\.wsf|mavinject|mftrace|microsoft\.workflow\.compiler|mmc|msbuild|msconfig|msdeploy|msdt|mshta|mshtml\.dll|msc|msxsl|netsh|odbcconf|pcalua|pcwrun|pcwutl\.dll|pester\.bat|powerpnt|presentationhost|pubprn\.vbs|rcsi|reg|regasm|regedit|register-cimprovider|regsvcs|regsvr32|rpcping|rundll32|runonce|runscripthelper|sc|schtasks|scriptrunner|setupapi\.dll|shdocvw\.dll|shell32\.dll|slmgr\.vbs|sqldumper|sqlps|sqltoolsps|squirrel|syncappvpublishingserver|syncappvpublishingserver\.vbs|syssetup\.dll|te|tracker|tttracer|update|url\.dll|verclsid|vsjitdebugger|wab|winrm\.vbs|winword|wmic|wscript|wsl|wsreset|xwizard|zipfldr\.dll)\s[0m
[30;1m1 | [0m[35m.. pytest-regressions documentation master file, created by[0m
[30;1m2 | [0m[35m   sphinx-quickstart on Tue Jul 31 10:24:10 2018.[0m
[30;1m3 | [0m[35m   You can adapt this file completely to your liking, but it should at least[0m
[30;1m4 | [0m[35m   contain the root `toctree` directive.[0m
[30;1m5 | [0m[35m[0m
[30;1m6 | [0m[35mpytest-regressions[0m

[31m--[ [0m[34mMatch #[0m[33m28[0m[34m of [0m[33m61[0m[31m ]--[0m
   Rule Id: [34mBD000610[0m
       Tag: [34mSecurity.Backdoor.LOLBAS.Linux[0m
  Severity: [36mModerate[0m, Confidence: [36mLow[0m
  Filename: [33m/pytest_regressions-2.7.0/doc/installation.rst[0m
   Pattern: [32m\s(apt|apt\-get|aria2c|arp|ash|awk|base64|bash|bpftrace|busybox|cat|chmod|chown|cp|cpan|cpulimit|crontab|csh|curl|cut|dash|dd|diff|dmesg|dmsetup|dnf|docker|dpkg|easy_install|ed|emacs|env|expand|expect|facter|find|finger|flock|fmt|ftp|gawk|gdb|gimp|git|grep|head|iftop|ionice|ip|irb|jjs|journalctl|jrunscript|ksh|ld\.so|ldconfig|logsave|ltrace|lua|mail|mawk|mount|mtr|mv|mysql|nano|nawk|nc|nice|nl|nmap|node|od|openssl|perl|pg|php|pic|pico|pip|puppet|readelf|red|rlogin|rlwrap|rpm|rpmquery|rsync|ruby|run\-mailcap|run\-parts|rvim|scp|screen|script|sed|service|setarch|sftp|shuf|smbclient|socat|sort|sqlite3|ssh|start\-stop\-daemon|stdbuf|strace|systemctl|tail|tar|taskset|tclsh|tcpdump|tee|telnet|tftp|time|timeout|tmux|top|ul|unexpand|uniq|unshare|vi|vim|watch|wget|whois|wish|xargs|xxd|yum|zsh|zypper)\s[0m
[30;1m8 | [0m[35mIf you want to use the ``dataframe``, ``num`` or ``image`` fixtures, you can[0m
[30;1m9 | [0m[35mchoose to install the correct dependencies by passing one or a list of their names as an extra::[0m
[30;1m10 | [0m[35m[0m
[30;1m11 | [0m[35m    $ pip install pytest-regressions[dataframe,num,image][0m
[30;1m12 | [0m[35m[0m
[30;1m13 | [0m[35mOr if you are using ``conda``::[0m
[30;1m14 | [0m[35m[0m

[31m--[ [0m[34mMatch #[0m[33m29[0m[34m of [0m[33m61[0m[31m ]--[0m
   Rule Id: [34mBD000610[0m
       Tag: [34mSecurity.Backdoor.LOLBAS.Linux[0m
  Severity: [36mModerate[0m, Confidence: [36mLow[0m
  Filename: [33m/pytest_regressions-2.7.0/doc/installation.rst[0m
   Pattern: [32m\s(apt|apt\-get|aria2c|arp|ash|awk|base64|bash|bpftrace|busybox|cat|chmod|chown|cp|cpan|cpulimit|crontab|csh|curl|cut|dash|dd|diff|dmesg|dmsetup|dnf|docker|dpkg|easy_install|ed|emacs|env|expand|expect|facter|find|finger|flock|fmt|ftp|gawk|gdb|gimp|git|grep|head|iftop|ionice|ip|irb|jjs|journalctl|jrunscript|ksh|ld\.so|ldconfig|logsave|ltrace|lua|mail|mawk|mount|mtr|mv|mysql|nano|nawk|nc|nice|nl|nmap|node|od|openssl|perl|pg|php|pic|pico|pip|puppet|readelf|red|rlogin|rlwrap|rpm|rpmquery|rsync|ruby|run\-mailcap|run\-parts|rvim|scp|screen|script|sed|service|setarch|sftp|shuf|smbclient|socat|sort|sqlite3|ssh|start\-stop\-daemon|stdbuf|strace|systemctl|tail|tar|taskset|tclsh|tcpdump|tee|telnet|tftp|time|timeout|tmux|top|ul|unexpand|uniq|unshare|vi|vim|watch|wget|whois|wish|xargs|xxd|yum|zsh|zypper)\s[0m
[30;1m3 | [0m[35m[0m
[30;1m4 | [0m[35mInstall ``pytest-regressions`` using ``pip``::[0m
[30;1m5 | [0m[35m[0m
[30;1m6 | [0m[35m    $ pip install pytest-regressions[0m
[30;1m7 | [0m[35m[0m
[30;1m8 | [0m[35mIf you want to use the ``dataframe``, ``num`` or ``image`` fixtures, you can[0m
[30;1m9 | [0m[35mchoose to install the correct dependencies by passing one or a list of their names as an extra::[0m

[31m--[ [0m[34mMatch #[0m[33m30[0m[34m of [0m[33m61[0m[31m ]--[0m
   Rule Id: [34mBD000600[0m
       Tag: [34mSecurity.Backdoor.LOLBAS.Windows[0m
  Severity: [36mModerate[0m, Confidence: [36mLow[0m
  Filename: [33m/pytest_regressions-2.7.0/doc/overview.rst[0m
   Pattern: [32m\s(advpack\.dll|appvlp|at|atbroker|bash|bginfo|bitsadmin|cdb|certutil|cl_invocation\.ps1|cl_mutexverifiers\.ps1|cmd|cmdkey|cmstp|comsvcs\.dll|control|csc|cscript|csi|devtoolslauncher|dfsvc|diskshadow|dnscmd|dnx|dotnet|dxcap|esentutl|eventvwr|excel|expand|extexport|extrac32|findstr|forfiles|ftp|gfxdownloadwrapper|gpscript|hh|ie4uinit|ieadvpack\.dll|ieaframe\.dll|ic|infdefaultinstall|installutil|jsc|makecab|manage-bde\.wsf|mavinject|mftrace|microsoft\.workflow\.compiler|mmc|msbuild|msconfig|msdeploy|msdt|mshta|mshtml\.dll|msc|msxsl|netsh|odbcconf|pcalua|pcwrun|pcwutl\.dll|pester\.bat|powerpnt|presentationhost|pubprn\.vbs|rcsi|reg|regasm|regedit|register-cimprovider|regsvcs|regsvr32|rpcping|rundll32|runonce|runscripthelper|sc|schtasks|scriptrunner|setupapi\.dll|shdocvw\.dll|shell32\.dll|slmgr\.vbs|sqldumper|sqlps|sqltoolsps|squirrel|syncappvpublishingserver|syncappvpublishingserver\.vbs|syssetup\.dll|te|tracker|tttracer|update|url\.dll|verclsid|vsjitdebugger|wab|winrm\.vbs|winword|wmic|wscript|wsl|wsreset|xwizard|zipfldr\.dll)\s[0m
[30;1m147 | [0m[35m[0m
[30;1m148 | [0m[35m[0m
[30;1m149 | [0m[35mWith this flag, the regression fixtures will regenerate all files but will not fail the tests themse[0m
[30;1m150 | [0m[35measy to update all regression files in a single pytest run when individual tests contain multiple re[0m
[30;1m151 | [0m[35m[0m
[30;1m152 | [0m[35m[0m
[30;1m153 | [0m[35mParametrized tests[0m

[31m--[ [0m[34mMatch #[0m[33m31[0m[34m of [0m[33m61[0m[31m ]--[0m
   Rule Id: [34mBD000600[0m
       Tag: [34mSecurity.Backdoor.LOLBAS.Windows[0m
  Severity: [36mModerate[0m, Confidence: [36mLow[0m
  Filename: [33m/pytest_regressions-2.7.0/doc/overview.rst[0m
   Pattern: [32m\s(advpack\.dll|appvlp|at|atbroker|bash|bginfo|bitsadmin|cdb|certutil|cl_invocation\.ps1|cl_mutexverifiers\.ps1|cmd|cmdkey|cmstp|comsvcs\.dll|control|csc|cscript|csi|devtoolslauncher|dfsvc|diskshadow|dnscmd|dnx|dotnet|dxcap|esentutl|eventvwr|excel|expand|extexport|extrac32|findstr|forfiles|ftp|gfxdownloadwrapper|gpscript|hh|ie4uinit|ieadvpack\.dll|ieaframe\.dll|ic|infdefaultinstall|installutil|jsc|makecab|manage-bde\.wsf|mavinject|mftrace|microsoft\.workflow\.compiler|mmc|msbuild|msconfig|msdeploy|msdt|mshta|mshtml\.dll|msc|msxsl|netsh|odbcconf|pcalua|pcwrun|pcwutl\.dll|pester\.bat|powerpnt|presentationhost|pubprn\.vbs|rcsi|reg|regasm|regedit|register-cimprovider|regsvcs|regsvr32|rpcping|rundll32|runonce|runscripthelper|sc|schtasks|scriptrunner|setupapi\.dll|shdocvw\.dll|shell32\.dll|slmgr\.vbs|sqldumper|sqlps|sqltoolsps|squirrel|syncappvpublishingserver|syncappvpublishingserver\.vbs|syssetup\.dll|te|tracker|tttracer|update|url\.dll|verclsid|vsjitdebugger|wab|winrm\.vbs|winword|wmic|wscript|wsl|wsreset|xwizard|zipfldr\.dll)\s[0m
[30;1m129 | [0m[35m~~~~~~~~~~~~~~~~~[0m
[30;1m130 | [0m[35m[0m
[30;1m131 | [0m[35mIf the test fails because the new data is correct (the implementation might be returning more inform[0m
[30;1m132 | [0m[35mgrids for example), then you can use the ``--force-regen`` flag to update the expected file::[0m
[30;1m133 | [0m[35m[0m
[30;1m134 | [0m[35m    $ pytest --force-regen[0m
[30;1m135 | [0m[35m[0m

[31m--[ [0m[34mMatch #[0m[33m32[0m[34m of [0m[33m61[0m[31m ]--[0m
   Rule Id: [34mBD000600[0m
       Tag: [34mSecurity.Backdoor.LOLBAS.Windows[0m
  Severity: [36mModerate[0m, Confidence: [36mLow[0m
  Filename: [33m/pytest_regressions-2.7.0/doc/overview.rst[0m
   Pattern: [32m\s(advpack\.dll|appvlp|at|atbroker|bash|bginfo|bitsadmin|cdb|certutil|cl_invocation\.ps1|cl_mutexverifiers\.ps1|cmd|cmdkey|cmstp|comsvcs\.dll|control|csc|cscript|csi|devtoolslauncher|dfsvc|diskshadow|dnscmd|dnx|dotnet|dxcap|esentutl|eventvwr|excel|expand|extexport|extrac32|findstr|forfiles|ftp|gfxdownloadwrapper|gpscript|hh|ie4uinit|ieadvpack\.dll|ieaframe\.dll|ic|infdefaultinstall|installutil|jsc|makecab|manage-bde\.wsf|mavinject|mftrace|microsoft\.workflow\.compiler|mmc|msbuild|msconfig|msdeploy|msdt|mshta|mshtml\.dll|msc|msxsl|netsh|odbcconf|pcalua|pcwrun|pcwutl\.dll|pester\.bat|powerpnt|presentationhost|pubprn\.vbs|rcsi|reg|regasm|regedit|register-cimprovider|regsvcs|regsvr32|rpcping|rundll32|runonce|runscripthelper|sc|schtasks|scriptrunner|setupapi\.dll|shdocvw\.dll|shell32\.dll|slmgr\.vbs|sqldumper|sqlps|sqltoolsps|squirrel|syncappvpublishingserver|syncappvpublishingserver\.vbs|syssetup\.dll|te|tracker|tttracer|update|url\.dll|verclsid|vsjitdebugger|wab|winrm\.vbs|winword|wmic|wscript|wsl|wsreset|xwizard|zipfldr\.dll)\s[0m
[30;1m65 | [0m[35m* Error-prone.[0m
[30;1m66 | [0m[35m* If a check fails, we don't know what else might be wrong with the obtained data.[0m
[30;1m67 | [0m[35m* Does not scale for large data.[0m
[30;1m68 | [0m[35m* **Maintenance burden**: if the data changes in the future (and it will) it will be a major headach[0m
[30;1m69 | [0m[35m  specially if there are a lot of similar tests like this one.[0m
[30;1m70 | [0m[35m[0m
[30;1m71 | [0m[35m[0m

[31m--[ [0m[34mMatch #[0m[33m33[0m[34m of [0m[33m61[0m[31m ]--[0m
   Rule Id: [34mBD000610[0m
       Tag: [34mSecurity.Backdoor.LOLBAS.Linux[0m
  Severity: [36mModerate[0m, Confidence: [36mLow[0m
  Filename: [33m/pytest_regressions-2.7.0/doc/overview.rst[0m
   Pattern: [32m\s(apt|apt\-get|aria2c|arp|ash|awk|base64|bash|bpftrace|busybox|cat|chmod|chown|cp|cpan|cpulimit|crontab|csh|curl|cut|dash|dd|diff|dmesg|dmsetup|dnf|docker|dpkg|easy_install|ed|emacs|env|expand|expect|facter|find|finger|flock|fmt|ftp|gawk|gdb|gimp|git|grep|head|iftop|ionice|ip|irb|jjs|journalctl|jrunscript|ksh|ld\.so|ldconfig|logsave|ltrace|lua|mail|mawk|mount|mtr|mv|mysql|nano|nawk|nc|nice|nl|nmap|node|od|openssl|perl|pg|php|pic|pico|pip|puppet|readelf|red|rlogin|rlwrap|rpm|rpmquery|rsync|ruby|run\-mailcap|run\-parts|rvim|scp|screen|script|sed|service|setarch|sftp|shuf|smbclient|socat|sort|sqlite3|ssh|start\-stop\-daemon|stdbuf|strace|systemctl|tail|tar|taskset|tclsh|tcpdump|tee|telnet|tftp|time|timeout|tmux|top|ul|unexpand|uniq|unshare|vi|vim|watch|wget|whois|wish|xargs|xxd|yum|zsh|zypper)\s[0m
[30;1m123 | [0m[35m    This file should be committed to version control.[0m
[30;1m124 | [0m[35m[0m
[30;1m125 | [0m[35mThe next time you run this test, it will compare the results of ``summary_grids()`` with the content[0m
[30;1m126 | [0m[35mIf they match, the test passes. If they don't match the test will fail, showing a nice diff of the t[0m
[30;1m127 | [0m[35m[0m
[30;1m128 | [0m[35m``--force-regen``[0m
[30;1m129 | [0m[35m~~~~~~~~~~~~~~~~~[0m

[31m--[ [0m[34mMatch #[0m[33m34[0m[34m of [0m[33m61[0m[31m ]--[0m
   Rule Id: [34mBD000610[0m
       Tag: [34mSecurity.Backdoor.LOLBAS.Linux[0m
  Severity: [36mModerate[0m, Confidence: [36mLow[0m
  Filename: [33m/pytest_regressions-2.7.0/doc/overview.rst[0m
   Pattern: [32m\s(apt|apt\-get|aria2c|arp|ash|awk|base64|bash|bpftrace|busybox|cat|chmod|chown|cp|cpan|cpulimit|crontab|csh|curl|cut|dash|dd|diff|dmesg|dmsetup|dnf|docker|dpkg|easy_install|ed|emacs|env|expand|expect|facter|find|finger|flock|fmt|ftp|gawk|gdb|gimp|git|grep|head|iftop|ionice|ip|irb|jjs|journalctl|jrunscript|ksh|ld\.so|ldconfig|logsave|ltrace|lua|mail|mawk|mount|mtr|mv|mysql|nano|nawk|nc|nice|nl|nmap|node|od|openssl|perl|pg|php|pic|pico|pip|puppet|readelf|red|rlogin|rlwrap|rpm|rpmquery|rsync|ruby|run\-mailcap|run\-parts|rvim|scp|screen|script|sed|service|setarch|sftp|shuf|smbclient|socat|sort|sqlite3|ssh|start\-stop\-daemon|stdbuf|strace|systemctl|tail|tar|taskset|tclsh|tcpdump|tee|telnet|tftp|time|timeout|tmux|top|ul|unexpand|uniq|unshare|vi|vim|watch|wget|whois|wish|xargs|xxd|yum|zsh|zypper)\s[0m
[30;1m122 | [0m[35m[0m
[30;1m123 | [0m[35m    This file should be committed to version control.[0m
[30;1m124 | [0m[35m[0m
[30;1m125 | [0m[35mThe next time you run this test, it will compare the results of ``summary_grids()`` with the content[0m
[30;1m126 | [0m[35mIf they match, the test passes. If they don't match the test will fail, showing a nice diff of the t[0m
[30;1m127 | [0m[35m[0m
[30;1m128 | [0m[35m``--force-regen``[0m

[31m--[ [0m[34mMatch #[0m[33m35[0m[34m of [0m[33m61[0m[31m ]--[0m
   Rule Id: [34mBD000610[0m
       Tag: [34mSecurity.Backdoor.LOLBAS.Linux[0m
  Severity: [36mModerate[0m, Confidence: [36mLow[0m
  Filename: [33m/pytest_regressions-2.7.0/doc/overview.rst[0m
   Pattern: [32m\s(apt|apt\-get|aria2c|arp|ash|awk|base64|bash|bpftrace|busybox|cat|chmod|chown|cp|cpan|cpulimit|crontab|csh|curl|cut|dash|dd|diff|dmesg|dmsetup|dnf|docker|dpkg|easy_install|ed|emacs|env|expand|expect|facter|find|finger|flock|fmt|ftp|gawk|gdb|gimp|git|grep|head|iftop|ionice|ip|irb|jjs|journalctl|jrunscript|ksh|ld\.so|ldconfig|logsave|ltrace|lua|mail|mawk|mount|mtr|mv|mysql|nano|nawk|nc|nice|nl|nmap|node|od|openssl|perl|pg|php|pic|pico|pip|puppet|readelf|red|rlogin|rlwrap|rpm|rpmquery|rsync|ruby|run\-mailcap|run\-parts|rvim|scp|screen|script|sed|service|setarch|sftp|shuf|smbclient|socat|sort|sqlite3|ssh|start\-stop\-daemon|stdbuf|strace|systemctl|tail|tar|taskset|tclsh|tcpdump|tee|telnet|tftp|time|timeout|tmux|top|ul|unexpand|uniq|unshare|vi|vim|watch|wget|whois|wish|xargs|xxd|yum|zsh|zypper)\s[0m
[30;1m84 | [0m[35m        data_regression.check(data)[0m
[30;1m85 | [0m[35m[0m
[30;1m86 | [0m[35m[0m
[30;1m87 | [0m[35mThe first time your run this test, it will *fail* with a message like this::[0m
[30;1m88 | [0m[35m[0m
[30;1m89 | [0m[35m[0m
[30;1m90 | [0m[35m    >           pytest.fail(msg)[0m

[31m--[ [0m[34mMatch #[0m[33m36[0m[34m of [0m[33m61[0m[31m ]--[0m
   Rule Id: [34mBD000600[0m
       Tag: [34mSecurity.Backdoor.LOLBAS.Windows[0m
  Severity: [36mModerate[0m, Confidence: [36mLow[0m
  Filename: [33m/pytest_regressions-2.7.0/README.rst[0m
   Pattern: [32m\s(advpack\.dll|appvlp|at|atbroker|bash|bginfo|bitsadmin|cdb|certutil|cl_invocation\.ps1|cl_mutexverifiers\.ps1|cmd|cmdkey|cmstp|comsvcs\.dll|control|csc|cscript|csi|devtoolslauncher|dfsvc|diskshadow|dnscmd|dnx|dotnet|dxcap|esentutl|eventvwr|excel|expand|extexport|extrac32|findstr|forfiles|ftp|gfxdownloadwrapper|gpscript|hh|ie4uinit|ieadvpack\.dll|ieaframe\.dll|ic|infdefaultinstall|installutil|jsc|makecab|manage-bde\.wsf|mavinject|mftrace|microsoft\.workflow\.compiler|mmc|msbuild|msconfig|msdeploy|msdt|mshta|mshtml\.dll|msc|msxsl|netsh|odbcconf|pcalua|pcwrun|pcwutl\.dll|pester\.bat|powerpnt|presentationhost|pubprn\.vbs|rcsi|reg|regasm|regedit|register-cimprovider|regsvcs|regsvr32|rpcping|rundll32|runonce|runscripthelper|sc|schtasks|scriptrunner|setupapi\.dll|shdocvw\.dll|shell32\.dll|slmgr\.vbs|sqldumper|sqlps|sqltoolsps|squirrel|syncappvpublishingserver|syncappvpublishingserver\.vbs|syssetup\.dll|te|tracker|tttracer|update|url\.dll|verclsid|vsjitdebugger|wab|winrm\.vbs|winword|wmic|wscript|wsl|wsreset|xwizard|zipfldr\.dll)\s[0m
[30;1m41 | [0m[35mContributing[0m
[30;1m42 | [0m[35m------------[0m
[30;1m43 | [0m[35mContributions are very welcome. Tests can be run with `tox`_, please ensure[0m
[30;1m44 | [0m[35mthe coverage at least stays the same before you submit a pull request.[0m
[30;1m45 | [0m[35m[0m
[30;1m46 | [0m[35mLicense[0m
[30;1m47 | [0m[35m-------[0m

[31m--[ [0m[34mMatch #[0m[33m37[0m[34m of [0m[33m61[0m[31m ]--[0m
   Rule Id: [34mBD000600[0m
       Tag: [34mSecurity.Backdoor.LOLBAS.Windows[0m
  Severity: [36mModerate[0m, Confidence: [36mLow[0m
  Filename: [33m/pytest_regressions-2.7.0/src/pytest_regressions.egg-info/PKG-INFO[0m
   Pattern: [32m\s(advpack\.dll|appvlp|at|atbroker|bash|bginfo|bitsadmin|cdb|certutil|cl_invocation\.ps1|cl_mutexverifiers\.ps1|cmd|cmdkey|cmstp|comsvcs\.dll|control|csc|cscript|csi|devtoolslauncher|dfsvc|diskshadow|dnscmd|dnx|dotnet|dxcap|esentutl|eventvwr|excel|expand|extexport|extrac32|findstr|forfiles|ftp|gfxdownloadwrapper|gpscript|hh|ie4uinit|ieadvpack\.dll|ieaframe\.dll|ic|infdefaultinstall|installutil|jsc|makecab|manage-bde\.wsf|mavinject|mftrace|microsoft\.workflow\.compiler|mmc|msbuild|msconfig|msdeploy|msdt|mshta|mshtml\.dll|msc|msxsl|netsh|odbcconf|pcalua|pcwrun|pcwutl\.dll|pester\.bat|powerpnt|presentationhost|pubprn\.vbs|rcsi|reg|regasm|regedit|register-cimprovider|regsvcs|regsvr32|rpcping|rundll32|runonce|runscripthelper|sc|schtasks|scriptrunner|setupapi\.dll|shdocvw\.dll|shell32\.dll|slmgr\.vbs|sqldumper|sqlps|sqltoolsps|squirrel|syncappvpublishingserver|syncappvpublishingserver\.vbs|syssetup\.dll|te|tracker|tttracer|update|url\.dll|verclsid|vsjitdebugger|wab|winrm\.vbs|winword|wmic|wscript|wsl|wsreset|xwizard|zipfldr\.dll)\s[0m
[30;1m103 | [0m[35mContributing[0m
[30;1m104 | [0m[35m------------[0m
[30;1m105 | [0m[35mContributions are very welcome. Tests can be run with `tox`_, please ensure[0m
[30;1m106 | [0m[35mthe coverage at least stays the same before you submit a pull request.[0m
[30;1m107 | [0m[35m[0m
[30;1m108 | [0m[35mLicense[0m
[30;1m109 | [0m[35m-------[0m

[31m--[ [0m[34mMatch #[0m[33m38[0m[34m of [0m[33m61[0m[31m ]--[0m
   Rule Id: [34mBD000700[0m
       Tag: [34mSecurity.Backdoor.DataExfiltration[0m
  Severity: [36mImportant[0m, Confidence: [36mLow[0m
  Filename: [33m/pytest_regressions-2.7.0/src/pytest_regressions/dataframe_regression.py[0m
   Pattern: [32m\.(request|post|get)\([0m
[30;1m122 | [0m[35m                error_msg += "To update values, use --force-regen option.\n\n"[0m
[30;1m123 | [0m[35m                raise AssertionError(error_msg)[0m
[30;1m124 | [0m[35m[0m
[30;1m125 | [0m[35m            tolerance_args = self._tolerances_dict.get(k, self._default_tolerance)[0m
[30;1m126 | [0m[35m[0m
[30;1m127 | [0m[35m            self._check_data_types(k, obtained_column, expected_column)[0m
[30;1m128 | [0m[35m            self._check_data_shapes(obtained_column, expected_column)[0m

[31m--[ [0m[34mMatch #[0m[33m39[0m[34m of [0m[33m61[0m[31m ]--[0m
   Rule Id: [34mBD000700[0m
       Tag: [34mSecurity.Backdoor.DataExfiltration[0m
  Severity: [36mImportant[0m, Confidence: [36mLow[0m
  Filename: [33m/pytest_regressions-2.7.0/src/pytest_regressions/dataframe_regression.py[0m
   Pattern: [32m\.(request|post|get)\([0m
[30;1m107 | [0m[35m        comparison_tables_dict = {}[0m
[30;1m108 | [0m[35m        for k in obtained_data.keys():[0m
[30;1m109 | [0m[35m            obtained_column = obtained_data[k][0m
[30;1m110 | [0m[35m            expected_column = expected_data.get(k)[0m
[30;1m111 | [0m[35m[0m
[30;1m112 | [0m[35m            if expected_column is None:[0m
[30;1m113 | [0m[35m                error_msg = f"Could not find key '{k}' in the expected results.\n"[0m

[31m--[ [0m[34mMatch #[0m[33m40[0m[34m of [0m[33m61[0m[31m ]--[0m
   Rule Id: [34mBD000600[0m
       Tag: [34mSecurity.Backdoor.LOLBAS.Windows[0m
  Severity: [36mModerate[0m, Confidence: [36mLow[0m
  Filename: [33m/pytest_regressions-2.7.0/src/pytest_regressions/dataframe_regression.py[0m
   Pattern: [32m\s(advpack\.dll|appvlp|at|atbroker|bash|bginfo|bitsadmin|cdb|certutil|cl_invocation\.ps1|cl_mutexverifiers\.ps1|cmd|cmdkey|cmstp|comsvcs\.dll|control|csc|cscript|csi|devtoolslauncher|dfsvc|diskshadow|dnscmd|dnx|dotnet|dxcap|esentutl|eventvwr|excel|expand|extexport|extrac32|findstr|forfiles|ftp|gfxdownloadwrapper|gpscript|hh|ie4uinit|ieadvpack\.dll|ieaframe\.dll|ic|infdefaultinstall|installutil|jsc|makecab|manage-bde\.wsf|mavinject|mftrace|microsoft\.workflow\.compiler|mmc|msbuild|msconfig|msdeploy|msdt|mshta|mshtml\.dll|msc|msxsl|netsh|odbcconf|pcalua|pcwrun|pcwutl\.dll|pester\.bat|powerpnt|presentationhost|pubprn\.vbs|rcsi|reg|regasm|regedit|register-cimprovider|regsvcs|regsvr32|rpcping|rundll32|runonce|runscripthelper|sc|schtasks|scriptrunner|setupapi\.dll|shdocvw\.dll|shell32\.dll|slmgr\.vbs|sqldumper|sqlps|sqltoolsps|squirrel|syncappvpublishingserver|syncappvpublishingserver\.vbs|syssetup\.dll|te|tracker|tttracer|update|url\.dll|verclsid|vsjitdebugger|wab|winrm\.vbs|winword|wmic|wscript|wsl|wsreset|xwizard|zipfldr\.dll)\s[0m
[30;1m163 | [0m[35m[0m
[30;1m164 | [0m[35m        if len(comparison_tables_dict) > 0:[0m
[30;1m165 | [0m[35m            error_msg = "Values are not sufficiently close.\n"[0m
[30;1m166 | [0m[35m            error_msg += "To update values, use --force-regen option.\n\n"[0m
[30;1m167 | [0m[35m            for k, comparison_table in comparison_tables_dict.items():[0m
[30;1m168 | [0m[35m                error_msg += f"{k}:\n{comparison_table}\n\n"[0m
[30;1m169 | [0m[35m            if obtained_column.values.dtype == object:[0m

[31m--[ [0m[34mMatch #[0m[33m41[0m[34m of [0m[33m61[0m[31m ]--[0m
   Rule Id: [34mBD000600[0m
       Tag: [34mSecurity.Backdoor.LOLBAS.Windows[0m
  Severity: [36mModerate[0m, Confidence: [36mLow[0m
  Filename: [33m/pytest_regressions-2.7.0/src/pytest_regressions/dataframe_regression.py[0m
   Pattern: [32m\s(advpack\.dll|appvlp|at|atbroker|bash|bginfo|bitsadmin|cdb|certutil|cl_invocation\.ps1|cl_mutexverifiers\.ps1|cmd|cmdkey|cmstp|comsvcs\.dll|control|csc|cscript|csi|devtoolslauncher|dfsvc|diskshadow|dnscmd|dnx|dotnet|dxcap|esentutl|eventvwr|excel|expand|extexport|extrac32|findstr|forfiles|ftp|gfxdownloadwrapper|gpscript|hh|ie4uinit|ieadvpack\.dll|ieaframe\.dll|ic|infdefaultinstall|installutil|jsc|makecab|manage-bde\.wsf|mavinject|mftrace|microsoft\.workflow\.compiler|mmc|msbuild|msconfig|msdeploy|msdt|mshta|mshtml\.dll|msc|msxsl|netsh|odbcconf|pcalua|pcwrun|pcwutl\.dll|pester\.bat|powerpnt|presentationhost|pubprn\.vbs|rcsi|reg|regasm|regedit|register-cimprovider|regsvcs|regsvr32|rpcping|rundll32|runonce|runscripthelper|sc|schtasks|scriptrunner|setupapi\.dll|shdocvw\.dll|shell32\.dll|slmgr\.vbs|sqldumper|sqlps|sqltoolsps|squirrel|syncappvpublishingserver|syncappvpublishingserver\.vbs|syssetup\.dll|te|tracker|tttracer|update|url\.dll|verclsid|vsjitdebugger|wab|winrm\.vbs|winword|wmic|wscript|wsl|wsreset|xwizard|zipfldr\.dll)\s[0m
[30;1m119 | [0m[35m                for k in expected_data.keys():[0m
[30;1m120 | [0m[35m                    error_msg += f"'{k}', "[0m
[30;1m121 | [0m[35m                error_msg += "]\n"[0m
[30;1m122 | [0m[35m                error_msg += "To update values, use --force-regen option.\n\n"[0m
[30;1m123 | [0m[35m                raise AssertionError(error_msg)[0m
[30;1m124 | [0m[35m[0m
[30;1m125 | [0m[35m            tolerance_args = self._tolerances_dict.get(k, self._default_tolerance)[0m

[31m--[ [0m[34mMatch #[0m[33m42[0m[34m of [0m[33m61[0m[31m ]--[0m
   Rule Id: [34mBD000610[0m
       Tag: [34mSecurity.Backdoor.LOLBAS.Linux[0m
  Severity: [36mModerate[0m, Confidence: [36mLow[0m
  Filename: [33m/pytest_regressions-2.7.0/src/pytest_regressions/dataframe_regression.py[0m
   Pattern: [32m\s(apt|apt\-get|aria2c|arp|ash|awk|base64|bash|bpftrace|busybox|cat|chmod|chown|cp|cpan|cpulimit|crontab|csh|curl|cut|dash|dd|diff|dmesg|dmsetup|dnf|docker|dpkg|easy_install|ed|emacs|env|expand|expect|facter|find|finger|flock|fmt|ftp|gawk|gdb|gimp|git|grep|head|iftop|ionice|ip|irb|jjs|journalctl|jrunscript|ksh|ld\.so|ldconfig|logsave|ltrace|lua|mail|mawk|mount|mtr|mv|mysql|nano|nawk|nc|nice|nl|nmap|node|od|openssl|perl|pg|php|pic|pico|pip|puppet|readelf|red|rlogin|rlwrap|rpm|rpmquery|rsync|ruby|run\-mailcap|run\-parts|rvim|scp|screen|script|sed|service|setarch|sftp|shuf|smbclient|socat|sort|sqlite3|ssh|start\-stop\-daemon|stdbuf|strace|systemctl|tail|tar|taskset|tclsh|tcpdump|tee|telnet|tftp|time|timeout|tmux|top|ul|unexpand|uniq|unshare|vi|vim|watch|wget|whois|wish|xargs|xxd|yum|zsh|zypper)\s[0m
[30;1m110 | [0m[35m            expected_column = expected_data.get(k)[0m
[30;1m111 | [0m[35m[0m
[30;1m112 | [0m[35m            if expected_column is None:[0m
[30;1m113 | [0m[35m                error_msg = f"Could not find key '{k}' in the expected results.\n"[0m
[30;1m114 | [0m[35m                error_msg += "Keys in the obtained data table: ["[0m
[30;1m115 | [0m[35m                for k in obtained_data.keys():[0m
[30;1m116 | [0m[35m                    error_msg += f"'{k}', "[0m

[31m--[ [0m[34mMatch #[0m[33m43[0m[34m of [0m[33m61[0m[31m ]--[0m
   Rule Id: [34mBD000700[0m
       Tag: [34mSecurity.Backdoor.DataExfiltration[0m
  Severity: [36mImportant[0m, Confidence: [36mLow[0m
  Filename: [33m/pytest_regressions-2.7.0/src/pytest_regressions/ndarrays_regression.py[0m
   Pattern: [32m\.(request|post|get)\([0m
[30;1m119 | [0m[35m        comparison_tables_dict = {}[0m
[30;1m120 | [0m[35m        for k, obtained_array in obtained_data.items():[0m
[30;1m121 | [0m[35m            expected_array = expected_data[k][0m
[30;1m122 | [0m[35m            tolerance_args = self._tolerances_dict.get(k, self._default_tolerance)[0m
[30;1m123 | [0m[35m[0m
[30;1m124 | [0m[35m            self._check_data_types(k, obtained_array, expected_array)[0m
[30;1m125 | [0m[35m            self._check_data_shapes(k, obtained_array, expected_array)[0m

[31m--[ [0m[34mMatch #[0m[33m44[0m[34m of [0m[33m61[0m[31m ]--[0m
   Rule Id: [34mBD000600[0m
       Tag: [34mSecurity.Backdoor.LOLBAS.Windows[0m
  Severity: [36mModerate[0m, Confidence: [36mLow[0m
  Filename: [33m/pytest_regressions-2.7.0/src/pytest_regressions/ndarrays_regression.py[0m
   Pattern: [32m\s(advpack\.dll|appvlp|at|atbroker|bash|bginfo|bitsadmin|cdb|certutil|cl_invocation\.ps1|cl_mutexverifiers\.ps1|cmd|cmdkey|cmstp|comsvcs\.dll|control|csc|cscript|csi|devtoolslauncher|dfsvc|diskshadow|dnscmd|dnx|dotnet|dxcap|esentutl|eventvwr|excel|expand|extexport|extrac32|findstr|forfiles|ftp|gfxdownloadwrapper|gpscript|hh|ie4uinit|ieadvpack\.dll|ieaframe\.dll|ic|infdefaultinstall|installutil|jsc|makecab|manage-bde\.wsf|mavinject|mftrace|microsoft\.workflow\.compiler|mmc|msbuild|msconfig|msdeploy|msdt|mshta|mshtml\.dll|msc|msxsl|netsh|odbcconf|pcalua|pcwrun|pcwutl\.dll|pester\.bat|powerpnt|presentationhost|pubprn\.vbs|rcsi|reg|regasm|regedit|register-cimprovider|regsvcs|regsvr32|rpcping|rundll32|runonce|runscripthelper|sc|schtasks|scriptrunner|setupapi\.dll|shdocvw\.dll|shell32\.dll|slmgr\.vbs|sqldumper|sqlps|sqltoolsps|squirrel|syncappvpublishingserver|syncappvpublishingserver\.vbs|syssetup\.dll|te|tracker|tttracer|update|url\.dll|verclsid|vsjitdebugger|wab|winrm\.vbs|winword|wmic|wscript|wsl|wsreset|xwizard|zipfldr\.dll)\s[0m
[30;1m152 | [0m[35m[0m
[30;1m153 | [0m[35m        if len(comparison_tables_dict) > 0:[0m
[30;1m154 | [0m[35m            error_msg = "Values are not sufficiently close.\n"[0m
[30;1m155 | [0m[35m            error_msg += "To update values, use --force-regen option.\n\n"[0m
[30;1m156 | [0m[35m            for k, ([0m
[30;1m157 | [0m[35m                size,[0m
[30;1m158 | [0m[35m                shape,[0m

[31m--[ [0m[34mMatch #[0m[33m45[0m[34m of [0m[33m61[0m[31m ]--[0m
   Rule Id: [34mBD000600[0m
       Tag: [34mSecurity.Backdoor.LOLBAS.Windows[0m
  Severity: [36mModerate[0m, Confidence: [36mLow[0m
  Filename: [33m/pytest_regressions-2.7.0/src/pytest_regressions/ndarrays_regression.py[0m
   Pattern: [32m\s(advpack\.dll|appvlp|at|atbroker|bash|bginfo|bitsadmin|cdb|certutil|cl_invocation\.ps1|cl_mutexverifiers\.ps1|cmd|cmdkey|cmstp|comsvcs\.dll|control|csc|cscript|csi|devtoolslauncher|dfsvc|diskshadow|dnscmd|dnx|dotnet|dxcap|esentutl|eventvwr|excel|expand|extexport|extrac32|findstr|forfiles|ftp|gfxdownloadwrapper|gpscript|hh|ie4uinit|ieadvpack\.dll|ieaframe\.dll|ic|infdefaultinstall|installutil|jsc|makecab|manage-bde\.wsf|mavinject|mftrace|microsoft\.workflow\.compiler|mmc|msbuild|msconfig|msdeploy|msdt|mshta|mshtml\.dll|msc|msxsl|netsh|odbcconf|pcalua|pcwrun|pcwutl\.dll|pester\.bat|powerpnt|presentationhost|pubprn\.vbs|rcsi|reg|regasm|regedit|register-cimprovider|regsvcs|regsvr32|rpcping|rundll32|runonce|runscripthelper|sc|schtasks|scriptrunner|setupapi\.dll|shdocvw\.dll|shell32\.dll|slmgr\.vbs|sqldumper|sqlps|sqltoolsps|squirrel|syncappvpublishingserver|syncappvpublishingserver\.vbs|syssetup\.dll|te|tracker|tttracer|update|url\.dll|verclsid|vsjitdebugger|wab|winrm\.vbs|winword|wmic|wscript|wsl|wsreset|xwizard|zipfldr\.dll)\s[0m
[30;1m112 | [0m[35m            error_msg += "  Missing from obtained: "[0m
[30;1m113 | [0m[35m            error_msg += str(list(set(expected_data) - set(obtained_data)))[0m
[30;1m114 | [0m[35m            error_msg += "\n"[0m
[30;1m115 | [0m[35m            error_msg += "To update values, use --force-regen option.\n\n"[0m
[30;1m116 | [0m[35m            raise AssertionError(error_msg)[0m
[30;1m117 | [0m[35m[0m
[30;1m118 | [0m[35m        # Compare the contents of the arrays.[0m

[31m--[ [0m[34mMatch #[0m[33m46[0m[34m of [0m[33m61[0m[31m ]--[0m
   Rule Id: [34mBD000600[0m
       Tag: [34mSecurity.Backdoor.LOLBAS.Windows[0m
  Severity: [36mModerate[0m, Confidence: [36mLow[0m
  Filename: [33m/pytest_regressions-2.7.0/src/pytest_regressions/file_regression.py[0m
   Pattern: [32m\s(advpack\.dll|appvlp|at|atbroker|bash|bginfo|bitsadmin|cdb|certutil|cl_invocation\.ps1|cl_mutexverifiers\.ps1|cmd|cmdkey|cmstp|comsvcs\.dll|control|csc|cscript|csi|devtoolslauncher|dfsvc|diskshadow|dnscmd|dnx|dotnet|dxcap|esentutl|eventvwr|excel|expand|extexport|extrac32|findstr|forfiles|ftp|gfxdownloadwrapper|gpscript|hh|ie4uinit|ieadvpack\.dll|ieaframe\.dll|ic|infdefaultinstall|installutil|jsc|makecab|manage-bde\.wsf|mavinject|mftrace|microsoft\.workflow\.compiler|mmc|msbuild|msconfig|msdeploy|msdt|mshta|mshtml\.dll|msc|msxsl|netsh|odbcconf|pcalua|pcwrun|pcwutl\.dll|pester\.bat|powerpnt|presentationhost|pubprn\.vbs|rcsi|reg|regasm|regedit|register-cimprovider|regsvcs|regsvr32|rpcping|rundll32|runonce|runscripthelper|sc|schtasks|scriptrunner|setupapi\.dll|shdocvw\.dll|shell32\.dll|slmgr\.vbs|sqldumper|sqlps|sqltoolsps|squirrel|syncappvpublishingserver|syncappvpublishingserver\.vbs|syssetup\.dll|te|tracker|tttracer|update|url\.dll|verclsid|vsjitdebugger|wab|winrm\.vbs|winword|wmic|wscript|wsl|wsreset|xwizard|zipfldr\.dll)\s[0m
[30;1m106 | [0m[35m            obtained_filename=obtained_filename,[0m
[30;1m107 | [0m[35m        )[0m
[30;1m108 | [0m[35m[0m
[30;1m109 | [0m[35m    # non-PEP 8 alias used internally at ESSS[0m
[30;1m110 | [0m[35m    Check = check[0m

[31m--[ [0m[34mMatch #[0m[33m47[0m[34m of [0m[33m61[0m[31m ]--[0m
   Rule Id: [34mBD000600[0m
       Tag: [34mSecurity.Backdoor.LOLBAS.Windows[0m
  Severity: [36mModerate[0m, Confidence: [36mLow[0m
  Filename: [33m/pytest_regressions-2.7.0/src/pytest_regressions/file_regression.py[0m
   Pattern: [32m\s(advpack\.dll|appvlp|at|atbroker|bash|bginfo|bitsadmin|cdb|certutil|cl_invocation\.ps1|cl_mutexverifiers\.ps1|cmd|cmdkey|cmstp|comsvcs\.dll|control|csc|cscript|csi|devtoolslauncher|dfsvc|diskshadow|dnscmd|dnx|dotnet|dxcap|esentutl|eventvwr|excel|expand|extexport|extrac32|findstr|forfiles|ftp|gfxdownloadwrapper|gpscript|hh|ie4uinit|ieadvpack\.dll|ieaframe\.dll|ic|infdefaultinstall|installutil|jsc|makecab|manage-bde\.wsf|mavinject|mftrace|microsoft\.workflow\.compiler|mmc|msbuild|msconfig|msdeploy|msdt|mshta|mshtml\.dll|msc|msxsl|netsh|odbcconf|pcalua|pcwrun|pcwutl\.dll|pester\.bat|powerpnt|presentationhost|pubprn\.vbs|rcsi|reg|regasm|regedit|register-cimprovider|regsvcs|regsvr32|rpcping|rundll32|runonce|runscripthelper|sc|schtasks|scriptrunner|setupapi\.dll|shdocvw\.dll|shell32\.dll|slmgr\.vbs|sqldumper|sqlps|sqltoolsps|squirrel|syncappvpublishingserver|syncappvpublishingserver\.vbs|syssetup\.dll|te|tracker|tttracer|update|url\.dll|verclsid|vsjitdebugger|wab|winrm\.vbs|winword|wmic|wscript|wsl|wsreset|xwizard|zipfldr\.dll)\s[0m
[30;1m54 | [0m[35m[0m
[30;1m55 | [0m[35m        if binary and encoding:[0m
[30;1m56 | [0m[35m            raise ValueError([0m
[30;1m57 | [0m[35m                "Only binary ({!r}) or encoding ({!r}) parameters must be passed at the same time.".[0m
[30;1m58 | [0m[35m                    binary, encoding[0m
[30;1m59 | [0m[35m                )[0m
[30;1m60 | [0m[35m            )[0m

[31m--[ [0m[34mMatch #[0m[33m48[0m[34m of [0m[33m61[0m[31m ]--[0m
   Rule Id: [34mBD000610[0m
       Tag: [34mSecurity.Backdoor.LOLBAS.Linux[0m
  Severity: [36mModerate[0m, Confidence: [36mLow[0m
  Filename: [33m/pytest_regressions-2.7.0/src/pytest_regressions/common.py[0m
   Pattern: [32m\s(apt|apt\-get|aria2c|arp|ash|awk|base64|bash|bpftrace|busybox|cat|chmod|chown|cp|cpan|cpulimit|crontab|csh|curl|cut|dash|dd|diff|dmesg|dmsetup|dnf|docker|dpkg|easy_install|ed|emacs|env|expand|expect|facter|find|finger|flock|fmt|ftp|gawk|gdb|gimp|git|grep|head|iftop|ionice|ip|irb|jjs|journalctl|jrunscript|ksh|ld\.so|ldconfig|logsave|ltrace|lua|mail|mawk|mount|mtr|mv|mysql|nano|nawk|nc|nice|nl|nmap|node|od|openssl|perl|pg|php|pic|pico|pip|puppet|readelf|red|rlogin|rlwrap|rpm|rpmquery|rsync|ruby|run\-mailcap|run\-parts|rvim|scp|screen|script|sed|service|setarch|sftp|shuf|smbclient|socat|sort|sqlite3|ssh|start\-stop\-daemon|stdbuf|strace|systemctl|tail|tar|taskset|tclsh|tcpdump|tee|telnet|tftp|time|timeout|tmux|top|ul|unexpand|uniq|unshare|vi|vim|watch|wget|whois|wish|xargs|xxd|yum|zsh|zypper)\s[0m
[30;1m72 | [0m[35m            # difflib has exponential scaling and for thousands of lines it starts to take minutes t[0m
[30;1m73 | [0m[35m            # the HTML diff.[0m
[30;1m74 | [0m[35m            msg = [[0m
[30;1m75 | [0m[35m                "Files are different, but diff is too big ({} lines)".format([0m
[30;1m76 | [0m[35m                    len(diff_lines)[0m
[30;1m77 | [0m[35m                ),[0m
[30;1m78 | [0m[35m                f"- obtained: {obtained_fn}",[0m

[31m--[ [0m[34mMatch #[0m[33m49[0m[34m of [0m[33m61[0m[31m ]--[0m
   Rule Id: [34mBD000610[0m
       Tag: [34mSecurity.Backdoor.LOLBAS.Linux[0m
  Severity: [36mModerate[0m, Confidence: [36mLow[0m
  Filename: [33m/pytest_regressions-2.7.0/src/pytest_regressions/common.py[0m
   Pattern: [32m\s(apt|apt\-get|aria2c|arp|ash|awk|base64|bash|bpftrace|busybox|cat|chmod|chown|cp|cpan|cpulimit|crontab|csh|curl|cut|dash|dd|diff|dmesg|dmsetup|dnf|docker|dpkg|easy_install|ed|emacs|env|expand|expect|facter|find|finger|flock|fmt|ftp|gawk|gdb|gimp|git|grep|head|iftop|ionice|ip|irb|jjs|journalctl|jrunscript|ksh|ld\.so|ldconfig|logsave|ltrace|lua|mail|mawk|mount|mtr|mv|mysql|nano|nawk|nc|nice|nl|nmap|node|od|openssl|perl|pg|php|pic|pico|pip|puppet|readelf|red|rlogin|rlwrap|rpm|rpmquery|rsync|ruby|run\-mailcap|run\-parts|rvim|scp|screen|script|sed|service|setarch|sftp|shuf|smbclient|socat|sort|sqlite3|ssh|start\-stop\-daemon|stdbuf|strace|systemctl|tail|tar|taskset|tclsh|tcpdump|tee|telnet|tftp|time|timeout|tmux|top|ul|unexpand|uniq|unshare|vi|vim|watch|wget|whois|wish|xargs|xxd|yum|zsh|zypper)\s[0m
[30;1m66 | [0m[35m[0m
[30;1m67 | [0m[35m            diff = ["FILES DIFFER:", str(expected_fn), str(obtained_fn)][0m
[30;1m68 | [0m[35m            diff += ["HTML DIFF: %s" % html_msg][0m
[30;1m69 | [0m[35m            diff += diff_lines[0m
[30;1m70 | [0m[35m            raise AssertionError("\n".join(diff))[0m
[30;1m71 | [0m[35m        else:[0m
[30;1m72 | [0m[35m            # difflib has exponential scaling and for thousands of lines it starts to take minutes t[0m

[31m--[ [0m[34mMatch #[0m[33m50[0m[34m of [0m[33m61[0m[31m ]--[0m
   Rule Id: [34mBD000610[0m
       Tag: [34mSecurity.Backdoor.LOLBAS.Linux[0m
  Severity: [36mModerate[0m, Confidence: [36mLow[0m
  Filename: [33m/pytest_regressions-2.7.0/src/pytest_regressions/common.py[0m
   Pattern: [32m\s(apt|apt\-get|aria2c|arp|ash|awk|base64|bash|bpftrace|busybox|cat|chmod|chown|cp|cpan|cpulimit|crontab|csh|curl|cut|dash|dd|diff|dmesg|dmsetup|dnf|docker|dpkg|easy_install|ed|emacs|env|expand|expect|facter|find|finger|flock|fmt|ftp|gawk|gdb|gimp|git|grep|head|iftop|ionice|ip|irb|jjs|journalctl|jrunscript|ksh|ld\.so|ldconfig|logsave|ltrace|lua|mail|mawk|mount|mtr|mv|mysql|nano|nawk|nc|nice|nl|nmap|node|od|openssl|perl|pg|php|pic|pico|pip|puppet|readelf|red|rlogin|rlwrap|rpm|rpmquery|rsync|ruby|run\-mailcap|run\-parts|rvim|scp|screen|script|sed|service|setarch|sftp|shuf|smbclient|socat|sort|sqlite3|ssh|start\-stop\-daemon|stdbuf|strace|systemctl|tail|tar|taskset|tclsh|tcpdump|tee|telnet|tftp|time|timeout|tmux|top|ul|unexpand|uniq|unshare|vi|vim|watch|wget|whois|wish|xargs|xxd|yum|zsh|zypper)\s[0m
[30;1m65 | [0m[35m                html_msg = str(html_fn)[0m
[30;1m66 | [0m[35m[0m
[30;1m67 | [0m[35m            diff = ["FILES DIFFER:", str(expected_fn), str(obtained_fn)][0m
[30;1m68 | [0m[35m            diff += ["HTML DIFF: %s" % html_msg][0m
[30;1m69 | [0m[35m            diff += diff_lines[0m
[30;1m70 | [0m[35m            raise AssertionError("\n".join(diff))[0m
[30;1m71 | [0m[35m        else:[0m

[31m--[ [0m[34mMatch #[0m[33m51[0m[34m of [0m[33m61[0m[31m ]--[0m
   Rule Id: [34mBD000610[0m
       Tag: [34mSecurity.Backdoor.LOLBAS.Linux[0m
  Severity: [36mModerate[0m, Confidence: [36mLow[0m
  Filename: [33m/pytest_regressions-2.7.0/src/pytest_regressions/common.py[0m
   Pattern: [32m\s(apt|apt\-get|aria2c|arp|ash|awk|base64|bash|bpftrace|busybox|cat|chmod|chown|cp|cpan|cpulimit|crontab|csh|curl|cut|dash|dd|diff|dmesg|dmsetup|dnf|docker|dpkg|easy_install|ed|emacs|env|expand|expect|facter|find|finger|flock|fmt|ftp|gawk|gdb|gimp|git|grep|head|iftop|ionice|ip|irb|jjs|journalctl|jrunscript|ksh|ld\.so|ldconfig|logsave|ltrace|lua|mail|mawk|mount|mtr|mv|mysql|nano|nawk|nc|nice|nl|nmap|node|od|openssl|perl|pg|php|pic|pico|pip|puppet|readelf|red|rlogin|rlwrap|rpm|rpmquery|rsync|ruby|run\-mailcap|run\-parts|rvim|scp|screen|script|sed|service|setarch|sftp|shuf|smbclient|socat|sort|sqlite3|ssh|start\-stop\-daemon|stdbuf|strace|systemctl|tail|tar|taskset|tclsh|tcpdump|tee|telnet|tftp|time|timeout|tmux|top|ul|unexpand|uniq|unshare|vi|vim|watch|wget|whois|wish|xargs|xxd|yum|zsh|zypper)\s[0m
[30;1m64 | [0m[35m                html_fn.write_text(html_diff, encoding="UTF-8")[0m
[30;1m65 | [0m[35m                html_msg = str(html_fn)[0m
[30;1m66 | [0m[35m[0m
[30;1m67 | [0m[35m            diff = ["FILES DIFFER:", str(expected_fn), str(obtained_fn)][0m
[30;1m68 | [0m[35m            diff += ["HTML DIFF: %s" % html_msg][0m
[30;1m69 | [0m[35m            diff += diff_lines[0m
[30;1m70 | [0m[35m            raise AssertionError("\n".join(diff))[0m

[31m--[ [0m[34mMatch #[0m[33m52[0m[34m of [0m[33m61[0m[31m ]--[0m
   Rule Id: [34mBD000610[0m
       Tag: [34mSecurity.Backdoor.LOLBAS.Linux[0m
  Severity: [36mModerate[0m, Confidence: [36mLow[0m
  Filename: [33m/pytest_regressions-2.7.0/src/pytest_regressions/common.py[0m
   Pattern: [32m\s(apt|apt\-get|aria2c|arp|ash|awk|base64|bash|bpftrace|busybox|cat|chmod|chown|cp|cpan|cpulimit|crontab|csh|curl|cut|dash|dd|diff|dmesg|dmsetup|dnf|docker|dpkg|easy_install|ed|emacs|env|expand|expect|facter|find|finger|flock|fmt|ftp|gawk|gdb|gimp|git|grep|head|iftop|ionice|ip|irb|jjs|journalctl|jrunscript|ksh|ld\.so|ldconfig|logsave|ltrace|lua|mail|mawk|mount|mtr|mv|mysql|nano|nawk|nc|nice|nl|nmap|node|od|openssl|perl|pg|php|pic|pico|pip|puppet|readelf|red|rlogin|rlwrap|rpm|rpmquery|rsync|ruby|run\-mailcap|run\-parts|rvim|scp|screen|script|sed|service|setarch|sftp|shuf|smbclient|socat|sort|sqlite3|ssh|start\-stop\-daemon|stdbuf|strace|systemctl|tail|tar|taskset|tclsh|tcpdump|tee|telnet|tftp|time|timeout|tmux|top|ul|unexpand|uniq|unshare|vi|vim|watch|wget|whois|wish|xargs|xxd|yum|zsh|zypper)\s[0m
[30;1m23 | [0m[35m) -> None:[0m
[30;1m24 | [0m[35m    """[0m
[30;1m25 | [0m[35m    Compare two files contents. If the files differ, show the diff and write a nice HTML[0m
[30;1m26 | [0m[35m    diff file into the data directory.[0m
[30;1m27 | [0m[35m[0m
[30;1m28 | [0m[35m    :param obtained_fn: path to obtained file during current testing.[0m
[30;1m29 | [0m[35m[0m

[31m--[ [0m[34mMatch #[0m[33m53[0m[34m of [0m[33m61[0m[31m ]--[0m
   Rule Id: [34mBD000610[0m
       Tag: [34mSecurity.Backdoor.LOLBAS.Linux[0m
  Severity: [36mModerate[0m, Confidence: [36mLow[0m
  Filename: [33m/pytest_regressions-2.7.0/src/pytest_regressions/common.py[0m
   Pattern: [32m\s(apt|apt\-get|aria2c|arp|ash|awk|base64|bash|bpftrace|busybox|cat|chmod|chown|cp|cpan|cpulimit|crontab|csh|curl|cut|dash|dd|diff|dmesg|dmsetup|dnf|docker|dpkg|easy_install|ed|emacs|env|expand|expect|facter|find|finger|flock|fmt|ftp|gawk|gdb|gimp|git|grep|head|iftop|ionice|ip|irb|jjs|journalctl|jrunscript|ksh|ld\.so|ldconfig|logsave|ltrace|lua|mail|mawk|mount|mtr|mv|mysql|nano|nawk|nc|nice|nl|nmap|node|od|openssl|perl|pg|php|pic|pico|pip|puppet|readelf|red|rlogin|rlwrap|rpm|rpmquery|rsync|ruby|run\-mailcap|run\-parts|rvim|scp|screen|script|sed|service|setarch|sftp|shuf|smbclient|socat|sort|sqlite3|ssh|start\-stop\-daemon|stdbuf|strace|systemctl|tail|tar|taskset|tclsh|tcpdump|tee|telnet|tftp|time|timeout|tmux|top|ul|unexpand|uniq|unshare|vi|vim|watch|wget|whois|wish|xargs|xxd|yum|zsh|zypper)\s[0m
[30;1m22 | [0m[35m    encoding: Optional[str] = None,[0m
[30;1m23 | [0m[35m) -> None:[0m
[30;1m24 | [0m[35m    """[0m
[30;1m25 | [0m[35m    Compare two files contents. If the files differ, show the diff and write a nice HTML[0m
[30;1m26 | [0m[35m    diff file into the data directory.[0m
[30;1m27 | [0m[35m[0m
[30;1m28 | [0m[35m    :param obtained_fn: path to obtained file during current testing.[0m

[31m--[ [0m[34mMatch #[0m[33m54[0m[34m of [0m[33m61[0m[31m ]--[0m
   Rule Id: [34mBD000610[0m
       Tag: [34mSecurity.Backdoor.LOLBAS.Linux[0m
  Severity: [36mModerate[0m, Confidence: [36mLow[0m
  Filename: [33m/pytest_regressions-2.7.0/src/pytest_regressions/common.py[0m
   Pattern: [32m\s(apt|apt\-get|aria2c|arp|ash|awk|base64|bash|bpftrace|busybox|cat|chmod|chown|cp|cpan|cpulimit|crontab|csh|curl|cut|dash|dd|diff|dmesg|dmsetup|dnf|docker|dpkg|easy_install|ed|emacs|env|expand|expect|facter|find|finger|flock|fmt|ftp|gawk|gdb|gimp|git|grep|head|iftop|ionice|ip|irb|jjs|journalctl|jrunscript|ksh|ld\.so|ldconfig|logsave|ltrace|lua|mail|mawk|mount|mtr|mv|mysql|nano|nawk|nc|nice|nl|nmap|node|od|openssl|perl|pg|php|pic|pico|pip|puppet|readelf|red|rlogin|rlwrap|rpm|rpmquery|rsync|ruby|run\-mailcap|run\-parts|rvim|scp|screen|script|sed|service|setarch|sftp|shuf|smbclient|socat|sort|sqlite3|ssh|start\-stop\-daemon|stdbuf|strace|systemctl|tail|tar|taskset|tclsh|tcpdump|tee|telnet|tftp|time|timeout|tmux|top|ul|unexpand|uniq|unshare|vi|vim|watch|wget|whois|wish|xargs|xxd|yum|zsh|zypper)\s[0m
[30;1m22 | [0m[35m    encoding: Optional[str] = None,[0m
[30;1m23 | [0m[35m) -> None:[0m
[30;1m24 | [0m[35m    """[0m
[30;1m25 | [0m[35m    Compare two files contents. If the files differ, show the diff and write a nice HTML[0m
[30;1m26 | [0m[35m    diff file into the data directory.[0m
[30;1m27 | [0m[35m[0m
[30;1m28 | [0m[35m    :param obtained_fn: path to obtained file during current testing.[0m

[31m--[ [0m[34mMatch #[0m[33m55[0m[34m of [0m[33m61[0m[31m ]--[0m
   Rule Id: [34mBD000600[0m
       Tag: [34mSecurity.Backdoor.LOLBAS.Windows[0m
  Severity: [36mModerate[0m, Confidence: [36mLow[0m
  Filename: [33m/pytest_regressions-2.7.0/src/pytest_regressions/image_regression.py[0m
   Pattern: [32m\s(advpack\.dll|appvlp|at|atbroker|bash|bginfo|bitsadmin|cdb|certutil|cl_invocation\.ps1|cl_mutexverifiers\.ps1|cmd|cmdkey|cmstp|comsvcs\.dll|control|csc|cscript|csi|devtoolslauncher|dfsvc|diskshadow|dnscmd|dnx|dotnet|dxcap|esentutl|eventvwr|excel|expand|extexport|extrac32|findstr|forfiles|ftp|gfxdownloadwrapper|gpscript|hh|ie4uinit|ieadvpack\.dll|ieaframe\.dll|ic|infdefaultinstall|installutil|jsc|makecab|manage-bde\.wsf|mavinject|mftrace|microsoft\.workflow\.compiler|mmc|msbuild|msconfig|msdeploy|msdt|mshta|mshtml\.dll|msc|msxsl|netsh|odbcconf|pcalua|pcwrun|pcwutl\.dll|pester\.bat|powerpnt|presentationhost|pubprn\.vbs|rcsi|reg|regasm|regedit|register-cimprovider|regsvcs|regsvr32|rpcping|rundll32|runonce|runscripthelper|sc|schtasks|scriptrunner|setupapi\.dll|shdocvw\.dll|shell32\.dll|slmgr\.vbs|sqldumper|sqlps|sqltoolsps|squirrel|syncappvpublishingserver|syncappvpublishingserver\.vbs|syssetup\.dll|te|tracker|tttracer|update|url\.dll|verclsid|vsjitdebugger|wab|winrm\.vbs|winword|wmic|wscript|wsl|wsreset|xwizard|zipfldr\.dll)\s[0m
[30;1m146 | [0m[35m        :param basename: basename to store the information in the data directory. If none, use the n[0m
[30;1m147 | [0m[35m            of the test function.[0m
[30;1m148 | [0m[35m        :param expect_equal: if the image should considered equal below of the given threshold. If F[0m
[30;1m149 | [0m[35m            image should be considered different at least above the threshold.[0m
[30;1m150 | [0m[35m        :param diff_threshold:[0m
[30;1m151 | [0m[35m            Tolerance as a percentage (1 to 100) on how the images are allowed to differ.[0m
[30;1m152 | [0m[35m        :param fullpath: complete path to use as a reference file. This option[0m

[31m--[ [0m[34mMatch #[0m[33m56[0m[34m of [0m[33m61[0m[31m ]--[0m
   Rule Id: [34mBD000600[0m
       Tag: [34mSecurity.Backdoor.LOLBAS.Windows[0m
  Severity: [36mModerate[0m, Confidence: [36mLow[0m
  Filename: [33m/pytest_regressions-2.7.0/src/pytest_regressions/image_regression.py[0m
   Pattern: [32m\s(advpack\.dll|appvlp|at|atbroker|bash|bginfo|bitsadmin|cdb|certutil|cl_invocation\.ps1|cl_mutexverifiers\.ps1|cmd|cmdkey|cmstp|comsvcs\.dll|control|csc|cscript|csi|devtoolslauncher|dfsvc|diskshadow|dnscmd|dnx|dotnet|dxcap|esentutl|eventvwr|excel|expand|extexport|extrac32|findstr|forfiles|ftp|gfxdownloadwrapper|gpscript|hh|ie4uinit|ieadvpack\.dll|ieaframe\.dll|ic|infdefaultinstall|installutil|jsc|makecab|manage-bde\.wsf|mavinject|mftrace|microsoft\.workflow\.compiler|mmc|msbuild|msconfig|msdeploy|msdt|mshta|mshtml\.dll|msc|msxsl|netsh|odbcconf|pcalua|pcwrun|pcwutl\.dll|pester\.bat|powerpnt|presentationhost|pubprn\.vbs|rcsi|reg|regasm|regedit|register-cimprovider|regsvcs|regsvr32|rpcping|rundll32|runonce|runscripthelper|sc|schtasks|scriptrunner|setupapi\.dll|shdocvw\.dll|shell32\.dll|slmgr\.vbs|sqldumper|sqlps|sqltoolsps|squirrel|syncappvpublishingserver|syncappvpublishingserver\.vbs|syssetup\.dll|te|tracker|tttracer|update|url\.dll|verclsid|vsjitdebugger|wab|winrm\.vbs|winword|wmic|wscript|wsl|wsreset|xwizard|zipfldr\.dll)\s[0m
[30;1m29 | [0m[35m        """[0m
[30;1m30 | [0m[35m        Reads the image from the given file and convert it to RGB if necessary.[0m
[30;1m31 | [0m[35m        This is necessary to be used with the ImageChops module operations.[0m
[30;1m32 | [0m[35m        At this time, in this module, channel operations are only implemented[0m
[30;1m33 | [0m[35m        for 8-bit images (e.g. "L" and "RGB").[0m
[30;1m34 | [0m[35m        """[0m
[30;1m35 | [0m[35m        try:[0m

[31m--[ [0m[34mMatch #[0m[33m57[0m[34m of [0m[33m61[0m[31m ]--[0m
   Rule Id: [34mBD000600[0m
       Tag: [34mSecurity.Backdoor.LOLBAS.Windows[0m
  Severity: [36mModerate[0m, Confidence: [36mLow[0m
  Filename: [33m/pytest_regressions-2.7.0/src/pytest_regressions/data_regression.py[0m
   Pattern: [32m\s(advpack\.dll|appvlp|at|atbroker|bash|bginfo|bitsadmin|cdb|certutil|cl_invocation\.ps1|cl_mutexverifiers\.ps1|cmd|cmdkey|cmstp|comsvcs\.dll|control|csc|cscript|csi|devtoolslauncher|dfsvc|diskshadow|dnscmd|dnx|dotnet|dxcap|esentutl|eventvwr|excel|expand|extexport|extrac32|findstr|forfiles|ftp|gfxdownloadwrapper|gpscript|hh|ie4uinit|ieadvpack\.dll|ieaframe\.dll|ic|infdefaultinstall|installutil|jsc|makecab|manage-bde\.wsf|mavinject|mftrace|microsoft\.workflow\.compiler|mmc|msbuild|msconfig|msdeploy|msdt|mshta|mshtml\.dll|msc|msxsl|netsh|odbcconf|pcalua|pcwrun|pcwutl\.dll|pester\.bat|powerpnt|presentationhost|pubprn\.vbs|rcsi|reg|regasm|regedit|register-cimprovider|regsvcs|regsvr32|rpcping|rundll32|runonce|runscripthelper|sc|schtasks|scriptrunner|setupapi\.dll|shdocvw\.dll|shell32\.dll|slmgr\.vbs|sqldumper|sqlps|sqltoolsps|squirrel|syncappvpublishingserver|syncappvpublishingserver\.vbs|syssetup\.dll|te|tracker|tttracer|update|url\.dll|verclsid|vsjitdebugger|wab|winrm\.vbs|winword|wmic|wscript|wsl|wsreset|xwizard|zipfldr\.dll)\s[0m
[30;1m84 | [0m[35m            with_test_class_names=self.with_test_class_names,[0m
[30;1m85 | [0m[35m        )[0m
[30;1m86 | [0m[35m[0m
[30;1m87 | [0m[35m    # non-PEP 8 alias used internally at ESSS[0m
[30;1m88 | [0m[35m    Check = check[0m
[30;1m89 | [0m[35m[0m
[30;1m90 | [0m[35m[0m

[31m--[ [0m[34mMatch #[0m[33m58[0m[34m of [0m[33m61[0m[31m ]--[0m
   Rule Id: [34mBD000600[0m
       Tag: [34mSecurity.Backdoor.LOLBAS.Windows[0m
  Severity: [36mModerate[0m, Confidence: [36mLow[0m
  Filename: [33m/pytest_regressions-2.7.0/PKG-INFO[0m
   Pattern: [32m\s(advpack\.dll|appvlp|at|atbroker|bash|bginfo|bitsadmin|cdb|certutil|cl_invocation\.ps1|cl_mutexverifiers\.ps1|cmd|cmdkey|cmstp|comsvcs\.dll|control|csc|cscript|csi|devtoolslauncher|dfsvc|diskshadow|dnscmd|dnx|dotnet|dxcap|esentutl|eventvwr|excel|expand|extexport|extrac32|findstr|forfiles|ftp|gfxdownloadwrapper|gpscript|hh|ie4uinit|ieadvpack\.dll|ieaframe\.dll|ic|infdefaultinstall|installutil|jsc|makecab|manage-bde\.wsf|mavinject|mftrace|microsoft\.workflow\.compiler|mmc|msbuild|msconfig|msdeploy|msdt|mshta|mshtml\.dll|msc|msxsl|netsh|odbcconf|pcalua|pcwrun|pcwutl\.dll|pester\.bat|powerpnt|presentationhost|pubprn\.vbs|rcsi|reg|regasm|regedit|register-cimprovider|regsvcs|regsvr32|rpcping|rundll32|runonce|runscripthelper|sc|schtasks|scriptrunner|setupapi\.dll|shdocvw\.dll|shell32\.dll|slmgr\.vbs|sqldumper|sqlps|sqltoolsps|squirrel|syncappvpublishingserver|syncappvpublishingserver\.vbs|syssetup\.dll|te|tracker|tttracer|update|url\.dll|verclsid|vsjitdebugger|wab|winrm\.vbs|winword|wmic|wscript|wsl|wsreset|xwizard|zipfldr\.dll)\s[0m
[30;1m103 | [0m[35mContributing[0m
[30;1m104 | [0m[35m------------[0m
[30;1m105 | [0m[35mContributions are very welcome. Tests can be run with `tox`_, please ensure[0m
[30;1m106 | [0m[35mthe coverage at least stays the same before you submit a pull request.[0m
[30;1m107 | [0m[35m[0m
[30;1m108 | [0m[35mLicense[0m
[30;1m109 | [0m[35m-------[0m

[31m--[ [0m[34mMatch #[0m[33m59[0m[34m of [0m[33m61[0m[31m ]--[0m
   Rule Id: [34mBD000610[0m
       Tag: [34mSecurity.Backdoor.LOLBAS.Linux[0m
  Severity: [36mModerate[0m, Confidence: [36mLow[0m
  Filename: [33m/pytest_regressions-2.7.0/src/pytest_regressions/plugin.py[0m
   Pattern: [32m\s(apt|apt\-get|aria2c|arp|ash|awk|base64|bash|bpftrace|busybox|cat|chmod|chown|cp|cpan|cpulimit|crontab|csh|curl|cut|dash|dd|diff|dmesg|dmsetup|dnf|docker|dpkg|easy_install|ed|emacs|env|expand|expect|facter|find|finger|flock|fmt|ftp|gawk|gdb|gimp|git|grep|head|iftop|ionice|ip|irb|jjs|journalctl|jrunscript|ksh|ld\.so|ldconfig|logsave|ltrace|lua|mail|mawk|mount|mtr|mv|mysql|nano|nawk|nc|nice|nl|nmap|node|od|openssl|perl|pg|php|pic|pico|pip|puppet|readelf|red|rlogin|rlwrap|rpm|rpmquery|rsync|ruby|run\-mailcap|run\-parts|rvim|scp|screen|script|sed|service|setarch|sftp|shuf|smbclient|socat|sort|sqlite3|ssh|start\-stop\-daemon|stdbuf|strace|systemctl|tail|tar|taskset|tclsh|tcpdump|tee|telnet|tftp|time|timeout|tmux|top|ul|unexpand|uniq|unshare|vi|vim|watch|wget|whois|wish|xargs|xxd|yum|zsh|zypper)\s[0m
[30;1m51 | [0m[35m    Subsequent runs against the same data will now compare against the generated file and pass[0m
[30;1m52 | [0m[35m    if the dicts are equal, or fail showing a diff otherwise. To regenerate data for failed tests,[0m
[30;1m53 | [0m[35m    either set `force_regen` attribute to True or pass the `--force-regen` flag to pytest[0m
[30;1m54 | [0m[35m    which will regenerate the data files for all failed tests. Make sure to diff the files to ensure[0m
[30;1m55 | [0m[35m    the new changes are expected and not regressions.[0m
[30;1m56 | [0m[35m[0m
[30;1m57 | [0m[35m    The dict may be anything serializable by the `yaml` library.[0m

[31m--[ [0m[34mMatch #[0m[33m60[0m[34m of [0m[33m61[0m[31m ]--[0m
   Rule Id: [34mBD000610[0m
       Tag: [34mSecurity.Backdoor.LOLBAS.Linux[0m
  Severity: [36mModerate[0m, Confidence: [36mLow[0m
  Filename: [33m/pytest_regressions-2.7.0/src/pytest_regressions/plugin.py[0m
   Pattern: [32m\s(apt|apt\-get|aria2c|arp|ash|awk|base64|bash|bpftrace|busybox|cat|chmod|chown|cp|cpan|cpulimit|crontab|csh|curl|cut|dash|dd|diff|dmesg|dmsetup|dnf|docker|dpkg|easy_install|ed|emacs|env|expand|expect|facter|find|finger|flock|fmt|ftp|gawk|gdb|gimp|git|grep|head|iftop|ionice|ip|irb|jjs|journalctl|jrunscript|ksh|ld\.so|ldconfig|logsave|ltrace|lua|mail|mawk|mount|mtr|mv|mysql|nano|nawk|nc|nice|nl|nmap|node|od|openssl|perl|pg|php|pic|pico|pip|puppet|readelf|red|rlogin|rlwrap|rpm|rpmquery|rsync|ruby|run\-mailcap|run\-parts|rvim|scp|screen|script|sed|service|setarch|sftp|shuf|smbclient|socat|sort|sqlite3|ssh|start\-stop\-daemon|stdbuf|strace|systemctl|tail|tar|taskset|tclsh|tcpdump|tee|telnet|tftp|time|timeout|tmux|top|ul|unexpand|uniq|unshare|vi|vim|watch|wget|whois|wish|xargs|xxd|yum|zsh|zypper)\s[0m
[30;1m49 | [0m[35m    data directory.[0m
[30;1m50 | [0m[35m[0m
[30;1m51 | [0m[35m    Subsequent runs against the same data will now compare against the generated file and pass[0m
[30;1m52 | [0m[35m    if the dicts are equal, or fail showing a diff otherwise. To regenerate data for failed tests,[0m
[30;1m53 | [0m[35m    either set `force_regen` attribute to True or pass the `--force-regen` flag to pytest[0m
[30;1m54 | [0m[35m    which will regenerate the data files for all failed tests. Make sure to diff the files to ensure[0m
[30;1m55 | [0m[35m    the new changes are expected and not regressions.[0m

[31m--[ [0m[34mMatch #[0m[33m61[0m[34m of [0m[33m61[0m[31m ]--[0m
   Rule Id: [34mBD000610[0m
       Tag: [34mSecurity.Backdoor.LOLBAS.Linux[0m
  Severity: [36mModerate[0m, Confidence: [36mLow[0m
  Filename: [33m/pytest_regressions-2.7.0/src/pytest_regressions/plugin.py[0m
   Pattern: [32m\s(apt|apt\-get|aria2c|arp|ash|awk|base64|bash|bpftrace|busybox|cat|chmod|chown|cp|cpan|cpulimit|crontab|csh|curl|cut|dash|dd|diff|dmesg|dmsetup|dnf|docker|dpkg|easy_install|ed|emacs|env|expand|expect|facter|find|finger|flock|fmt|ftp|gawk|gdb|gimp|git|grep|head|iftop|ionice|ip|irb|jjs|journalctl|jrunscript|ksh|ld\.so|ldconfig|logsave|ltrace|lua|mail|mawk|mount|mtr|mv|mysql|nano|nawk|nc|nice|nl|nmap|node|od|openssl|perl|pg|php|pic|pico|pip|puppet|readelf|red|rlogin|rlwrap|rpm|rpmquery|rsync|ruby|run\-mailcap|run\-parts|rvim|scp|screen|script|sed|service|setarch|sftp|shuf|smbclient|socat|sort|sqlite3|ssh|start\-stop\-daemon|stdbuf|strace|systemctl|tail|tar|taskset|tclsh|tcpdump|tee|telnet|tftp|time|timeout|tmux|top|ul|unexpand|uniq|unshare|vi|vim|watch|wget|whois|wish|xargs|xxd|yum|zsh|zypper)\s[0m
[30;1m45 | [0m[35m    generated data from other sources.[0m
[30;1m46 | [0m[35m[0m
[30;1m47 | [0m[35m    Create a dict in your test containing a arbitrary data you want to test, and[0m
[30;1m48 | [0m[35m    call the `Check` function. The first time it will fail but will generate a file in your[0m
[30;1m49 | [0m[35m    data directory.[0m
[30;1m50 | [0m[35m[0m
[30;1m51 | [0m[35m    Subsequent runs against the same data will now compare against the generated file and pass[0m

61 matches found.
